[0.511s] Invoking command in '/home/chetan-satpute/lane_following/build/custom_follow': PS1=(.venv) \[\e]0;\u@\h: \w\a\]${debian_chroot:+($debian_chroot)}\[\033[01;32m\]\u@\h\[\033[00m\]:\[\033[01;34m\]\w\[\033[00m\]\$ PYTHONPATH=/home/chetan-satpute/lane_following/build/custom_follow/prefix_override:/usr/lib/python3/dist-packages/colcon_core/task/python/colcon_distutils_commands:/home/chetan-satpute/lane_following/install/custom_follow/lib/python3.10/site-packages:${PYTHONPATH} VIRTUAL_ENV_PROMPT=(.venv) /usr/bin/python3 -W ignore:setup.py install is deprecated -W ignore:easy_install command is deprecated setup.py develop --uninstall --editable --build-directory /home/chetan-satpute/lane_following/build/custom_follow/build
[0.690s] running develop
[0.816s] Removing /home/chetan-satpute/lane_following/install/custom_follow/lib/python3.10/site-packages/custom-follow.egg-link (link to .)
[0.835s] Invoked command in '/home/chetan-satpute/lane_following/build/custom_follow' returned '0': PS1=(.venv) \[\e]0;\u@\h: \w\a\]${debian_chroot:+($debian_chroot)}\[\033[01;32m\]\u@\h\[\033[00m\]:\[\033[01;34m\]\w\[\033[00m\]\$ PYTHONPATH=/home/chetan-satpute/lane_following/build/custom_follow/prefix_override:/usr/lib/python3/dist-packages/colcon_core/task/python/colcon_distutils_commands:/home/chetan-satpute/lane_following/install/custom_follow/lib/python3.10/site-packages:${PYTHONPATH} VIRTUAL_ENV_PROMPT=(.venv) /usr/bin/python3 -W ignore:setup.py install is deprecated -W ignore:easy_install command is deprecated setup.py develop --uninstall --editable --build-directory /home/chetan-satpute/lane_following/build/custom_follow/build
[0.836s] Invoking command in '/home/chetan-satpute/lane_following/src/custom_follow': PS1=(.venv) \[\e]0;\u@\h: \w\a\]${debian_chroot:+($debian_chroot)}\[\033[01;32m\]\u@\h\[\033[00m\]:\[\033[01;34m\]\w\[\033[00m\]\$ PYTHONPATH=/home/chetan-satpute/lane_following/build/custom_follow/prefix_override:/usr/lib/python3/dist-packages/colcon_core/task/python/colcon_distutils_commands:/home/chetan-satpute/lane_following/install/custom_follow/lib/python3.10/site-packages:${PYTHONPATH} VIRTUAL_ENV_PROMPT=(.venv) /usr/bin/python3 -W ignore:setup.py install is deprecated -W ignore:easy_install command is deprecated setup.py egg_info --egg-base ../../build/custom_follow build --build-base /home/chetan-satpute/lane_following/build/custom_follow/build install --record /home/chetan-satpute/lane_following/build/custom_follow/install.log --single-version-externally-managed install_data --force
[1.001s] running egg_info
[1.001s] writing ../../build/custom_follow/custom_follow.egg-info/PKG-INFO
[1.002s] writing dependency_links to ../../build/custom_follow/custom_follow.egg-info/dependency_links.txt
[1.002s] writing entry points to ../../build/custom_follow/custom_follow.egg-info/entry_points.txt
[1.002s] writing requirements to ../../build/custom_follow/custom_follow.egg-info/requires.txt
[1.002s] writing top-level names to ../../build/custom_follow/custom_follow.egg-info/top_level.txt
[1.003s] reading manifest file '../../build/custom_follow/custom_follow.egg-info/SOURCES.txt'
[1.004s] writing manifest file '../../build/custom_follow/custom_follow.egg-info/SOURCES.txt'
[1.004s] running build
[1.004s] running build_py
[1.004s] copying custom_follow/infer_node.py -> /home/chetan-satpute/lane_following/build/custom_follow/build/lib/custom_follow
[1.004s] running install
[1.004s] running install_lib
[1.005s] creating /home/chetan-satpute/lane_following/install/custom_follow/lib/python3.10/site-packages/custom_follow
[1.005s] copying /home/chetan-satpute/lane_following/build/custom_follow/build/lib/custom_follow/infer_node.py -> /home/chetan-satpute/lane_following/install/custom_follow/lib/python3.10/site-packages/custom_follow
[1.005s] copying /home/chetan-satpute/lane_following/build/custom_follow/build/lib/custom_follow/esp32_bridge.py -> /home/chetan-satpute/lane_following/install/custom_follow/lib/python3.10/site-packages/custom_follow
[1.005s] copying /home/chetan-satpute/lane_following/build/custom_follow/build/lib/custom_follow/__init__.py -> /home/chetan-satpute/lane_following/install/custom_follow/lib/python3.10/site-packages/custom_follow
[1.005s] byte-compiling /home/chetan-satpute/lane_following/install/custom_follow/lib/python3.10/site-packages/custom_follow/infer_node.py to infer_node.cpython-310.pyc
[1.007s] byte-compiling /home/chetan-satpute/lane_following/install/custom_follow/lib/python3.10/site-packages/custom_follow/esp32_bridge.py to esp32_bridge.cpython-310.pyc
[1.007s] byte-compiling /home/chetan-satpute/lane_following/install/custom_follow/lib/python3.10/site-packages/custom_follow/__init__.py to __init__.cpython-310.pyc
[1.008s] running install_data
[1.008s] copying resource/custom_follow -> /home/chetan-satpute/lane_following/install/custom_follow/share/ament_index/resource_index/packages
[1.008s] copying package.xml -> /home/chetan-satpute/lane_following/install/custom_follow/share/custom_follow
[1.008s] copying model/lane_model.pt -> /home/chetan-satpute/lane_following/install/custom_follow/share/custom_follow/model
[1.012s] running install_egg_info
[1.013s] Copying ../../build/custom_follow/custom_follow.egg-info to /home/chetan-satpute/lane_following/install/custom_follow/lib/python3.10/site-packages/custom_follow-0.1.0-py3.10.egg-info
[1.014s] running install_scripts
[1.027s] Installing esp32_bridge script to /home/chetan-satpute/lane_following/install/custom_follow/lib/custom_follow
[1.027s] Installing infer_node script to /home/chetan-satpute/lane_following/install/custom_follow/lib/custom_follow
[1.027s] writing list of installed files to '/home/chetan-satpute/lane_following/build/custom_follow/install.log'
[1.044s] Invoked command in '/home/chetan-satpute/lane_following/src/custom_follow' returned '0': PS1=(.venv) \[\e]0;\u@\h: \w\a\]${debian_chroot:+($debian_chroot)}\[\033[01;32m\]\u@\h\[\033[00m\]:\[\033[01;34m\]\w\[\033[00m\]\$ PYTHONPATH=/home/chetan-satpute/lane_following/build/custom_follow/prefix_override:/usr/lib/python3/dist-packages/colcon_core/task/python/colcon_distutils_commands:/home/chetan-satpute/lane_following/install/custom_follow/lib/python3.10/site-packages:${PYTHONPATH} VIRTUAL_ENV_PROMPT=(.venv) /usr/bin/python3 -W ignore:setup.py install is deprecated -W ignore:easy_install command is deprecated setup.py egg_info --egg-base ../../build/custom_follow build --build-base /home/chetan-satpute/lane_following/build/custom_follow/build install --record /home/chetan-satpute/lane_following/build/custom_follow/install.log --single-version-externally-managed install_data --force
