/home/chetan-satpute/depth_cam/install/lane_detection/lib/python3.10/site-packages/lane_detection/multi_view_visualizer.py
/home/chetan-satpute/depth_cam/install/lane_detection/lib/python3.10/site-packages/lane_detection/__init__.py
/home/chetan-satpute/depth_cam/install/lane_detection/lib/python3.10/site-packages/lane_detection/pointcloud_processor.py
/home/chetan-satpute/depth_cam/install/lane_detection/lib/python3.10/site-packages/lane_detection/lane_detection_node.py
/home/chetan-satpute/depth_cam/install/lane_detection/lib/python3.10/site-packages/lane_detection/__pycache__/multi_view_visualizer.cpython-310.pyc
/home/chetan-satpute/depth_cam/install/lane_detection/lib/python3.10/site-packages/lane_detection/__pycache__/__init__.cpython-310.pyc
/home/chetan-satpute/depth_cam/install/lane_detection/lib/python3.10/site-packages/lane_detection/__pycache__/pointcloud_processor.cpython-310.pyc
/home/chetan-satpute/depth_cam/install/lane_detection/lib/python3.10/site-packages/lane_detection/__pycache__/lane_detection_node.cpython-310.pyc
/home/chetan-satpute/depth_cam/install/lane_detection/share/ament_index/resource_index/packages/lane_detection
/home/chetan-satpute/depth_cam/install/lane_detection/share/lane_detection/package.xml
/home/chetan-satpute/depth_cam/install/lane_detection/share/lane_detection/launch/lane_detection.launch.py
/home/chetan-satpute/depth_cam/install/lane_detection/share/lane_detection/launch/complete_system.launch.py
/home/chetan-satpute/depth_cam/install/lane_detection/lib/python3.10/site-packages/lane_detection-0.0.0-py3.10.egg-info/SOURCES.txt
/home/chetan-satpute/depth_cam/install/lane_detection/lib/python3.10/site-packages/lane_detection-0.0.0-py3.10.egg-info/dependency_links.txt
/home/chetan-satpute/depth_cam/install/lane_detection/lib/python3.10/site-packages/lane_detection-0.0.0-py3.10.egg-info/zip-safe
/home/chetan-satpute/depth_cam/install/lane_detection/lib/python3.10/site-packages/lane_detection-0.0.0-py3.10.egg-info/PKG-INFO
/home/chetan-satpute/depth_cam/install/lane_detection/lib/python3.10/site-packages/lane_detection-0.0.0-py3.10.egg-info/requires.txt
/home/chetan-satpute/depth_cam/install/lane_detection/lib/python3.10/site-packages/lane_detection-0.0.0-py3.10.egg-info/top_level.txt
/home/chetan-satpute/depth_cam/install/lane_detection/lib/python3.10/site-packages/lane_detection-0.0.0-py3.10.egg-info/entry_points.txt
/home/chetan-satpute/depth_cam/install/lane_detection/lib/lane_detection/lane_detection_node
/home/chetan-satpute/depth_cam/install/lane_detection/lib/lane_detection/multi_view_visualizer
/home/chetan-satpute/depth_cam/install/lane_detection/lib/lane_detection/pointcloud_processor
