[0.078s] [34mcolcon[0m [1;30mDEBUG[0m [32mCommand line arguments: ['/usr/bin/colcon', 'build'][0m
[0.078s] [34mcolcon[0m [1;30mDEBUG[0m [32mParsed command line arguments: Namespace(log_base=None, log_level=None, verb_name='build', build_base='build', install_base='install', merge_install=False, symlink_install=False, test_result_base=None, continue_on_error=False, executor='parallel', parallel_workers=16, event_handlers=None, ignore_user_meta=False, metas=['./colcon.meta'], base_paths=['.'], packages_ignore=None, packages_ignore_regex=None, paths=None, packages_up_to=None, packages_up_to_regex=None, packages_above=None, packages_above_and_dependencies=None, packages_above_depth=None, packages_select_by_dep=None, packages_skip_by_dep=None, packages_skip_up_to=None, packages_select_build_failed=False, packages_skip_build_finished=False, packages_select_test_failures=False, packages_skip_test_passed=False, packages_select=None, packages_skip=None, packages_select_regex=None, packages_skip_regex=None, packages_start=None, packages_end=None, allow_overriding=[], cmake_args=None, cmake_target=None, cmake_target_skip_unavailable=False, cmake_clean_cache=False, cmake_clean_first=False, cmake_force_configure=False, ament_cmake_args=None, catkin_cmake_args=None, catkin_skip_building_tests=False, mixin_files=None, mixin=None, verb_parser=<colcon_mixin.mixin.mixin_argument.MixinArgumentDecorator object at 0x7df88403d930>, verb_extension=<colcon_core.verb.build.BuildVerb object at 0x7df88403d3f0>, main=<bound method BuildVerb.main of <colcon_core.verb.build.BuildVerb object at 0x7df88403d3f0>>, mixin_verb=('build',))[0m
[0.199s] [34mcolcon.colcon_core.package_discovery[0m [1;30mLevel 1[0m discover_packages(colcon_meta) check parameters
[0.199s] [34mcolcon.colcon_core.package_discovery[0m [1;30mLevel 1[0m discover_packages(recursive) check parameters
[0.199s] [34mcolcon.colcon_core.package_discovery[0m [1;30mLevel 1[0m discover_packages(ignore) check parameters
[0.199s] [34mcolcon.colcon_core.package_discovery[0m [1;30mLevel 1[0m discover_packages(path) check parameters
[0.199s] [34mcolcon.colcon_core.package_discovery[0m [1;30mLevel 1[0m discover_packages(colcon_meta) discover
[0.199s] [34mcolcon.colcon_core.package_discovery[0m [1;30mLevel 1[0m discover_packages(recursive) discover
[0.199s] [34mcolcon.colcon_core.package_discovery[0m [1;30mINFO[0m Crawling recursively for packages in '/home/chetan-satpute/lane_following'
[0.199s] [34mcolcon.colcon_core.package_identification[0m [1;30mLevel 1[0m _identify(.) by extensions ['ignore', 'ignore_ament_install']
[0.199s] [34mcolcon.colcon_core.package_identification[0m [1;30mLevel 1[0m _identify(.) by extension 'ignore'
[0.199s] [34mcolcon.colcon_core.package_identification[0m [1;30mLevel 1[0m _identify(.) by extension 'ignore_ament_install'
[0.199s] [34mcolcon.colcon_core.package_identification[0m [1;30mLevel 1[0m _identify(.) by extensions ['colcon_pkg']
[0.199s] [34mcolcon.colcon_core.package_identification[0m [1;30mLevel 1[0m _identify(.) by extension 'colcon_pkg'
[0.199s] [34mcolcon.colcon_core.package_identification[0m [1;30mLevel 1[0m _identify(.) by extensions ['colcon_meta']
[0.199s] [34mcolcon.colcon_core.package_identification[0m [1;30mLevel 1[0m _identify(.) by extension 'colcon_meta'
[0.199s] [34mcolcon.colcon_core.package_identification[0m [1;30mLevel 1[0m _identify(.) by extensions ['ros']
[0.199s] [34mcolcon.colcon_core.package_identification[0m [1;30mLevel 1[0m _identify(.) by extension 'ros'
[0.221s] [34mcolcon.colcon_core.package_identification[0m [1;30mLevel 1[0m _identify(.) by extensions ['cmake', 'python']
[0.221s] [34mcolcon.colcon_core.package_identification[0m [1;30mLevel 1[0m _identify(.) by extension 'cmake'
[0.221s] [34mcolcon.colcon_core.package_identification[0m [1;30mLevel 1[0m _identify(.) by extension 'python'
[0.221s] [34mcolcon.colcon_core.package_identification[0m [1;30mLevel 1[0m _identify(.) by extensions ['python_setup_py']
[0.221s] [34mcolcon.colcon_core.package_identification[0m [1;30mLevel 1[0m _identify(.) by extension 'python_setup_py'
[0.221s] [34mcolcon.colcon_core.package_identification[0m [1;30mLevel 1[0m _identify(Log) by extensions ['ignore', 'ignore_ament_install']
[0.221s] [34mcolcon.colcon_core.package_identification[0m [1;30mLevel 1[0m _identify(Log) by extension 'ignore'
[0.221s] [34mcolcon.colcon_core.package_identification[0m [1;30mLevel 1[0m _identify(Log) by extension 'ignore_ament_install'
[0.221s] [34mcolcon.colcon_core.package_identification[0m [1;30mLevel 1[0m _identify(Log) by extensions ['colcon_pkg']
[0.221s] [34mcolcon.colcon_core.package_identification[0m [1;30mLevel 1[0m _identify(Log) by extension 'colcon_pkg'
[0.221s] [34mcolcon.colcon_core.package_identification[0m [1;30mLevel 1[0m _identify(Log) by extensions ['colcon_meta']
[0.221s] [34mcolcon.colcon_core.package_identification[0m [1;30mLevel 1[0m _identify(Log) by extension 'colcon_meta'
[0.222s] [34mcolcon.colcon_core.package_identification[0m [1;30mLevel 1[0m _identify(Log) by extensions ['ros']
[0.222s] [34mcolcon.colcon_core.package_identification[0m [1;30mLevel 1[0m _identify(Log) by extension 'ros'
[0.222s] [34mcolcon.colcon_core.package_identification[0m [1;30mLevel 1[0m _identify(Log) by extensions ['cmake', 'python']
[0.222s] [34mcolcon.colcon_core.package_identification[0m [1;30mLevel 1[0m _identify(Log) by extension 'cmake'
[0.222s] [34mcolcon.colcon_core.package_identification[0m [1;30mLevel 1[0m _identify(Log) by extension 'python'
[0.222s] [34mcolcon.colcon_core.package_identification[0m [1;30mLevel 1[0m _identify(Log) by extensions ['python_setup_py']
[0.222s] [34mcolcon.colcon_core.package_identification[0m [1;30mLevel 1[0m _identify(Log) by extension 'python_setup_py'
[0.222s] [34mcolcon.colcon_core.package_identification[0m [1;30mLevel 1[0m _identify(build) by extensions ['ignore', 'ignore_ament_install']
[0.222s] [34mcolcon.colcon_core.package_identification[0m [1;30mLevel 1[0m _identify(build) by extension 'ignore'
[0.222s] [34mcolcon.colcon_core.package_identification[0m [1;30mLevel 1[0m _identify(build) ignored
[0.222s] [34mcolcon.colcon_core.package_identification[0m [1;30mLevel 1[0m _identify(install) by extensions ['ignore', 'ignore_ament_install']
[0.222s] [34mcolcon.colcon_core.package_identification[0m [1;30mLevel 1[0m _identify(install) by extension 'ignore'
[0.222s] [34mcolcon.colcon_core.package_identification[0m [1;30mLevel 1[0m _identify(install) ignored
[0.222s] [34mcolcon.colcon_core.package_identification[0m [1;30mLevel 1[0m _identify(log) by extensions ['ignore', 'ignore_ament_install']
[0.222s] [34mcolcon.colcon_core.package_identification[0m [1;30mLevel 1[0m _identify(log) by extension 'ignore'
[0.222s] [34mcolcon.colcon_core.package_identification[0m [1;30mLevel 1[0m _identify(log) ignored
[0.222s] [34mcolcon.colcon_core.package_identification[0m [1;30mLevel 1[0m _identify(src) by extensions ['ignore', 'ignore_ament_install']
[0.222s] [34mcolcon.colcon_core.package_identification[0m [1;30mLevel 1[0m _identify(src) by extension 'ignore'
[0.222s] [34mcolcon.colcon_core.package_identification[0m [1;30mLevel 1[0m _identify(src) by extension 'ignore_ament_install'
[0.222s] [34mcolcon.colcon_core.package_identification[0m [1;30mLevel 1[0m _identify(src) by extensions ['colcon_pkg']
[0.222s] [34mcolcon.colcon_core.package_identification[0m [1;30mLevel 1[0m _identify(src) by extension 'colcon_pkg'
[0.222s] [34mcolcon.colcon_core.package_identification[0m [1;30mLevel 1[0m _identify(src) by extensions ['colcon_meta']
[0.222s] [34mcolcon.colcon_core.package_identification[0m [1;30mLevel 1[0m _identify(src) by extension 'colcon_meta'
[0.222s] [34mcolcon.colcon_core.package_identification[0m [1;30mLevel 1[0m _identify(src) by extensions ['ros']
[0.222s] [34mcolcon.colcon_core.package_identification[0m [1;30mLevel 1[0m _identify(src) by extension 'ros'
[0.222s] [34mcolcon.colcon_core.package_identification[0m [1;30mLevel 1[0m _identify(src) by extensions ['cmake', 'python']
[0.222s] [34mcolcon.colcon_core.package_identification[0m [1;30mLevel 1[0m _identify(src) by extension 'cmake'
[0.222s] [34mcolcon.colcon_core.package_identification[0m [1;30mLevel 1[0m _identify(src) by extension 'python'
[0.222s] [34mcolcon.colcon_core.package_identification[0m [1;30mLevel 1[0m _identify(src) by extensions ['python_setup_py']
[0.222s] [34mcolcon.colcon_core.package_identification[0m [1;30mLevel 1[0m _identify(src) by extension 'python_setup_py'
[0.222s] [34mcolcon.colcon_core.package_identification[0m [1;30mLevel 1[0m _identify(src/OrbbecSDK_ROS2) by extensions ['ignore', 'ignore_ament_install']
[0.223s] [34mcolcon.colcon_core.package_identification[0m [1;30mLevel 1[0m _identify(src/OrbbecSDK_ROS2) by extension 'ignore'
[0.223s] [34mcolcon.colcon_core.package_identification[0m [1;30mLevel 1[0m _identify(src/OrbbecSDK_ROS2) by extension 'ignore_ament_install'
[0.223s] [34mcolcon.colcon_core.package_identification[0m [1;30mLevel 1[0m _identify(src/OrbbecSDK_ROS2) by extensions ['colcon_pkg']
[0.223s] [34mcolcon.colcon_core.package_identification[0m [1;30mLevel 1[0m _identify(src/OrbbecSDK_ROS2) by extension 'colcon_pkg'
[0.223s] [34mcolcon.colcon_core.package_identification[0m [1;30mLevel 1[0m _identify(src/OrbbecSDK_ROS2) by extensions ['colcon_meta']
[0.223s] [34mcolcon.colcon_core.package_identification[0m [1;30mLevel 1[0m _identify(src/OrbbecSDK_ROS2) by extension 'colcon_meta'
[0.223s] [34mcolcon.colcon_core.package_identification[0m [1;30mLevel 1[0m _identify(src/OrbbecSDK_ROS2) by extensions ['ros']
[0.223s] [34mcolcon.colcon_core.package_identification[0m [1;30mLevel 1[0m _identify(src/OrbbecSDK_ROS2) by extension 'ros'
[0.223s] [34mcolcon.colcon_core.package_identification[0m [1;30mLevel 1[0m _identify(src/OrbbecSDK_ROS2) by extensions ['cmake', 'python']
[0.223s] [34mcolcon.colcon_core.package_identification[0m [1;30mLevel 1[0m _identify(src/OrbbecSDK_ROS2) by extension 'cmake'
[0.223s] [34mcolcon.colcon_core.package_identification[0m [1;30mLevel 1[0m _identify(src/OrbbecSDK_ROS2) by extension 'python'
[0.223s] [34mcolcon.colcon_core.package_identification[0m [1;30mLevel 1[0m _identify(src/OrbbecSDK_ROS2) by extensions ['python_setup_py']
[0.223s] [34mcolcon.colcon_core.package_identification[0m [1;30mLevel 1[0m _identify(src/OrbbecSDK_ROS2) by extension 'python_setup_py'
[0.223s] [34mcolcon.colcon_core.package_identification[0m [1;30mLevel 1[0m _identify(src/OrbbecSDK_ROS2/docs) by extensions ['ignore', 'ignore_ament_install']
[0.223s] [34mcolcon.colcon_core.package_identification[0m [1;30mLevel 1[0m _identify(src/OrbbecSDK_ROS2/docs) by extension 'ignore'
[0.223s] [34mcolcon.colcon_core.package_identification[0m [1;30mLevel 1[0m _identify(src/OrbbecSDK_ROS2/docs) by extension 'ignore_ament_install'
[0.223s] [34mcolcon.colcon_core.package_identification[0m [1;30mLevel 1[0m _identify(src/OrbbecSDK_ROS2/docs) by extensions ['colcon_pkg']
[0.223s] [34mcolcon.colcon_core.package_identification[0m [1;30mLevel 1[0m _identify(src/OrbbecSDK_ROS2/docs) by extension 'colcon_pkg'
[0.223s] [34mcolcon.colcon_core.package_identification[0m [1;30mLevel 1[0m _identify(src/OrbbecSDK_ROS2/docs) by extensions ['colcon_meta']
[0.223s] [34mcolcon.colcon_core.package_identification[0m [1;30mLevel 1[0m _identify(src/OrbbecSDK_ROS2/docs) by extension 'colcon_meta'
[0.223s] [34mcolcon.colcon_core.package_identification[0m [1;30mLevel 1[0m _identify(src/OrbbecSDK_ROS2/docs) by extensions ['ros']
[0.223s] [34mcolcon.colcon_core.package_identification[0m [1;30mLevel 1[0m _identify(src/OrbbecSDK_ROS2/docs) by extension 'ros'
[0.223s] [34mcolcon.colcon_core.package_identification[0m [1;30mLevel 1[0m _identify(src/OrbbecSDK_ROS2/docs) by extensions ['cmake', 'python']
[0.223s] [34mcolcon.colcon_core.package_identification[0m [1;30mLevel 1[0m _identify(src/OrbbecSDK_ROS2/docs) by extension 'cmake'
[0.223s] [34mcolcon.colcon_core.package_identification[0m [1;30mLevel 1[0m _identify(src/OrbbecSDK_ROS2/docs) by extension 'python'
[0.223s] [34mcolcon.colcon_core.package_identification[0m [1;30mLevel 1[0m _identify(src/OrbbecSDK_ROS2/docs) by extensions ['python_setup_py']
[0.223s] [34mcolcon.colcon_core.package_identification[0m [1;30mLevel 1[0m _identify(src/OrbbecSDK_ROS2/docs) by extension 'python_setup_py'
[0.223s] [34mcolcon.colcon_core.package_identification[0m [1;30mLevel 1[0m _identify(src/OrbbecSDK_ROS2/docs/images) by extensions ['ignore', 'ignore_ament_install']
[0.223s] [34mcolcon.colcon_core.package_identification[0m [1;30mLevel 1[0m _identify(src/OrbbecSDK_ROS2/docs/images) by extension 'ignore'
[0.223s] [34mcolcon.colcon_core.package_identification[0m [1;30mLevel 1[0m _identify(src/OrbbecSDK_ROS2/docs/images) by extension 'ignore_ament_install'
[0.223s] [34mcolcon.colcon_core.package_identification[0m [1;30mLevel 1[0m _identify(src/OrbbecSDK_ROS2/docs/images) by extensions ['colcon_pkg']
[0.223s] [34mcolcon.colcon_core.package_identification[0m [1;30mLevel 1[0m _identify(src/OrbbecSDK_ROS2/docs/images) by extension 'colcon_pkg'
[0.223s] [34mcolcon.colcon_core.package_identification[0m [1;30mLevel 1[0m _identify(src/OrbbecSDK_ROS2/docs/images) by extensions ['colcon_meta']
[0.223s] [34mcolcon.colcon_core.package_identification[0m [1;30mLevel 1[0m _identify(src/OrbbecSDK_ROS2/docs/images) by extension 'colcon_meta'
[0.223s] [34mcolcon.colcon_core.package_identification[0m [1;30mLevel 1[0m _identify(src/OrbbecSDK_ROS2/docs/images) by extensions ['ros']
[0.223s] [34mcolcon.colcon_core.package_identification[0m [1;30mLevel 1[0m _identify(src/OrbbecSDK_ROS2/docs/images) by extension 'ros'
[0.224s] [34mcolcon.colcon_core.package_identification[0m [1;30mLevel 1[0m _identify(src/OrbbecSDK_ROS2/docs/images) by extensions ['cmake', 'python']
[0.224s] [34mcolcon.colcon_core.package_identification[0m [1;30mLevel 1[0m _identify(src/OrbbecSDK_ROS2/docs/images) by extension 'cmake'
[0.224s] [34mcolcon.colcon_core.package_identification[0m [1;30mLevel 1[0m _identify(src/OrbbecSDK_ROS2/docs/images) by extension 'python'
[0.224s] [34mcolcon.colcon_core.package_identification[0m [1;30mLevel 1[0m _identify(src/OrbbecSDK_ROS2/docs/images) by extensions ['python_setup_py']
[0.224s] [34mcolcon.colcon_core.package_identification[0m [1;30mLevel 1[0m _identify(src/OrbbecSDK_ROS2/docs/images) by extension 'python_setup_py'
[0.224s] [34mcolcon.colcon_core.package_identification[0m [1;30mLevel 1[0m _identify(src/OrbbecSDK_ROS2/orbbec_camera) by extensions ['ignore', 'ignore_ament_install']
[0.224s] [34mcolcon.colcon_core.package_identification[0m [1;30mLevel 1[0m _identify(src/OrbbecSDK_ROS2/orbbec_camera) by extension 'ignore'
[0.224s] [34mcolcon.colcon_core.package_identification[0m [1;30mLevel 1[0m _identify(src/OrbbecSDK_ROS2/orbbec_camera) by extension 'ignore_ament_install'
[0.224s] [34mcolcon.colcon_core.package_identification[0m [1;30mLevel 1[0m _identify(src/OrbbecSDK_ROS2/orbbec_camera) by extensions ['colcon_pkg']
[0.224s] [34mcolcon.colcon_core.package_identification[0m [1;30mLevel 1[0m _identify(src/OrbbecSDK_ROS2/orbbec_camera) by extension 'colcon_pkg'
[0.224s] [34mcolcon.colcon_core.package_identification[0m [1;30mLevel 1[0m _identify(src/OrbbecSDK_ROS2/orbbec_camera) by extensions ['colcon_meta']
[0.224s] [34mcolcon.colcon_core.package_identification[0m [1;30mLevel 1[0m _identify(src/OrbbecSDK_ROS2/orbbec_camera) by extension 'colcon_meta'
[0.224s] [34mcolcon.colcon_core.package_identification[0m [1;30mLevel 1[0m _identify(src/OrbbecSDK_ROS2/orbbec_camera) by extensions ['ros']
[0.224s] [34mcolcon.colcon_core.package_identification[0m [1;30mLevel 1[0m _identify(src/OrbbecSDK_ROS2/orbbec_camera) by extension 'ros'
[0.227s] [34mcolcon.colcon_core.package_identification[0m [1;30mDEBUG[0m [32mPackage 'src/OrbbecSDK_ROS2/orbbec_camera' with type 'ros.ament_cmake' and name 'orbbec_camera'[0m
[0.227s] [34mcolcon.colcon_core.package_identification[0m [1;30mLevel 1[0m _identify(src/OrbbecSDK_ROS2/orbbec_camera_msgs) by extensions ['ignore', 'ignore_ament_install']
[0.227s] [34mcolcon.colcon_core.package_identification[0m [1;30mLevel 1[0m _identify(src/OrbbecSDK_ROS2/orbbec_camera_msgs) by extension 'ignore'
[0.227s] [34mcolcon.colcon_core.package_identification[0m [1;30mLevel 1[0m _identify(src/OrbbecSDK_ROS2/orbbec_camera_msgs) by extension 'ignore_ament_install'
[0.227s] [34mcolcon.colcon_core.package_identification[0m [1;30mLevel 1[0m _identify(src/OrbbecSDK_ROS2/orbbec_camera_msgs) by extensions ['colcon_pkg']
[0.227s] [34mcolcon.colcon_core.package_identification[0m [1;30mLevel 1[0m _identify(src/OrbbecSDK_ROS2/orbbec_camera_msgs) by extension 'colcon_pkg'
[0.227s] [34mcolcon.colcon_core.package_identification[0m [1;30mLevel 1[0m _identify(src/OrbbecSDK_ROS2/orbbec_camera_msgs) by extensions ['colcon_meta']
[0.227s] [34mcolcon.colcon_core.package_identification[0m [1;30mLevel 1[0m _identify(src/OrbbecSDK_ROS2/orbbec_camera_msgs) by extension 'colcon_meta'
[0.227s] [34mcolcon.colcon_core.package_identification[0m [1;30mLevel 1[0m _identify(src/OrbbecSDK_ROS2/orbbec_camera_msgs) by extensions ['ros']
[0.228s] [34mcolcon.colcon_core.package_identification[0m [1;30mLevel 1[0m _identify(src/OrbbecSDK_ROS2/orbbec_camera_msgs) by extension 'ros'
[0.228s] [34mcolcon.colcon_core.package_identification[0m [1;30mDEBUG[0m [32mPackage 'src/OrbbecSDK_ROS2/orbbec_camera_msgs' with type 'ros.ament_cmake' and name 'orbbec_camera_msgs'[0m
[0.228s] [34mcolcon.colcon_core.package_identification[0m [1;30mLevel 1[0m _identify(src/OrbbecSDK_ROS2/orbbec_description) by extensions ['ignore', 'ignore_ament_install']
[0.228s] [34mcolcon.colcon_core.package_identification[0m [1;30mLevel 1[0m _identify(src/OrbbecSDK_ROS2/orbbec_description) by extension 'ignore'
[0.228s] [34mcolcon.colcon_core.package_identification[0m [1;30mLevel 1[0m _identify(src/OrbbecSDK_ROS2/orbbec_description) by extension 'ignore_ament_install'
[0.228s] [34mcolcon.colcon_core.package_identification[0m [1;30mLevel 1[0m _identify(src/OrbbecSDK_ROS2/orbbec_description) by extensions ['colcon_pkg']
[0.228s] [34mcolcon.colcon_core.package_identification[0m [1;30mLevel 1[0m _identify(src/OrbbecSDK_ROS2/orbbec_description) by extension 'colcon_pkg'
[0.228s] [34mcolcon.colcon_core.package_identification[0m [1;30mLevel 1[0m _identify(src/OrbbecSDK_ROS2/orbbec_description) by extensions ['colcon_meta']
[0.228s] [34mcolcon.colcon_core.package_identification[0m [1;30mLevel 1[0m _identify(src/OrbbecSDK_ROS2/orbbec_description) by extension 'colcon_meta'
[0.228s] [34mcolcon.colcon_core.package_identification[0m [1;30mLevel 1[0m _identify(src/OrbbecSDK_ROS2/orbbec_description) by extensions ['ros']
[0.228s] [34mcolcon.colcon_core.package_identification[0m [1;30mLevel 1[0m _identify(src/OrbbecSDK_ROS2/orbbec_description) by extension 'ros'
[0.229s] [34mcolcon.colcon_core.package_identification[0m [1;30mDEBUG[0m [32mPackage 'src/OrbbecSDK_ROS2/orbbec_description' with type 'ros.ament_cmake' and name 'orbbec_description'[0m
[0.229s] [34mcolcon.colcon_core.package_identification[0m [1;30mLevel 1[0m _identify(src/lane_detection) by extensions ['ignore', 'ignore_ament_install']
[0.229s] [34mcolcon.colcon_core.package_identification[0m [1;30mLevel 1[0m _identify(src/lane_detection) by extension 'ignore'
[0.229s] [34mcolcon.colcon_core.package_identification[0m [1;30mLevel 1[0m _identify(src/lane_detection) by extension 'ignore_ament_install'
[0.229s] [34mcolcon.colcon_core.package_identification[0m [1;30mLevel 1[0m _identify(src/lane_detection) by extensions ['colcon_pkg']
[0.229s] [34mcolcon.colcon_core.package_identification[0m [1;30mLevel 1[0m _identify(src/lane_detection) by extension 'colcon_pkg'
[0.229s] [34mcolcon.colcon_core.package_identification[0m [1;30mLevel 1[0m _identify(src/lane_detection) by extensions ['colcon_meta']
[0.229s] [34mcolcon.colcon_core.package_identification[0m [1;30mLevel 1[0m _identify(src/lane_detection) by extension 'colcon_meta'
[0.229s] [34mcolcon.colcon_core.package_identification[0m [1;30mLevel 1[0m _identify(src/lane_detection) by extensions ['ros']
[0.229s] [34mcolcon.colcon_core.package_identification[0m [1;30mLevel 1[0m _identify(src/lane_detection) by extension 'ros'
[0.229s] [34mcolcon.colcon_core.package_identification[0m [1;30mLevel 1[0m _identify(src/lane_detection) by extensions ['cmake', 'python']
[0.229s] [34mcolcon.colcon_core.package_identification[0m [1;30mLevel 1[0m _identify(src/lane_detection) by extension 'cmake'
[0.229s] [34mcolcon.colcon_core.package_identification[0m [1;30mLevel 1[0m _identify(src/lane_detection) by extension 'python'
[0.229s] [34mcolcon.colcon_core.package_identification[0m [1;30mLevel 1[0m _identify(src/lane_detection) by extensions ['python_setup_py']
[0.229s] [34mcolcon.colcon_core.package_identification[0m [1;30mLevel 1[0m _identify(src/lane_detection) by extension 'python_setup_py'
[0.229s] [34mcolcon.colcon_core.package_identification[0m [1;30mLevel 1[0m _identify(src/lane_detection/C++) by extensions ['ignore', 'ignore_ament_install']
[0.229s] [34mcolcon.colcon_core.package_identification[0m [1;30mLevel 1[0m _identify(src/lane_detection/C++) by extension 'ignore'
[0.229s] [34mcolcon.colcon_core.package_identification[0m [1;30mLevel 1[0m _identify(src/lane_detection/C++) by extension 'ignore_ament_install'
[0.229s] [34mcolcon.colcon_core.package_identification[0m [1;30mLevel 1[0m _identify(src/lane_detection/C++) by extensions ['colcon_pkg']
[0.229s] [34mcolcon.colcon_core.package_identification[0m [1;30mLevel 1[0m _identify(src/lane_detection/C++) by extension 'colcon_pkg'
[0.229s] [34mcolcon.colcon_core.package_identification[0m [1;30mLevel 1[0m _identify(src/lane_detection/C++) by extensions ['colcon_meta']
[0.229s] [34mcolcon.colcon_core.package_identification[0m [1;30mLevel 1[0m _identify(src/lane_detection/C++) by extension 'colcon_meta'
[0.229s] [34mcolcon.colcon_core.package_identification[0m [1;30mLevel 1[0m _identify(src/lane_detection/C++) by extensions ['ros']
[0.229s] [34mcolcon.colcon_core.package_identification[0m [1;30mLevel 1[0m _identify(src/lane_detection/C++) by extension 'ros'
[0.229s] [34mcolcon.colcon_core.package_identification[0m [1;30mLevel 1[0m _identify(src/lane_detection/C++) by extensions ['cmake', 'python']
[0.229s] [34mcolcon.colcon_core.package_identification[0m [1;30mLevel 1[0m _identify(src/lane_detection/C++) by extension 'cmake'
[0.229s] [34mcolcon.colcon_core.package_identification[0m [1;30mLevel 1[0m _identify(src/lane_detection/C++) by extension 'python'
[0.229s] [34mcolcon.colcon_core.package_identification[0m [1;30mLevel 1[0m _identify(src/lane_detection/C++) by extensions ['python_setup_py']
[0.229s] [34mcolcon.colcon_core.package_identification[0m [1;30mLevel 1[0m _identify(src/lane_detection/C++) by extension 'python_setup_py'
[0.229s] [34mcolcon.colcon_core.package_identification[0m [1;30mLevel 1[0m _identify(src/lane_detection/__pycache__) by extensions ['ignore', 'ignore_ament_install']
[0.229s] [34mcolcon.colcon_core.package_identification[0m [1;30mLevel 1[0m _identify(src/lane_detection/__pycache__) by extension 'ignore'
[0.229s] [34mcolcon.colcon_core.package_identification[0m [1;30mLevel 1[0m _identify(src/lane_detection/__pycache__) by extension 'ignore_ament_install'
[0.230s] [34mcolcon.colcon_core.package_identification[0m [1;30mLevel 1[0m _identify(src/lane_detection/__pycache__) by extensions ['colcon_pkg']
[0.230s] [34mcolcon.colcon_core.package_identification[0m [1;30mLevel 1[0m _identify(src/lane_detection/__pycache__) by extension 'colcon_pkg'
[0.230s] [34mcolcon.colcon_core.package_identification[0m [1;30mLevel 1[0m _identify(src/lane_detection/__pycache__) by extensions ['colcon_meta']
[0.230s] [34mcolcon.colcon_core.package_identification[0m [1;30mLevel 1[0m _identify(src/lane_detection/__pycache__) by extension 'colcon_meta'
[0.230s] [34mcolcon.colcon_core.package_identification[0m [1;30mLevel 1[0m _identify(src/lane_detection/__pycache__) by extensions ['ros']
[0.230s] [34mcolcon.colcon_core.package_identification[0m [1;30mLevel 1[0m _identify(src/lane_detection/__pycache__) by extension 'ros'
[0.230s] [34mcolcon.colcon_core.package_identification[0m [1;30mLevel 1[0m _identify(src/lane_detection/__pycache__) by extensions ['cmake', 'python']
[0.230s] [34mcolcon.colcon_core.package_identification[0m [1;30mLevel 1[0m _identify(src/lane_detection/__pycache__) by extension 'cmake'
[0.230s] [34mcolcon.colcon_core.package_identification[0m [1;30mLevel 1[0m _identify(src/lane_detection/__pycache__) by extension 'python'
[0.230s] [34mcolcon.colcon_core.package_identification[0m [1;30mLevel 1[0m _identify(src/lane_detection/__pycache__) by extensions ['python_setup_py']
[0.230s] [34mcolcon.colcon_core.package_identification[0m [1;30mLevel 1[0m _identify(src/lane_detection/__pycache__) by extension 'python_setup_py'
[0.230s] [34mcolcon.colcon_core.package_discovery[0m [1;30mLevel 1[0m discover_packages(recursive) using defaults
[0.230s] [34mcolcon.colcon_core.package_discovery[0m [1;30mLevel 1[0m discover_packages(ignore) discover
[0.230s] [34mcolcon.colcon_core.package_discovery[0m [1;30mLevel 1[0m discover_packages(ignore) using defaults
[0.230s] [34mcolcon.colcon_core.package_discovery[0m [1;30mLevel 1[0m discover_packages(path) discover
[0.230s] [34mcolcon.colcon_core.package_discovery[0m [1;30mLevel 1[0m discover_packages(path) using defaults
[0.241s] [34mcolcon.colcon_core.package_discovery[0m [1;30mLevel 1[0m discover_packages(prefix_path) check parameters
[0.241s] [34mcolcon.colcon_core.package_discovery[0m [1;30mLevel 1[0m discover_packages(prefix_path) discover
[0.243s] [34mcolcon.colcon_installed_package_information.package_discovery[0m [1;30mDEBUG[0m [32mFound 477 installed packages in /opt/ros/humble[0m
[0.245s] [34mcolcon.colcon_core.package_discovery[0m [1;30mLevel 1[0m discover_packages(prefix_path) using defaults
[0.277s] [34mcolcon.colcon_core.verb[0m [1;30mLevel 5[0m set package 'orbbec_camera_msgs' build argument 'cmake_args' from command line to 'None'
[0.277s] [34mcolcon.colcon_core.verb[0m [1;30mLevel 5[0m set package 'orbbec_camera_msgs' build argument 'cmake_target' from command line to 'None'
[0.277s] [34mcolcon.colcon_core.verb[0m [1;30mLevel 5[0m set package 'orbbec_camera_msgs' build argument 'cmake_target_skip_unavailable' from command line to 'False'
[0.277s] [34mcolcon.colcon_core.verb[0m [1;30mLevel 5[0m set package 'orbbec_camera_msgs' build argument 'cmake_clean_cache' from command line to 'False'
[0.277s] [34mcolcon.colcon_core.verb[0m [1;30mLevel 5[0m set package 'orbbec_camera_msgs' build argument 'cmake_clean_first' from command line to 'False'
[0.277s] [34mcolcon.colcon_core.verb[0m [1;30mLevel 5[0m set package 'orbbec_camera_msgs' build argument 'cmake_force_configure' from command line to 'False'
[0.277s] [34mcolcon.colcon_core.verb[0m [1;30mLevel 5[0m set package 'orbbec_camera_msgs' build argument 'ament_cmake_args' from command line to 'None'
[0.277s] [34mcolcon.colcon_core.verb[0m [1;30mLevel 5[0m set package 'orbbec_camera_msgs' build argument 'catkin_cmake_args' from command line to 'None'
[0.277s] [34mcolcon.colcon_core.verb[0m [1;30mLevel 5[0m set package 'orbbec_camera_msgs' build argument 'catkin_skip_building_tests' from command line to 'False'
[0.277s] [34mcolcon.colcon_core.verb[0m [1;30mDEBUG[0m [32mBuilding package 'orbbec_camera_msgs' with the following arguments: {'ament_cmake_args': None, 'build_base': '/home/chetan-satpute/lane_following/build/orbbec_camera_msgs', 'catkin_cmake_args': None, 'catkin_skip_building_tests': False, 'cmake_args': None, 'cmake_clean_cache': False, 'cmake_clean_first': False, 'cmake_force_configure': False, 'cmake_target': None, 'cmake_target_skip_unavailable': False, 'install_base': '/home/chetan-satpute/lane_following/install/orbbec_camera_msgs', 'merge_install': False, 'path': '/home/chetan-satpute/lane_following/src/OrbbecSDK_ROS2/orbbec_camera_msgs', 'symlink_install': False, 'test_result_base': None}[0m
[0.277s] [34mcolcon.colcon_core.verb[0m [1;30mLevel 5[0m set package 'orbbec_description' build argument 'cmake_args' from command line to 'None'
[0.277s] [34mcolcon.colcon_core.verb[0m [1;30mLevel 5[0m set package 'orbbec_description' build argument 'cmake_target' from command line to 'None'
[0.278s] [34mcolcon.colcon_core.verb[0m [1;30mLevel 5[0m set package 'orbbec_description' build argument 'cmake_target_skip_unavailable' from command line to 'False'
[0.278s] [34mcolcon.colcon_core.verb[0m [1;30mLevel 5[0m set package 'orbbec_description' build argument 'cmake_clean_cache' from command line to 'False'
[0.278s] [34mcolcon.colcon_core.verb[0m [1;30mLevel 5[0m set package 'orbbec_description' build argument 'cmake_clean_first' from command line to 'False'
[0.278s] [34mcolcon.colcon_core.verb[0m [1;30mLevel 5[0m set package 'orbbec_description' build argument 'cmake_force_configure' from command line to 'False'
[0.278s] [34mcolcon.colcon_core.verb[0m [1;30mLevel 5[0m set package 'orbbec_description' build argument 'ament_cmake_args' from command line to 'None'
[0.278s] [34mcolcon.colcon_core.verb[0m [1;30mLevel 5[0m set package 'orbbec_description' build argument 'catkin_cmake_args' from command line to 'None'
[0.278s] [34mcolcon.colcon_core.verb[0m [1;30mLevel 5[0m set package 'orbbec_description' build argument 'catkin_skip_building_tests' from command line to 'False'
[0.278s] [34mcolcon.colcon_core.verb[0m [1;30mDEBUG[0m [32mBuilding package 'orbbec_description' with the following arguments: {'ament_cmake_args': None, 'build_base': '/home/chetan-satpute/lane_following/build/orbbec_description', 'catkin_cmake_args': None, 'catkin_skip_building_tests': False, 'cmake_args': None, 'cmake_clean_cache': False, 'cmake_clean_first': False, 'cmake_force_configure': False, 'cmake_target': None, 'cmake_target_skip_unavailable': False, 'install_base': '/home/chetan-satpute/lane_following/install/orbbec_description', 'merge_install': False, 'path': '/home/chetan-satpute/lane_following/src/OrbbecSDK_ROS2/orbbec_description', 'symlink_install': False, 'test_result_base': None}[0m
[0.278s] [34mcolcon.colcon_core.verb[0m [1;30mLevel 5[0m set package 'orbbec_camera' build argument 'cmake_args' from command line to 'None'
[0.278s] [34mcolcon.colcon_core.verb[0m [1;30mLevel 5[0m set package 'orbbec_camera' build argument 'cmake_target' from command line to 'None'
[0.278s] [34mcolcon.colcon_core.verb[0m [1;30mLevel 5[0m set package 'orbbec_camera' build argument 'cmake_target_skip_unavailable' from command line to 'False'
[0.278s] [34mcolcon.colcon_core.verb[0m [1;30mLevel 5[0m set package 'orbbec_camera' build argument 'cmake_clean_cache' from command line to 'False'
[0.278s] [34mcolcon.colcon_core.verb[0m [1;30mLevel 5[0m set package 'orbbec_camera' build argument 'cmake_clean_first' from command line to 'False'
[0.278s] [34mcolcon.colcon_core.verb[0m [1;30mLevel 5[0m set package 'orbbec_camera' build argument 'cmake_force_configure' from command line to 'False'
[0.278s] [34mcolcon.colcon_core.verb[0m [1;30mLevel 5[0m set package 'orbbec_camera' build argument 'ament_cmake_args' from command line to 'None'
[0.278s] [34mcolcon.colcon_core.verb[0m [1;30mLevel 5[0m set package 'orbbec_camera' build argument 'catkin_cmake_args' from command line to 'None'
[0.278s] [34mcolcon.colcon_core.verb[0m [1;30mLevel 5[0m set package 'orbbec_camera' build argument 'catkin_skip_building_tests' from command line to 'False'
[0.278s] [34mcolcon.colcon_core.verb[0m [1;30mDEBUG[0m [32mBuilding package 'orbbec_camera' with the following arguments: {'ament_cmake_args': None, 'build_base': '/home/chetan-satpute/lane_following/build/orbbec_camera', 'catkin_cmake_args': None, 'catkin_skip_building_tests': False, 'cmake_args': None, 'cmake_clean_cache': False, 'cmake_clean_first': False, 'cmake_force_configure': False, 'cmake_target': None, 'cmake_target_skip_unavailable': False, 'install_base': '/home/chetan-satpute/lane_following/install/orbbec_camera', 'merge_install': False, 'path': '/home/chetan-satpute/lane_following/src/OrbbecSDK_ROS2/orbbec_camera', 'symlink_install': False, 'test_result_base': None}[0m
[0.278s] [34mcolcon.colcon_core.executor[0m [1;30mINFO[0m Executing jobs using 'parallel' executor
[0.279s] [34mcolcon.colcon_parallel_executor.executor.parallel[0m [1;30mDEBUG[0m [32mrun_until_complete[0m
[0.279s] [34mcolcon.colcon_ros.task.ament_cmake.build[0m [1;30mINFO[0m Building ROS package in '/home/chetan-satpute/lane_following/src/OrbbecSDK_ROS2/orbbec_camera_msgs' with build type 'ament_cmake'
[0.279s] [34mcolcon.colcon_cmake.task.cmake.build[0m [1;30mINFO[0m Building CMake package in '/home/chetan-satpute/lane_following/src/OrbbecSDK_ROS2/orbbec_camera_msgs'
[0.280s] [34mcolcon.colcon_core.plugin_system[0m [1;30mINFO[0m Skipping extension 'colcon_core.shell.bat': Not used on non-Windows systems
[0.281s] [34mcolcon.colcon_core.shell[0m [1;30mINFO[0m Skip shell extension 'powershell' for command environment: Not usable outside of PowerShell
[0.281s] [34mcolcon.colcon_core.shell[0m [1;30mDEBUG[0m [32mSkip shell extension 'dsv' for command environment[0m
[0.283s] [34mcolcon.colcon_ros.task.ament_cmake.build[0m [1;30mINFO[0m Building ROS package in '/home/chetan-satpute/lane_following/src/OrbbecSDK_ROS2/orbbec_description' with build type 'ament_cmake'
[0.283s] [34mcolcon.colcon_cmake.task.cmake.build[0m [1;30mINFO[0m Building CMake package in '/home/chetan-satpute/lane_following/src/OrbbecSDK_ROS2/orbbec_description'
[0.283s] [34mcolcon.colcon_core.shell[0m [1;30mINFO[0m Skip shell extension 'powershell' for command environment: Not usable outside of PowerShell
[0.283s] [34mcolcon.colcon_core.shell[0m [1;30mDEBUG[0m [32mSkip shell extension 'dsv' for command environment[0m
[0.289s] [34mcolcon.colcon_core.event_handler.log_command[0m [1;30mDEBUG[0m [32mInvoking command in '/home/chetan-satpute/lane_following/build/orbbec_camera_msgs': CMAKE_PREFIX_PATH=/opt/ros/humble VIRTUAL_ENV_PROMPT=(.venv) /usr/bin/cmake --build /home/chetan-satpute/lane_following/build/orbbec_camera_msgs -- -j16 -l16[0m
[0.293s] [34mcolcon.colcon_core.event_handler.log_command[0m [1;30mDEBUG[0m [32mInvoking command in '/home/chetan-satpute/lane_following/build/orbbec_description': CMAKE_PREFIX_PATH=/opt/ros/humble VIRTUAL_ENV_PROMPT=(.venv) /usr/bin/cmake --build /home/chetan-satpute/lane_following/build/orbbec_description -- -j16 -l16[0m
[0.320s] [34mcolcon.colcon_core.event_handler.log_command[0m [1;30mDEBUG[0m [32mInvoked command in '/home/chetan-satpute/lane_following/build/orbbec_description' returned '0': CMAKE_PREFIX_PATH=/opt/ros/humble VIRTUAL_ENV_PROMPT=(.venv) /usr/bin/cmake --build /home/chetan-satpute/lane_following/build/orbbec_description -- -j16 -l16[0m
[0.327s] [34mcolcon.colcon_core.event_handler.log_command[0m [1;30mDEBUG[0m [32mInvoking command in '/home/chetan-satpute/lane_following/build/orbbec_description': CMAKE_PREFIX_PATH=/opt/ros/humble VIRTUAL_ENV_PROMPT=(.venv) /usr/bin/cmake --install /home/chetan-satpute/lane_following/build/orbbec_description[0m
[0.336s] [34mcolcon.colcon_core.environment[0m [1;30mLevel 1[0m create_environment_scripts_only(orbbec_description)
[0.340s] [34mcolcon.colcon_core.event_handler.log_command[0m [1;30mDEBUG[0m [32mInvoked command in '/home/chetan-satpute/lane_following/build/orbbec_description' returned '0': CMAKE_PREFIX_PATH=/opt/ros/humble VIRTUAL_ENV_PROMPT=(.venv) /usr/bin/cmake --install /home/chetan-satpute/lane_following/build/orbbec_description[0m
[0.342s] [34mcolcon.colcon_core.environment[0m [1;30mLevel 1[0m checking '/home/chetan-satpute/lane_following/install/orbbec_description' for CMake module files
[0.342s] [34mcolcon.colcon_core.environment[0m [1;30mLevel 1[0m checking '/home/chetan-satpute/lane_following/install/orbbec_description' for CMake config files
[0.342s] [34mcolcon.colcon_core.shell[0m [1;30mLevel 1[0m create_environment_hook('orbbec_description', 'cmake_prefix_path')
[0.343s] [34mcolcon.colcon_core.shell[0m [1;30mINFO[0m Creating environment hook '/home/chetan-satpute/lane_following/install/orbbec_description/share/orbbec_description/hook/cmake_prefix_path.ps1'
[0.343s] [34mcolcon.colcon_core.shell[0m [1;30mINFO[0m Creating environment descriptor '/home/chetan-satpute/lane_following/install/orbbec_description/share/orbbec_description/hook/cmake_prefix_path.dsv'
[0.343s] [34mcolcon.colcon_core.shell[0m [1;30mINFO[0m Creating environment hook '/home/chetan-satpute/lane_following/install/orbbec_description/share/orbbec_description/hook/cmake_prefix_path.sh'
[0.344s] [34mcolcon.colcon_core.environment[0m [1;30mLevel 1[0m checking '/home/chetan-satpute/lane_following/install/orbbec_description/bin'
[0.344s] [34mcolcon.colcon_core.environment[0m [1;30mLevel 1[0m checking '/home/chetan-satpute/lane_following/install/orbbec_description/lib/pkgconfig/orbbec_description.pc'
[0.344s] [34mcolcon.colcon_core.environment[0m [1;30mLevel 1[0m checking '/home/chetan-satpute/lane_following/install/orbbec_description/lib/python3.10/site-packages'
[0.344s] [34mcolcon.colcon_core.environment[0m [1;30mLevel 1[0m checking '/home/chetan-satpute/lane_following/install/orbbec_description/bin'
[0.345s] [34mcolcon.colcon_core.shell[0m [1;30mINFO[0m Creating package script '/home/chetan-satpute/lane_following/install/orbbec_description/share/orbbec_description/package.ps1'
[0.345s] [34mcolcon.colcon_core.shell[0m [1;30mINFO[0m Creating package descriptor '/home/chetan-satpute/lane_following/install/orbbec_description/share/orbbec_description/package.dsv'
[0.345s] [34mcolcon.colcon_core.shell[0m [1;30mINFO[0m Creating package script '/home/chetan-satpute/lane_following/install/orbbec_description/share/orbbec_description/package.sh'
[0.346s] [34mcolcon.colcon_core.shell[0m [1;30mINFO[0m Creating package script '/home/chetan-satpute/lane_following/install/orbbec_description/share/orbbec_description/package.bash'
[0.347s] [34mcolcon.colcon_core.shell[0m [1;30mINFO[0m Creating package script '/home/chetan-satpute/lane_following/install/orbbec_description/share/orbbec_description/package.zsh'
[0.347s] [34mcolcon.colcon_core.environment[0m [1;30mLevel 1[0m create_file_with_runtime_dependencies(/home/chetan-satpute/lane_following/install/orbbec_description/share/colcon-core/packages/orbbec_description)
[0.347s] [34mcolcon.colcon_core.environment[0m [1;30mLevel 1[0m create_environment_scripts_only(orbbec_description)
[0.347s] [34mcolcon.colcon_core.environment[0m [1;30mLevel 1[0m checking '/home/chetan-satpute/lane_following/install/orbbec_description' for CMake module files
[0.348s] [34mcolcon.colcon_core.environment[0m [1;30mLevel 1[0m checking '/home/chetan-satpute/lane_following/install/orbbec_description' for CMake config files
[0.348s] [34mcolcon.colcon_core.shell[0m [1;30mLevel 1[0m create_environment_hook('orbbec_description', 'cmake_prefix_path')
[0.348s] [34mcolcon.colcon_core.shell[0m [1;30mINFO[0m Creating environment hook '/home/chetan-satpute/lane_following/install/orbbec_description/share/orbbec_description/hook/cmake_prefix_path.ps1'
[0.348s] [34mcolcon.colcon_core.shell[0m [1;30mINFO[0m Creating environment descriptor '/home/chetan-satpute/lane_following/install/orbbec_description/share/orbbec_description/hook/cmake_prefix_path.dsv'
[0.348s] [34mcolcon.colcon_core.shell[0m [1;30mINFO[0m Creating environment hook '/home/chetan-satpute/lane_following/install/orbbec_description/share/orbbec_description/hook/cmake_prefix_path.sh'
[0.349s] [34mcolcon.colcon_core.environment[0m [1;30mLevel 1[0m checking '/home/chetan-satpute/lane_following/install/orbbec_description/bin'
[0.349s] [34mcolcon.colcon_core.environment[0m [1;30mLevel 1[0m checking '/home/chetan-satpute/lane_following/install/orbbec_description/lib/pkgconfig/orbbec_description.pc'
[0.349s] [34mcolcon.colcon_core.environment[0m [1;30mLevel 1[0m checking '/home/chetan-satpute/lane_following/install/orbbec_description/lib/python3.10/site-packages'
[0.349s] [34mcolcon.colcon_core.environment[0m [1;30mLevel 1[0m checking '/home/chetan-satpute/lane_following/install/orbbec_description/bin'
[0.349s] [34mcolcon.colcon_core.shell[0m [1;30mINFO[0m Creating package script '/home/chetan-satpute/lane_following/install/orbbec_description/share/orbbec_description/package.ps1'
[0.350s] [34mcolcon.colcon_core.shell[0m [1;30mINFO[0m Creating package descriptor '/home/chetan-satpute/lane_following/install/orbbec_description/share/orbbec_description/package.dsv'
[0.350s] [34mcolcon.colcon_core.shell[0m [1;30mINFO[0m Creating package script '/home/chetan-satpute/lane_following/install/orbbec_description/share/orbbec_description/package.sh'
[0.350s] [34mcolcon.colcon_core.shell[0m [1;30mINFO[0m Creating package script '/home/chetan-satpute/lane_following/install/orbbec_description/share/orbbec_description/package.bash'
[0.351s] [34mcolcon.colcon_core.shell[0m [1;30mINFO[0m Creating package script '/home/chetan-satpute/lane_following/install/orbbec_description/share/orbbec_description/package.zsh'
[0.351s] [34mcolcon.colcon_core.environment[0m [1;30mLevel 1[0m create_file_with_runtime_dependencies(/home/chetan-satpute/lane_following/install/orbbec_description/share/colcon-core/packages/orbbec_description)
[0.556s] [34mcolcon.colcon_core.event_handler.log_command[0m [1;30mDEBUG[0m [32mInvoked command in '/home/chetan-satpute/lane_following/build/orbbec_camera_msgs' returned '0': CMAKE_PREFIX_PATH=/opt/ros/humble VIRTUAL_ENV_PROMPT=(.venv) /usr/bin/cmake --build /home/chetan-satpute/lane_following/build/orbbec_camera_msgs -- -j16 -l16[0m
[0.557s] [34mcolcon.colcon_core.event_handler.log_command[0m [1;30mDEBUG[0m [32mInvoking command in '/home/chetan-satpute/lane_following/build/orbbec_camera_msgs': CMAKE_PREFIX_PATH=/opt/ros/humble VIRTUAL_ENV_PROMPT=(.venv) /usr/bin/cmake --install /home/chetan-satpute/lane_following/build/orbbec_camera_msgs[0m
[0.600s] [34mcolcon.colcon_core.environment[0m [1;30mLevel 1[0m create_environment_scripts_only(orbbec_camera_msgs)
[0.601s] [34mcolcon.colcon_core.environment[0m [1;30mLevel 1[0m checking '/home/chetan-satpute/lane_following/install/orbbec_camera_msgs' for CMake module files
[0.604s] [34mcolcon.colcon_core.environment[0m [1;30mLevel 1[0m checking '/home/chetan-satpute/lane_following/install/orbbec_camera_msgs' for CMake config files
[0.604s] [34mcolcon.colcon_core.event_handler.log_command[0m [1;30mDEBUG[0m [32mInvoked command in '/home/chetan-satpute/lane_following/build/orbbec_camera_msgs' returned '0': CMAKE_PREFIX_PATH=/opt/ros/humble VIRTUAL_ENV_PROMPT=(.venv) /usr/bin/cmake --install /home/chetan-satpute/lane_following/build/orbbec_camera_msgs[0m
[0.604s] [34mcolcon.colcon_core.shell[0m [1;30mLevel 1[0m create_environment_hook('orbbec_camera_msgs', 'cmake_prefix_path')
[0.605s] [34mcolcon.colcon_core.shell[0m [1;30mINFO[0m Creating environment hook '/home/chetan-satpute/lane_following/install/orbbec_camera_msgs/share/orbbec_camera_msgs/hook/cmake_prefix_path.ps1'
[0.605s] [34mcolcon.colcon_core.shell[0m [1;30mINFO[0m Creating environment descriptor '/home/chetan-satpute/lane_following/install/orbbec_camera_msgs/share/orbbec_camera_msgs/hook/cmake_prefix_path.dsv'
[0.605s] [34mcolcon.colcon_core.shell[0m [1;30mINFO[0m Creating environment hook '/home/chetan-satpute/lane_following/install/orbbec_camera_msgs/share/orbbec_camera_msgs/hook/cmake_prefix_path.sh'
[0.606s] [34mcolcon.colcon_core.environment[0m [1;30mLevel 1[0m checking '/home/chetan-satpute/lane_following/install/orbbec_camera_msgs/lib'
[0.606s] [34mcolcon.colcon_core.shell[0m [1;30mLevel 1[0m create_environment_hook('orbbec_camera_msgs', 'ld_library_path_lib')
[0.606s] [34mcolcon.colcon_core.shell[0m [1;30mINFO[0m Creating environment hook '/home/chetan-satpute/lane_following/install/orbbec_camera_msgs/share/orbbec_camera_msgs/hook/ld_library_path_lib.ps1'
[0.606s] [34mcolcon.colcon_core.shell[0m [1;30mINFO[0m Creating environment descriptor '/home/chetan-satpute/lane_following/install/orbbec_camera_msgs/share/orbbec_camera_msgs/hook/ld_library_path_lib.dsv'
[0.606s] [34mcolcon.colcon_core.shell[0m [1;30mINFO[0m Creating environment hook '/home/chetan-satpute/lane_following/install/orbbec_camera_msgs/share/orbbec_camera_msgs/hook/ld_library_path_lib.sh'
[0.606s] [34mcolcon.colcon_core.environment[0m [1;30mLevel 1[0m checking '/home/chetan-satpute/lane_following/install/orbbec_camera_msgs/bin'
[0.607s] [34mcolcon.colcon_core.environment[0m [1;30mLevel 1[0m checking '/home/chetan-satpute/lane_following/install/orbbec_camera_msgs/lib/pkgconfig/orbbec_camera_msgs.pc'
[0.607s] [34mcolcon.colcon_core.environment[0m [1;30mLevel 1[0m checking '/home/chetan-satpute/lane_following/install/orbbec_camera_msgs/lib/python3.10/site-packages'
[0.607s] [34mcolcon.colcon_core.environment[0m [1;30mLevel 1[0m checking '/home/chetan-satpute/lane_following/install/orbbec_camera_msgs/bin'
[0.607s] [34mcolcon.colcon_core.shell[0m [1;30mINFO[0m Creating package script '/home/chetan-satpute/lane_following/install/orbbec_camera_msgs/share/orbbec_camera_msgs/package.ps1'
[0.607s] [34mcolcon.colcon_core.shell[0m [1;30mINFO[0m Creating package descriptor '/home/chetan-satpute/lane_following/install/orbbec_camera_msgs/share/orbbec_camera_msgs/package.dsv'
[0.608s] [34mcolcon.colcon_core.shell[0m [1;30mINFO[0m Creating package script '/home/chetan-satpute/lane_following/install/orbbec_camera_msgs/share/orbbec_camera_msgs/package.sh'
[0.608s] [34mcolcon.colcon_core.shell[0m [1;30mINFO[0m Creating package script '/home/chetan-satpute/lane_following/install/orbbec_camera_msgs/share/orbbec_camera_msgs/package.bash'
[0.608s] [34mcolcon.colcon_core.shell[0m [1;30mINFO[0m Creating package script '/home/chetan-satpute/lane_following/install/orbbec_camera_msgs/share/orbbec_camera_msgs/package.zsh'
[0.608s] [34mcolcon.colcon_core.environment[0m [1;30mLevel 1[0m create_file_with_runtime_dependencies(/home/chetan-satpute/lane_following/install/orbbec_camera_msgs/share/colcon-core/packages/orbbec_camera_msgs)
[0.609s] [34mcolcon.colcon_core.environment[0m [1;30mLevel 1[0m create_environment_scripts_only(orbbec_camera_msgs)
[0.609s] [34mcolcon.colcon_core.environment[0m [1;30mLevel 1[0m checking '/home/chetan-satpute/lane_following/install/orbbec_camera_msgs' for CMake module files
[0.609s] [34mcolcon.colcon_core.environment[0m [1;30mLevel 1[0m checking '/home/chetan-satpute/lane_following/install/orbbec_camera_msgs' for CMake config files
[0.609s] [34mcolcon.colcon_core.shell[0m [1;30mLevel 1[0m create_environment_hook('orbbec_camera_msgs', 'cmake_prefix_path')
[0.610s] [34mcolcon.colcon_core.shell[0m [1;30mINFO[0m Creating environment hook '/home/chetan-satpute/lane_following/install/orbbec_camera_msgs/share/orbbec_camera_msgs/hook/cmake_prefix_path.ps1'
[0.610s] [34mcolcon.colcon_core.shell[0m [1;30mINFO[0m Creating environment descriptor '/home/chetan-satpute/lane_following/install/orbbec_camera_msgs/share/orbbec_camera_msgs/hook/cmake_prefix_path.dsv'
[0.610s] [34mcolcon.colcon_core.shell[0m [1;30mINFO[0m Creating environment hook '/home/chetan-satpute/lane_following/install/orbbec_camera_msgs/share/orbbec_camera_msgs/hook/cmake_prefix_path.sh'
[0.610s] [34mcolcon.colcon_core.environment[0m [1;30mLevel 1[0m checking '/home/chetan-satpute/lane_following/install/orbbec_camera_msgs/lib'
[0.610s] [34mcolcon.colcon_core.shell[0m [1;30mLevel 1[0m create_environment_hook('orbbec_camera_msgs', 'ld_library_path_lib')
[0.610s] [34mcolcon.colcon_core.shell[0m [1;30mINFO[0m Creating environment hook '/home/chetan-satpute/lane_following/install/orbbec_camera_msgs/share/orbbec_camera_msgs/hook/ld_library_path_lib.ps1'
[0.611s] [34mcolcon.colcon_core.shell[0m [1;30mINFO[0m Creating environment descriptor '/home/chetan-satpute/lane_following/install/orbbec_camera_msgs/share/orbbec_camera_msgs/hook/ld_library_path_lib.dsv'
[0.611s] [34mcolcon.colcon_core.shell[0m [1;30mINFO[0m Creating environment hook '/home/chetan-satpute/lane_following/install/orbbec_camera_msgs/share/orbbec_camera_msgs/hook/ld_library_path_lib.sh'
[0.611s] [34mcolcon.colcon_core.environment[0m [1;30mLevel 1[0m checking '/home/chetan-satpute/lane_following/install/orbbec_camera_msgs/bin'
[0.611s] [34mcolcon.colcon_core.environment[0m [1;30mLevel 1[0m checking '/home/chetan-satpute/lane_following/install/orbbec_camera_msgs/lib/pkgconfig/orbbec_camera_msgs.pc'
[0.611s] [34mcolcon.colcon_core.environment[0m [1;30mLevel 1[0m checking '/home/chetan-satpute/lane_following/install/orbbec_camera_msgs/lib/python3.10/site-packages'
[0.611s] [34mcolcon.colcon_core.environment[0m [1;30mLevel 1[0m checking '/home/chetan-satpute/lane_following/install/orbbec_camera_msgs/bin'
[0.612s] [34mcolcon.colcon_core.shell[0m [1;30mINFO[0m Creating package script '/home/chetan-satpute/lane_following/install/orbbec_camera_msgs/share/orbbec_camera_msgs/package.ps1'
[0.612s] [34mcolcon.colcon_core.shell[0m [1;30mINFO[0m Creating package descriptor '/home/chetan-satpute/lane_following/install/orbbec_camera_msgs/share/orbbec_camera_msgs/package.dsv'
[0.612s] [34mcolcon.colcon_core.shell[0m [1;30mINFO[0m Creating package script '/home/chetan-satpute/lane_following/install/orbbec_camera_msgs/share/orbbec_camera_msgs/package.sh'
[0.613s] [34mcolcon.colcon_core.shell[0m [1;30mINFO[0m Creating package script '/home/chetan-satpute/lane_following/install/orbbec_camera_msgs/share/orbbec_camera_msgs/package.bash'
[0.613s] [34mcolcon.colcon_core.shell[0m [1;30mINFO[0m Creating package script '/home/chetan-satpute/lane_following/install/orbbec_camera_msgs/share/orbbec_camera_msgs/package.zsh'
[0.613s] [34mcolcon.colcon_core.environment[0m [1;30mLevel 1[0m create_file_with_runtime_dependencies(/home/chetan-satpute/lane_following/install/orbbec_camera_msgs/share/colcon-core/packages/orbbec_camera_msgs)
[0.614s] [34mcolcon.colcon_ros.task.ament_cmake.build[0m [1;30mINFO[0m Building ROS package in '/home/chetan-satpute/lane_following/src/OrbbecSDK_ROS2/orbbec_camera' with build type 'ament_cmake'
[0.614s] [34mcolcon.colcon_cmake.task.cmake.build[0m [1;30mINFO[0m Building CMake package in '/home/chetan-satpute/lane_following/src/OrbbecSDK_ROS2/orbbec_camera'
[0.614s] [34mcolcon.colcon_core.shell[0m [1;30mINFO[0m Skip shell extension 'powershell' for command environment: Not usable outside of PowerShell
[0.614s] [34mcolcon.colcon_core.shell[0m [1;30mDEBUG[0m [32mSkip shell extension 'dsv' for command environment[0m
[0.621s] [34mcolcon.colcon_core.event_handler.log_command[0m [1;30mDEBUG[0m [32mInvoking command in '/home/chetan-satpute/lane_following/build/orbbec_camera': AMENT_PREFIX_PATH=/home/chetan-satpute/lane_following/install/orbbec_camera_msgs:${AMENT_PREFIX_PATH} CMAKE_PREFIX_PATH=/home/chetan-satpute/lane_following/install/orbbec_camera_msgs:/opt/ros/humble LD_LIBRARY_PATH=/home/chetan-satpute/lane_following/install/orbbec_camera_msgs/lib:${LD_LIBRARY_PATH} PYTHONPATH=/home/chetan-satpute/lane_following/install/orbbec_camera_msgs/local/lib/python3.10/dist-packages:${PYTHONPATH} VIRTUAL_ENV_PROMPT=(.venv) /usr/bin/cmake --build /home/chetan-satpute/lane_following/build/orbbec_camera -- -j16 -l16[0m
[0.713s] [34mcolcon.colcon_core.event_handler.log_command[0m [1;30mDEBUG[0m [32mInvoked command in '/home/chetan-satpute/lane_following/build/orbbec_camera' returned '0': AMENT_PREFIX_PATH=/home/chetan-satpute/lane_following/install/orbbec_camera_msgs:${AMENT_PREFIX_PATH} CMAKE_PREFIX_PATH=/home/chetan-satpute/lane_following/install/orbbec_camera_msgs:/opt/ros/humble LD_LIBRARY_PATH=/home/chetan-satpute/lane_following/install/orbbec_camera_msgs/lib:${LD_LIBRARY_PATH} PYTHONPATH=/home/chetan-satpute/lane_following/install/orbbec_camera_msgs/local/lib/python3.10/dist-packages:${PYTHONPATH} VIRTUAL_ENV_PROMPT=(.venv) /usr/bin/cmake --build /home/chetan-satpute/lane_following/build/orbbec_camera -- -j16 -l16[0m
[0.715s] [34mcolcon.colcon_core.event_handler.log_command[0m [1;30mDEBUG[0m [32mInvoking command in '/home/chetan-satpute/lane_following/build/orbbec_camera': AMENT_PREFIX_PATH=/home/chetan-satpute/lane_following/install/orbbec_camera_msgs:${AMENT_PREFIX_PATH} CMAKE_PREFIX_PATH=/home/chetan-satpute/lane_following/install/orbbec_camera_msgs:/opt/ros/humble LD_LIBRARY_PATH=/home/chetan-satpute/lane_following/install/orbbec_camera_msgs/lib:${LD_LIBRARY_PATH} PYTHONPATH=/home/chetan-satpute/lane_following/install/orbbec_camera_msgs/local/lib/python3.10/dist-packages:${PYTHONPATH} VIRTUAL_ENV_PROMPT=(.venv) /usr/bin/cmake --install /home/chetan-satpute/lane_following/build/orbbec_camera[0m
[0.728s] [34mcolcon.colcon_core.environment[0m [1;30mLevel 1[0m create_environment_scripts_only(orbbec_camera)
[0.729s] [34mcolcon.colcon_core.environment[0m [1;30mLevel 1[0m checking '/home/chetan-satpute/lane_following/install/orbbec_camera' for CMake module files
[0.732s] [34mcolcon.colcon_core.event_handler.log_command[0m [1;30mDEBUG[0m [32mInvoked command in '/home/chetan-satpute/lane_following/build/orbbec_camera' returned '0': AMENT_PREFIX_PATH=/home/chetan-satpute/lane_following/install/orbbec_camera_msgs:${AMENT_PREFIX_PATH} CMAKE_PREFIX_PATH=/home/chetan-satpute/lane_following/install/orbbec_camera_msgs:/opt/ros/humble LD_LIBRARY_PATH=/home/chetan-satpute/lane_following/install/orbbec_camera_msgs/lib:${LD_LIBRARY_PATH} PYTHONPATH=/home/chetan-satpute/lane_following/install/orbbec_camera_msgs/local/lib/python3.10/dist-packages:${PYTHONPATH} VIRTUAL_ENV_PROMPT=(.venv) /usr/bin/cmake --install /home/chetan-satpute/lane_following/build/orbbec_camera[0m
[0.732s] [34mcolcon.colcon_core.environment[0m [1;30mLevel 1[0m checking '/home/chetan-satpute/lane_following/install/orbbec_camera' for CMake config files
[0.733s] [34mcolcon.colcon_core.shell[0m [1;30mLevel 1[0m create_environment_hook('orbbec_camera', 'cmake_prefix_path')
[0.733s] [34mcolcon.colcon_core.shell[0m [1;30mINFO[0m Creating environment hook '/home/chetan-satpute/lane_following/install/orbbec_camera/share/orbbec_camera/hook/cmake_prefix_path.ps1'
[0.734s] [34mcolcon.colcon_core.shell[0m [1;30mINFO[0m Creating environment descriptor '/home/chetan-satpute/lane_following/install/orbbec_camera/share/orbbec_camera/hook/cmake_prefix_path.dsv'
[0.734s] [34mcolcon.colcon_core.shell[0m [1;30mINFO[0m Creating environment hook '/home/chetan-satpute/lane_following/install/orbbec_camera/share/orbbec_camera/hook/cmake_prefix_path.sh'
[0.734s] [34mcolcon.colcon_core.environment[0m [1;30mLevel 1[0m checking '/home/chetan-satpute/lane_following/install/orbbec_camera/lib'
[0.734s] [34mcolcon.colcon_core.shell[0m [1;30mLevel 1[0m create_environment_hook('orbbec_camera', 'ld_library_path_lib')
[0.734s] [34mcolcon.colcon_core.shell[0m [1;30mINFO[0m Creating environment hook '/home/chetan-satpute/lane_following/install/orbbec_camera/share/orbbec_camera/hook/ld_library_path_lib.ps1'
[0.735s] [34mcolcon.colcon_core.shell[0m [1;30mINFO[0m Creating environment descriptor '/home/chetan-satpute/lane_following/install/orbbec_camera/share/orbbec_camera/hook/ld_library_path_lib.dsv'
[0.735s] [34mcolcon.colcon_core.shell[0m [1;30mINFO[0m Creating environment hook '/home/chetan-satpute/lane_following/install/orbbec_camera/share/orbbec_camera/hook/ld_library_path_lib.sh'
[0.735s] [34mcolcon.colcon_core.environment[0m [1;30mLevel 1[0m checking '/home/chetan-satpute/lane_following/install/orbbec_camera/bin'
[0.735s] [34mcolcon.colcon_core.environment[0m [1;30mLevel 1[0m checking '/home/chetan-satpute/lane_following/install/orbbec_camera/lib/pkgconfig/orbbec_camera.pc'
[0.735s] [34mcolcon.colcon_core.environment[0m [1;30mLevel 1[0m checking '/home/chetan-satpute/lane_following/install/orbbec_camera/lib/python3.10/site-packages'
[0.736s] [34mcolcon.colcon_core.environment[0m [1;30mLevel 1[0m checking '/home/chetan-satpute/lane_following/install/orbbec_camera/bin'
[0.736s] [34mcolcon.colcon_core.shell[0m [1;30mINFO[0m Creating package script '/home/chetan-satpute/lane_following/install/orbbec_camera/share/orbbec_camera/package.ps1'
[0.736s] [34mcolcon.colcon_core.shell[0m [1;30mINFO[0m Creating package descriptor '/home/chetan-satpute/lane_following/install/orbbec_camera/share/orbbec_camera/package.dsv'
[0.736s] [34mcolcon.colcon_core.shell[0m [1;30mINFO[0m Creating package script '/home/chetan-satpute/lane_following/install/orbbec_camera/share/orbbec_camera/package.sh'
[0.737s] [34mcolcon.colcon_core.shell[0m [1;30mINFO[0m Creating package script '/home/chetan-satpute/lane_following/install/orbbec_camera/share/orbbec_camera/package.bash'
[0.737s] [34mcolcon.colcon_core.shell[0m [1;30mINFO[0m Creating package script '/home/chetan-satpute/lane_following/install/orbbec_camera/share/orbbec_camera/package.zsh'
[0.737s] [34mcolcon.colcon_core.environment[0m [1;30mLevel 1[0m create_file_with_runtime_dependencies(/home/chetan-satpute/lane_following/install/orbbec_camera/share/colcon-core/packages/orbbec_camera)
[0.737s] [34mcolcon.colcon_core.environment[0m [1;30mLevel 1[0m create_environment_scripts_only(orbbec_camera)
[0.738s] [34mcolcon.colcon_core.environment[0m [1;30mLevel 1[0m checking '/home/chetan-satpute/lane_following/install/orbbec_camera' for CMake module files
[0.738s] [34mcolcon.colcon_core.environment[0m [1;30mLevel 1[0m checking '/home/chetan-satpute/lane_following/install/orbbec_camera' for CMake config files
[0.738s] [34mcolcon.colcon_core.shell[0m [1;30mLevel 1[0m create_environment_hook('orbbec_camera', 'cmake_prefix_path')
[0.738s] [34mcolcon.colcon_core.shell[0m [1;30mINFO[0m Creating environment hook '/home/chetan-satpute/lane_following/install/orbbec_camera/share/orbbec_camera/hook/cmake_prefix_path.ps1'
[0.738s] [34mcolcon.colcon_core.shell[0m [1;30mINFO[0m Creating environment descriptor '/home/chetan-satpute/lane_following/install/orbbec_camera/share/orbbec_camera/hook/cmake_prefix_path.dsv'
[0.739s] [34mcolcon.colcon_core.shell[0m [1;30mINFO[0m Creating environment hook '/home/chetan-satpute/lane_following/install/orbbec_camera/share/orbbec_camera/hook/cmake_prefix_path.sh'
[0.739s] [34mcolcon.colcon_core.environment[0m [1;30mLevel 1[0m checking '/home/chetan-satpute/lane_following/install/orbbec_camera/lib'
[0.739s] [34mcolcon.colcon_core.shell[0m [1;30mLevel 1[0m create_environment_hook('orbbec_camera', 'ld_library_path_lib')
[0.739s] [34mcolcon.colcon_core.shell[0m [1;30mINFO[0m Creating environment hook '/home/chetan-satpute/lane_following/install/orbbec_camera/share/orbbec_camera/hook/ld_library_path_lib.ps1'
[0.739s] [34mcolcon.colcon_core.shell[0m [1;30mINFO[0m Creating environment descriptor '/home/chetan-satpute/lane_following/install/orbbec_camera/share/orbbec_camera/hook/ld_library_path_lib.dsv'
[0.740s] [34mcolcon.colcon_core.shell[0m [1;30mINFO[0m Creating environment hook '/home/chetan-satpute/lane_following/install/orbbec_camera/share/orbbec_camera/hook/ld_library_path_lib.sh'
[0.740s] [34mcolcon.colcon_core.environment[0m [1;30mLevel 1[0m checking '/home/chetan-satpute/lane_following/install/orbbec_camera/bin'
[0.740s] [34mcolcon.colcon_core.environment[0m [1;30mLevel 1[0m checking '/home/chetan-satpute/lane_following/install/orbbec_camera/lib/pkgconfig/orbbec_camera.pc'
[0.740s] [34mcolcon.colcon_core.environment[0m [1;30mLevel 1[0m checking '/home/chetan-satpute/lane_following/install/orbbec_camera/lib/python3.10/site-packages'
[0.740s] [34mcolcon.colcon_core.environment[0m [1;30mLevel 1[0m checking '/home/chetan-satpute/lane_following/install/orbbec_camera/bin'
[0.740s] [34mcolcon.colcon_core.shell[0m [1;30mINFO[0m Creating package script '/home/chetan-satpute/lane_following/install/orbbec_camera/share/orbbec_camera/package.ps1'
[0.741s] [34mcolcon.colcon_core.shell[0m [1;30mINFO[0m Creating package descriptor '/home/chetan-satpute/lane_following/install/orbbec_camera/share/orbbec_camera/package.dsv'
[0.741s] [34mcolcon.colcon_core.shell[0m [1;30mINFO[0m Creating package script '/home/chetan-satpute/lane_following/install/orbbec_camera/share/orbbec_camera/package.sh'
[0.741s] [34mcolcon.colcon_core.shell[0m [1;30mINFO[0m Creating package script '/home/chetan-satpute/lane_following/install/orbbec_camera/share/orbbec_camera/package.bash'
[0.741s] [34mcolcon.colcon_core.shell[0m [1;30mINFO[0m Creating package script '/home/chetan-satpute/lane_following/install/orbbec_camera/share/orbbec_camera/package.zsh'
[0.742s] [34mcolcon.colcon_core.environment[0m [1;30mLevel 1[0m create_file_with_runtime_dependencies(/home/chetan-satpute/lane_following/install/orbbec_camera/share/colcon-core/packages/orbbec_camera)
[0.742s] [34mcolcon.colcon_parallel_executor.executor.parallel[0m [1;30mDEBUG[0m [32mclosing loop[0m
[0.742s] [34mcolcon.colcon_parallel_executor.executor.parallel[0m [1;30mDEBUG[0m [32mloop closed[0m
[0.742s] [34mcolcon.colcon_parallel_executor.executor.parallel[0m [1;30mDEBUG[0m [32mrun_until_complete finished with '0'[0m
[0.742s] [34mcolcon.colcon_core.event_reactor[0m [1;30mDEBUG[0m [32mjoining thread[0m
[0.748s] [34mcolcon.colcon_core.plugin_system[0m [1;30mINFO[0m Skipping extension 'colcon_notification.desktop_notification.terminal_notifier': Not used on non-Darwin systems
[0.748s] [34mcolcon.colcon_core.plugin_system[0m [1;30mINFO[0m Skipping extension 'colcon_notification.desktop_notification.win32': Not used on non-Windows systems
[0.748s] [34mcolcon.colcon_notification.desktop_notification[0m [1;30mINFO[0m Sending desktop notification using 'notify2'
[0.760s] [34mcolcon.colcon_core.event_reactor[0m [1;30mDEBUG[0m [32mjoined thread[0m
[0.760s] [34mcolcon.colcon_core.shell[0m [1;30mINFO[0m Creating prefix script '/home/chetan-satpute/lane_following/install/local_setup.ps1'
[0.761s] [34mcolcon.colcon_core.shell[0m [1;30mINFO[0m Creating prefix util module '/home/chetan-satpute/lane_following/install/_local_setup_util_ps1.py'
[0.763s] [34mcolcon.colcon_core.shell[0m [1;30mINFO[0m Creating prefix chain script '/home/chetan-satpute/lane_following/install/setup.ps1'
[0.764s] [34mcolcon.colcon_core.shell[0m [1;30mINFO[0m Creating prefix script '/home/chetan-satpute/lane_following/install/local_setup.sh'
[0.764s] [34mcolcon.colcon_core.shell[0m [1;30mINFO[0m Creating prefix util module '/home/chetan-satpute/lane_following/install/_local_setup_util_sh.py'
[0.765s] [34mcolcon.colcon_core.shell[0m [1;30mINFO[0m Creating prefix chain script '/home/chetan-satpute/lane_following/install/setup.sh'
[0.766s] [34mcolcon.colcon_core.shell[0m [1;30mINFO[0m Creating prefix script '/home/chetan-satpute/lane_following/install/local_setup.bash'
[0.766s] [34mcolcon.colcon_core.shell[0m [1;30mINFO[0m Creating prefix chain script '/home/chetan-satpute/lane_following/install/setup.bash'
[0.767s] [34mcolcon.colcon_core.shell[0m [1;30mINFO[0m Creating prefix script '/home/chetan-satpute/lane_following/install/local_setup.zsh'
[0.767s] [34mcolcon.colcon_core.shell[0m [1;30mINFO[0m Creating prefix chain script '/home/chetan-satpute/lane_following/install/setup.zsh'
