[0.084s] colcon DEBUG Command line arguments: ['/usr/bin/colcon', 'build', '--packages-select', 'custom_follow']
[0.084s] colcon DEBUG Parsed command line arguments: Namespace(log_base=None, log_level=None, verb_name='build', build_base='build', install_base='install', merge_install=False, symlink_install=False, test_result_base=None, continue_on_error=False, executor='parallel', parallel_workers=16, event_handlers=None, ignore_user_meta=False, metas=['./colcon.meta'], base_paths=['.'], packages_ignore=None, packages_ignore_regex=None, paths=None, packages_up_to=None, packages_up_to_regex=None, packages_above=None, packages_above_and_dependencies=None, packages_above_depth=None, packages_select_by_dep=None, packages_skip_by_dep=None, packages_skip_up_to=None, packages_select_build_failed=False, packages_skip_build_finished=False, packages_select_test_failures=False, packages_skip_test_passed=False, packages_select=['custom_follow'], packages_skip=None, packages_select_regex=None, packages_skip_regex=None, packages_start=None, packages_end=None, allow_overriding=[], cmake_args=None, cmake_target=None, cmake_target_skip_unavailable=False, cmake_clean_cache=False, cmake_clean_first=False, cmake_force_configure=False, ament_cmake_args=None, catkin_cmake_args=None, catkin_skip_building_tests=False, mixin_files=None, mixin=None, verb_parser=<colcon_mixin.mixin.mixin_argument.MixinArgumentDecorator object at 0x75222bd359c0>, verb_extension=<colcon_core.verb.build.BuildVerb object at 0x75222bd35480>, main=<bound method BuildVerb.main of <colcon_core.verb.build.BuildVerb object at 0x75222bd35480>>, mixin_verb=('build',))
[0.217s] colcon.colcon_core.package_discovery Level 1 discover_packages(colcon_meta) check parameters
[0.217s] colcon.colcon_core.package_discovery Level 1 discover_packages(recursive) check parameters
[0.217s] colcon.colcon_core.package_discovery Level 1 discover_packages(ignore) check parameters
[0.217s] colcon.colcon_core.package_discovery Level 1 discover_packages(path) check parameters
[0.217s] colcon.colcon_core.package_discovery Level 1 discover_packages(colcon_meta) discover
[0.217s] colcon.colcon_core.package_discovery Level 1 discover_packages(recursive) discover
[0.217s] colcon.colcon_core.package_discovery INFO Crawling recursively for packages in '/home/chetan-satpute/lane_following'
[0.217s] colcon.colcon_core.package_identification Level 1 _identify(.) by extensions ['ignore', 'ignore_ament_install']
[0.217s] colcon.colcon_core.package_identification Level 1 _identify(.) by extension 'ignore'
[0.217s] colcon.colcon_core.package_identification Level 1 _identify(.) by extension 'ignore_ament_install'
[0.217s] colcon.colcon_core.package_identification Level 1 _identify(.) by extensions ['colcon_pkg']
[0.217s] colcon.colcon_core.package_identification Level 1 _identify(.) by extension 'colcon_pkg'
[0.217s] colcon.colcon_core.package_identification Level 1 _identify(.) by extensions ['colcon_meta']
[0.217s] colcon.colcon_core.package_identification Level 1 _identify(.) by extension 'colcon_meta'
[0.217s] colcon.colcon_core.package_identification Level 1 _identify(.) by extensions ['ros']
[0.217s] colcon.colcon_core.package_identification Level 1 _identify(.) by extension 'ros'
[0.241s] colcon.colcon_core.package_identification Level 1 _identify(.) by extensions ['cmake', 'python']
[0.241s] colcon.colcon_core.package_identification Level 1 _identify(.) by extension 'cmake'
[0.241s] colcon.colcon_core.package_identification Level 1 _identify(.) by extension 'python'
[0.241s] colcon.colcon_core.package_identification Level 1 _identify(.) by extensions ['python_setup_py']
[0.241s] colcon.colcon_core.package_identification Level 1 _identify(.) by extension 'python_setup_py'
[0.241s] colcon.colcon_core.package_identification Level 1 _identify(Log) by extensions ['ignore', 'ignore_ament_install']
[0.241s] colcon.colcon_core.package_identification Level 1 _identify(Log) by extension 'ignore'
[0.241s] colcon.colcon_core.package_identification Level 1 _identify(Log) by extension 'ignore_ament_install'
[0.241s] colcon.colcon_core.package_identification Level 1 _identify(Log) by extensions ['colcon_pkg']
[0.241s] colcon.colcon_core.package_identification Level 1 _identify(Log) by extension 'colcon_pkg'
[0.241s] colcon.colcon_core.package_identification Level 1 _identify(Log) by extensions ['colcon_meta']
[0.241s] colcon.colcon_core.package_identification Level 1 _identify(Log) by extension 'colcon_meta'
[0.241s] colcon.colcon_core.package_identification Level 1 _identify(Log) by extensions ['ros']
[0.241s] colcon.colcon_core.package_identification Level 1 _identify(Log) by extension 'ros'
[0.241s] colcon.colcon_core.package_identification Level 1 _identify(Log) by extensions ['cmake', 'python']
[0.241s] colcon.colcon_core.package_identification Level 1 _identify(Log) by extension 'cmake'
[0.242s] colcon.colcon_core.package_identification Level 1 _identify(Log) by extension 'python'
[0.242s] colcon.colcon_core.package_identification Level 1 _identify(Log) by extensions ['python_setup_py']
[0.242s] colcon.colcon_core.package_identification Level 1 _identify(Log) by extension 'python_setup_py'
[0.242s] colcon.colcon_core.package_identification Level 1 _identify(build) by extensions ['ignore', 'ignore_ament_install']
[0.242s] colcon.colcon_core.package_identification Level 1 _identify(build) by extension 'ignore'
[0.242s] colcon.colcon_core.package_identification Level 1 _identify(build) ignored
[0.242s] colcon.colcon_core.package_identification Level 1 _identify(install) by extensions ['ignore', 'ignore_ament_install']
[0.242s] colcon.colcon_core.package_identification Level 1 _identify(install) by extension 'ignore'
[0.242s] colcon.colcon_core.package_identification Level 1 _identify(install) ignored
[0.242s] colcon.colcon_core.package_identification Level 1 _identify(log) by extensions ['ignore', 'ignore_ament_install']
[0.242s] colcon.colcon_core.package_identification Level 1 _identify(log) by extension 'ignore'
[0.242s] colcon.colcon_core.package_identification Level 1 _identify(log) ignored
[0.242s] colcon.colcon_core.package_identification Level 1 _identify(src) by extensions ['ignore', 'ignore_ament_install']
[0.242s] colcon.colcon_core.package_identification Level 1 _identify(src) by extension 'ignore'
[0.242s] colcon.colcon_core.package_identification Level 1 _identify(src) by extension 'ignore_ament_install'
[0.242s] colcon.colcon_core.package_identification Level 1 _identify(src) by extensions ['colcon_pkg']
[0.242s] colcon.colcon_core.package_identification Level 1 _identify(src) by extension 'colcon_pkg'
[0.242s] colcon.colcon_core.package_identification Level 1 _identify(src) by extensions ['colcon_meta']
[0.242s] colcon.colcon_core.package_identification Level 1 _identify(src) by extension 'colcon_meta'
[0.242s] colcon.colcon_core.package_identification Level 1 _identify(src) by extensions ['ros']
[0.242s] colcon.colcon_core.package_identification Level 1 _identify(src) by extension 'ros'
[0.242s] colcon.colcon_core.package_identification Level 1 _identify(src) by extensions ['cmake', 'python']
[0.242s] colcon.colcon_core.package_identification Level 1 _identify(src) by extension 'cmake'
[0.242s] colcon.colcon_core.package_identification Level 1 _identify(src) by extension 'python'
[0.242s] colcon.colcon_core.package_identification Level 1 _identify(src) by extensions ['python_setup_py']
[0.242s] colcon.colcon_core.package_identification Level 1 _identify(src) by extension 'python_setup_py'
[0.242s] colcon.colcon_core.package_identification Level 1 _identify(src/OrbbecSDK_ROS2) by extensions ['ignore', 'ignore_ament_install']
[0.243s] colcon.colcon_core.package_identification Level 1 _identify(src/OrbbecSDK_ROS2) by extension 'ignore'
[0.243s] colcon.colcon_core.package_identification Level 1 _identify(src/OrbbecSDK_ROS2) by extension 'ignore_ament_install'
[0.243s] colcon.colcon_core.package_identification Level 1 _identify(src/OrbbecSDK_ROS2) by extensions ['colcon_pkg']
[0.243s] colcon.colcon_core.package_identification Level 1 _identify(src/OrbbecSDK_ROS2) by extension 'colcon_pkg'
[0.243s] colcon.colcon_core.package_identification Level 1 _identify(src/OrbbecSDK_ROS2) by extensions ['colcon_meta']
[0.243s] colcon.colcon_core.package_identification Level 1 _identify(src/OrbbecSDK_ROS2) by extension 'colcon_meta'
[0.243s] colcon.colcon_core.package_identification Level 1 _identify(src/OrbbecSDK_ROS2) by extensions ['ros']
[0.243s] colcon.colcon_core.package_identification Level 1 _identify(src/OrbbecSDK_ROS2) by extension 'ros'
[0.243s] colcon.colcon_core.package_identification Level 1 _identify(src/OrbbecSDK_ROS2) by extensions ['cmake', 'python']
[0.243s] colcon.colcon_core.package_identification Level 1 _identify(src/OrbbecSDK_ROS2) by extension 'cmake'
[0.243s] colcon.colcon_core.package_identification Level 1 _identify(src/OrbbecSDK_ROS2) by extension 'python'
[0.243s] colcon.colcon_core.package_identification Level 1 _identify(src/OrbbecSDK_ROS2) by extensions ['python_setup_py']
[0.243s] colcon.colcon_core.package_identification Level 1 _identify(src/OrbbecSDK_ROS2) by extension 'python_setup_py'
[0.243s] colcon.colcon_core.package_identification Level 1 _identify(src/OrbbecSDK_ROS2/docs) by extensions ['ignore', 'ignore_ament_install']
[0.243s] colcon.colcon_core.package_identification Level 1 _identify(src/OrbbecSDK_ROS2/docs) by extension 'ignore'
[0.243s] colcon.colcon_core.package_identification Level 1 _identify(src/OrbbecSDK_ROS2/docs) by extension 'ignore_ament_install'
[0.243s] colcon.colcon_core.package_identification Level 1 _identify(src/OrbbecSDK_ROS2/docs) by extensions ['colcon_pkg']
[0.243s] colcon.colcon_core.package_identification Level 1 _identify(src/OrbbecSDK_ROS2/docs) by extension 'colcon_pkg'
[0.243s] colcon.colcon_core.package_identification Level 1 _identify(src/OrbbecSDK_ROS2/docs) by extensions ['colcon_meta']
[0.243s] colcon.colcon_core.package_identification Level 1 _identify(src/OrbbecSDK_ROS2/docs) by extension 'colcon_meta'
[0.243s] colcon.colcon_core.package_identification Level 1 _identify(src/OrbbecSDK_ROS2/docs) by extensions ['ros']
[0.243s] colcon.colcon_core.package_identification Level 1 _identify(src/OrbbecSDK_ROS2/docs) by extension 'ros'
[0.243s] colcon.colcon_core.package_identification Level 1 _identify(src/OrbbecSDK_ROS2/docs) by extensions ['cmake', 'python']
[0.243s] colcon.colcon_core.package_identification Level 1 _identify(src/OrbbecSDK_ROS2/docs) by extension 'cmake'
[0.243s] colcon.colcon_core.package_identification Level 1 _identify(src/OrbbecSDK_ROS2/docs) by extension 'python'
[0.243s] colcon.colcon_core.package_identification Level 1 _identify(src/OrbbecSDK_ROS2/docs) by extensions ['python_setup_py']
[0.243s] colcon.colcon_core.package_identification Level 1 _identify(src/OrbbecSDK_ROS2/docs) by extension 'python_setup_py'
[0.243s] colcon.colcon_core.package_identification Level 1 _identify(src/OrbbecSDK_ROS2/docs/images) by extensions ['ignore', 'ignore_ament_install']
[0.244s] colcon.colcon_core.package_identification Level 1 _identify(src/OrbbecSDK_ROS2/docs/images) by extension 'ignore'
[0.244s] colcon.colcon_core.package_identification Level 1 _identify(src/OrbbecSDK_ROS2/docs/images) by extension 'ignore_ament_install'
[0.244s] colcon.colcon_core.package_identification Level 1 _identify(src/OrbbecSDK_ROS2/docs/images) by extensions ['colcon_pkg']
[0.244s] colcon.colcon_core.package_identification Level 1 _identify(src/OrbbecSDK_ROS2/docs/images) by extension 'colcon_pkg'
[0.244s] colcon.colcon_core.package_identification Level 1 _identify(src/OrbbecSDK_ROS2/docs/images) by extensions ['colcon_meta']
[0.244s] colcon.colcon_core.package_identification Level 1 _identify(src/OrbbecSDK_ROS2/docs/images) by extension 'colcon_meta'
[0.244s] colcon.colcon_core.package_identification Level 1 _identify(src/OrbbecSDK_ROS2/docs/images) by extensions ['ros']
[0.244s] colcon.colcon_core.package_identification Level 1 _identify(src/OrbbecSDK_ROS2/docs/images) by extension 'ros'
[0.244s] colcon.colcon_core.package_identification Level 1 _identify(src/OrbbecSDK_ROS2/docs/images) by extensions ['cmake', 'python']
[0.244s] colcon.colcon_core.package_identification Level 1 _identify(src/OrbbecSDK_ROS2/docs/images) by extension 'cmake'
[0.244s] colcon.colcon_core.package_identification Level 1 _identify(src/OrbbecSDK_ROS2/docs/images) by extension 'python'
[0.244s] colcon.colcon_core.package_identification Level 1 _identify(src/OrbbecSDK_ROS2/docs/images) by extensions ['python_setup_py']
[0.244s] colcon.colcon_core.package_identification Level 1 _identify(src/OrbbecSDK_ROS2/docs/images) by extension 'python_setup_py'
[0.244s] colcon.colcon_core.package_identification Level 1 _identify(src/OrbbecSDK_ROS2/orbbec_camera) by extensions ['ignore', 'ignore_ament_install']
[0.244s] colcon.colcon_core.package_identification Level 1 _identify(src/OrbbecSDK_ROS2/orbbec_camera) by extension 'ignore'
[0.244s] colcon.colcon_core.package_identification Level 1 _identify(src/OrbbecSDK_ROS2/orbbec_camera) by extension 'ignore_ament_install'
[0.244s] colcon.colcon_core.package_identification Level 1 _identify(src/OrbbecSDK_ROS2/orbbec_camera) by extensions ['colcon_pkg']
[0.244s] colcon.colcon_core.package_identification Level 1 _identify(src/OrbbecSDK_ROS2/orbbec_camera) by extension 'colcon_pkg'
[0.244s] colcon.colcon_core.package_identification Level 1 _identify(src/OrbbecSDK_ROS2/orbbec_camera) by extensions ['colcon_meta']
[0.244s] colcon.colcon_core.package_identification Level 1 _identify(src/OrbbecSDK_ROS2/orbbec_camera) by extension 'colcon_meta'
[0.244s] colcon.colcon_core.package_identification Level 1 _identify(src/OrbbecSDK_ROS2/orbbec_camera) by extensions ['ros']
[0.244s] colcon.colcon_core.package_identification Level 1 _identify(src/OrbbecSDK_ROS2/orbbec_camera) by extension 'ros'
[0.248s] colcon.colcon_core.package_identification DEBUG Package 'src/OrbbecSDK_ROS2/orbbec_camera' with type 'ros.ament_cmake' and name 'orbbec_camera'
[0.248s] colcon.colcon_core.package_identification Level 1 _identify(src/OrbbecSDK_ROS2/orbbec_camera_msgs) by extensions ['ignore', 'ignore_ament_install']
[0.248s] colcon.colcon_core.package_identification Level 1 _identify(src/OrbbecSDK_ROS2/orbbec_camera_msgs) by extension 'ignore'
[0.248s] colcon.colcon_core.package_identification Level 1 _identify(src/OrbbecSDK_ROS2/orbbec_camera_msgs) by extension 'ignore_ament_install'
[0.248s] colcon.colcon_core.package_identification Level 1 _identify(src/OrbbecSDK_ROS2/orbbec_camera_msgs) by extensions ['colcon_pkg']
[0.248s] colcon.colcon_core.package_identification Level 1 _identify(src/OrbbecSDK_ROS2/orbbec_camera_msgs) by extension 'colcon_pkg'
[0.248s] colcon.colcon_core.package_identification Level 1 _identify(src/OrbbecSDK_ROS2/orbbec_camera_msgs) by extensions ['colcon_meta']
[0.248s] colcon.colcon_core.package_identification Level 1 _identify(src/OrbbecSDK_ROS2/orbbec_camera_msgs) by extension 'colcon_meta'
[0.248s] colcon.colcon_core.package_identification Level 1 _identify(src/OrbbecSDK_ROS2/orbbec_camera_msgs) by extensions ['ros']
[0.248s] colcon.colcon_core.package_identification Level 1 _identify(src/OrbbecSDK_ROS2/orbbec_camera_msgs) by extension 'ros'
[0.248s] colcon.colcon_core.package_identification DEBUG Package 'src/OrbbecSDK_ROS2/orbbec_camera_msgs' with type 'ros.ament_cmake' and name 'orbbec_camera_msgs'
[0.249s] colcon.colcon_core.package_identification Level 1 _identify(src/OrbbecSDK_ROS2/orbbec_description) by extensions ['ignore', 'ignore_ament_install']
[0.249s] colcon.colcon_core.package_identification Level 1 _identify(src/OrbbecSDK_ROS2/orbbec_description) by extension 'ignore'
[0.249s] colcon.colcon_core.package_identification Level 1 _identify(src/OrbbecSDK_ROS2/orbbec_description) by extension 'ignore_ament_install'
[0.249s] colcon.colcon_core.package_identification Level 1 _identify(src/OrbbecSDK_ROS2/orbbec_description) by extensions ['colcon_pkg']
[0.249s] colcon.colcon_core.package_identification Level 1 _identify(src/OrbbecSDK_ROS2/orbbec_description) by extension 'colcon_pkg'
[0.249s] colcon.colcon_core.package_identification Level 1 _identify(src/OrbbecSDK_ROS2/orbbec_description) by extensions ['colcon_meta']
[0.249s] colcon.colcon_core.package_identification Level 1 _identify(src/OrbbecSDK_ROS2/orbbec_description) by extension 'colcon_meta'
[0.249s] colcon.colcon_core.package_identification Level 1 _identify(src/OrbbecSDK_ROS2/orbbec_description) by extensions ['ros']
[0.249s] colcon.colcon_core.package_identification Level 1 _identify(src/OrbbecSDK_ROS2/orbbec_description) by extension 'ros'
[0.249s] colcon.colcon_core.package_identification DEBUG Package 'src/OrbbecSDK_ROS2/orbbec_description' with type 'ros.ament_cmake' and name 'orbbec_description'
[0.249s] colcon.colcon_core.package_identification Level 1 _identify(src/custom_follow) by extensions ['ignore', 'ignore_ament_install']
[0.250s] colcon.colcon_core.package_identification Level 1 _identify(src/custom_follow) by extension 'ignore'
[0.250s] colcon.colcon_core.package_identification Level 1 _identify(src/custom_follow) by extension 'ignore_ament_install'
[0.250s] colcon.colcon_core.package_identification Level 1 _identify(src/custom_follow) by extensions ['colcon_pkg']
[0.250s] colcon.colcon_core.package_identification Level 1 _identify(src/custom_follow) by extension 'colcon_pkg'
[0.250s] colcon.colcon_core.package_identification Level 1 _identify(src/custom_follow) by extensions ['colcon_meta']
[0.250s] colcon.colcon_core.package_identification Level 1 _identify(src/custom_follow) by extension 'colcon_meta'
[0.250s] colcon.colcon_core.package_identification Level 1 _identify(src/custom_follow) by extensions ['ros']
[0.250s] colcon.colcon_core.package_identification Level 1 _identify(src/custom_follow) by extension 'ros'
[0.250s] colcon.colcon_core.package_identification DEBUG Package 'src/custom_follow' with type 'ros.ament_python' and name 'custom_follow'
[0.251s] colcon.colcon_core.package_identification Level 1 _identify(src/lane_detection) by extensions ['ignore', 'ignore_ament_install']
[0.251s] colcon.colcon_core.package_identification Level 1 _identify(src/lane_detection) by extension 'ignore'
[0.251s] colcon.colcon_core.package_identification Level 1 _identify(src/lane_detection) by extension 'ignore_ament_install'
[0.251s] colcon.colcon_core.package_identification Level 1 _identify(src/lane_detection) by extensions ['colcon_pkg']
[0.251s] colcon.colcon_core.package_identification Level 1 _identify(src/lane_detection) by extension 'colcon_pkg'
[0.251s] colcon.colcon_core.package_identification Level 1 _identify(src/lane_detection) by extensions ['colcon_meta']
[0.251s] colcon.colcon_core.package_identification Level 1 _identify(src/lane_detection) by extension 'colcon_meta'
[0.251s] colcon.colcon_core.package_identification Level 1 _identify(src/lane_detection) by extensions ['ros']
[0.251s] colcon.colcon_core.package_identification Level 1 _identify(src/lane_detection) by extension 'ros'
[0.251s] colcon.colcon_core.package_identification Level 1 _identify(src/lane_detection) by extensions ['cmake', 'python']
[0.251s] colcon.colcon_core.package_identification Level 1 _identify(src/lane_detection) by extension 'cmake'
[0.251s] colcon.colcon_core.package_identification Level 1 _identify(src/lane_detection) by extension 'python'
[0.251s] colcon.colcon_core.package_identification Level 1 _identify(src/lane_detection) by extensions ['python_setup_py']
[0.251s] colcon.colcon_core.package_identification Level 1 _identify(src/lane_detection) by extension 'python_setup_py'
[0.251s] colcon.colcon_core.package_identification Level 1 _identify(src/lane_detection/C++) by extensions ['ignore', 'ignore_ament_install']
[0.251s] colcon.colcon_core.package_identification Level 1 _identify(src/lane_detection/C++) by extension 'ignore'
[0.251s] colcon.colcon_core.package_identification Level 1 _identify(src/lane_detection/C++) by extension 'ignore_ament_install'
[0.251s] colcon.colcon_core.package_identification Level 1 _identify(src/lane_detection/C++) by extensions ['colcon_pkg']
[0.251s] colcon.colcon_core.package_identification Level 1 _identify(src/lane_detection/C++) by extension 'colcon_pkg'
[0.251s] colcon.colcon_core.package_identification Level 1 _identify(src/lane_detection/C++) by extensions ['colcon_meta']
[0.251s] colcon.colcon_core.package_identification Level 1 _identify(src/lane_detection/C++) by extension 'colcon_meta'
[0.251s] colcon.colcon_core.package_identification Level 1 _identify(src/lane_detection/C++) by extensions ['ros']
[0.251s] colcon.colcon_core.package_identification Level 1 _identify(src/lane_detection/C++) by extension 'ros'
[0.251s] colcon.colcon_core.package_identification Level 1 _identify(src/lane_detection/C++) by extensions ['cmake', 'python']
[0.251s] colcon.colcon_core.package_identification Level 1 _identify(src/lane_detection/C++) by extension 'cmake'
[0.251s] colcon.colcon_core.package_identification Level 1 _identify(src/lane_detection/C++) by extension 'python'
[0.251s] colcon.colcon_core.package_identification Level 1 _identify(src/lane_detection/C++) by extensions ['python_setup_py']
[0.251s] colcon.colcon_core.package_identification Level 1 _identify(src/lane_detection/C++) by extension 'python_setup_py'
[0.252s] colcon.colcon_core.package_identification Level 1 _identify(src/lane_detection/__pycache__) by extensions ['ignore', 'ignore_ament_install']
[0.252s] colcon.colcon_core.package_identification Level 1 _identify(src/lane_detection/__pycache__) by extension 'ignore'
[0.252s] colcon.colcon_core.package_identification Level 1 _identify(src/lane_detection/__pycache__) by extension 'ignore_ament_install'
[0.252s] colcon.colcon_core.package_identification Level 1 _identify(src/lane_detection/__pycache__) by extensions ['colcon_pkg']
[0.252s] colcon.colcon_core.package_identification Level 1 _identify(src/lane_detection/__pycache__) by extension 'colcon_pkg'
[0.252s] colcon.colcon_core.package_identification Level 1 _identify(src/lane_detection/__pycache__) by extensions ['colcon_meta']
[0.252s] colcon.colcon_core.package_identification Level 1 _identify(src/lane_detection/__pycache__) by extension 'colcon_meta'
[0.252s] colcon.colcon_core.package_identification Level 1 _identify(src/lane_detection/__pycache__) by extensions ['ros']
[0.252s] colcon.colcon_core.package_identification Level 1 _identify(src/lane_detection/__pycache__) by extension 'ros'
[0.252s] colcon.colcon_core.package_identification Level 1 _identify(src/lane_detection/__pycache__) by extensions ['cmake', 'python']
[0.252s] colcon.colcon_core.package_identification Level 1 _identify(src/lane_detection/__pycache__) by extension 'cmake'
[0.252s] colcon.colcon_core.package_identification Level 1 _identify(src/lane_detection/__pycache__) by extension 'python'
[0.252s] colcon.colcon_core.package_identification Level 1 _identify(src/lane_detection/__pycache__) by extensions ['python_setup_py']
[0.252s] colcon.colcon_core.package_identification Level 1 _identify(src/lane_detection/__pycache__) by extension 'python_setup_py'
[0.252s] colcon.colcon_core.package_identification Level 1 _identify(src/lane_detection/deadend) by extensions ['ignore', 'ignore_ament_install']
[0.252s] colcon.colcon_core.package_identification Level 1 _identify(src/lane_detection/deadend) by extension 'ignore'
[0.252s] colcon.colcon_core.package_identification Level 1 _identify(src/lane_detection/deadend) by extension 'ignore_ament_install'
[0.252s] colcon.colcon_core.package_identification Level 1 _identify(src/lane_detection/deadend) by extensions ['colcon_pkg']
[0.252s] colcon.colcon_core.package_identification Level 1 _identify(src/lane_detection/deadend) by extension 'colcon_pkg'
[0.252s] colcon.colcon_core.package_identification Level 1 _identify(src/lane_detection/deadend) by extensions ['colcon_meta']
[0.252s] colcon.colcon_core.package_identification Level 1 _identify(src/lane_detection/deadend) by extension 'colcon_meta'
[0.252s] colcon.colcon_core.package_identification Level 1 _identify(src/lane_detection/deadend) by extensions ['ros']
[0.252s] colcon.colcon_core.package_identification Level 1 _identify(src/lane_detection/deadend) by extension 'ros'
[0.252s] colcon.colcon_core.package_identification Level 1 _identify(src/lane_detection/deadend) by extensions ['cmake', 'python']
[0.252s] colcon.colcon_core.package_identification Level 1 _identify(src/lane_detection/deadend) by extension 'cmake'
[0.252s] colcon.colcon_core.package_identification Level 1 _identify(src/lane_detection/deadend) by extension 'python'
[0.252s] colcon.colcon_core.package_identification Level 1 _identify(src/lane_detection/deadend) by extensions ['python_setup_py']
[0.252s] colcon.colcon_core.package_identification Level 1 _identify(src/lane_detection/deadend) by extension 'python_setup_py'
[0.252s] colcon.colcon_core.package_identification Level 1 _identify(src/lane_detection/intersection) by extensions ['ignore', 'ignore_ament_install']
[0.252s] colcon.colcon_core.package_identification Level 1 _identify(src/lane_detection/intersection) by extension 'ignore'
[0.253s] colcon.colcon_core.package_identification Level 1 _identify(src/lane_detection/intersection) by extension 'ignore_ament_install'
[0.253s] colcon.colcon_core.package_identification Level 1 _identify(src/lane_detection/intersection) by extensions ['colcon_pkg']
[0.253s] colcon.colcon_core.package_identification Level 1 _identify(src/lane_detection/intersection) by extension 'colcon_pkg'
[0.253s] colcon.colcon_core.package_identification Level 1 _identify(src/lane_detection/intersection) by extensions ['colcon_meta']
[0.253s] colcon.colcon_core.package_identification Level 1 _identify(src/lane_detection/intersection) by extension 'colcon_meta'
[0.253s] colcon.colcon_core.package_identification Level 1 _identify(src/lane_detection/intersection) by extensions ['ros']
[0.253s] colcon.colcon_core.package_identification Level 1 _identify(src/lane_detection/intersection) by extension 'ros'
[0.253s] colcon.colcon_core.package_identification Level 1 _identify(src/lane_detection/intersection) by extensions ['cmake', 'python']
[0.253s] colcon.colcon_core.package_identification Level 1 _identify(src/lane_detection/intersection) by extension 'cmake'
[0.253s] colcon.colcon_core.package_identification Level 1 _identify(src/lane_detection/intersection) by extension 'python'
[0.253s] colcon.colcon_core.package_identification Level 1 _identify(src/lane_detection/intersection) by extensions ['python_setup_py']
[0.253s] colcon.colcon_core.package_identification Level 1 _identify(src/lane_detection/intersection) by extension 'python_setup_py'
[0.253s] colcon.colcon_core.package_identification Level 1 _identify(src/lane_detection/lane_endings) by extensions ['ignore', 'ignore_ament_install']
[0.253s] colcon.colcon_core.package_identification Level 1 _identify(src/lane_detection/lane_endings) by extension 'ignore'
[0.253s] colcon.colcon_core.package_identification Level 1 _identify(src/lane_detection/lane_endings) by extension 'ignore_ament_install'
[0.253s] colcon.colcon_core.package_identification Level 1 _identify(src/lane_detection/lane_endings) by extensions ['colcon_pkg']
[0.253s] colcon.colcon_core.package_identification Level 1 _identify(src/lane_detection/lane_endings) by extension 'colcon_pkg'
[0.253s] colcon.colcon_core.package_identification Level 1 _identify(src/lane_detection/lane_endings) by extensions ['colcon_meta']
[0.253s] colcon.colcon_core.package_identification Level 1 _identify(src/lane_detection/lane_endings) by extension 'colcon_meta'
[0.253s] colcon.colcon_core.package_identification Level 1 _identify(src/lane_detection/lane_endings) by extensions ['ros']
[0.253s] colcon.colcon_core.package_identification Level 1 _identify(src/lane_detection/lane_endings) by extension 'ros'
[0.253s] colcon.colcon_core.package_identification Level 1 _identify(src/lane_detection/lane_endings) by extensions ['cmake', 'python']
[0.253s] colcon.colcon_core.package_identification Level 1 _identify(src/lane_detection/lane_endings) by extension 'cmake'
[0.253s] colcon.colcon_core.package_identification Level 1 _identify(src/lane_detection/lane_endings) by extension 'python'
[0.253s] colcon.colcon_core.package_identification Level 1 _identify(src/lane_detection/lane_endings) by extensions ['python_setup_py']
[0.253s] colcon.colcon_core.package_identification Level 1 _identify(src/lane_detection/lane_endings) by extension 'python_setup_py'
[0.253s] colcon.colcon_core.package_identification Level 1 _identify(src/lane_detection/lane_snapshots) by extensions ['ignore', 'ignore_ament_install']
[0.253s] colcon.colcon_core.package_identification Level 1 _identify(src/lane_detection/lane_snapshots) by extension 'ignore'
[0.253s] colcon.colcon_core.package_identification Level 1 _identify(src/lane_detection/lane_snapshots) by extension 'ignore_ament_install'
[0.253s] colcon.colcon_core.package_identification Level 1 _identify(src/lane_detection/lane_snapshots) by extensions ['colcon_pkg']
[0.253s] colcon.colcon_core.package_identification Level 1 _identify(src/lane_detection/lane_snapshots) by extension 'colcon_pkg'
[0.253s] colcon.colcon_core.package_identification Level 1 _identify(src/lane_detection/lane_snapshots) by extensions ['colcon_meta']
[0.253s] colcon.colcon_core.package_identification Level 1 _identify(src/lane_detection/lane_snapshots) by extension 'colcon_meta'
[0.253s] colcon.colcon_core.package_identification Level 1 _identify(src/lane_detection/lane_snapshots) by extensions ['ros']
[0.253s] colcon.colcon_core.package_identification Level 1 _identify(src/lane_detection/lane_snapshots) by extension 'ros'
[0.253s] colcon.colcon_core.package_identification Level 1 _identify(src/lane_detection/lane_snapshots) by extensions ['cmake', 'python']
[0.254s] colcon.colcon_core.package_identification Level 1 _identify(src/lane_detection/lane_snapshots) by extension 'cmake'
[0.254s] colcon.colcon_core.package_identification Level 1 _identify(src/lane_detection/lane_snapshots) by extension 'python'
[0.254s] colcon.colcon_core.package_identification Level 1 _identify(src/lane_detection/lane_snapshots) by extensions ['python_setup_py']
[0.254s] colcon.colcon_core.package_identification Level 1 _identify(src/lane_detection/lane_snapshots) by extension 'python_setup_py'
[0.254s] colcon.colcon_core.package_identification Level 1 _identify(src/lane_detection/left) by extensions ['ignore', 'ignore_ament_install']
[0.254s] colcon.colcon_core.package_identification Level 1 _identify(src/lane_detection/left) by extension 'ignore'
[0.254s] colcon.colcon_core.package_identification Level 1 _identify(src/lane_detection/left) by extension 'ignore_ament_install'
[0.254s] colcon.colcon_core.package_identification Level 1 _identify(src/lane_detection/left) by extensions ['colcon_pkg']
[0.254s] colcon.colcon_core.package_identification Level 1 _identify(src/lane_detection/left) by extension 'colcon_pkg'
[0.254s] colcon.colcon_core.package_identification Level 1 _identify(src/lane_detection/left) by extensions ['colcon_meta']
[0.254s] colcon.colcon_core.package_identification Level 1 _identify(src/lane_detection/left) by extension 'colcon_meta'
[0.254s] colcon.colcon_core.package_identification Level 1 _identify(src/lane_detection/left) by extensions ['ros']
[0.254s] colcon.colcon_core.package_identification Level 1 _identify(src/lane_detection/left) by extension 'ros'
[0.254s] colcon.colcon_core.package_identification Level 1 _identify(src/lane_detection/left) by extensions ['cmake', 'python']
[0.254s] colcon.colcon_core.package_identification Level 1 _identify(src/lane_detection/left) by extension 'cmake'
[0.254s] colcon.colcon_core.package_identification Level 1 _identify(src/lane_detection/left) by extension 'python'
[0.254s] colcon.colcon_core.package_identification Level 1 _identify(src/lane_detection/left) by extensions ['python_setup_py']
[0.254s] colcon.colcon_core.package_identification Level 1 _identify(src/lane_detection/left) by extension 'python_setup_py'
[0.254s] colcon.colcon_core.package_identification Level 1 _identify(src/lane_detection/right) by extensions ['ignore', 'ignore_ament_install']
[0.254s] colcon.colcon_core.package_identification Level 1 _identify(src/lane_detection/right) by extension 'ignore'
[0.254s] colcon.colcon_core.package_identification Level 1 _identify(src/lane_detection/right) by extension 'ignore_ament_install'
[0.254s] colcon.colcon_core.package_identification Level 1 _identify(src/lane_detection/right) by extensions ['colcon_pkg']
[0.254s] colcon.colcon_core.package_identification Level 1 _identify(src/lane_detection/right) by extension 'colcon_pkg'
[0.254s] colcon.colcon_core.package_identification Level 1 _identify(src/lane_detection/right) by extensions ['colcon_meta']
[0.254s] colcon.colcon_core.package_identification Level 1 _identify(src/lane_detection/right) by extension 'colcon_meta'
[0.254s] colcon.colcon_core.package_identification Level 1 _identify(src/lane_detection/right) by extensions ['ros']
[0.254s] colcon.colcon_core.package_identification Level 1 _identify(src/lane_detection/right) by extension 'ros'
[0.254s] colcon.colcon_core.package_identification Level 1 _identify(src/lane_detection/right) by extensions ['cmake', 'python']
[0.254s] colcon.colcon_core.package_identification Level 1 _identify(src/lane_detection/right) by extension 'cmake'
[0.254s] colcon.colcon_core.package_identification Level 1 _identify(src/lane_detection/right) by extension 'python'
[0.254s] colcon.colcon_core.package_identification Level 1 _identify(src/lane_detection/right) by extensions ['python_setup_py']
[0.254s] colcon.colcon_core.package_identification Level 1 _identify(src/lane_detection/right) by extension 'python_setup_py'
[0.254s] colcon.colcon_core.package_identification Level 1 _identify(src/lane_detection/straight) by extensions ['ignore', 'ignore_ament_install']
[0.254s] colcon.colcon_core.package_identification Level 1 _identify(src/lane_detection/straight) by extension 'ignore'
[0.254s] colcon.colcon_core.package_identification Level 1 _identify(src/lane_detection/straight) by extension 'ignore_ament_install'
[0.254s] colcon.colcon_core.package_identification Level 1 _identify(src/lane_detection/straight) by extensions ['colcon_pkg']
[0.254s] colcon.colcon_core.package_identification Level 1 _identify(src/lane_detection/straight) by extension 'colcon_pkg'
[0.254s] colcon.colcon_core.package_identification Level 1 _identify(src/lane_detection/straight) by extensions ['colcon_meta']
[0.255s] colcon.colcon_core.package_identification Level 1 _identify(src/lane_detection/straight) by extension 'colcon_meta'
[0.255s] colcon.colcon_core.package_identification Level 1 _identify(src/lane_detection/straight) by extensions ['ros']
[0.255s] colcon.colcon_core.package_identification Level 1 _identify(src/lane_detection/straight) by extension 'ros'
[0.255s] colcon.colcon_core.package_identification Level 1 _identify(src/lane_detection/straight) by extensions ['cmake', 'python']
[0.255s] colcon.colcon_core.package_identification Level 1 _identify(src/lane_detection/straight) by extension 'cmake'
[0.255s] colcon.colcon_core.package_identification Level 1 _identify(src/lane_detection/straight) by extension 'python'
[0.255s] colcon.colcon_core.package_identification Level 1 _identify(src/lane_detection/straight) by extensions ['python_setup_py']
[0.255s] colcon.colcon_core.package_identification Level 1 _identify(src/lane_detection/straight) by extension 'python_setup_py'
[0.255s] colcon.colcon_core.package_discovery Level 1 discover_packages(recursive) using defaults
[0.255s] colcon.colcon_core.package_discovery Level 1 discover_packages(ignore) discover
[0.255s] colcon.colcon_core.package_discovery Level 1 discover_packages(ignore) using defaults
[0.255s] colcon.colcon_core.package_discovery Level 1 discover_packages(path) discover
[0.255s] colcon.colcon_core.package_discovery Level 1 discover_packages(path) using defaults
[0.266s] colcon.colcon_core.package_selection INFO Skipping not selected package 'orbbec_camera_msgs' in 'src/OrbbecSDK_ROS2/orbbec_camera_msgs'
[0.266s] colcon.colcon_core.package_selection INFO Skipping not selected package 'orbbec_description' in 'src/OrbbecSDK_ROS2/orbbec_description'
[0.266s] colcon.colcon_core.package_selection INFO Skipping not selected package 'orbbec_camera' in 'src/OrbbecSDK_ROS2/orbbec_camera'
[0.267s] colcon.colcon_core.package_discovery Level 1 discover_packages(prefix_path) check parameters
[0.267s] colcon.colcon_core.package_discovery Level 1 discover_packages(prefix_path) discover
[0.268s] colcon.colcon_installed_package_information.package_discovery DEBUG Found 477 installed packages in /opt/ros/humble
[0.270s] colcon.colcon_core.package_discovery Level 1 discover_packages(prefix_path) using defaults
[0.308s] colcon.colcon_core.verb Level 5 set package 'custom_follow' build argument 'cmake_args' from command line to 'None'
[0.308s] colcon.colcon_core.verb Level 5 set package 'custom_follow' build argument 'cmake_target' from command line to 'None'
[0.308s] colcon.colcon_core.verb Level 5 set package 'custom_follow' build argument 'cmake_target_skip_unavailable' from command line to 'False'
[0.308s] colcon.colcon_core.verb Level 5 set package 'custom_follow' build argument 'cmake_clean_cache' from command line to 'False'
[0.308s] colcon.colcon_core.verb Level 5 set package 'custom_follow' build argument 'cmake_clean_first' from command line to 'False'
[0.308s] colcon.colcon_core.verb Level 5 set package 'custom_follow' build argument 'cmake_force_configure' from command line to 'False'
[0.308s] colcon.colcon_core.verb Level 5 set package 'custom_follow' build argument 'ament_cmake_args' from command line to 'None'
[0.308s] colcon.colcon_core.verb Level 5 set package 'custom_follow' build argument 'catkin_cmake_args' from command line to 'None'
[0.308s] colcon.colcon_core.verb Level 5 set package 'custom_follow' build argument 'catkin_skip_building_tests' from command line to 'False'
[0.308s] colcon.colcon_core.verb DEBUG Building package 'custom_follow' with the following arguments: {'ament_cmake_args': None, 'build_base': '/home/chetan-satpute/lane_following/build/custom_follow', 'catkin_cmake_args': None, 'catkin_skip_building_tests': False, 'cmake_args': None, 'cmake_clean_cache': False, 'cmake_clean_first': False, 'cmake_force_configure': False, 'cmake_target': None, 'cmake_target_skip_unavailable': False, 'install_base': '/home/chetan-satpute/lane_following/install/custom_follow', 'merge_install': False, 'path': '/home/chetan-satpute/lane_following/src/custom_follow', 'symlink_install': False, 'test_result_base': None}
[0.308s] colcon.colcon_core.executor INFO Executing jobs using 'parallel' executor
[0.309s] colcon.colcon_parallel_executor.executor.parallel DEBUG run_until_complete
[0.309s] colcon.colcon_ros.task.ament_python.build INFO Building ROS package in '/home/chetan-satpute/lane_following/src/custom_follow' with build type 'ament_python'
[0.309s] colcon.colcon_core.shell Level 1 create_environment_hook('custom_follow', 'ament_prefix_path')
[0.310s] colcon.colcon_core.plugin_system INFO Skipping extension 'colcon_core.shell.bat': Not used on non-Windows systems
[0.311s] colcon.colcon_core.shell INFO Creating environment hook '/home/chetan-satpute/lane_following/install/custom_follow/share/custom_follow/hook/ament_prefix_path.ps1'
[0.311s] colcon.colcon_core.shell INFO Creating environment descriptor '/home/chetan-satpute/lane_following/install/custom_follow/share/custom_follow/hook/ament_prefix_path.dsv'
[0.311s] colcon.colcon_core.shell INFO Creating environment hook '/home/chetan-satpute/lane_following/install/custom_follow/share/custom_follow/hook/ament_prefix_path.sh'
[0.312s] colcon.colcon_core.shell INFO Skip shell extension 'powershell' for command environment: Not usable outside of PowerShell
[0.312s] colcon.colcon_core.shell DEBUG Skip shell extension 'dsv' for command environment
[0.502s] colcon.colcon_core.task.python.build INFO Building Python package in '/home/chetan-satpute/lane_following/src/custom_follow'
[0.502s] colcon.colcon_core.shell INFO Skip shell extension 'powershell' for command environment: Not usable outside of PowerShell
[0.502s] colcon.colcon_core.shell DEBUG Skip shell extension 'dsv' for command environment
[0.802s] colcon.colcon_core.event_handler.log_command DEBUG Invoking command in '/home/chetan-satpute/lane_following/src/custom_follow': PYTHONPATH=/home/chetan-satpute/lane_following/build/custom_follow/prefix_override:/usr/lib/python3/dist-packages/colcon_core/task/python/colcon_distutils_commands:/home/chetan-satpute/lane_following/install/custom_follow/lib/python3.10/site-packages:${PYTHONPATH} /usr/bin/python3 -W ignore:setup.py install is deprecated -W ignore:easy_install command is deprecated setup.py egg_info --egg-base ../../build/custom_follow build --build-base /home/chetan-satpute/lane_following/build/custom_follow/build install --record /home/chetan-satpute/lane_following/build/custom_follow/install.log --single-version-externally-managed install_data
[1.018s] colcon.colcon_core.event_handler.log_command DEBUG Invoked command in '/home/chetan-satpute/lane_following/src/custom_follow' returned '0': PYTHONPATH=/home/chetan-satpute/lane_following/build/custom_follow/prefix_override:/usr/lib/python3/dist-packages/colcon_core/task/python/colcon_distutils_commands:/home/chetan-satpute/lane_following/install/custom_follow/lib/python3.10/site-packages:${PYTHONPATH} /usr/bin/python3 -W ignore:setup.py install is deprecated -W ignore:easy_install command is deprecated setup.py egg_info --egg-base ../../build/custom_follow build --build-base /home/chetan-satpute/lane_following/build/custom_follow/build install --record /home/chetan-satpute/lane_following/build/custom_follow/install.log --single-version-externally-managed install_data
[1.019s] colcon.colcon_core.environment Level 1 checking '/home/chetan-satpute/lane_following/install/custom_follow' for CMake module files
[1.020s] colcon.colcon_core.environment Level 1 checking '/home/chetan-satpute/lane_following/install/custom_follow' for CMake config files
[1.020s] colcon.colcon_core.environment Level 1 checking '/home/chetan-satpute/lane_following/install/custom_follow/lib'
[1.020s] colcon.colcon_core.environment Level 1 checking '/home/chetan-satpute/lane_following/install/custom_follow/bin'
[1.020s] colcon.colcon_core.environment Level 1 checking '/home/chetan-satpute/lane_following/install/custom_follow/lib/pkgconfig/custom_follow.pc'
[1.020s] colcon.colcon_core.environment Level 1 checking '/home/chetan-satpute/lane_following/install/custom_follow/lib/python3.10/site-packages'
[1.020s] colcon.colcon_core.shell Level 1 create_environment_hook('custom_follow', 'pythonpath')
[1.020s] colcon.colcon_core.shell INFO Creating environment hook '/home/chetan-satpute/lane_following/install/custom_follow/share/custom_follow/hook/pythonpath.ps1'
[1.021s] colcon.colcon_core.shell INFO Creating environment descriptor '/home/chetan-satpute/lane_following/install/custom_follow/share/custom_follow/hook/pythonpath.dsv'
[1.021s] colcon.colcon_core.shell INFO Creating environment hook '/home/chetan-satpute/lane_following/install/custom_follow/share/custom_follow/hook/pythonpath.sh'
[1.021s] colcon.colcon_core.environment Level 1 checking '/home/chetan-satpute/lane_following/install/custom_follow/bin'
[1.021s] colcon.colcon_core.environment Level 1 create_environment_scripts_only(custom_follow)
[1.022s] colcon.colcon_core.shell INFO Creating package script '/home/chetan-satpute/lane_following/install/custom_follow/share/custom_follow/package.ps1'
[1.022s] colcon.colcon_core.shell INFO Creating package descriptor '/home/chetan-satpute/lane_following/install/custom_follow/share/custom_follow/package.dsv'
[1.022s] colcon.colcon_core.shell INFO Creating package script '/home/chetan-satpute/lane_following/install/custom_follow/share/custom_follow/package.sh'
[1.023s] colcon.colcon_core.shell INFO Creating package script '/home/chetan-satpute/lane_following/install/custom_follow/share/custom_follow/package.bash'
[1.023s] colcon.colcon_core.shell INFO Creating package script '/home/chetan-satpute/lane_following/install/custom_follow/share/custom_follow/package.zsh'
[1.024s] colcon.colcon_core.environment Level 1 create_file_with_runtime_dependencies(/home/chetan-satpute/lane_following/install/custom_follow/share/colcon-core/packages/custom_follow)
[1.024s] colcon.colcon_parallel_executor.executor.parallel DEBUG closing loop
[1.024s] colcon.colcon_parallel_executor.executor.parallel DEBUG loop closed
[1.024s] colcon.colcon_parallel_executor.executor.parallel DEBUG run_until_complete finished with '0'
[1.024s] colcon.colcon_core.event_reactor DEBUG joining thread
[1.027s] colcon.colcon_core.plugin_system INFO Skipping extension 'colcon_notification.desktop_notification.terminal_notifier': Not used on non-Darwin systems
[1.028s] colcon.colcon_core.plugin_system INFO Skipping extension 'colcon_notification.desktop_notification.win32': Not used on non-Windows systems
[1.028s] colcon.colcon_notification.desktop_notification INFO Sending desktop notification using 'notify2'
[1.035s] colcon.colcon_core.event_reactor DEBUG joined thread
[1.036s] colcon.colcon_core.shell INFO Creating prefix script '/home/chetan-satpute/lane_following/install/local_setup.ps1'
[1.036s] colcon.colcon_core.shell INFO Creating prefix util module '/home/chetan-satpute/lane_following/install/_local_setup_util_ps1.py'
[1.037s] colcon.colcon_core.shell INFO Creating prefix chain script '/home/chetan-satpute/lane_following/install/setup.ps1'
[1.038s] colcon.colcon_core.shell INFO Creating prefix script '/home/chetan-satpute/lane_following/install/local_setup.sh'
[1.038s] colcon.colcon_core.shell INFO Creating prefix util module '/home/chetan-satpute/lane_following/install/_local_setup_util_sh.py'
[1.038s] colcon.colcon_core.shell INFO Creating prefix chain script '/home/chetan-satpute/lane_following/install/setup.sh'
[1.039s] colcon.colcon_core.shell INFO Creating prefix script '/home/chetan-satpute/lane_following/install/local_setup.bash'
[1.040s] colcon.colcon_core.shell INFO Creating prefix chain script '/home/chetan-satpute/lane_following/install/setup.bash'
[1.040s] colcon.colcon_core.shell INFO Creating prefix script '/home/chetan-satpute/lane_following/install/local_setup.zsh'
[1.040s] colcon.colcon_core.shell INFO Creating prefix chain script '/home/chetan-satpute/lane_following/install/setup.zsh'
