Starting >>> orbbec_camera_msgs
Starting >>> orbbec_description
--- stderr: orbbec_description
Traceback (most recent call last):
  File "/opt/ros/humble/share/ament_cmake_core/cmake/core/package_xml_2_cmake.py", line 22, in <module>
    from catkin_pkg.package import parse_package_string
ModuleNotFoundError: No module named 'catkin_pkg'
CMake Error at /opt/ros/humble/share/ament_cmake_core/cmake/core/ament_package_xml.cmake:95 (message):
  execute_process(/home/chetan-satpute/lane_following/.venv/bin/python3
  /opt/ros/humble/share/ament_cmake_core/cmake/core/package_xml_2_cmake.py
  /home/chetan-satpute/lane_following/src/OrbbecSDK_ROS2/orbbec_description/package.xml
  /home/chetan-satpute/lane_following/build/orbbec_description/ament_cmake_core/package.cmake)
  returned error code 1
Call Stack (most recent call first):
  /opt/ros/humble/share/ament_cmake_core/cmake/core/ament_package_xml.cmake:49 (_ament_package_xml)
  /opt/ros/humble/share/ament_cmake_core/cmake/core/ament_package.cmake:63 (ament_package_xml)
  CMakeLists.txt:9 (ament_package)


---
Failed   <<< orbbec_description [0.13s, exited with code 1]
Aborted  <<< orbbec_camera_msgs [0.26s]

Summary: 0 packages finished [0.47s]
  1 package failed: orbbec_description
  1 package aborted: orbbec_camera_msgs
  2 packages had stderr output: orbbec_camera_msgs orbbec_description
  1 package not processed
