-- Found ament_cmake: 1.3.12 (/opt/ros/humble/share/ament_cmake/cmake)
-- Found rosidl_default_generators: 1.2.0 (/opt/ros/humble/share/rosidl_default_generators/cmake)
-- Using all available rosidl_typesupport_c: rosidl_typesupport_fastrtps_c;rosidl_typesupport_introspection_c
-- Found rosidl_adapter: 3.1.8 (/opt/ros/humble/share/rosidl_adapter/cmake)
-- Using all available rosidl_typesupport_cpp: rosidl_typesupport_fastrtps_cpp;rosidl_typesupport_introspection_cpp
-- Found sensor_msgs: 4.9.0 (/opt/ros/humble/share/sensor_msgs/cmake)
-- Found ament_cmake_ros: 0.10.0 (/opt/ros/humble/share/ament_cmake_ros/cmake)
-- Using all available rosidl_typesupport_c: rosidl_typesupport_fastrtps_c;rosidl_typesupport_introspection_c
-- Using all available rosidl_typesupport_cpp: rosidl_typesupport_fastrtps_cpp;rosidl_typesupport_introspection_cpp
-- Found python_cmake_module: 0.10.0 (/opt/ros/humble/share/python_cmake_module/cmake)
-- Using PYTHON_EXECUTABLE: /usr/bin/python3
-- Using PYTHON_INCLUDE_DIRS: /usr/include/python3.10
-- Using PYTHON_LIBRARIES: /usr/lib/x86_64-linux-gnu/libpython3.10.so
-- Found ament_lint_auto: 0.12.14 (/opt/ros/humble/share/ament_lint_auto/cmake)
-- Added test 'copyright' to check source files copyright and LICENSE
-- Added test 'lint_cmake' to check CMake code style
-- Added test 'xmllint' to check XML markup files
-- Configuring done
-- Generating done
-- Build files have been written to: /home/chetan-satpute/depth_cam/build/orbbec_camera_msgs
[  1%] [34m[1mGenerating C code for ROS interfaces[0m
[  1%] [34m[1mGenerating C++ code for ROS interfaces[0m
[  1%] Built target ament_cmake_python_copy_orbbec_camera_msgs
running egg_info
writing orbbec_camera_msgs.egg-info/PKG-INFO
writing dependency_links to orbbec_camera_msgs.egg-info/dependency_links.txt
writing top-level names to orbbec_camera_msgs.egg-info/top_level.txt
reading manifest file 'orbbec_camera_msgs.egg-info/SOURCES.txt'
writing manifest file 'orbbec_camera_msgs.egg-info/SOURCES.txt'
[  1%] Built target ament_cmake_python_build_orbbec_camera_msgs_egg
[35m[1mConsolidate compiler generated dependencies of target orbbec_camera_msgs__rosidl_generator_c[0m
[  1%] Built target orbbec_camera_msgs__cpp
[  2%] [32mBuilding C object CMakeFiles/orbbec_camera_msgs__rosidl_generator_c.dir/rosidl_generator_c/orbbec_camera_msgs/msg/detail/metadata__functions.c.o[0m
[  2%] [32mBuilding C object CMakeFiles/orbbec_camera_msgs__rosidl_generator_c.dir/rosidl_generator_c/orbbec_camera_msgs/msg/detail/imu_info__functions.c.o[0m
[  3%] [32mBuilding C object CMakeFiles/orbbec_camera_msgs__rosidl_generator_c.dir/rosidl_generator_c/orbbec_camera_msgs/msg/detail/extrinsics__functions.c.o[0m
[  4%] [32mBuilding C object CMakeFiles/orbbec_camera_msgs__rosidl_generator_c.dir/rosidl_generator_c/orbbec_camera_msgs/msg/detail/rgbd__functions.c.o[0m
[  5%] [32mBuilding C object CMakeFiles/orbbec_camera_msgs__rosidl_generator_c.dir/rosidl_generator_c/orbbec_camera_msgs/srv/detail/get_bool__functions.c.o[0m
[  6%] [32mBuilding C object CMakeFiles/orbbec_camera_msgs__rosidl_generator_c.dir/rosidl_generator_c/orbbec_camera_msgs/msg/detail/device_info__functions.c.o[0m
[  7%] [34m[1mGenerating C++ type support dispatch for ROS interfaces[0m
[  8%] [32mBuilding C object CMakeFiles/orbbec_camera_msgs__rosidl_generator_c.dir/rosidl_generator_c/orbbec_camera_msgs/srv/detail/get_camera_info__functions.c.o[0m
[  9%] [34m[1mGenerating C++ type support for eProsima Fast-RTPS[0m
[  9%] [32mBuilding C object CMakeFiles/orbbec_camera_msgs__rosidl_generator_c.dir/rosidl_generator_c/orbbec_camera_msgs/srv/detail/get_int32__functions.c.o[0m
[  9%] [32mBuilding C object CMakeFiles/orbbec_camera_msgs__rosidl_generator_c.dir/rosidl_generator_c/orbbec_camera_msgs/srv/detail/get_string__functions.c.o[0m
[ 10%] [32mBuilding C object CMakeFiles/orbbec_camera_msgs__rosidl_generator_c.dir/rosidl_generator_c/orbbec_camera_msgs/srv/detail/get_device_info__functions.c.o[0m
[ 11%] [32mBuilding C object CMakeFiles/orbbec_camera_msgs__rosidl_generator_c.dir/rosidl_generator_c/orbbec_camera_msgs/srv/detail/set_string__functions.c.o[0m
[ 12%] [34m[1mGenerating C++ introspection for ROS interfaces[0m
[ 13%] [32mBuilding C object CMakeFiles/orbbec_camera_msgs__rosidl_generator_c.dir/rosidl_generator_c/orbbec_camera_msgs/srv/detail/set_int32__functions.c.o[0m
[ 14%] [32m[1mLinking C shared library liborbbec_camera_msgs__rosidl_generator_c.so[0m
[ 14%] Built target orbbec_camera_msgs__rosidl_generator_c
[ 15%] [34m[1mGenerating C type support dispatch for ROS interfaces[0m
[ 16%] [34m[1mGenerating C introspection for ROS interfaces[0m
[ 17%] [34m[1mGenerating C type support for eProsima Fast-RTPS[0m
[35m[1mConsolidate compiler generated dependencies of target orbbec_camera_msgs__rosidl_typesupport_cpp[0m
[ 20%] [32mBuilding CXX object CMakeFiles/orbbec_camera_msgs__rosidl_typesupport_cpp.dir/rosidl_typesupport_cpp/orbbec_camera_msgs/msg/device_info__type_support.cpp.o[0m
[ 20%] [32mBuilding CXX object CMakeFiles/orbbec_camera_msgs__rosidl_typesupport_cpp.dir/rosidl_typesupport_cpp/orbbec_camera_msgs/msg/metadata__type_support.cpp.o[0m
[ 20%] [32mBuilding CXX object CMakeFiles/orbbec_camera_msgs__rosidl_typesupport_cpp.dir/rosidl_typesupport_cpp/orbbec_camera_msgs/msg/extrinsics__type_support.cpp.o[0m
[ 20%] [32mBuilding CXX object CMakeFiles/orbbec_camera_msgs__rosidl_typesupport_cpp.dir/rosidl_typesupport_cpp/orbbec_camera_msgs/msg/rgbd__type_support.cpp.o[0m
[ 21%] [32mBuilding CXX object CMakeFiles/orbbec_camera_msgs__rosidl_typesupport_cpp.dir/rosidl_typesupport_cpp/orbbec_camera_msgs/srv/get_device_info__type_support.cpp.o[0m
[ 22%] [32mBuilding CXX object CMakeFiles/orbbec_camera_msgs__rosidl_typesupport_cpp.dir/rosidl_typesupport_cpp/orbbec_camera_msgs/srv/get_camera_info__type_support.cpp.o[0m
[ 23%] [32mBuilding CXX object CMakeFiles/orbbec_camera_msgs__rosidl_typesupport_cpp.dir/rosidl_typesupport_cpp/orbbec_camera_msgs/srv/get_int32__type_support.cpp.o[0m
[ 24%] [32mBuilding CXX object CMakeFiles/orbbec_camera_msgs__rosidl_typesupport_cpp.dir/rosidl_typesupport_cpp/orbbec_camera_msgs/msg/imu_info__type_support.cpp.o[0m
[ 25%] [32mBuilding CXX object CMakeFiles/orbbec_camera_msgs__rosidl_typesupport_cpp.dir/rosidl_typesupport_cpp/orbbec_camera_msgs/srv/get_bool__type_support.cpp.o[0m
[ 26%] [32mBuilding CXX object CMakeFiles/orbbec_camera_msgs__rosidl_typesupport_cpp.dir/rosidl_typesupport_cpp/orbbec_camera_msgs/srv/get_string__type_support.cpp.o[0m
[ 26%] [32mBuilding CXX object CMakeFiles/orbbec_camera_msgs__rosidl_typesupport_cpp.dir/rosidl_typesupport_cpp/orbbec_camera_msgs/srv/set_int32__type_support.cpp.o[0m
[ 27%] [32mBuilding CXX object CMakeFiles/orbbec_camera_msgs__rosidl_typesupport_cpp.dir/rosidl_typesupport_cpp/orbbec_camera_msgs/srv/set_string__type_support.cpp.o[0m
[35m[1mConsolidate compiler generated dependencies of target orbbec_camera_msgs__rosidl_typesupport_introspection_cpp[0m
[35m[1mConsolidate compiler generated dependencies of target orbbec_camera_msgs__rosidl_typesupport_c[0m
[ 27%] [32mBuilding CXX object CMakeFiles/orbbec_camera_msgs__rosidl_typesupport_introspection_cpp.dir/rosidl_typesupport_introspection_cpp/orbbec_camera_msgs/msg/detail/device_info__type_support.cpp.o[0m
[ 28%] [32mBuilding CXX object CMakeFiles/orbbec_camera_msgs__rosidl_typesupport_introspection_cpp.dir/rosidl_typesupport_introspection_cpp/orbbec_camera_msgs/msg/detail/extrinsics__type_support.cpp.o[0m
[ 29%] [32mBuilding CXX object CMakeFiles/orbbec_camera_msgs__rosidl_typesupport_introspection_cpp.dir/rosidl_typesupport_introspection_cpp/orbbec_camera_msgs/msg/detail/metadata__type_support.cpp.o[0m
[ 30%] [32mBuilding CXX object CMakeFiles/orbbec_camera_msgs__rosidl_typesupport_introspection_cpp.dir/rosidl_typesupport_introspection_cpp/orbbec_camera_msgs/msg/detail/imu_info__type_support.cpp.o[0m
[ 31%] [32mBuilding CXX object CMakeFiles/orbbec_camera_msgs__rosidl_typesupport_introspection_cpp.dir/rosidl_typesupport_introspection_cpp/orbbec_camera_msgs/srv/detail/get_bool__type_support.cpp.o[0m
[ 32%] [32mBuilding CXX object CMakeFiles/orbbec_camera_msgs__rosidl_typesupport_introspection_cpp.dir/rosidl_typesupport_introspection_cpp/orbbec_camera_msgs/msg/detail/rgbd__type_support.cpp.o[0m
[ 32%] [32mBuilding CXX object CMakeFiles/orbbec_camera_msgs__rosidl_typesupport_introspection_cpp.dir/rosidl_typesupport_introspection_cpp/orbbec_camera_msgs/srv/detail/get_device_info__type_support.cpp.o[0m
[ 33%] [32mBuilding CXX object CMakeFiles/orbbec_camera_msgs__rosidl_typesupport_c.dir/rosidl_typesupport_c/orbbec_camera_msgs/msg/device_info__type_support.cpp.o[0m
[ 33%] [32mBuilding CXX object CMakeFiles/orbbec_camera_msgs__rosidl_typesupport_c.dir/rosidl_typesupport_c/orbbec_camera_msgs/msg/extrinsics__type_support.cpp.o[0m
[ 34%] [32mBuilding CXX object CMakeFiles/orbbec_camera_msgs__rosidl_typesupport_introspection_cpp.dir/rosidl_typesupport_introspection_cpp/orbbec_camera_msgs/srv/detail/get_camera_info__type_support.cpp.o[0m
[35m[1mConsolidate compiler generated dependencies of target orbbec_camera_msgs__rosidl_typesupport_fastrtps_cpp[0m
[ 35%] [32mBuilding CXX object CMakeFiles/orbbec_camera_msgs__rosidl_typesupport_introspection_cpp.dir/rosidl_typesupport_introspection_cpp/orbbec_camera_msgs/srv/detail/get_int32__type_support.cpp.o[0m
[ 36%] [32mBuilding CXX object CMakeFiles/orbbec_camera_msgs__rosidl_typesupport_c.dir/rosidl_typesupport_c/orbbec_camera_msgs/msg/metadata__type_support.cpp.o[0m
[ 37%] [32mBuilding CXX object CMakeFiles/orbbec_camera_msgs__rosidl_typesupport_introspection_cpp.dir/rosidl_typesupport_introspection_cpp/orbbec_camera_msgs/srv/detail/get_string__type_support.cpp.o[0m
[ 38%] [32mBuilding CXX object CMakeFiles/orbbec_camera_msgs__rosidl_typesupport_fastrtps_cpp.dir/rosidl_typesupport_fastrtps_cpp/orbbec_camera_msgs/msg/detail/dds_fastrtps/device_info__type_support.cpp.o[0m
[ 39%] [32mBuilding CXX object CMakeFiles/orbbec_camera_msgs__rosidl_typesupport_introspection_cpp.dir/rosidl_typesupport_introspection_cpp/orbbec_camera_msgs/srv/detail/set_int32__type_support.cpp.o[0m
[ 40%] [32mBuilding CXX object CMakeFiles/orbbec_camera_msgs__rosidl_typesupport_c.dir/rosidl_typesupport_c/orbbec_camera_msgs/msg/imu_info__type_support.cpp.o[0m
[ 41%] [32mBuilding CXX object CMakeFiles/orbbec_camera_msgs__rosidl_typesupport_c.dir/rosidl_typesupport_c/orbbec_camera_msgs/msg/rgbd__type_support.cpp.o[0m
[ 42%] [32mBuilding CXX object CMakeFiles/orbbec_camera_msgs__rosidl_typesupport_c.dir/rosidl_typesupport_c/orbbec_camera_msgs/srv/get_bool__type_support.cpp.o[0m
[ 43%] [32mBuilding CXX object CMakeFiles/orbbec_camera_msgs__rosidl_typesupport_c.dir/rosidl_typesupport_c/orbbec_camera_msgs/srv/get_device_info__type_support.cpp.o[0m
[ 43%] [32mBuilding CXX object CMakeFiles/orbbec_camera_msgs__rosidl_typesupport_c.dir/rosidl_typesupport_c/orbbec_camera_msgs/srv/get_camera_info__type_support.cpp.o[0m
[ 44%] [32m[1mLinking CXX shared library liborbbec_camera_msgs__rosidl_typesupport_cpp.so[0m
[ 45%] [32mBuilding CXX object CMakeFiles/orbbec_camera_msgs__rosidl_typesupport_c.dir/rosidl_typesupport_c/orbbec_camera_msgs/srv/get_int32__type_support.cpp.o[0m
[ 45%] Built target orbbec_camera_msgs__rosidl_typesupport_cpp
[ 46%] [32mBuilding CXX object CMakeFiles/orbbec_camera_msgs__rosidl_typesupport_c.dir/rosidl_typesupport_c/orbbec_camera_msgs/srv/get_string__type_support.cpp.o[0m
[ 47%] [32mBuilding CXX object CMakeFiles/orbbec_camera_msgs__rosidl_typesupport_fastrtps_cpp.dir/rosidl_typesupport_fastrtps_cpp/orbbec_camera_msgs/msg/detail/dds_fastrtps/extrinsics__type_support.cpp.o[0m
[ 48%] [32mBuilding CXX object CMakeFiles/orbbec_camera_msgs__rosidl_typesupport_c.dir/rosidl_typesupport_c/orbbec_camera_msgs/srv/set_int32__type_support.cpp.o[0m
[ 49%] [32mBuilding CXX object CMakeFiles/orbbec_camera_msgs__rosidl_typesupport_c.dir/rosidl_typesupport_c/orbbec_camera_msgs/srv/set_string__type_support.cpp.o[0m
[ 50%] [32mBuilding CXX object CMakeFiles/orbbec_camera_msgs__rosidl_typesupport_fastrtps_cpp.dir/rosidl_typesupport_fastrtps_cpp/orbbec_camera_msgs/msg/detail/dds_fastrtps/metadata__type_support.cpp.o[0m
[ 51%] [32m[1mLinking CXX shared library liborbbec_camera_msgs__rosidl_typesupport_c.so[0m
[ 53%] [32mBuilding CXX object CMakeFiles/orbbec_camera_msgs__rosidl_typesupport_fastrtps_cpp.dir/rosidl_typesupport_fastrtps_cpp/orbbec_camera_msgs/msg/detail/dds_fastrtps/rgbd__type_support.cpp.o[0m
[ 53%] [32mBuilding CXX object CMakeFiles/orbbec_camera_msgs__rosidl_typesupport_fastrtps_cpp.dir/rosidl_typesupport_fastrtps_cpp/orbbec_camera_msgs/msg/detail/dds_fastrtps/imu_info__type_support.cpp.o[0m
[ 53%] [32mBuilding CXX object CMakeFiles/orbbec_camera_msgs__rosidl_typesupport_fastrtps_cpp.dir/rosidl_typesupport_fastrtps_cpp/orbbec_camera_msgs/srv/detail/dds_fastrtps/get_bool__type_support.cpp.o[0m
[35m[1mConsolidate compiler generated dependencies of target orbbec_camera_msgs__rosidl_typesupport_introspection_c[0m
[ 54%] [32mBuilding CXX object CMakeFiles/orbbec_camera_msgs__rosidl_typesupport_introspection_cpp.dir/rosidl_typesupport_introspection_cpp/orbbec_camera_msgs/srv/detail/set_string__type_support.cpp.o[0m
[ 55%] [32mBuilding C object CMakeFiles/orbbec_camera_msgs__rosidl_typesupport_introspection_c.dir/rosidl_typesupport_introspection_c/orbbec_camera_msgs/msg/detail/device_info__type_support.c.o[0m
[35m[1mConsolidate compiler generated dependencies of target orbbec_camera_msgs__rosidl_typesupport_fastrtps_c[0m
[ 55%] Built target orbbec_camera_msgs__rosidl_typesupport_c
[ 56%] [32mBuilding CXX object CMakeFiles/orbbec_camera_msgs__rosidl_typesupport_fastrtps_cpp.dir/rosidl_typesupport_fastrtps_cpp/orbbec_camera_msgs/srv/detail/dds_fastrtps/get_device_info__type_support.cpp.o[0m
[ 57%] [32mBuilding C object CMakeFiles/orbbec_camera_msgs__rosidl_typesupport_introspection_c.dir/rosidl_typesupport_introspection_c/orbbec_camera_msgs/msg/detail/extrinsics__type_support.c.o[0m
[ 58%] [32mBuilding CXX object CMakeFiles/orbbec_camera_msgs__rosidl_typesupport_fastrtps_c.dir/rosidl_typesupport_fastrtps_c/orbbec_camera_msgs/msg/detail/device_info__type_support_c.cpp.o[0m
[ 59%] [32mBuilding CXX object CMakeFiles/orbbec_camera_msgs__rosidl_typesupport_fastrtps_c.dir/rosidl_typesupport_fastrtps_c/orbbec_camera_msgs/msg/detail/extrinsics__type_support_c.cpp.o[0m
[ 60%] [32mBuilding C object CMakeFiles/orbbec_camera_msgs__rosidl_typesupport_introspection_c.dir/rosidl_typesupport_introspection_c/orbbec_camera_msgs/msg/detail/metadata__type_support.c.o[0m
[ 60%] [32mBuilding CXX object CMakeFiles/orbbec_camera_msgs__rosidl_typesupport_fastrtps_c.dir/rosidl_typesupport_fastrtps_c/orbbec_camera_msgs/msg/detail/metadata__type_support_c.cpp.o[0m
[ 60%] [32mBuilding C object CMakeFiles/orbbec_camera_msgs__rosidl_typesupport_introspection_c.dir/rosidl_typesupport_introspection_c/orbbec_camera_msgs/msg/detail/imu_info__type_support.c.o[0m
[ 61%] [32mBuilding CXX object CMakeFiles/orbbec_camera_msgs__rosidl_typesupport_fastrtps_c.dir/rosidl_typesupport_fastrtps_c/orbbec_camera_msgs/msg/detail/imu_info__type_support_c.cpp.o[0m
[ 62%] [32mBuilding C object CMakeFiles/orbbec_camera_msgs__rosidl_typesupport_introspection_c.dir/rosidl_typesupport_introspection_c/orbbec_camera_msgs/msg/detail/rgbd__type_support.c.o[0m
[ 63%] [32mBuilding C object CMakeFiles/orbbec_camera_msgs__rosidl_typesupport_introspection_c.dir/rosidl_typesupport_introspection_c/orbbec_camera_msgs/srv/detail/get_bool__type_support.c.o[0m
[ 64%] [32mBuilding CXX object CMakeFiles/orbbec_camera_msgs__rosidl_typesupport_fastrtps_cpp.dir/rosidl_typesupport_fastrtps_cpp/orbbec_camera_msgs/srv/detail/dds_fastrtps/get_camera_info__type_support.cpp.o[0m
[ 65%] [32mBuilding C object CMakeFiles/orbbec_camera_msgs__rosidl_typesupport_introspection_c.dir/rosidl_typesupport_introspection_c/orbbec_camera_msgs/srv/detail/get_device_info__type_support.c.o[0m
[ 66%] [32mBuilding CXX object CMakeFiles/orbbec_camera_msgs__rosidl_typesupport_fastrtps_c.dir/rosidl_typesupport_fastrtps_c/orbbec_camera_msgs/msg/detail/rgbd__type_support_c.cpp.o[0m
[ 67%] [32mBuilding C object CMakeFiles/orbbec_camera_msgs__rosidl_typesupport_introspection_c.dir/rosidl_typesupport_introspection_c/orbbec_camera_msgs/srv/detail/get_camera_info__type_support.c.o[0m
[ 68%] [32mBuilding CXX object CMakeFiles/orbbec_camera_msgs__rosidl_typesupport_fastrtps_c.dir/rosidl_typesupport_fastrtps_c/orbbec_camera_msgs/srv/detail/get_bool__type_support_c.cpp.o[0m
[ 69%] [32mBuilding CXX object CMakeFiles/orbbec_camera_msgs__rosidl_typesupport_fastrtps_cpp.dir/rosidl_typesupport_fastrtps_cpp/orbbec_camera_msgs/srv/detail/dds_fastrtps/get_int32__type_support.cpp.o[0m
[ 70%] [32mBuilding C object CMakeFiles/orbbec_camera_msgs__rosidl_typesupport_introspection_c.dir/rosidl_typesupport_introspection_c/orbbec_camera_msgs/srv/detail/get_int32__type_support.c.o[0m
[ 71%] [32mBuilding C object CMakeFiles/orbbec_camera_msgs__rosidl_typesupport_introspection_c.dir/rosidl_typesupport_introspection_c/orbbec_camera_msgs/srv/detail/get_string__type_support.c.o[0m
[ 72%] [32mBuilding CXX object CMakeFiles/orbbec_camera_msgs__rosidl_typesupport_fastrtps_c.dir/rosidl_typesupport_fastrtps_c/orbbec_camera_msgs/srv/detail/get_device_info__type_support_c.cpp.o[0m
[ 72%] [32mBuilding C object CMakeFiles/orbbec_camera_msgs__rosidl_typesupport_introspection_c.dir/rosidl_typesupport_introspection_c/orbbec_camera_msgs/srv/detail/set_int32__type_support.c.o[0m
[ 73%] [32mBuilding C object CMakeFiles/orbbec_camera_msgs__rosidl_typesupport_introspection_c.dir/rosidl_typesupport_introspection_c/orbbec_camera_msgs/srv/detail/set_string__type_support.c.o[0m
[ 74%] [32mBuilding CXX object CMakeFiles/orbbec_camera_msgs__rosidl_typesupport_fastrtps_c.dir/rosidl_typesupport_fastrtps_c/orbbec_camera_msgs/srv/detail/get_camera_info__type_support_c.cpp.o[0m
[ 76%] [32m[1mLinking CXX shared library liborbbec_camera_msgs__rosidl_typesupport_introspection_cpp.so[0m
[ 76%] [32mBuilding CXX object CMakeFiles/orbbec_camera_msgs__rosidl_typesupport_fastrtps_c.dir/rosidl_typesupport_fastrtps_c/orbbec_camera_msgs/srv/detail/get_int32__type_support_c.cpp.o[0m
[ 76%] [32mBuilding CXX object CMakeFiles/orbbec_camera_msgs__rosidl_typesupport_fastrtps_cpp.dir/rosidl_typesupport_fastrtps_cpp/orbbec_camera_msgs/srv/detail/dds_fastrtps/get_string__type_support.cpp.o[0m
[ 78%] [32mBuilding CXX object CMakeFiles/orbbec_camera_msgs__rosidl_typesupport_fastrtps_cpp.dir/rosidl_typesupport_fastrtps_cpp/orbbec_camera_msgs/srv/detail/dds_fastrtps/set_int32__type_support.cpp.o[0m
[ 78%] [32m[1mLinking C shared library liborbbec_camera_msgs__rosidl_typesupport_introspection_c.so[0m
[ 78%] [32mBuilding CXX object CMakeFiles/orbbec_camera_msgs__rosidl_typesupport_fastrtps_cpp.dir/rosidl_typesupport_fastrtps_cpp/orbbec_camera_msgs/srv/detail/dds_fastrtps/set_string__type_support.cpp.o[0m
[ 79%] [32mBuilding CXX object CMakeFiles/orbbec_camera_msgs__rosidl_typesupport_fastrtps_c.dir/rosidl_typesupport_fastrtps_c/orbbec_camera_msgs/srv/detail/get_string__type_support_c.cpp.o[0m
[ 80%] Built target orbbec_camera_msgs__rosidl_typesupport_introspection_cpp
[ 80%] [32mBuilding CXX object CMakeFiles/orbbec_camera_msgs__rosidl_typesupport_fastrtps_c.dir/rosidl_typesupport_fastrtps_c/orbbec_camera_msgs/srv/detail/set_int32__type_support_c.cpp.o[0m
[ 80%] Built target orbbec_camera_msgs__rosidl_typesupport_introspection_c
[ 81%] [32mBuilding CXX object CMakeFiles/orbbec_camera_msgs__rosidl_typesupport_fastrtps_c.dir/rosidl_typesupport_fastrtps_c/orbbec_camera_msgs/srv/detail/set_string__type_support_c.cpp.o[0m
[ 82%] [32m[1mLinking CXX shared library liborbbec_camera_msgs__rosidl_typesupport_fastrtps_c.so[0m
[ 83%] [32m[1mLinking CXX shared library liborbbec_camera_msgs__rosidl_typesupport_fastrtps_cpp.so[0m
[ 83%] Built target orbbec_camera_msgs__rosidl_typesupport_fastrtps_c
[ 83%] Built target orbbec_camera_msgs__rosidl_typesupport_fastrtps_cpp
[ 83%] Built target orbbec_camera_msgs
[ 84%] [34m[1mGenerating Python code for ROS interfaces[0m
[ 84%] Built target orbbec_camera_msgs__py
[35m[1mConsolidate compiler generated dependencies of target orbbec_camera_msgs__rosidl_generator_py[0m
[ 84%] [32mBuilding C object CMakeFiles/orbbec_camera_msgs__rosidl_generator_py.dir/rosidl_generator_py/orbbec_camera_msgs/msg/_metadata_s.c.o[0m
[ 85%] [32mBuilding C object CMakeFiles/orbbec_camera_msgs__rosidl_generator_py.dir/rosidl_generator_py/orbbec_camera_msgs/msg/_device_info_s.c.o[0m
[ 86%] [32mBuilding C object CMakeFiles/orbbec_camera_msgs__rosidl_generator_py.dir/rosidl_generator_py/orbbec_camera_msgs/msg/_imu_info_s.c.o[0m
[ 88%] [32mBuilding C object CMakeFiles/orbbec_camera_msgs__rosidl_generator_py.dir/rosidl_generator_py/orbbec_camera_msgs/msg/_rgbd_s.c.o[0m
[ 88%] [32mBuilding C object CMakeFiles/orbbec_camera_msgs__rosidl_generator_py.dir/rosidl_generator_py/orbbec_camera_msgs/msg/_extrinsics_s.c.o[0m
[ 90%] [32mBuilding C object CMakeFiles/orbbec_camera_msgs__rosidl_generator_py.dir/rosidl_generator_py/orbbec_camera_msgs/srv/_set_int32_s.c.o[0m
[ 89%] [32mBuilding C object CMakeFiles/orbbec_camera_msgs__rosidl_generator_py.dir/rosidl_generator_py/orbbec_camera_msgs/srv/_get_bool_s.c.o[0m
[ 91%] [32mBuilding C object CMakeFiles/orbbec_camera_msgs__rosidl_generator_py.dir/rosidl_generator_py/orbbec_camera_msgs/srv/_get_camera_info_s.c.o[0m
[ 92%] [32mBuilding C object CMakeFiles/orbbec_camera_msgs__rosidl_generator_py.dir/rosidl_generator_py/orbbec_camera_msgs/srv/_get_device_info_s.c.o[0m
[ 93%] [32mBuilding C object CMakeFiles/orbbec_camera_msgs__rosidl_generator_py.dir/rosidl_generator_py/orbbec_camera_msgs/srv/_get_int32_s.c.o[0m
[ 93%] [32mBuilding C object CMakeFiles/orbbec_camera_msgs__rosidl_generator_py.dir/rosidl_generator_py/orbbec_camera_msgs/srv/_get_string_s.c.o[0m
[ 94%] [32mBuilding C object CMakeFiles/orbbec_camera_msgs__rosidl_generator_py.dir/rosidl_generator_py/orbbec_camera_msgs/srv/_set_string_s.c.o[0m
[ 95%] [32m[1mLinking C shared library rosidl_generator_py/orbbec_camera_msgs/liborbbec_camera_msgs__rosidl_generator_py.so[0m
[ 95%] Built target orbbec_camera_msgs__rosidl_generator_py
[35m[1mConsolidate compiler generated dependencies of target orbbec_camera_msgs__rosidl_typesupport_c__pyext[0m
[35m[1mConsolidate compiler generated dependencies of target orbbec_camera_msgs__rosidl_typesupport_fastrtps_c__pyext[0m
[35m[1mConsolidate compiler generated dependencies of target orbbec_camera_msgs__rosidl_typesupport_introspection_c__pyext[0m
[ 95%] [32mBuilding C object CMakeFiles/orbbec_camera_msgs__rosidl_typesupport_c__pyext.dir/rosidl_generator_py/orbbec_camera_msgs/_orbbec_camera_msgs_s.ep.rosidl_typesupport_c.c.o[0m
[ 96%] [32mBuilding C object CMakeFiles/orbbec_camera_msgs__rosidl_typesupport_fastrtps_c__pyext.dir/rosidl_generator_py/orbbec_camera_msgs/_orbbec_camera_msgs_s.ep.rosidl_typesupport_fastrtps_c.c.o[0m
[ 97%] [32mBuilding C object CMakeFiles/orbbec_camera_msgs__rosidl_typesupport_introspection_c__pyext.dir/rosidl_generator_py/orbbec_camera_msgs/_orbbec_camera_msgs_s.ep.rosidl_typesupport_introspection_c.c.o[0m
[ 98%] [32m[1mLinking C shared library rosidl_generator_py/orbbec_camera_msgs/orbbec_camera_msgs_s__rosidl_typesupport_fastrtps_c.cpython-310-x86_64-linux-gnu.so[0m
[ 99%] [32m[1mLinking C shared library rosidl_generator_py/orbbec_camera_msgs/orbbec_camera_msgs_s__rosidl_typesupport_c.cpython-310-x86_64-linux-gnu.so[0m
[100%] [32m[1mLinking C shared library rosidl_generator_py/orbbec_camera_msgs/orbbec_camera_msgs_s__rosidl_typesupport_introspection_c.cpython-310-x86_64-linux-gnu.so[0m
[100%] Built target orbbec_camera_msgs__rosidl_typesupport_introspection_c__pyext
[100%] Built target orbbec_camera_msgs__rosidl_typesupport_c__pyext
[100%] Built target orbbec_camera_msgs__rosidl_typesupport_fastrtps_c__pyext
-- Install configuration: "Release"
-- Installing: /home/chetan-satpute/depth_cam/install/orbbec_camera_msgs/share/ament_index/resource_index/rosidl_interfaces/orbbec_camera_msgs
-- Up-to-date: /home/chetan-satpute/depth_cam/install/orbbec_camera_msgs/include/orbbec_camera_msgs/orbbec_camera_msgs
-- Up-to-date: /home/chetan-satpute/depth_cam/install/orbbec_camera_msgs/include/orbbec_camera_msgs/orbbec_camera_msgs/msg
-- Up-to-date: /home/chetan-satpute/depth_cam/install/orbbec_camera_msgs/include/orbbec_camera_msgs/orbbec_camera_msgs/msg/rosidl_generator_c__visibility_control.h
-- Installing: /home/chetan-satpute/depth_cam/install/orbbec_camera_msgs/include/orbbec_camera_msgs/orbbec_camera_msgs/msg/extrinsics.h
-- Installing: /home/chetan-satpute/depth_cam/install/orbbec_camera_msgs/include/orbbec_camera_msgs/orbbec_camera_msgs/msg/metadata.h
-- Up-to-date: /home/chetan-satpute/depth_cam/install/orbbec_camera_msgs/include/orbbec_camera_msgs/orbbec_camera_msgs/msg/device_status.h
-- Installing: /home/chetan-satpute/depth_cam/install/orbbec_camera_msgs/include/orbbec_camera_msgs/orbbec_camera_msgs/msg/rgbd.h
-- Up-to-date: /home/chetan-satpute/depth_cam/install/orbbec_camera_msgs/include/orbbec_camera_msgs/orbbec_camera_msgs/msg/detail
-- Installing: /home/chetan-satpute/depth_cam/install/orbbec_camera_msgs/include/orbbec_camera_msgs/orbbec_camera_msgs/msg/detail/extrinsics__functions.c
-- Installing: /home/chetan-satpute/depth_cam/install/orbbec_camera_msgs/include/orbbec_camera_msgs/orbbec_camera_msgs/msg/detail/metadata__functions.h
-- Installing: /home/chetan-satpute/depth_cam/install/orbbec_camera_msgs/include/orbbec_camera_msgs/orbbec_camera_msgs/msg/detail/device_info__struct.h
-- Installing: /home/chetan-satpute/depth_cam/install/orbbec_camera_msgs/include/orbbec_camera_msgs/orbbec_camera_msgs/msg/detail/device_info__functions.c
-- Installing: /home/chetan-satpute/depth_cam/install/orbbec_camera_msgs/include/orbbec_camera_msgs/orbbec_camera_msgs/msg/detail/extrinsics__struct.h
-- Installing: /home/chetan-satpute/depth_cam/install/orbbec_camera_msgs/include/orbbec_camera_msgs/orbbec_camera_msgs/msg/detail/rgbd__type_support.h
-- Installing: /home/chetan-satpute/depth_cam/install/orbbec_camera_msgs/include/orbbec_camera_msgs/orbbec_camera_msgs/msg/detail/device_info__type_support.h
-- Installing: /home/chetan-satpute/depth_cam/install/orbbec_camera_msgs/include/orbbec_camera_msgs/orbbec_camera_msgs/msg/detail/imu_info__functions.c
-- Installing: /home/chetan-satpute/depth_cam/install/orbbec_camera_msgs/include/orbbec_camera_msgs/orbbec_camera_msgs/msg/detail/rgbd__struct.h
-- Up-to-date: /home/chetan-satpute/depth_cam/install/orbbec_camera_msgs/include/orbbec_camera_msgs/orbbec_camera_msgs/msg/detail/device_status__functions.c
-- Installing: /home/chetan-satpute/depth_cam/install/orbbec_camera_msgs/include/orbbec_camera_msgs/orbbec_camera_msgs/msg/detail/rgbd__functions.c
-- Installing: /home/chetan-satpute/depth_cam/install/orbbec_camera_msgs/include/orbbec_camera_msgs/orbbec_camera_msgs/msg/detail/imu_info__struct.h
-- Installing: /home/chetan-satpute/depth_cam/install/orbbec_camera_msgs/include/orbbec_camera_msgs/orbbec_camera_msgs/msg/detail/rgbd__functions.h
-- Installing: /home/chetan-satpute/depth_cam/install/orbbec_camera_msgs/include/orbbec_camera_msgs/orbbec_camera_msgs/msg/detail/metadata__struct.h
-- Installing: /home/chetan-satpute/depth_cam/install/orbbec_camera_msgs/include/orbbec_camera_msgs/orbbec_camera_msgs/msg/detail/imu_info__functions.h
-- Installing: /home/chetan-satpute/depth_cam/install/orbbec_camera_msgs/include/orbbec_camera_msgs/orbbec_camera_msgs/msg/detail/metadata__functions.c
-- Installing: /home/chetan-satpute/depth_cam/install/orbbec_camera_msgs/include/orbbec_camera_msgs/orbbec_camera_msgs/msg/detail/device_info__functions.h
-- Installing: /home/chetan-satpute/depth_cam/install/orbbec_camera_msgs/include/orbbec_camera_msgs/orbbec_camera_msgs/msg/detail/imu_info__type_support.h
-- Up-to-date: /home/chetan-satpute/depth_cam/install/orbbec_camera_msgs/include/orbbec_camera_msgs/orbbec_camera_msgs/msg/detail/device_status__type_support.h
-- Installing: /home/chetan-satpute/depth_cam/install/orbbec_camera_msgs/include/orbbec_camera_msgs/orbbec_camera_msgs/msg/detail/extrinsics__type_support.h
-- Up-to-date: /home/chetan-satpute/depth_cam/install/orbbec_camera_msgs/include/orbbec_camera_msgs/orbbec_camera_msgs/msg/detail/device_status__struct.h
-- Installing: /home/chetan-satpute/depth_cam/install/orbbec_camera_msgs/include/orbbec_camera_msgs/orbbec_camera_msgs/msg/detail/metadata__type_support.h
-- Installing: /home/chetan-satpute/depth_cam/install/orbbec_camera_msgs/include/orbbec_camera_msgs/orbbec_camera_msgs/msg/detail/extrinsics__functions.h
-- Up-to-date: /home/chetan-satpute/depth_cam/install/orbbec_camera_msgs/include/orbbec_camera_msgs/orbbec_camera_msgs/msg/detail/device_status__functions.h
-- Installing: /home/chetan-satpute/depth_cam/install/orbbec_camera_msgs/include/orbbec_camera_msgs/orbbec_camera_msgs/msg/device_info.h
-- Installing: /home/chetan-satpute/depth_cam/install/orbbec_camera_msgs/include/orbbec_camera_msgs/orbbec_camera_msgs/msg/imu_info.h
-- Up-to-date: /home/chetan-satpute/depth_cam/install/orbbec_camera_msgs/include/orbbec_camera_msgs/orbbec_camera_msgs/srv
-- Installing: /home/chetan-satpute/depth_cam/install/orbbec_camera_msgs/include/orbbec_camera_msgs/orbbec_camera_msgs/srv/get_string.h
-- Up-to-date: /home/chetan-satpute/depth_cam/install/orbbec_camera_msgs/include/orbbec_camera_msgs/orbbec_camera_msgs/srv/get_user_calib_params.h
-- Installing: /home/chetan-satpute/depth_cam/install/orbbec_camera_msgs/include/orbbec_camera_msgs/orbbec_camera_msgs/srv/set_string.h
-- Up-to-date: /home/chetan-satpute/depth_cam/install/orbbec_camera_msgs/include/orbbec_camera_msgs/orbbec_camera_msgs/srv/set_filter.h
-- Installing: /home/chetan-satpute/depth_cam/install/orbbec_camera_msgs/include/orbbec_camera_msgs/orbbec_camera_msgs/srv/set_int32.h
-- Up-to-date: /home/chetan-satpute/depth_cam/install/orbbec_camera_msgs/include/orbbec_camera_msgs/orbbec_camera_msgs/srv/set_arrays.h
-- Installing: /home/chetan-satpute/depth_cam/install/orbbec_camera_msgs/include/orbbec_camera_msgs/orbbec_camera_msgs/srv/get_camera_info.h
-- Up-to-date: /home/chetan-satpute/depth_cam/install/orbbec_camera_msgs/include/orbbec_camera_msgs/orbbec_camera_msgs/srv/detail
-- Installing: /home/chetan-satpute/depth_cam/install/orbbec_camera_msgs/include/orbbec_camera_msgs/orbbec_camera_msgs/srv/detail/get_bool__struct.h
-- Installing: /home/chetan-satpute/depth_cam/install/orbbec_camera_msgs/include/orbbec_camera_msgs/orbbec_camera_msgs/srv/detail/set_int32__functions.c
-- Installing: /home/chetan-satpute/depth_cam/install/orbbec_camera_msgs/include/orbbec_camera_msgs/orbbec_camera_msgs/srv/detail/get_device_info__functions.h
-- Installing: /home/chetan-satpute/depth_cam/install/orbbec_camera_msgs/include/orbbec_camera_msgs/orbbec_camera_msgs/srv/detail/get_int32__type_support.h
-- Up-to-date: /home/chetan-satpute/depth_cam/install/orbbec_camera_msgs/include/orbbec_camera_msgs/orbbec_camera_msgs/srv/detail/set_user_calib_params__type_support.h
-- Installing: /home/chetan-satpute/depth_cam/install/orbbec_camera_msgs/include/orbbec_camera_msgs/orbbec_camera_msgs/srv/detail/get_string__functions.h
-- Installing: /home/chetan-satpute/depth_cam/install/orbbec_camera_msgs/include/orbbec_camera_msgs/orbbec_camera_msgs/srv/detail/set_int32__functions.h
-- Installing: /home/chetan-satpute/depth_cam/install/orbbec_camera_msgs/include/orbbec_camera_msgs/orbbec_camera_msgs/srv/detail/get_string__functions.c
-- Installing: /home/chetan-satpute/depth_cam/install/orbbec_camera_msgs/include/orbbec_camera_msgs/orbbec_camera_msgs/srv/detail/set_int32__type_support.h
-- Installing: /home/chetan-satpute/depth_cam/install/orbbec_camera_msgs/include/orbbec_camera_msgs/orbbec_camera_msgs/srv/detail/set_string__functions.h
-- Up-to-date: /home/chetan-satpute/depth_cam/install/orbbec_camera_msgs/include/orbbec_camera_msgs/orbbec_camera_msgs/srv/detail/set_filter__functions.c
-- Installing: /home/chetan-satpute/depth_cam/install/orbbec_camera_msgs/include/orbbec_camera_msgs/orbbec_camera_msgs/srv/detail/get_bool__type_support.h
-- Up-to-date: /home/chetan-satpute/depth_cam/install/orbbec_camera_msgs/include/orbbec_camera_msgs/orbbec_camera_msgs/srv/detail/get_user_calib_params__functions.h
-- Installing: /home/chetan-satpute/depth_cam/install/orbbec_camera_msgs/include/orbbec_camera_msgs/orbbec_camera_msgs/srv/detail/set_string__type_support.h
-- Installing: /home/chetan-satpute/depth_cam/install/orbbec_camera_msgs/include/orbbec_camera_msgs/orbbec_camera_msgs/srv/detail/get_device_info__functions.c
-- Up-to-date: /home/chetan-satpute/depth_cam/install/orbbec_camera_msgs/include/orbbec_camera_msgs/orbbec_camera_msgs/srv/detail/set_arrays__functions.h
-- Installing: /home/chetan-satpute/depth_cam/install/orbbec_camera_msgs/include/orbbec_camera_msgs/orbbec_camera_msgs/srv/detail/get_int32__struct.h
-- Up-to-date: /home/chetan-satpute/depth_cam/install/orbbec_camera_msgs/include/orbbec_camera_msgs/orbbec_camera_msgs/srv/detail/set_user_calib_params__functions.h
-- Installing: /home/chetan-satpute/depth_cam/install/orbbec_camera_msgs/include/orbbec_camera_msgs/orbbec_camera_msgs/srv/detail/get_string__type_support.h
-- Installing: /home/chetan-satpute/depth_cam/install/orbbec_camera_msgs/include/orbbec_camera_msgs/orbbec_camera_msgs/srv/detail/get_string__struct.h
-- Installing: /home/chetan-satpute/depth_cam/install/orbbec_camera_msgs/include/orbbec_camera_msgs/orbbec_camera_msgs/srv/detail/get_device_info__type_support.h
-- Up-to-date: /home/chetan-satpute/depth_cam/install/orbbec_camera_msgs/include/orbbec_camera_msgs/orbbec_camera_msgs/srv/detail/get_user_calib_params__type_support.h
-- Installing: /home/chetan-satpute/depth_cam/install/orbbec_camera_msgs/include/orbbec_camera_msgs/orbbec_camera_msgs/srv/detail/set_string__functions.c
-- Installing: /home/chetan-satpute/depth_cam/install/orbbec_camera_msgs/include/orbbec_camera_msgs/orbbec_camera_msgs/srv/detail/get_device_info__struct.h
-- Up-to-date: /home/chetan-satpute/depth_cam/install/orbbec_camera_msgs/include/orbbec_camera_msgs/orbbec_camera_msgs/srv/detail/get_user_calib_params__struct.h
-- Up-to-date: /home/chetan-satpute/depth_cam/install/orbbec_camera_msgs/include/orbbec_camera_msgs/orbbec_camera_msgs/srv/detail/set_filter__functions.h
-- Installing: /home/chetan-satpute/depth_cam/install/orbbec_camera_msgs/include/orbbec_camera_msgs/orbbec_camera_msgs/srv/detail/get_int32__functions.h
-- Installing: /home/chetan-satpute/depth_cam/install/orbbec_camera_msgs/include/orbbec_camera_msgs/orbbec_camera_msgs/srv/detail/get_camera_info__struct.h
-- Installing: /home/chetan-satpute/depth_cam/install/orbbec_camera_msgs/include/orbbec_camera_msgs/orbbec_camera_msgs/srv/detail/get_bool__functions.h
-- Installing: /home/chetan-satpute/depth_cam/install/orbbec_camera_msgs/include/orbbec_camera_msgs/orbbec_camera_msgs/srv/detail/set_string__struct.h
-- Installing: /home/chetan-satpute/depth_cam/install/orbbec_camera_msgs/include/orbbec_camera_msgs/orbbec_camera_msgs/srv/detail/get_int32__functions.c
-- Up-to-date: /home/chetan-satpute/depth_cam/install/orbbec_camera_msgs/include/orbbec_camera_msgs/orbbec_camera_msgs/srv/detail/set_user_calib_params__struct.h
-- Up-to-date: /home/chetan-satpute/depth_cam/install/orbbec_camera_msgs/include/orbbec_camera_msgs/orbbec_camera_msgs/srv/detail/set_user_calib_params__functions.c
-- Up-to-date: /home/chetan-satpute/depth_cam/install/orbbec_camera_msgs/include/orbbec_camera_msgs/orbbec_camera_msgs/srv/detail/set_arrays__struct.h
-- Installing: /home/chetan-satpute/depth_cam/install/orbbec_camera_msgs/include/orbbec_camera_msgs/orbbec_camera_msgs/srv/detail/get_camera_info__functions.h
-- Installing: /home/chetan-satpute/depth_cam/install/orbbec_camera_msgs/include/orbbec_camera_msgs/orbbec_camera_msgs/srv/detail/get_bool__functions.c
-- Up-to-date: /home/chetan-satpute/depth_cam/install/orbbec_camera_msgs/include/orbbec_camera_msgs/orbbec_camera_msgs/srv/detail/get_user_calib_params__functions.c
-- Installing: /home/chetan-satpute/depth_cam/install/orbbec_camera_msgs/include/orbbec_camera_msgs/orbbec_camera_msgs/srv/detail/get_camera_info__functions.c
-- Installing: /home/chetan-satpute/depth_cam/install/orbbec_camera_msgs/include/orbbec_camera_msgs/orbbec_camera_msgs/srv/detail/get_camera_info__type_support.h
-- Up-to-date: /home/chetan-satpute/depth_cam/install/orbbec_camera_msgs/include/orbbec_camera_msgs/orbbec_camera_msgs/srv/detail/set_filter__type_support.h
-- Up-to-date: /home/chetan-satpute/depth_cam/install/orbbec_camera_msgs/include/orbbec_camera_msgs/orbbec_camera_msgs/srv/detail/set_filter__struct.h
-- Up-to-date: /home/chetan-satpute/depth_cam/install/orbbec_camera_msgs/include/orbbec_camera_msgs/orbbec_camera_msgs/srv/detail/set_arrays__type_support.h
-- Up-to-date: /home/chetan-satpute/depth_cam/install/orbbec_camera_msgs/include/orbbec_camera_msgs/orbbec_camera_msgs/srv/detail/set_arrays__functions.c
-- Installing: /home/chetan-satpute/depth_cam/install/orbbec_camera_msgs/include/orbbec_camera_msgs/orbbec_camera_msgs/srv/detail/set_int32__struct.h
-- Installing: /home/chetan-satpute/depth_cam/install/orbbec_camera_msgs/include/orbbec_camera_msgs/orbbec_camera_msgs/srv/get_bool.h
-- Installing: /home/chetan-satpute/depth_cam/install/orbbec_camera_msgs/include/orbbec_camera_msgs/orbbec_camera_msgs/srv/get_int32.h
-- Up-to-date: /home/chetan-satpute/depth_cam/install/orbbec_camera_msgs/include/orbbec_camera_msgs/orbbec_camera_msgs/srv/set_user_calib_params.h
-- Installing: /home/chetan-satpute/depth_cam/install/orbbec_camera_msgs/include/orbbec_camera_msgs/orbbec_camera_msgs/srv/get_device_info.h
-- Up-to-date: /home/chetan-satpute/depth_cam/install/orbbec_camera_msgs/share/orbbec_camera_msgs/environment/library_path.sh
-- Installing: /home/chetan-satpute/depth_cam/install/orbbec_camera_msgs/share/orbbec_camera_msgs/environment/library_path.dsv
-- Installing: /home/chetan-satpute/depth_cam/install/orbbec_camera_msgs/lib/liborbbec_camera_msgs__rosidl_generator_c.so
-- Set runtime path of "/home/chetan-satpute/depth_cam/install/orbbec_camera_msgs/lib/liborbbec_camera_msgs__rosidl_generator_c.so" to ""
-- Up-to-date: /home/chetan-satpute/depth_cam/install/orbbec_camera_msgs/include/orbbec_camera_msgs/orbbec_camera_msgs
-- Up-to-date: /home/chetan-satpute/depth_cam/install/orbbec_camera_msgs/include/orbbec_camera_msgs/orbbec_camera_msgs/msg
-- Up-to-date: /home/chetan-satpute/depth_cam/install/orbbec_camera_msgs/include/orbbec_camera_msgs/orbbec_camera_msgs/msg/rosidl_typesupport_fastrtps_c__visibility_control.h
-- Up-to-date: /home/chetan-satpute/depth_cam/install/orbbec_camera_msgs/include/orbbec_camera_msgs/orbbec_camera_msgs/msg/detail
-- Installing: /home/chetan-satpute/depth_cam/install/orbbec_camera_msgs/include/orbbec_camera_msgs/orbbec_camera_msgs/msg/detail/extrinsics__rosidl_typesupport_fastrtps_c.h
-- Installing: /home/chetan-satpute/depth_cam/install/orbbec_camera_msgs/include/orbbec_camera_msgs/orbbec_camera_msgs/msg/detail/imu_info__rosidl_typesupport_fastrtps_c.h
-- Up-to-date: /home/chetan-satpute/depth_cam/install/orbbec_camera_msgs/include/orbbec_camera_msgs/orbbec_camera_msgs/msg/detail/device_status__rosidl_typesupport_fastrtps_c.h
-- Installing: /home/chetan-satpute/depth_cam/install/orbbec_camera_msgs/include/orbbec_camera_msgs/orbbec_camera_msgs/msg/detail/metadata__rosidl_typesupport_fastrtps_c.h
-- Installing: /home/chetan-satpute/depth_cam/install/orbbec_camera_msgs/include/orbbec_camera_msgs/orbbec_camera_msgs/msg/detail/device_info__rosidl_typesupport_fastrtps_c.h
-- Installing: /home/chetan-satpute/depth_cam/install/orbbec_camera_msgs/include/orbbec_camera_msgs/orbbec_camera_msgs/msg/detail/rgbd__rosidl_typesupport_fastrtps_c.h
-- Up-to-date: /home/chetan-satpute/depth_cam/install/orbbec_camera_msgs/include/orbbec_camera_msgs/orbbec_camera_msgs/srv
-- Up-to-date: /home/chetan-satpute/depth_cam/install/orbbec_camera_msgs/include/orbbec_camera_msgs/orbbec_camera_msgs/srv/detail
-- Installing: /home/chetan-satpute/depth_cam/install/orbbec_camera_msgs/include/orbbec_camera_msgs/orbbec_camera_msgs/srv/detail/get_string__rosidl_typesupport_fastrtps_c.h
-- Up-to-date: /home/chetan-satpute/depth_cam/install/orbbec_camera_msgs/include/orbbec_camera_msgs/orbbec_camera_msgs/srv/detail/set_user_calib_params__rosidl_typesupport_fastrtps_c.h
-- Installing: /home/chetan-satpute/depth_cam/install/orbbec_camera_msgs/include/orbbec_camera_msgs/orbbec_camera_msgs/srv/detail/get_bool__rosidl_typesupport_fastrtps_c.h
-- Installing: /home/chetan-satpute/depth_cam/install/orbbec_camera_msgs/include/orbbec_camera_msgs/orbbec_camera_msgs/srv/detail/get_int32__rosidl_typesupport_fastrtps_c.h
-- Installing: /home/chetan-satpute/depth_cam/install/orbbec_camera_msgs/include/orbbec_camera_msgs/orbbec_camera_msgs/srv/detail/get_camera_info__rosidl_typesupport_fastrtps_c.h
-- Installing: /home/chetan-satpute/depth_cam/install/orbbec_camera_msgs/include/orbbec_camera_msgs/orbbec_camera_msgs/srv/detail/get_device_info__rosidl_typesupport_fastrtps_c.h
-- Up-to-date: /home/chetan-satpute/depth_cam/install/orbbec_camera_msgs/include/orbbec_camera_msgs/orbbec_camera_msgs/srv/detail/set_arrays__rosidl_typesupport_fastrtps_c.h
-- Installing: /home/chetan-satpute/depth_cam/install/orbbec_camera_msgs/include/orbbec_camera_msgs/orbbec_camera_msgs/srv/detail/set_int32__rosidl_typesupport_fastrtps_c.h
-- Up-to-date: /home/chetan-satpute/depth_cam/install/orbbec_camera_msgs/include/orbbec_camera_msgs/orbbec_camera_msgs/srv/detail/get_user_calib_params__rosidl_typesupport_fastrtps_c.h
-- Up-to-date: /home/chetan-satpute/depth_cam/install/orbbec_camera_msgs/include/orbbec_camera_msgs/orbbec_camera_msgs/srv/detail/set_filter__rosidl_typesupport_fastrtps_c.h
-- Installing: /home/chetan-satpute/depth_cam/install/orbbec_camera_msgs/include/orbbec_camera_msgs/orbbec_camera_msgs/srv/detail/set_string__rosidl_typesupport_fastrtps_c.h
-- Installing: /home/chetan-satpute/depth_cam/install/orbbec_camera_msgs/lib/liborbbec_camera_msgs__rosidl_typesupport_fastrtps_c.so
-- Set runtime path of "/home/chetan-satpute/depth_cam/install/orbbec_camera_msgs/lib/liborbbec_camera_msgs__rosidl_typesupport_fastrtps_c.so" to ""
-- Up-to-date: /home/chetan-satpute/depth_cam/install/orbbec_camera_msgs/include/orbbec_camera_msgs/orbbec_camera_msgs
-- Up-to-date: /home/chetan-satpute/depth_cam/install/orbbec_camera_msgs/include/orbbec_camera_msgs/orbbec_camera_msgs/msg
-- Up-to-date: /home/chetan-satpute/depth_cam/install/orbbec_camera_msgs/include/orbbec_camera_msgs/orbbec_camera_msgs/msg/rosidl_typesupport_introspection_c__visibility_control.h
-- Up-to-date: /home/chetan-satpute/depth_cam/install/orbbec_camera_msgs/include/orbbec_camera_msgs/orbbec_camera_msgs/msg/detail
-- Installing: /home/chetan-satpute/depth_cam/install/orbbec_camera_msgs/include/orbbec_camera_msgs/orbbec_camera_msgs/msg/detail/imu_info__type_support.c
-- Installing: /home/chetan-satpute/depth_cam/install/orbbec_camera_msgs/include/orbbec_camera_msgs/orbbec_camera_msgs/msg/detail/device_info__type_support.c
-- Installing: /home/chetan-satpute/depth_cam/install/orbbec_camera_msgs/include/orbbec_camera_msgs/orbbec_camera_msgs/msg/detail/rgbd__type_support.c
-- Installing: /home/chetan-satpute/depth_cam/install/orbbec_camera_msgs/include/orbbec_camera_msgs/orbbec_camera_msgs/msg/detail/extrinsics__rosidl_typesupport_introspection_c.h
-- Up-to-date: /home/chetan-satpute/depth_cam/install/orbbec_camera_msgs/include/orbbec_camera_msgs/orbbec_camera_msgs/msg/detail/device_status__rosidl_typesupport_introspection_c.h
-- Installing: /home/chetan-satpute/depth_cam/install/orbbec_camera_msgs/include/orbbec_camera_msgs/orbbec_camera_msgs/msg/detail/metadata__type_support.c
-- Up-to-date: /home/chetan-satpute/depth_cam/install/orbbec_camera_msgs/include/orbbec_camera_msgs/orbbec_camera_msgs/msg/detail/device_status__type_support.c
-- Installing: /home/chetan-satpute/depth_cam/install/orbbec_camera_msgs/include/orbbec_camera_msgs/orbbec_camera_msgs/msg/detail/imu_info__rosidl_typesupport_introspection_c.h
-- Installing: /home/chetan-satpute/depth_cam/install/orbbec_camera_msgs/include/orbbec_camera_msgs/orbbec_camera_msgs/msg/detail/device_info__rosidl_typesupport_introspection_c.h
-- Installing: /home/chetan-satpute/depth_cam/install/orbbec_camera_msgs/include/orbbec_camera_msgs/orbbec_camera_msgs/msg/detail/rgbd__rosidl_typesupport_introspection_c.h
-- Installing: /home/chetan-satpute/depth_cam/install/orbbec_camera_msgs/include/orbbec_camera_msgs/orbbec_camera_msgs/msg/detail/metadata__rosidl_typesupport_introspection_c.h
-- Installing: /home/chetan-satpute/depth_cam/install/orbbec_camera_msgs/include/orbbec_camera_msgs/orbbec_camera_msgs/msg/detail/extrinsics__type_support.c
-- Up-to-date: /home/chetan-satpute/depth_cam/install/orbbec_camera_msgs/include/orbbec_camera_msgs/orbbec_camera_msgs/srv
-- Up-to-date: /home/chetan-satpute/depth_cam/install/orbbec_camera_msgs/include/orbbec_camera_msgs/orbbec_camera_msgs/srv/detail
-- Installing: /home/chetan-satpute/depth_cam/install/orbbec_camera_msgs/include/orbbec_camera_msgs/orbbec_camera_msgs/srv/detail/get_camera_info__rosidl_typesupport_introspection_c.h
-- Installing: /home/chetan-satpute/depth_cam/install/orbbec_camera_msgs/include/orbbec_camera_msgs/orbbec_camera_msgs/srv/detail/get_string__rosidl_typesupport_introspection_c.h
-- Installing: /home/chetan-satpute/depth_cam/install/orbbec_camera_msgs/include/orbbec_camera_msgs/orbbec_camera_msgs/srv/detail/get_int32__rosidl_typesupport_introspection_c.h
-- Installing: /home/chetan-satpute/depth_cam/install/orbbec_camera_msgs/include/orbbec_camera_msgs/orbbec_camera_msgs/srv/detail/set_string__type_support.c
-- Installing: /home/chetan-satpute/depth_cam/install/orbbec_camera_msgs/include/orbbec_camera_msgs/orbbec_camera_msgs/srv/detail/get_device_info__type_support.c
-- Up-to-date: /home/chetan-satpute/depth_cam/install/orbbec_camera_msgs/include/orbbec_camera_msgs/orbbec_camera_msgs/srv/detail/set_user_calib_params__type_support.c
-- Installing: /home/chetan-satpute/depth_cam/install/orbbec_camera_msgs/include/orbbec_camera_msgs/orbbec_camera_msgs/srv/detail/get_string__type_support.c
-- Installing: /home/chetan-satpute/depth_cam/install/orbbec_camera_msgs/include/orbbec_camera_msgs/orbbec_camera_msgs/srv/detail/get_camera_info__type_support.c
-- Installing: /home/chetan-satpute/depth_cam/install/orbbec_camera_msgs/include/orbbec_camera_msgs/orbbec_camera_msgs/srv/detail/get_int32__type_support.c
-- Up-to-date: /home/chetan-satpute/depth_cam/install/orbbec_camera_msgs/include/orbbec_camera_msgs/orbbec_camera_msgs/srv/detail/get_user_calib_params__rosidl_typesupport_introspection_c.h
-- Installing: /home/chetan-satpute/depth_cam/install/orbbec_camera_msgs/include/orbbec_camera_msgs/orbbec_camera_msgs/srv/detail/get_bool__type_support.c
-- Installing: /home/chetan-satpute/depth_cam/install/orbbec_camera_msgs/include/orbbec_camera_msgs/orbbec_camera_msgs/srv/detail/get_device_info__rosidl_typesupport_introspection_c.h
-- Up-to-date: /home/chetan-satpute/depth_cam/install/orbbec_camera_msgs/include/orbbec_camera_msgs/orbbec_camera_msgs/srv/detail/get_user_calib_params__type_support.c
-- Up-to-date: /home/chetan-satpute/depth_cam/install/orbbec_camera_msgs/include/orbbec_camera_msgs/orbbec_camera_msgs/srv/detail/set_user_calib_params__rosidl_typesupport_introspection_c.h
-- Up-to-date: /home/chetan-satpute/depth_cam/install/orbbec_camera_msgs/include/orbbec_camera_msgs/orbbec_camera_msgs/srv/detail/set_filter__rosidl_typesupport_introspection_c.h
-- Up-to-date: /home/chetan-satpute/depth_cam/install/orbbec_camera_msgs/include/orbbec_camera_msgs/orbbec_camera_msgs/srv/detail/set_arrays__rosidl_typesupport_introspection_c.h
-- Up-to-date: /home/chetan-satpute/depth_cam/install/orbbec_camera_msgs/include/orbbec_camera_msgs/orbbec_camera_msgs/srv/detail/set_filter__type_support.c
-- Up-to-date: /home/chetan-satpute/depth_cam/install/orbbec_camera_msgs/include/orbbec_camera_msgs/orbbec_camera_msgs/srv/detail/set_arrays__type_support.c
-- Installing: /home/chetan-satpute/depth_cam/install/orbbec_camera_msgs/include/orbbec_camera_msgs/orbbec_camera_msgs/srv/detail/set_int32__rosidl_typesupport_introspection_c.h
-- Installing: /home/chetan-satpute/depth_cam/install/orbbec_camera_msgs/include/orbbec_camera_msgs/orbbec_camera_msgs/srv/detail/get_bool__rosidl_typesupport_introspection_c.h
-- Installing: /home/chetan-satpute/depth_cam/install/orbbec_camera_msgs/include/orbbec_camera_msgs/orbbec_camera_msgs/srv/detail/set_string__rosidl_typesupport_introspection_c.h
-- Installing: /home/chetan-satpute/depth_cam/install/orbbec_camera_msgs/include/orbbec_camera_msgs/orbbec_camera_msgs/srv/detail/set_int32__type_support.c
-- Installing: /home/chetan-satpute/depth_cam/install/orbbec_camera_msgs/lib/liborbbec_camera_msgs__rosidl_typesupport_introspection_c.so
-- Set runtime path of "/home/chetan-satpute/depth_cam/install/orbbec_camera_msgs/lib/liborbbec_camera_msgs__rosidl_typesupport_introspection_c.so" to ""
-- Installing: /home/chetan-satpute/depth_cam/install/orbbec_camera_msgs/lib/liborbbec_camera_msgs__rosidl_typesupport_c.so
-- Set runtime path of "/home/chetan-satpute/depth_cam/install/orbbec_camera_msgs/lib/liborbbec_camera_msgs__rosidl_typesupport_c.so" to ""
-- Up-to-date: /home/chetan-satpute/depth_cam/install/orbbec_camera_msgs/include/orbbec_camera_msgs/orbbec_camera_msgs
-- Up-to-date: /home/chetan-satpute/depth_cam/install/orbbec_camera_msgs/include/orbbec_camera_msgs/orbbec_camera_msgs/msg
-- Installing: /home/chetan-satpute/depth_cam/install/orbbec_camera_msgs/include/orbbec_camera_msgs/orbbec_camera_msgs/msg/imu_info.hpp
-- Installing: /home/chetan-satpute/depth_cam/install/orbbec_camera_msgs/include/orbbec_camera_msgs/orbbec_camera_msgs/msg/metadata.hpp
-- Installing: /home/chetan-satpute/depth_cam/install/orbbec_camera_msgs/include/orbbec_camera_msgs/orbbec_camera_msgs/msg/device_info.hpp
-- Installing: /home/chetan-satpute/depth_cam/install/orbbec_camera_msgs/include/orbbec_camera_msgs/orbbec_camera_msgs/msg/extrinsics.hpp
-- Up-to-date: /home/chetan-satpute/depth_cam/install/orbbec_camera_msgs/include/orbbec_camera_msgs/orbbec_camera_msgs/msg/device_status.hpp
-- Installing: /home/chetan-satpute/depth_cam/install/orbbec_camera_msgs/include/orbbec_camera_msgs/orbbec_camera_msgs/msg/rgbd.hpp
-- Up-to-date: /home/chetan-satpute/depth_cam/install/orbbec_camera_msgs/include/orbbec_camera_msgs/orbbec_camera_msgs/msg/detail
-- Installing: /home/chetan-satpute/depth_cam/install/orbbec_camera_msgs/include/orbbec_camera_msgs/orbbec_camera_msgs/msg/detail/device_info__struct.hpp
-- Up-to-date: /home/chetan-satpute/depth_cam/install/orbbec_camera_msgs/include/orbbec_camera_msgs/orbbec_camera_msgs/msg/detail/device_status__traits.hpp
-- Installing: /home/chetan-satpute/depth_cam/install/orbbec_camera_msgs/include/orbbec_camera_msgs/orbbec_camera_msgs/msg/detail/rgbd__struct.hpp
-- Up-to-date: /home/chetan-satpute/depth_cam/install/orbbec_camera_msgs/include/orbbec_camera_msgs/orbbec_camera_msgs/msg/detail/device_status__struct.hpp
-- Installing: /home/chetan-satpute/depth_cam/install/orbbec_camera_msgs/include/orbbec_camera_msgs/orbbec_camera_msgs/msg/detail/extrinsics__traits.hpp
-- Installing: /home/chetan-satpute/depth_cam/install/orbbec_camera_msgs/include/orbbec_camera_msgs/orbbec_camera_msgs/msg/detail/extrinsics__builder.hpp
-- Installing: /home/chetan-satpute/depth_cam/install/orbbec_camera_msgs/include/orbbec_camera_msgs/orbbec_camera_msgs/msg/detail/device_info__type_support.hpp
-- Installing: /home/chetan-satpute/depth_cam/install/orbbec_camera_msgs/include/orbbec_camera_msgs/orbbec_camera_msgs/msg/detail/metadata__builder.hpp
-- Installing: /home/chetan-satpute/depth_cam/install/orbbec_camera_msgs/include/orbbec_camera_msgs/orbbec_camera_msgs/msg/detail/imu_info__struct.hpp
-- Installing: /home/chetan-satpute/depth_cam/install/orbbec_camera_msgs/include/orbbec_camera_msgs/orbbec_camera_msgs/msg/detail/metadata__struct.hpp
-- Up-to-date: /home/chetan-satpute/depth_cam/install/orbbec_camera_msgs/include/orbbec_camera_msgs/orbbec_camera_msgs/msg/detail/device_status__builder.hpp
-- Installing: /home/chetan-satpute/depth_cam/install/orbbec_camera_msgs/include/orbbec_camera_msgs/orbbec_camera_msgs/msg/detail/rgbd__builder.hpp
-- Installing: /home/chetan-satpute/depth_cam/install/orbbec_camera_msgs/include/orbbec_camera_msgs/orbbec_camera_msgs/msg/detail/device_info__builder.hpp
-- Installing: /home/chetan-satpute/depth_cam/install/orbbec_camera_msgs/include/orbbec_camera_msgs/orbbec_camera_msgs/msg/detail/device_info__traits.hpp
-- Installing: /home/chetan-satpute/depth_cam/install/orbbec_camera_msgs/include/orbbec_camera_msgs/orbbec_camera_msgs/msg/detail/metadata__traits.hpp
-- Installing: /home/chetan-satpute/depth_cam/install/orbbec_camera_msgs/include/orbbec_camera_msgs/orbbec_camera_msgs/msg/detail/imu_info__type_support.hpp
-- Installing: /home/chetan-satpute/depth_cam/install/orbbec_camera_msgs/include/orbbec_camera_msgs/orbbec_camera_msgs/msg/detail/rgbd__type_support.hpp
-- Installing: /home/chetan-satpute/depth_cam/install/orbbec_camera_msgs/include/orbbec_camera_msgs/orbbec_camera_msgs/msg/detail/rgbd__traits.hpp
-- Up-to-date: /home/chetan-satpute/depth_cam/install/orbbec_camera_msgs/include/orbbec_camera_msgs/orbbec_camera_msgs/msg/detail/device_status__type_support.hpp
-- Installing: /home/chetan-satpute/depth_cam/install/orbbec_camera_msgs/include/orbbec_camera_msgs/orbbec_camera_msgs/msg/detail/extrinsics__struct.hpp
-- Installing: /home/chetan-satpute/depth_cam/install/orbbec_camera_msgs/include/orbbec_camera_msgs/orbbec_camera_msgs/msg/detail/imu_info__builder.hpp
-- Installing: /home/chetan-satpute/depth_cam/install/orbbec_camera_msgs/include/orbbec_camera_msgs/orbbec_camera_msgs/msg/detail/metadata__type_support.hpp
-- Installing: /home/chetan-satpute/depth_cam/install/orbbec_camera_msgs/include/orbbec_camera_msgs/orbbec_camera_msgs/msg/detail/extrinsics__type_support.hpp
-- Installing: /home/chetan-satpute/depth_cam/install/orbbec_camera_msgs/include/orbbec_camera_msgs/orbbec_camera_msgs/msg/detail/imu_info__traits.hpp
-- Up-to-date: /home/chetan-satpute/depth_cam/install/orbbec_camera_msgs/include/orbbec_camera_msgs/orbbec_camera_msgs/msg/rosidl_generator_cpp__visibility_control.hpp
-- Up-to-date: /home/chetan-satpute/depth_cam/install/orbbec_camera_msgs/include/orbbec_camera_msgs/orbbec_camera_msgs/srv
-- Up-to-date: /home/chetan-satpute/depth_cam/install/orbbec_camera_msgs/include/orbbec_camera_msgs/orbbec_camera_msgs/srv/set_filter.hpp
-- Up-to-date: /home/chetan-satpute/depth_cam/install/orbbec_camera_msgs/include/orbbec_camera_msgs/orbbec_camera_msgs/srv/get_user_calib_params.hpp
-- Installing: /home/chetan-satpute/depth_cam/install/orbbec_camera_msgs/include/orbbec_camera_msgs/orbbec_camera_msgs/srv/get_camera_info.hpp
-- Installing: /home/chetan-satpute/depth_cam/install/orbbec_camera_msgs/include/orbbec_camera_msgs/orbbec_camera_msgs/srv/get_string.hpp
-- Installing: /home/chetan-satpute/depth_cam/install/orbbec_camera_msgs/include/orbbec_camera_msgs/orbbec_camera_msgs/srv/get_device_info.hpp
-- Installing: /home/chetan-satpute/depth_cam/install/orbbec_camera_msgs/include/orbbec_camera_msgs/orbbec_camera_msgs/srv/set_string.hpp
-- Installing: /home/chetan-satpute/depth_cam/install/orbbec_camera_msgs/include/orbbec_camera_msgs/orbbec_camera_msgs/srv/get_bool.hpp
-- Up-to-date: /home/chetan-satpute/depth_cam/install/orbbec_camera_msgs/include/orbbec_camera_msgs/orbbec_camera_msgs/srv/set_user_calib_params.hpp
-- Up-to-date: /home/chetan-satpute/depth_cam/install/orbbec_camera_msgs/include/orbbec_camera_msgs/orbbec_camera_msgs/srv/detail
-- Installing: /home/chetan-satpute/depth_cam/install/orbbec_camera_msgs/include/orbbec_camera_msgs/orbbec_camera_msgs/srv/detail/get_string__type_support.hpp
-- Installing: /home/chetan-satpute/depth_cam/install/orbbec_camera_msgs/include/orbbec_camera_msgs/orbbec_camera_msgs/srv/detail/set_int32__struct.hpp
-- Up-to-date: /home/chetan-satpute/depth_cam/install/orbbec_camera_msgs/include/orbbec_camera_msgs/orbbec_camera_msgs/srv/detail/get_user_calib_params__type_support.hpp
-- Installing: /home/chetan-satpute/depth_cam/install/orbbec_camera_msgs/include/orbbec_camera_msgs/orbbec_camera_msgs/srv/detail/get_device_info__traits.hpp
-- Installing: /home/chetan-satpute/depth_cam/install/orbbec_camera_msgs/include/orbbec_camera_msgs/orbbec_camera_msgs/srv/detail/get_string__struct.hpp
-- Installing: /home/chetan-satpute/depth_cam/install/orbbec_camera_msgs/include/orbbec_camera_msgs/orbbec_camera_msgs/srv/detail/get_string__traits.hpp
-- Installing: /home/chetan-satpute/depth_cam/install/orbbec_camera_msgs/include/orbbec_camera_msgs/orbbec_camera_msgs/srv/detail/get_camera_info__traits.hpp
-- Installing: /home/chetan-satpute/depth_cam/install/orbbec_camera_msgs/include/orbbec_camera_msgs/orbbec_camera_msgs/srv/detail/get_string__builder.hpp
-- Installing: /home/chetan-satpute/depth_cam/install/orbbec_camera_msgs/include/orbbec_camera_msgs/orbbec_camera_msgs/srv/detail/get_camera_info__struct.hpp
-- Up-to-date: /home/chetan-satpute/depth_cam/install/orbbec_camera_msgs/include/orbbec_camera_msgs/orbbec_camera_msgs/srv/detail/set_filter__traits.hpp
-- Installing: /home/chetan-satpute/depth_cam/install/orbbec_camera_msgs/include/orbbec_camera_msgs/orbbec_camera_msgs/srv/detail/get_bool__builder.hpp
-- Up-to-date: /home/chetan-satpute/depth_cam/install/orbbec_camera_msgs/include/orbbec_camera_msgs/orbbec_camera_msgs/srv/detail/get_user_calib_params__traits.hpp
-- Installing: /home/chetan-satpute/depth_cam/install/orbbec_camera_msgs/include/orbbec_camera_msgs/orbbec_camera_msgs/srv/detail/get_device_info__type_support.hpp
-- Up-to-date: /home/chetan-satpute/depth_cam/install/orbbec_camera_msgs/include/orbbec_camera_msgs/orbbec_camera_msgs/srv/detail/set_user_calib_params__type_support.hpp
-- Installing: /home/chetan-satpute/depth_cam/install/orbbec_camera_msgs/include/orbbec_camera_msgs/orbbec_camera_msgs/srv/detail/get_int32__builder.hpp
-- Up-to-date: /home/chetan-satpute/depth_cam/install/orbbec_camera_msgs/include/orbbec_camera_msgs/orbbec_camera_msgs/srv/detail/set_filter__type_support.hpp
-- Up-to-date: /home/chetan-satpute/depth_cam/install/orbbec_camera_msgs/include/orbbec_camera_msgs/orbbec_camera_msgs/srv/detail/set_filter__struct.hpp
-- Installing: /home/chetan-satpute/depth_cam/install/orbbec_camera_msgs/include/orbbec_camera_msgs/orbbec_camera_msgs/srv/detail/set_string__builder.hpp
-- Installing: /home/chetan-satpute/depth_cam/install/orbbec_camera_msgs/include/orbbec_camera_msgs/orbbec_camera_msgs/srv/detail/set_string__struct.hpp
-- Up-to-date: /home/chetan-satpute/depth_cam/install/orbbec_camera_msgs/include/orbbec_camera_msgs/orbbec_camera_msgs/srv/detail/set_filter__builder.hpp
-- Installing: /home/chetan-satpute/depth_cam/install/orbbec_camera_msgs/include/orbbec_camera_msgs/orbbec_camera_msgs/srv/detail/set_int32__type_support.hpp
-- Installing: /home/chetan-satpute/depth_cam/install/orbbec_camera_msgs/include/orbbec_camera_msgs/orbbec_camera_msgs/srv/detail/get_camera_info__type_support.hpp
-- Up-to-date: /home/chetan-satpute/depth_cam/install/orbbec_camera_msgs/include/orbbec_camera_msgs/orbbec_camera_msgs/srv/detail/get_user_calib_params__struct.hpp
-- Installing: /home/chetan-satpute/depth_cam/install/orbbec_camera_msgs/include/orbbec_camera_msgs/orbbec_camera_msgs/srv/detail/set_int32__builder.hpp
-- Installing: /home/chetan-satpute/depth_cam/install/orbbec_camera_msgs/include/orbbec_camera_msgs/orbbec_camera_msgs/srv/detail/set_string__traits.hpp
-- Up-to-date: /home/chetan-satpute/depth_cam/install/orbbec_camera_msgs/include/orbbec_camera_msgs/orbbec_camera_msgs/srv/detail/set_arrays__struct.hpp
-- Installing: /home/chetan-satpute/depth_cam/install/orbbec_camera_msgs/include/orbbec_camera_msgs/orbbec_camera_msgs/srv/detail/get_int32__type_support.hpp
-- Up-to-date: /home/chetan-satpute/depth_cam/install/orbbec_camera_msgs/include/orbbec_camera_msgs/orbbec_camera_msgs/srv/detail/set_arrays__type_support.hpp
-- Installing: /home/chetan-satpute/depth_cam/install/orbbec_camera_msgs/include/orbbec_camera_msgs/orbbec_camera_msgs/srv/detail/get_bool__struct.hpp
-- Up-to-date: /home/chetan-satpute/depth_cam/install/orbbec_camera_msgs/include/orbbec_camera_msgs/orbbec_camera_msgs/srv/detail/set_user_calib_params__traits.hpp
-- Up-to-date: /home/chetan-satpute/depth_cam/install/orbbec_camera_msgs/include/orbbec_camera_msgs/orbbec_camera_msgs/srv/detail/set_user_calib_params__builder.hpp
-- Installing: /home/chetan-satpute/depth_cam/install/orbbec_camera_msgs/include/orbbec_camera_msgs/orbbec_camera_msgs/srv/detail/set_int32__traits.hpp
-- Up-to-date: /home/chetan-satpute/depth_cam/install/orbbec_camera_msgs/include/orbbec_camera_msgs/orbbec_camera_msgs/srv/detail/set_arrays__builder.hpp
-- Installing: /home/chetan-satpute/depth_cam/install/orbbec_camera_msgs/include/orbbec_camera_msgs/orbbec_camera_msgs/srv/detail/get_camera_info__builder.hpp
-- Installing: /home/chetan-satpute/depth_cam/install/orbbec_camera_msgs/include/orbbec_camera_msgs/orbbec_camera_msgs/srv/detail/get_device_info__struct.hpp
-- Up-to-date: /home/chetan-satpute/depth_cam/install/orbbec_camera_msgs/include/orbbec_camera_msgs/orbbec_camera_msgs/srv/detail/get_user_calib_params__builder.hpp
-- Installing: /home/chetan-satpute/depth_cam/install/orbbec_camera_msgs/include/orbbec_camera_msgs/orbbec_camera_msgs/srv/detail/get_bool__type_support.hpp
-- Up-to-date: /home/chetan-satpute/depth_cam/install/orbbec_camera_msgs/include/orbbec_camera_msgs/orbbec_camera_msgs/srv/detail/set_user_calib_params__struct.hpp
-- Installing: /home/chetan-satpute/depth_cam/install/orbbec_camera_msgs/include/orbbec_camera_msgs/orbbec_camera_msgs/srv/detail/get_device_info__builder.hpp
-- Up-to-date: /home/chetan-satpute/depth_cam/install/orbbec_camera_msgs/include/orbbec_camera_msgs/orbbec_camera_msgs/srv/detail/set_arrays__traits.hpp
-- Installing: /home/chetan-satpute/depth_cam/install/orbbec_camera_msgs/include/orbbec_camera_msgs/orbbec_camera_msgs/srv/detail/get_int32__traits.hpp
-- Installing: /home/chetan-satpute/depth_cam/install/orbbec_camera_msgs/include/orbbec_camera_msgs/orbbec_camera_msgs/srv/detail/get_int32__struct.hpp
-- Installing: /home/chetan-satpute/depth_cam/install/orbbec_camera_msgs/include/orbbec_camera_msgs/orbbec_camera_msgs/srv/detail/set_string__type_support.hpp
-- Installing: /home/chetan-satpute/depth_cam/install/orbbec_camera_msgs/include/orbbec_camera_msgs/orbbec_camera_msgs/srv/detail/get_bool__traits.hpp
-- Up-to-date: /home/chetan-satpute/depth_cam/install/orbbec_camera_msgs/include/orbbec_camera_msgs/orbbec_camera_msgs/srv/set_arrays.hpp
-- Installing: /home/chetan-satpute/depth_cam/install/orbbec_camera_msgs/include/orbbec_camera_msgs/orbbec_camera_msgs/srv/set_int32.hpp
-- Installing: /home/chetan-satpute/depth_cam/install/orbbec_camera_msgs/include/orbbec_camera_msgs/orbbec_camera_msgs/srv/get_int32.hpp
-- Up-to-date: /home/chetan-satpute/depth_cam/install/orbbec_camera_msgs/include/orbbec_camera_msgs/orbbec_camera_msgs
-- Up-to-date: /home/chetan-satpute/depth_cam/install/orbbec_camera_msgs/include/orbbec_camera_msgs/orbbec_camera_msgs/msg
-- Up-to-date: /home/chetan-satpute/depth_cam/install/orbbec_camera_msgs/include/orbbec_camera_msgs/orbbec_camera_msgs/msg/detail
-- Installing: /home/chetan-satpute/depth_cam/install/orbbec_camera_msgs/include/orbbec_camera_msgs/orbbec_camera_msgs/msg/detail/rgbd__rosidl_typesupport_fastrtps_cpp.hpp
-- Up-to-date: /home/chetan-satpute/depth_cam/install/orbbec_camera_msgs/include/orbbec_camera_msgs/orbbec_camera_msgs/msg/detail/dds_fastrtps
-- Installing: /home/chetan-satpute/depth_cam/install/orbbec_camera_msgs/include/orbbec_camera_msgs/orbbec_camera_msgs/msg/detail/extrinsics__rosidl_typesupport_fastrtps_cpp.hpp
-- Installing: /home/chetan-satpute/depth_cam/install/orbbec_camera_msgs/include/orbbec_camera_msgs/orbbec_camera_msgs/msg/detail/imu_info__rosidl_typesupport_fastrtps_cpp.hpp
-- Installing: /home/chetan-satpute/depth_cam/install/orbbec_camera_msgs/include/orbbec_camera_msgs/orbbec_camera_msgs/msg/detail/device_info__rosidl_typesupport_fastrtps_cpp.hpp
-- Up-to-date: /home/chetan-satpute/depth_cam/install/orbbec_camera_msgs/include/orbbec_camera_msgs/orbbec_camera_msgs/msg/detail/device_status__rosidl_typesupport_fastrtps_cpp.hpp
-- Installing: /home/chetan-satpute/depth_cam/install/orbbec_camera_msgs/include/orbbec_camera_msgs/orbbec_camera_msgs/msg/detail/metadata__rosidl_typesupport_fastrtps_cpp.hpp
-- Up-to-date: /home/chetan-satpute/depth_cam/install/orbbec_camera_msgs/include/orbbec_camera_msgs/orbbec_camera_msgs/msg/rosidl_typesupport_fastrtps_cpp__visibility_control.h
-- Up-to-date: /home/chetan-satpute/depth_cam/install/orbbec_camera_msgs/include/orbbec_camera_msgs/orbbec_camera_msgs/srv
-- Up-to-date: /home/chetan-satpute/depth_cam/install/orbbec_camera_msgs/include/orbbec_camera_msgs/orbbec_camera_msgs/srv/detail
-- Up-to-date: /home/chetan-satpute/depth_cam/install/orbbec_camera_msgs/include/orbbec_camera_msgs/orbbec_camera_msgs/srv/detail/set_filter__rosidl_typesupport_fastrtps_cpp.hpp
-- Up-to-date: /home/chetan-satpute/depth_cam/install/orbbec_camera_msgs/include/orbbec_camera_msgs/orbbec_camera_msgs/srv/detail/dds_fastrtps
-- Up-to-date: /home/chetan-satpute/depth_cam/install/orbbec_camera_msgs/include/orbbec_camera_msgs/orbbec_camera_msgs/srv/detail/get_user_calib_params__rosidl_typesupport_fastrtps_cpp.hpp
-- Installing: /home/chetan-satpute/depth_cam/install/orbbec_camera_msgs/include/orbbec_camera_msgs/orbbec_camera_msgs/srv/detail/set_string__rosidl_typesupport_fastrtps_cpp.hpp
-- Up-to-date: /home/chetan-satpute/depth_cam/install/orbbec_camera_msgs/include/orbbec_camera_msgs/orbbec_camera_msgs/srv/detail/set_arrays__rosidl_typesupport_fastrtps_cpp.hpp
-- Installing: /home/chetan-satpute/depth_cam/install/orbbec_camera_msgs/include/orbbec_camera_msgs/orbbec_camera_msgs/srv/detail/get_int32__rosidl_typesupport_fastrtps_cpp.hpp
-- Installing: /home/chetan-satpute/depth_cam/install/orbbec_camera_msgs/include/orbbec_camera_msgs/orbbec_camera_msgs/srv/detail/get_camera_info__rosidl_typesupport_fastrtps_cpp.hpp
-- Installing: /home/chetan-satpute/depth_cam/install/orbbec_camera_msgs/include/orbbec_camera_msgs/orbbec_camera_msgs/srv/detail/get_string__rosidl_typesupport_fastrtps_cpp.hpp
-- Installing: /home/chetan-satpute/depth_cam/install/orbbec_camera_msgs/include/orbbec_camera_msgs/orbbec_camera_msgs/srv/detail/get_bool__rosidl_typesupport_fastrtps_cpp.hpp
-- Up-to-date: /home/chetan-satpute/depth_cam/install/orbbec_camera_msgs/include/orbbec_camera_msgs/orbbec_camera_msgs/srv/detail/set_user_calib_params__rosidl_typesupport_fastrtps_cpp.hpp
-- Installing: /home/chetan-satpute/depth_cam/install/orbbec_camera_msgs/include/orbbec_camera_msgs/orbbec_camera_msgs/srv/detail/get_device_info__rosidl_typesupport_fastrtps_cpp.hpp
-- Installing: /home/chetan-satpute/depth_cam/install/orbbec_camera_msgs/include/orbbec_camera_msgs/orbbec_camera_msgs/srv/detail/set_int32__rosidl_typesupport_fastrtps_cpp.hpp
-- Installing: /home/chetan-satpute/depth_cam/install/orbbec_camera_msgs/lib/liborbbec_camera_msgs__rosidl_typesupport_fastrtps_cpp.so
-- Set runtime path of "/home/chetan-satpute/depth_cam/install/orbbec_camera_msgs/lib/liborbbec_camera_msgs__rosidl_typesupport_fastrtps_cpp.so" to ""
-- Up-to-date: /home/chetan-satpute/depth_cam/install/orbbec_camera_msgs/include/orbbec_camera_msgs/orbbec_camera_msgs
-- Up-to-date: /home/chetan-satpute/depth_cam/install/orbbec_camera_msgs/include/orbbec_camera_msgs/orbbec_camera_msgs/msg
-- Up-to-date: /home/chetan-satpute/depth_cam/install/orbbec_camera_msgs/include/orbbec_camera_msgs/orbbec_camera_msgs/msg/detail
-- Up-to-date: /home/chetan-satpute/depth_cam/install/orbbec_camera_msgs/include/orbbec_camera_msgs/orbbec_camera_msgs/msg/detail/device_status__type_support.cpp
-- Installing: /home/chetan-satpute/depth_cam/install/orbbec_camera_msgs/include/orbbec_camera_msgs/orbbec_camera_msgs/msg/detail/device_info__type_support.cpp
-- Installing: /home/chetan-satpute/depth_cam/install/orbbec_camera_msgs/include/orbbec_camera_msgs/orbbec_camera_msgs/msg/detail/imu_info__type_support.cpp
-- Installing: /home/chetan-satpute/depth_cam/install/orbbec_camera_msgs/include/orbbec_camera_msgs/orbbec_camera_msgs/msg/detail/rgbd__rosidl_typesupport_introspection_cpp.hpp
-- Installing: /home/chetan-satpute/depth_cam/install/orbbec_camera_msgs/include/orbbec_camera_msgs/orbbec_camera_msgs/msg/detail/device_info__rosidl_typesupport_introspection_cpp.hpp
-- Installing: /home/chetan-satpute/depth_cam/install/orbbec_camera_msgs/include/orbbec_camera_msgs/orbbec_camera_msgs/msg/detail/metadata__rosidl_typesupport_introspection_cpp.hpp
-- Installing: /home/chetan-satpute/depth_cam/install/orbbec_camera_msgs/include/orbbec_camera_msgs/orbbec_camera_msgs/msg/detail/imu_info__rosidl_typesupport_introspection_cpp.hpp
-- Up-to-date: /home/chetan-satpute/depth_cam/install/orbbec_camera_msgs/include/orbbec_camera_msgs/orbbec_camera_msgs/msg/detail/device_status__rosidl_typesupport_introspection_cpp.hpp
-- Installing: /home/chetan-satpute/depth_cam/install/orbbec_camera_msgs/include/orbbec_camera_msgs/orbbec_camera_msgs/msg/detail/extrinsics__rosidl_typesupport_introspection_cpp.hpp
-- Installing: /home/chetan-satpute/depth_cam/install/orbbec_camera_msgs/include/orbbec_camera_msgs/orbbec_camera_msgs/msg/detail/rgbd__type_support.cpp
-- Installing: /home/chetan-satpute/depth_cam/install/orbbec_camera_msgs/include/orbbec_camera_msgs/orbbec_camera_msgs/msg/detail/metadata__type_support.cpp
-- Installing: /home/chetan-satpute/depth_cam/install/orbbec_camera_msgs/include/orbbec_camera_msgs/orbbec_camera_msgs/msg/detail/extrinsics__type_support.cpp
-- Up-to-date: /home/chetan-satpute/depth_cam/install/orbbec_camera_msgs/include/orbbec_camera_msgs/orbbec_camera_msgs/srv
-- Up-to-date: /home/chetan-satpute/depth_cam/install/orbbec_camera_msgs/include/orbbec_camera_msgs/orbbec_camera_msgs/srv/detail
-- Installing: /home/chetan-satpute/depth_cam/install/orbbec_camera_msgs/include/orbbec_camera_msgs/orbbec_camera_msgs/srv/detail/get_camera_info__type_support.cpp
-- Installing: /home/chetan-satpute/depth_cam/install/orbbec_camera_msgs/include/orbbec_camera_msgs/orbbec_camera_msgs/srv/detail/get_int32__rosidl_typesupport_introspection_cpp.hpp
-- Up-to-date: /home/chetan-satpute/depth_cam/install/orbbec_camera_msgs/include/orbbec_camera_msgs/orbbec_camera_msgs/srv/detail/get_user_calib_params__rosidl_typesupport_introspection_cpp.hpp
-- Up-to-date: /home/chetan-satpute/depth_cam/install/orbbec_camera_msgs/include/orbbec_camera_msgs/orbbec_camera_msgs/srv/detail/set_filter__type_support.cpp
-- Installing: /home/chetan-satpute/depth_cam/install/orbbec_camera_msgs/include/orbbec_camera_msgs/orbbec_camera_msgs/srv/detail/set_int32__type_support.cpp
-- Installing: /home/chetan-satpute/depth_cam/install/orbbec_camera_msgs/include/orbbec_camera_msgs/orbbec_camera_msgs/srv/detail/get_string__rosidl_typesupport_introspection_cpp.hpp
-- Up-to-date: /home/chetan-satpute/depth_cam/install/orbbec_camera_msgs/include/orbbec_camera_msgs/orbbec_camera_msgs/srv/detail/set_arrays__rosidl_typesupport_introspection_cpp.hpp
-- Installing: /home/chetan-satpute/depth_cam/install/orbbec_camera_msgs/include/orbbec_camera_msgs/orbbec_camera_msgs/srv/detail/set_string__type_support.cpp
-- Up-to-date: /home/chetan-satpute/depth_cam/install/orbbec_camera_msgs/include/orbbec_camera_msgs/orbbec_camera_msgs/srv/detail/get_user_calib_params__type_support.cpp
-- Up-to-date: /home/chetan-satpute/depth_cam/install/orbbec_camera_msgs/include/orbbec_camera_msgs/orbbec_camera_msgs/srv/detail/set_user_calib_params__type_support.cpp
-- Installing: /home/chetan-satpute/depth_cam/install/orbbec_camera_msgs/include/orbbec_camera_msgs/orbbec_camera_msgs/srv/detail/get_int32__type_support.cpp
-- Installing: /home/chetan-satpute/depth_cam/install/orbbec_camera_msgs/include/orbbec_camera_msgs/orbbec_camera_msgs/srv/detail/set_string__rosidl_typesupport_introspection_cpp.hpp
-- Installing: /home/chetan-satpute/depth_cam/install/orbbec_camera_msgs/include/orbbec_camera_msgs/orbbec_camera_msgs/srv/detail/get_camera_info__rosidl_typesupport_introspection_cpp.hpp
-- Up-to-date: /home/chetan-satpute/depth_cam/install/orbbec_camera_msgs/include/orbbec_camera_msgs/orbbec_camera_msgs/srv/detail/set_arrays__type_support.cpp
-- Installing: /home/chetan-satpute/depth_cam/install/orbbec_camera_msgs/include/orbbec_camera_msgs/orbbec_camera_msgs/srv/detail/get_bool__rosidl_typesupport_introspection_cpp.hpp
-- Up-to-date: /home/chetan-satpute/depth_cam/install/orbbec_camera_msgs/include/orbbec_camera_msgs/orbbec_camera_msgs/srv/detail/set_user_calib_params__rosidl_typesupport_introspection_cpp.hpp
-- Installing: /home/chetan-satpute/depth_cam/install/orbbec_camera_msgs/include/orbbec_camera_msgs/orbbec_camera_msgs/srv/detail/set_int32__rosidl_typesupport_introspection_cpp.hpp
-- Installing: /home/chetan-satpute/depth_cam/install/orbbec_camera_msgs/include/orbbec_camera_msgs/orbbec_camera_msgs/srv/detail/get_device_info__type_support.cpp
-- Installing: /home/chetan-satpute/depth_cam/install/orbbec_camera_msgs/include/orbbec_camera_msgs/orbbec_camera_msgs/srv/detail/get_string__type_support.cpp
-- Installing: /home/chetan-satpute/depth_cam/install/orbbec_camera_msgs/include/orbbec_camera_msgs/orbbec_camera_msgs/srv/detail/get_bool__type_support.cpp
-- Up-to-date: /home/chetan-satpute/depth_cam/install/orbbec_camera_msgs/include/orbbec_camera_msgs/orbbec_camera_msgs/srv/detail/set_filter__rosidl_typesupport_introspection_cpp.hpp
-- Installing: /home/chetan-satpute/depth_cam/install/orbbec_camera_msgs/include/orbbec_camera_msgs/orbbec_camera_msgs/srv/detail/get_device_info__rosidl_typesupport_introspection_cpp.hpp
-- Installing: /home/chetan-satpute/depth_cam/install/orbbec_camera_msgs/lib/liborbbec_camera_msgs__rosidl_typesupport_introspection_cpp.so
-- Set runtime path of "/home/chetan-satpute/depth_cam/install/orbbec_camera_msgs/lib/liborbbec_camera_msgs__rosidl_typesupport_introspection_cpp.so" to ""
-- Installing: /home/chetan-satpute/depth_cam/install/orbbec_camera_msgs/lib/liborbbec_camera_msgs__rosidl_typesupport_cpp.so
-- Set runtime path of "/home/chetan-satpute/depth_cam/install/orbbec_camera_msgs/lib/liborbbec_camera_msgs__rosidl_typesupport_cpp.so" to ""
-- Up-to-date: /home/chetan-satpute/depth_cam/install/orbbec_camera_msgs/share/orbbec_camera_msgs/environment/pythonpath.sh
-- Installing: /home/chetan-satpute/depth_cam/install/orbbec_camera_msgs/share/orbbec_camera_msgs/environment/pythonpath.dsv
-- Installing: /home/chetan-satpute/depth_cam/install/orbbec_camera_msgs/local/lib/python3.10/dist-packages/orbbec_camera_msgs-1.5.15-py3.10.egg-info
-- Installing: /home/chetan-satpute/depth_cam/install/orbbec_camera_msgs/local/lib/python3.10/dist-packages/orbbec_camera_msgs-1.5.15-py3.10.egg-info/SOURCES.txt
-- Installing: /home/chetan-satpute/depth_cam/install/orbbec_camera_msgs/local/lib/python3.10/dist-packages/orbbec_camera_msgs-1.5.15-py3.10.egg-info/dependency_links.txt
-- Installing: /home/chetan-satpute/depth_cam/install/orbbec_camera_msgs/local/lib/python3.10/dist-packages/orbbec_camera_msgs-1.5.15-py3.10.egg-info/PKG-INFO
-- Installing: /home/chetan-satpute/depth_cam/install/orbbec_camera_msgs/local/lib/python3.10/dist-packages/orbbec_camera_msgs-1.5.15-py3.10.egg-info/top_level.txt
-- Up-to-date: /home/chetan-satpute/depth_cam/install/orbbec_camera_msgs/local/lib/python3.10/dist-packages/orbbec_camera_msgs
-- Installing: /home/chetan-satpute/depth_cam/install/orbbec_camera_msgs/local/lib/python3.10/dist-packages/orbbec_camera_msgs/liborbbec_camera_msgs__rosidl_generator_py.so
-- Installing: /home/chetan-satpute/depth_cam/install/orbbec_camera_msgs/local/lib/python3.10/dist-packages/orbbec_camera_msgs/orbbec_camera_msgs_s__rosidl_typesupport_c.cpython-310-x86_64-linux-gnu.so
-- Up-to-date: /home/chetan-satpute/depth_cam/install/orbbec_camera_msgs/local/lib/python3.10/dist-packages/orbbec_camera_msgs/msg
-- Installing: /home/chetan-satpute/depth_cam/install/orbbec_camera_msgs/local/lib/python3.10/dist-packages/orbbec_camera_msgs/msg/_imu_info.py
-- Installing: /home/chetan-satpute/depth_cam/install/orbbec_camera_msgs/local/lib/python3.10/dist-packages/orbbec_camera_msgs/msg/_metadata.py
-- Installing: /home/chetan-satpute/depth_cam/install/orbbec_camera_msgs/local/lib/python3.10/dist-packages/orbbec_camera_msgs/msg/__init__.py
-- Installing: /home/chetan-satpute/depth_cam/install/orbbec_camera_msgs/local/lib/python3.10/dist-packages/orbbec_camera_msgs/msg/_rgbd_s.c
-- Installing: /home/chetan-satpute/depth_cam/install/orbbec_camera_msgs/local/lib/python3.10/dist-packages/orbbec_camera_msgs/msg/_extrinsics_s.c
-- Installing: /home/chetan-satpute/depth_cam/install/orbbec_camera_msgs/local/lib/python3.10/dist-packages/orbbec_camera_msgs/msg/_extrinsics.py
-- Installing: /home/chetan-satpute/depth_cam/install/orbbec_camera_msgs/local/lib/python3.10/dist-packages/orbbec_camera_msgs/msg/_imu_info_s.c
-- Up-to-date: /home/chetan-satpute/depth_cam/install/orbbec_camera_msgs/local/lib/python3.10/dist-packages/orbbec_camera_msgs/msg/_device_status_s.c
-- Installing: /home/chetan-satpute/depth_cam/install/orbbec_camera_msgs/local/lib/python3.10/dist-packages/orbbec_camera_msgs/msg/_device_info.py
-- Installing: /home/chetan-satpute/depth_cam/install/orbbec_camera_msgs/local/lib/python3.10/dist-packages/orbbec_camera_msgs/msg/_device_info_s.c
-- Installing: /home/chetan-satpute/depth_cam/install/orbbec_camera_msgs/local/lib/python3.10/dist-packages/orbbec_camera_msgs/msg/_rgbd.py
-- Up-to-date: /home/chetan-satpute/depth_cam/install/orbbec_camera_msgs/local/lib/python3.10/dist-packages/orbbec_camera_msgs/msg/_device_status.py
-- Installing: /home/chetan-satpute/depth_cam/install/orbbec_camera_msgs/local/lib/python3.10/dist-packages/orbbec_camera_msgs/msg/_metadata_s.c
-- Installing: /home/chetan-satpute/depth_cam/install/orbbec_camera_msgs/local/lib/python3.10/dist-packages/orbbec_camera_msgs/orbbec_camera_msgs_s__rosidl_typesupport_fastrtps_c.cpython-310-x86_64-linux-gnu.so
-- Installing: /home/chetan-satpute/depth_cam/install/orbbec_camera_msgs/local/lib/python3.10/dist-packages/orbbec_camera_msgs/__init__.py
-- Installing: /home/chetan-satpute/depth_cam/install/orbbec_camera_msgs/local/lib/python3.10/dist-packages/orbbec_camera_msgs/orbbec_camera_msgs_s__rosidl_typesupport_introspection_c.cpython-310-x86_64-linux-gnu.so
-- Installing: /home/chetan-satpute/depth_cam/install/orbbec_camera_msgs/local/lib/python3.10/dist-packages/orbbec_camera_msgs/_orbbec_camera_msgs_s.ep.rosidl_typesupport_fastrtps_c.c
-- Installing: /home/chetan-satpute/depth_cam/install/orbbec_camera_msgs/local/lib/python3.10/dist-packages/orbbec_camera_msgs/_orbbec_camera_msgs_s.ep.rosidl_typesupport_c.c
-- Installing: /home/chetan-satpute/depth_cam/install/orbbec_camera_msgs/local/lib/python3.10/dist-packages/orbbec_camera_msgs/_orbbec_camera_msgs_s.ep.rosidl_typesupport_introspection_c.c
-- Up-to-date: /home/chetan-satpute/depth_cam/install/orbbec_camera_msgs/local/lib/python3.10/dist-packages/orbbec_camera_msgs/srv
-- Up-to-date: /home/chetan-satpute/depth_cam/install/orbbec_camera_msgs/local/lib/python3.10/dist-packages/orbbec_camera_msgs/srv/_set_arrays_s.c
-- Installing: /home/chetan-satpute/depth_cam/install/orbbec_camera_msgs/local/lib/python3.10/dist-packages/orbbec_camera_msgs/srv/_get_device_info.py
-- Up-to-date: /home/chetan-satpute/depth_cam/install/orbbec_camera_msgs/local/lib/python3.10/dist-packages/orbbec_camera_msgs/srv/_get_user_calib_params.py
-- Installing: /home/chetan-satpute/depth_cam/install/orbbec_camera_msgs/local/lib/python3.10/dist-packages/orbbec_camera_msgs/srv/_get_string.py
-- Installing: /home/chetan-satpute/depth_cam/install/orbbec_camera_msgs/local/lib/python3.10/dist-packages/orbbec_camera_msgs/srv/_set_int32.py
-- Installing: /home/chetan-satpute/depth_cam/install/orbbec_camera_msgs/local/lib/python3.10/dist-packages/orbbec_camera_msgs/srv/_get_int32_s.c
-- Installing: /home/chetan-satpute/depth_cam/install/orbbec_camera_msgs/local/lib/python3.10/dist-packages/orbbec_camera_msgs/srv/_get_camera_info.py
-- Installing: /home/chetan-satpute/depth_cam/install/orbbec_camera_msgs/local/lib/python3.10/dist-packages/orbbec_camera_msgs/srv/_set_int32_s.c
-- Up-to-date: /home/chetan-satpute/depth_cam/install/orbbec_camera_msgs/local/lib/python3.10/dist-packages/orbbec_camera_msgs/srv/_set_user_calib_params.py
-- Installing: /home/chetan-satpute/depth_cam/install/orbbec_camera_msgs/local/lib/python3.10/dist-packages/orbbec_camera_msgs/srv/__init__.py
-- Up-to-date: /home/chetan-satpute/depth_cam/install/orbbec_camera_msgs/local/lib/python3.10/dist-packages/orbbec_camera_msgs/srv/_set_user_calib_params_s.c
-- Installing: /home/chetan-satpute/depth_cam/install/orbbec_camera_msgs/local/lib/python3.10/dist-packages/orbbec_camera_msgs/srv/_get_camera_info_s.c
-- Up-to-date: /home/chetan-satpute/depth_cam/install/orbbec_camera_msgs/local/lib/python3.10/dist-packages/orbbec_camera_msgs/srv/_set_filter.py
-- Installing: /home/chetan-satpute/depth_cam/install/orbbec_camera_msgs/local/lib/python3.10/dist-packages/orbbec_camera_msgs/srv/_get_bool_s.c
-- Installing: /home/chetan-satpute/depth_cam/install/orbbec_camera_msgs/local/lib/python3.10/dist-packages/orbbec_camera_msgs/srv/_set_string.py
-- Installing: /home/chetan-satpute/depth_cam/install/orbbec_camera_msgs/local/lib/python3.10/dist-packages/orbbec_camera_msgs/srv/_get_string_s.c
-- Installing: /home/chetan-satpute/depth_cam/install/orbbec_camera_msgs/local/lib/python3.10/dist-packages/orbbec_camera_msgs/srv/_get_bool.py
-- Up-to-date: /home/chetan-satpute/depth_cam/install/orbbec_camera_msgs/local/lib/python3.10/dist-packages/orbbec_camera_msgs/srv/_set_filter_s.c
-- Installing: /home/chetan-satpute/depth_cam/install/orbbec_camera_msgs/local/lib/python3.10/dist-packages/orbbec_camera_msgs/srv/_get_int32.py
-- Installing: /home/chetan-satpute/depth_cam/install/orbbec_camera_msgs/local/lib/python3.10/dist-packages/orbbec_camera_msgs/srv/_get_device_info_s.c
-- Installing: /home/chetan-satpute/depth_cam/install/orbbec_camera_msgs/local/lib/python3.10/dist-packages/orbbec_camera_msgs/srv/_set_string_s.c
-- Up-to-date: /home/chetan-satpute/depth_cam/install/orbbec_camera_msgs/local/lib/python3.10/dist-packages/orbbec_camera_msgs/srv/_set_arrays.py
-- Up-to-date: /home/chetan-satpute/depth_cam/install/orbbec_camera_msgs/local/lib/python3.10/dist-packages/orbbec_camera_msgs/srv/_get_user_calib_params_s.c
Listing '/home/chetan-satpute/depth_cam/install/orbbec_camera_msgs/local/lib/python3.10/dist-packages/orbbec_camera_msgs'...
Compiling '/home/chetan-satpute/depth_cam/install/orbbec_camera_msgs/local/lib/python3.10/dist-packages/orbbec_camera_msgs/__init__.py'...
Listing '/home/chetan-satpute/depth_cam/install/orbbec_camera_msgs/local/lib/python3.10/dist-packages/orbbec_camera_msgs/msg'...
Compiling '/home/chetan-satpute/depth_cam/install/orbbec_camera_msgs/local/lib/python3.10/dist-packages/orbbec_camera_msgs/msg/__init__.py'...
Compiling '/home/chetan-satpute/depth_cam/install/orbbec_camera_msgs/local/lib/python3.10/dist-packages/orbbec_camera_msgs/msg/_device_info.py'...
Compiling '/home/chetan-satpute/depth_cam/install/orbbec_camera_msgs/local/lib/python3.10/dist-packages/orbbec_camera_msgs/msg/_extrinsics.py'...
Compiling '/home/chetan-satpute/depth_cam/install/orbbec_camera_msgs/local/lib/python3.10/dist-packages/orbbec_camera_msgs/msg/_imu_info.py'...
Compiling '/home/chetan-satpute/depth_cam/install/orbbec_camera_msgs/local/lib/python3.10/dist-packages/orbbec_camera_msgs/msg/_metadata.py'...
Compiling '/home/chetan-satpute/depth_cam/install/orbbec_camera_msgs/local/lib/python3.10/dist-packages/orbbec_camera_msgs/msg/_rgbd.py'...
Listing '/home/chetan-satpute/depth_cam/install/orbbec_camera_msgs/local/lib/python3.10/dist-packages/orbbec_camera_msgs/srv'...
Compiling '/home/chetan-satpute/depth_cam/install/orbbec_camera_msgs/local/lib/python3.10/dist-packages/orbbec_camera_msgs/srv/__init__.py'...
Compiling '/home/chetan-satpute/depth_cam/install/orbbec_camera_msgs/local/lib/python3.10/dist-packages/orbbec_camera_msgs/srv/_get_bool.py'...
Compiling '/home/chetan-satpute/depth_cam/install/orbbec_camera_msgs/local/lib/python3.10/dist-packages/orbbec_camera_msgs/srv/_get_camera_info.py'...
Compiling '/home/chetan-satpute/depth_cam/install/orbbec_camera_msgs/local/lib/python3.10/dist-packages/orbbec_camera_msgs/srv/_get_device_info.py'...
Compiling '/home/chetan-satpute/depth_cam/install/orbbec_camera_msgs/local/lib/python3.10/dist-packages/orbbec_camera_msgs/srv/_get_int32.py'...
Compiling '/home/chetan-satpute/depth_cam/install/orbbec_camera_msgs/local/lib/python3.10/dist-packages/orbbec_camera_msgs/srv/_get_string.py'...
Compiling '/home/chetan-satpute/depth_cam/install/orbbec_camera_msgs/local/lib/python3.10/dist-packages/orbbec_camera_msgs/srv/_set_int32.py'...
Compiling '/home/chetan-satpute/depth_cam/install/orbbec_camera_msgs/local/lib/python3.10/dist-packages/orbbec_camera_msgs/srv/_set_string.py'...
-- Installing: /home/chetan-satpute/depth_cam/install/orbbec_camera_msgs/local/lib/python3.10/dist-packages/orbbec_camera_msgs/orbbec_camera_msgs_s__rosidl_typesupport_fastrtps_c.cpython-310-x86_64-linux-gnu.so
-- Set runtime path of "/home/chetan-satpute/depth_cam/install/orbbec_camera_msgs/local/lib/python3.10/dist-packages/orbbec_camera_msgs/orbbec_camera_msgs_s__rosidl_typesupport_fastrtps_c.cpython-310-x86_64-linux-gnu.so" to ""
-- Installing: /home/chetan-satpute/depth_cam/install/orbbec_camera_msgs/local/lib/python3.10/dist-packages/orbbec_camera_msgs/orbbec_camera_msgs_s__rosidl_typesupport_introspection_c.cpython-310-x86_64-linux-gnu.so
-- Set runtime path of "/home/chetan-satpute/depth_cam/install/orbbec_camera_msgs/local/lib/python3.10/dist-packages/orbbec_camera_msgs/orbbec_camera_msgs_s__rosidl_typesupport_introspection_c.cpython-310-x86_64-linux-gnu.so" to ""
-- Installing: /home/chetan-satpute/depth_cam/install/orbbec_camera_msgs/local/lib/python3.10/dist-packages/orbbec_camera_msgs/orbbec_camera_msgs_s__rosidl_typesupport_c.cpython-310-x86_64-linux-gnu.so
-- Set runtime path of "/home/chetan-satpute/depth_cam/install/orbbec_camera_msgs/local/lib/python3.10/dist-packages/orbbec_camera_msgs/orbbec_camera_msgs_s__rosidl_typesupport_c.cpython-310-x86_64-linux-gnu.so" to ""
-- Installing: /home/chetan-satpute/depth_cam/install/orbbec_camera_msgs/lib/liborbbec_camera_msgs__rosidl_generator_py.so
-- Set runtime path of "/home/chetan-satpute/depth_cam/install/orbbec_camera_msgs/lib/liborbbec_camera_msgs__rosidl_generator_py.so" to ""
-- Installing: /home/chetan-satpute/depth_cam/install/orbbec_camera_msgs/share/orbbec_camera_msgs/msg/DeviceInfo.idl
-- Up-to-date: /home/chetan-satpute/depth_cam/install/orbbec_camera_msgs/share/orbbec_camera_msgs/msg/Extrinsics.idl
-- Up-to-date: /home/chetan-satpute/depth_cam/install/orbbec_camera_msgs/share/orbbec_camera_msgs/msg/Metadata.idl
-- Up-to-date: /home/chetan-satpute/depth_cam/install/orbbec_camera_msgs/share/orbbec_camera_msgs/msg/IMUInfo.idl
-- Up-to-date: /home/chetan-satpute/depth_cam/install/orbbec_camera_msgs/share/orbbec_camera_msgs/msg/RGBD.idl
-- Up-to-date: /home/chetan-satpute/depth_cam/install/orbbec_camera_msgs/share/orbbec_camera_msgs/srv/GetBool.idl
-- Up-to-date: /home/chetan-satpute/depth_cam/install/orbbec_camera_msgs/share/orbbec_camera_msgs/srv/GetDeviceInfo.idl
-- Up-to-date: /home/chetan-satpute/depth_cam/install/orbbec_camera_msgs/share/orbbec_camera_msgs/srv/GetCameraInfo.idl
-- Up-to-date: /home/chetan-satpute/depth_cam/install/orbbec_camera_msgs/share/orbbec_camera_msgs/srv/GetInt32.idl
-- Up-to-date: /home/chetan-satpute/depth_cam/install/orbbec_camera_msgs/share/orbbec_camera_msgs/srv/GetString.idl
-- Up-to-date: /home/chetan-satpute/depth_cam/install/orbbec_camera_msgs/share/orbbec_camera_msgs/srv/SetInt32.idl
-- Up-to-date: /home/chetan-satpute/depth_cam/install/orbbec_camera_msgs/share/orbbec_camera_msgs/srv/SetString.idl
-- Installing: /home/chetan-satpute/depth_cam/install/orbbec_camera_msgs/share/orbbec_camera_msgs/msg/DeviceInfo.msg
-- Up-to-date: /home/chetan-satpute/depth_cam/install/orbbec_camera_msgs/share/orbbec_camera_msgs/msg/Extrinsics.msg
-- Up-to-date: /home/chetan-satpute/depth_cam/install/orbbec_camera_msgs/share/orbbec_camera_msgs/msg/Metadata.msg
-- Up-to-date: /home/chetan-satpute/depth_cam/install/orbbec_camera_msgs/share/orbbec_camera_msgs/msg/IMUInfo.msg
-- Up-to-date: /home/chetan-satpute/depth_cam/install/orbbec_camera_msgs/share/orbbec_camera_msgs/msg/RGBD.msg
-- Up-to-date: /home/chetan-satpute/depth_cam/install/orbbec_camera_msgs/share/orbbec_camera_msgs/srv/GetBool.srv
-- Up-to-date: /home/chetan-satpute/depth_cam/install/orbbec_camera_msgs/share/orbbec_camera_msgs/srv/GetBool_Request.msg
-- Up-to-date: /home/chetan-satpute/depth_cam/install/orbbec_camera_msgs/share/orbbec_camera_msgs/srv/GetBool_Response.msg
-- Up-to-date: /home/chetan-satpute/depth_cam/install/orbbec_camera_msgs/share/orbbec_camera_msgs/srv/GetDeviceInfo.srv
-- Up-to-date: /home/chetan-satpute/depth_cam/install/orbbec_camera_msgs/share/orbbec_camera_msgs/srv/GetDeviceInfo_Request.msg
-- Up-to-date: /home/chetan-satpute/depth_cam/install/orbbec_camera_msgs/share/orbbec_camera_msgs/srv/GetDeviceInfo_Response.msg
-- Up-to-date: /home/chetan-satpute/depth_cam/install/orbbec_camera_msgs/share/orbbec_camera_msgs/srv/GetCameraInfo.srv
-- Up-to-date: /home/chetan-satpute/depth_cam/install/orbbec_camera_msgs/share/orbbec_camera_msgs/srv/GetCameraInfo_Request.msg
-- Up-to-date: /home/chetan-satpute/depth_cam/install/orbbec_camera_msgs/share/orbbec_camera_msgs/srv/GetCameraInfo_Response.msg
-- Up-to-date: /home/chetan-satpute/depth_cam/install/orbbec_camera_msgs/share/orbbec_camera_msgs/srv/GetInt32.srv
-- Up-to-date: /home/chetan-satpute/depth_cam/install/orbbec_camera_msgs/share/orbbec_camera_msgs/srv/GetInt32_Request.msg
-- Up-to-date: /home/chetan-satpute/depth_cam/install/orbbec_camera_msgs/share/orbbec_camera_msgs/srv/GetInt32_Response.msg
-- Up-to-date: /home/chetan-satpute/depth_cam/install/orbbec_camera_msgs/share/orbbec_camera_msgs/srv/GetString.srv
-- Up-to-date: /home/chetan-satpute/depth_cam/install/orbbec_camera_msgs/share/orbbec_camera_msgs/srv/GetString_Request.msg
-- Up-to-date: /home/chetan-satpute/depth_cam/install/orbbec_camera_msgs/share/orbbec_camera_msgs/srv/GetString_Response.msg
-- Up-to-date: /home/chetan-satpute/depth_cam/install/orbbec_camera_msgs/share/orbbec_camera_msgs/srv/SetInt32.srv
-- Up-to-date: /home/chetan-satpute/depth_cam/install/orbbec_camera_msgs/share/orbbec_camera_msgs/srv/SetInt32_Request.msg
-- Up-to-date: /home/chetan-satpute/depth_cam/install/orbbec_camera_msgs/share/orbbec_camera_msgs/srv/SetInt32_Response.msg
-- Up-to-date: /home/chetan-satpute/depth_cam/install/orbbec_camera_msgs/share/orbbec_camera_msgs/srv/SetString.srv
-- Up-to-date: /home/chetan-satpute/depth_cam/install/orbbec_camera_msgs/share/orbbec_camera_msgs/srv/SetString_Request.msg
-- Up-to-date: /home/chetan-satpute/depth_cam/install/orbbec_camera_msgs/share/orbbec_camera_msgs/srv/SetString_Response.msg
-- Up-to-date: /home/chetan-satpute/depth_cam/install/orbbec_camera_msgs/share/ament_index/resource_index/package_run_dependencies/orbbec_camera_msgs
-- Up-to-date: /home/chetan-satpute/depth_cam/install/orbbec_camera_msgs/share/ament_index/resource_index/parent_prefix_path/orbbec_camera_msgs
-- Up-to-date: /home/chetan-satpute/depth_cam/install/orbbec_camera_msgs/share/orbbec_camera_msgs/environment/ament_prefix_path.sh
-- Installing: /home/chetan-satpute/depth_cam/install/orbbec_camera_msgs/share/orbbec_camera_msgs/environment/ament_prefix_path.dsv
-- Up-to-date: /home/chetan-satpute/depth_cam/install/orbbec_camera_msgs/share/orbbec_camera_msgs/environment/path.sh
-- Installing: /home/chetan-satpute/depth_cam/install/orbbec_camera_msgs/share/orbbec_camera_msgs/environment/path.dsv
-- Up-to-date: /home/chetan-satpute/depth_cam/install/orbbec_camera_msgs/share/orbbec_camera_msgs/local_setup.bash
-- Up-to-date: /home/chetan-satpute/depth_cam/install/orbbec_camera_msgs/share/orbbec_camera_msgs/local_setup.sh
-- Up-to-date: /home/chetan-satpute/depth_cam/install/orbbec_camera_msgs/share/orbbec_camera_msgs/local_setup.zsh
-- Installing: /home/chetan-satpute/depth_cam/install/orbbec_camera_msgs/share/orbbec_camera_msgs/local_setup.dsv
-- Installing: /home/chetan-satpute/depth_cam/install/orbbec_camera_msgs/share/orbbec_camera_msgs/package.dsv
-- Up-to-date: /home/chetan-satpute/depth_cam/install/orbbec_camera_msgs/share/ament_index/resource_index/packages/orbbec_camera_msgs
-- Up-to-date: /home/chetan-satpute/depth_cam/install/orbbec_camera_msgs/share/orbbec_camera_msgs/cmake/export_orbbec_camera_msgs__rosidl_generator_cExport.cmake
-- Up-to-date: /home/chetan-satpute/depth_cam/install/orbbec_camera_msgs/share/orbbec_camera_msgs/cmake/export_orbbec_camera_msgs__rosidl_generator_cExport-release.cmake
-- Up-to-date: /home/chetan-satpute/depth_cam/install/orbbec_camera_msgs/share/orbbec_camera_msgs/cmake/export_orbbec_camera_msgs__rosidl_typesupport_fastrtps_cExport.cmake
-- Up-to-date: /home/chetan-satpute/depth_cam/install/orbbec_camera_msgs/share/orbbec_camera_msgs/cmake/export_orbbec_camera_msgs__rosidl_typesupport_fastrtps_cExport-release.cmake
-- Up-to-date: /home/chetan-satpute/depth_cam/install/orbbec_camera_msgs/share/orbbec_camera_msgs/cmake/orbbec_camera_msgs__rosidl_typesupport_introspection_cExport.cmake
-- Up-to-date: /home/chetan-satpute/depth_cam/install/orbbec_camera_msgs/share/orbbec_camera_msgs/cmake/orbbec_camera_msgs__rosidl_typesupport_introspection_cExport-release.cmake
-- Up-to-date: /home/chetan-satpute/depth_cam/install/orbbec_camera_msgs/share/orbbec_camera_msgs/cmake/orbbec_camera_msgs__rosidl_typesupport_cExport.cmake
-- Up-to-date: /home/chetan-satpute/depth_cam/install/orbbec_camera_msgs/share/orbbec_camera_msgs/cmake/orbbec_camera_msgs__rosidl_typesupport_cExport-release.cmake
-- Up-to-date: /home/chetan-satpute/depth_cam/install/orbbec_camera_msgs/share/orbbec_camera_msgs/cmake/export_orbbec_camera_msgs__rosidl_generator_cppExport.cmake
-- Up-to-date: /home/chetan-satpute/depth_cam/install/orbbec_camera_msgs/share/orbbec_camera_msgs/cmake/export_orbbec_camera_msgs__rosidl_typesupport_fastrtps_cppExport.cmake
-- Up-to-date: /home/chetan-satpute/depth_cam/install/orbbec_camera_msgs/share/orbbec_camera_msgs/cmake/export_orbbec_camera_msgs__rosidl_typesupport_fastrtps_cppExport-release.cmake
-- Up-to-date: /home/chetan-satpute/depth_cam/install/orbbec_camera_msgs/share/orbbec_camera_msgs/cmake/orbbec_camera_msgs__rosidl_typesupport_introspection_cppExport.cmake
-- Up-to-date: /home/chetan-satpute/depth_cam/install/orbbec_camera_msgs/share/orbbec_camera_msgs/cmake/orbbec_camera_msgs__rosidl_typesupport_introspection_cppExport-release.cmake
-- Up-to-date: /home/chetan-satpute/depth_cam/install/orbbec_camera_msgs/share/orbbec_camera_msgs/cmake/orbbec_camera_msgs__rosidl_typesupport_cppExport.cmake
-- Up-to-date: /home/chetan-satpute/depth_cam/install/orbbec_camera_msgs/share/orbbec_camera_msgs/cmake/orbbec_camera_msgs__rosidl_typesupport_cppExport-release.cmake
-- Up-to-date: /home/chetan-satpute/depth_cam/install/orbbec_camera_msgs/share/orbbec_camera_msgs/cmake/export_orbbec_camera_msgs__rosidl_generator_pyExport.cmake
-- Up-to-date: /home/chetan-satpute/depth_cam/install/orbbec_camera_msgs/share/orbbec_camera_msgs/cmake/export_orbbec_camera_msgs__rosidl_generator_pyExport-release.cmake
-- Installing: /home/chetan-satpute/depth_cam/install/orbbec_camera_msgs/share/orbbec_camera_msgs/cmake/rosidl_cmake-extras.cmake
-- Up-to-date: /home/chetan-satpute/depth_cam/install/orbbec_camera_msgs/share/orbbec_camera_msgs/cmake/ament_cmake_export_dependencies-extras.cmake
-- Up-to-date: /home/chetan-satpute/depth_cam/install/orbbec_camera_msgs/share/orbbec_camera_msgs/cmake/ament_cmake_export_include_directories-extras.cmake
-- Up-to-date: /home/chetan-satpute/depth_cam/install/orbbec_camera_msgs/share/orbbec_camera_msgs/cmake/ament_cmake_export_libraries-extras.cmake
-- Up-to-date: /home/chetan-satpute/depth_cam/install/orbbec_camera_msgs/share/orbbec_camera_msgs/cmake/ament_cmake_export_targets-extras.cmake
-- Up-to-date: /home/chetan-satpute/depth_cam/install/orbbec_camera_msgs/share/orbbec_camera_msgs/cmake/rosidl_cmake_export_typesupport_targets-extras.cmake
-- Up-to-date: /home/chetan-satpute/depth_cam/install/orbbec_camera_msgs/share/orbbec_camera_msgs/cmake/rosidl_cmake_export_typesupport_libraries-extras.cmake
-- Installing: /home/chetan-satpute/depth_cam/install/orbbec_camera_msgs/share/orbbec_camera_msgs/cmake/orbbec_camera_msgsConfig.cmake
-- Installing: /home/chetan-satpute/depth_cam/install/orbbec_camera_msgs/share/orbbec_camera_msgs/cmake/orbbec_camera_msgsConfig-version.cmake
-- Installing: /home/chetan-satpute/depth_cam/install/orbbec_camera_msgs/share/orbbec_camera_msgs/package.xml
