[0.503s] Invoking command in '/home/chetan-satpute/lane_following/src/custom_follow': PYTHONPATH=/home/chetan-satpute/lane_following/build/custom_follow/prefix_override:/usr/lib/python3/dist-packages/colcon_core/task/python/colcon_distutils_commands:/home/chetan-satpute/lane_following/install/custom_follow/lib/python3.10/site-packages:${PYTHONPATH} VIRTUAL_ENV_PROMPT=(.venv) /usr/bin/python3 -W ignore:setup.py install is deprecated -W ignore:easy_install command is deprecated setup.py egg_info --egg-base ../../build/custom_follow build --build-base /home/chetan-satpute/lane_following/build/custom_follow/build install --record /home/chetan-satpute/lane_following/build/custom_follow/install.log --single-version-externally-managed install_data
[0.669s] running egg_info
[0.669s] creating ../../build/custom_follow/custom_follow.egg-info
[0.669s] writing ../../build/custom_follow/custom_follow.egg-info/PKG-INFO
[0.669s] writing dependency_links to ../../build/custom_follow/custom_follow.egg-info/dependency_links.txt
[0.669s] writing entry points to ../../build/custom_follow/custom_follow.egg-info/entry_points.txt
[0.669s] writing requirements to ../../build/custom_follow/custom_follow.egg-info/requires.txt
[0.669s] writing top-level names to ../../build/custom_follow/custom_follow.egg-info/top_level.txt
[0.670s] writing manifest file '../../build/custom_follow/custom_follow.egg-info/SOURCES.txt'
[0.671s] reading manifest file '../../build/custom_follow/custom_follow.egg-info/SOURCES.txt'
[0.671s] writing manifest file '../../build/custom_follow/custom_follow.egg-info/SOURCES.txt'
[0.671s] running build
[0.671s] running build_py
[0.671s] creating /home/chetan-satpute/lane_following/build/custom_follow/build
[0.671s] creating /home/chetan-satpute/lane_following/build/custom_follow/build/lib
[0.671s] creating /home/chetan-satpute/lane_following/build/custom_follow/build/lib/custom_follow
[0.671s] copying custom_follow/infer_node.py -> /home/chetan-satpute/lane_following/build/custom_follow/build/lib/custom_follow
[0.671s] copying custom_follow/esp32_bridge.py -> /home/chetan-satpute/lane_following/build/custom_follow/build/lib/custom_follow
[0.671s] copying custom_follow/__init__.py -> /home/chetan-satpute/lane_following/build/custom_follow/build/lib/custom_follow
[0.672s] running install
[0.672s] running install_lib
[0.672s] creating /home/chetan-satpute/lane_following/install/custom_follow/lib/python3.10/site-packages/custom_follow
[0.672s] copying /home/chetan-satpute/lane_following/build/custom_follow/build/lib/custom_follow/infer_node.py -> /home/chetan-satpute/lane_following/install/custom_follow/lib/python3.10/site-packages/custom_follow
[0.672s] copying /home/chetan-satpute/lane_following/build/custom_follow/build/lib/custom_follow/esp32_bridge.py -> /home/chetan-satpute/lane_following/install/custom_follow/lib/python3.10/site-packages/custom_follow
[0.672s] copying /home/chetan-satpute/lane_following/build/custom_follow/build/lib/custom_follow/__init__.py -> /home/chetan-satpute/lane_following/install/custom_follow/lib/python3.10/site-packages/custom_follow
[0.672s] byte-compiling /home/chetan-satpute/lane_following/install/custom_follow/lib/python3.10/site-packages/custom_follow/infer_node.py to infer_node.cpython-310.pyc
[0.674s] byte-compiling /home/chetan-satpute/lane_following/install/custom_follow/lib/python3.10/site-packages/custom_follow/esp32_bridge.py to esp32_bridge.cpython-310.pyc
[0.675s] byte-compiling /home/chetan-satpute/lane_following/install/custom_follow/lib/python3.10/site-packages/custom_follow/__init__.py to __init__.cpython-310.pyc
[0.675s] running install_data
[0.675s] creating /home/chetan-satpute/lane_following/install/custom_follow/share/ament_index
[0.675s] creating /home/chetan-satpute/lane_following/install/custom_follow/share/ament_index/resource_index
[0.675s] creating /home/chetan-satpute/lane_following/install/custom_follow/share/ament_index/resource_index/packages
[0.675s] copying resource/custom_follow -> /home/chetan-satpute/lane_following/install/custom_follow/share/ament_index/resource_index/packages
[0.675s] copying package.xml -> /home/chetan-satpute/lane_following/install/custom_follow/share/custom_follow
[0.675s] creating /home/chetan-satpute/lane_following/install/custom_follow/share/custom_follow/model
[0.675s] copying model/lane_model.pt -> /home/chetan-satpute/lane_following/install/custom_follow/share/custom_follow/model
[0.681s] running install_egg_info
[0.683s] Copying ../../build/custom_follow/custom_follow.egg-info to /home/chetan-satpute/lane_following/install/custom_follow/lib/python3.10/site-packages/custom_follow-0.1.0-py3.10.egg-info
[0.683s] running install_scripts
[0.696s] Installing esp32_bridge script to /home/chetan-satpute/lane_following/install/custom_follow/lib/custom_follow
[0.696s] Installing infer_node script to /home/chetan-satpute/lane_following/install/custom_follow/lib/custom_follow
[0.696s] writing list of installed files to '/home/chetan-satpute/lane_following/build/custom_follow/install.log'
[0.714s] Invoked command in '/home/chetan-satpute/lane_following/src/custom_follow' returned '0': PYTHONPATH=/home/chetan-satpute/lane_following/build/custom_follow/prefix_override:/usr/lib/python3/dist-packages/colcon_core/task/python/colcon_distutils_commands:/home/chetan-satpute/lane_following/install/custom_follow/lib/python3.10/site-packages:${PYTHONPATH} VIRTUAL_ENV_PROMPT=(.venv) /usr/bin/python3 -W ignore:setup.py install is deprecated -W ignore:easy_install command is deprecated setup.py egg_info --egg-base ../../build/custom_follow build --build-base /home/chetan-satpute/lane_following/build/custom_follow/build install --record /home/chetan-satpute/lane_following/build/custom_follow/install.log --single-version-externally-managed install_data
