running egg_info
writing ../../build/keyboard_teleoperation/keyboard_teleoperation.egg-info/PKG-INFO
writing dependency_links to ../../build/keyboard_teleoperation/keyboard_teleoperation.egg-info/dependency_links.txt
writing entry points to ../../build/keyboard_teleoperation/keyboard_teleoperation.egg-info/entry_points.txt
writing requirements to ../../build/keyboard_teleoperation/keyboard_teleoperation.egg-info/requires.txt
writing top-level names to ../../build/keyboard_teleoperation/keyboard_teleoperation.egg-info/top_level.txt
reading manifest file '../../build/keyboard_teleoperation/keyboard_teleoperation.egg-info/SOURCES.txt'
writing manifest file '../../build/keyboard_teleoperation/keyboard_teleoperation.egg-info/SOURCES.txt'
running build
running build_py
running install
running install_lib
running install_data
running install_egg_info
removing '/home/chetan-satpute/lane_following/install/keyboard_teleoperation/lib/python3.10/site-packages/keyboard_teleoperation-0.1.0-py3.10.egg-info' (and everything under it)
Copying ../../build/keyboard_teleoperation/keyboard_teleoperation.egg-info to /home/chetan-satpute/lane_following/install/keyboard_teleoperation/lib/python3.10/site-packages/keyboard_teleoperation-0.1.0-py3.10.egg-info
running install_scripts
Installing esp32_cmd_bridge script to /home/chetan-satpute/lane_following/install/keyboard_teleoperation/lib/keyboard_teleoperation
Installing keyboard_teleop script to /home/chetan-satpute/lane_following/install/keyboard_teleoperation/lib/keyboard_teleoperation
writing list of installed files to '/home/chetan-satpute/lane_following/build/keyboard_teleoperation/install.log'
