[0.705s] Invoking command in '/home/chetan-satpute/lane_following/src/keyboard_teleoperation': PYTHONPATH=/home/chetan-satpute/lane_following/build/keyboard_teleoperation/prefix_override:/usr/lib/python3/dist-packages/colcon_core/task/python/colcon_distutils_commands:/home/chetan-satpute/lane_following/install/keyboard_teleoperation/lib/python3.10/site-packages:${PYTHONPATH} VIRTUAL_ENV_PROMPT=(.venv) /usr/bin/python3 -W ignore:setup.py install is deprecated -W ignore:easy_install command is deprecated setup.py egg_info --egg-base ../../build/keyboard_teleoperation build --build-base /home/chetan-satpute/lane_following/build/keyboard_teleoperation/build install --record /home/chetan-satpute/lane_following/build/keyboard_teleoperation/install.log --single-version-externally-managed install_data
[0.874s] running egg_info
[0.875s] writing ../../build/keyboard_teleoperation/keyboard_teleoperation.egg-info/PKG-INFO
[0.875s] writing dependency_links to ../../build/keyboard_teleoperation/keyboard_teleoperation.egg-info/dependency_links.txt
[0.875s] writing entry points to ../../build/keyboard_teleoperation/keyboard_teleoperation.egg-info/entry_points.txt
[0.875s] writing requirements to ../../build/keyboard_teleoperation/keyboard_teleoperation.egg-info/requires.txt
[0.875s] writing top-level names to ../../build/keyboard_teleoperation/keyboard_teleoperation.egg-info/top_level.txt
[0.876s] reading manifest file '../../build/keyboard_teleoperation/keyboard_teleoperation.egg-info/SOURCES.txt'
[0.876s] writing manifest file '../../build/keyboard_teleoperation/keyboard_teleoperation.egg-info/SOURCES.txt'
[0.877s] running build
[0.877s] running build_py
[0.877s] running install
[0.877s] running install_lib
[0.878s] running install_data
[0.878s] running install_egg_info
[0.879s] removing '/home/chetan-satpute/lane_following/install/keyboard_teleoperation/lib/python3.10/site-packages/keyboard_teleoperation-0.1.0-py3.10.egg-info' (and everything under it)
[0.879s] Copying ../../build/keyboard_teleoperation/keyboard_teleoperation.egg-info to /home/chetan-satpute/lane_following/install/keyboard_teleoperation/lib/python3.10/site-packages/keyboard_teleoperation-0.1.0-py3.10.egg-info
[0.879s] running install_scripts
[0.894s] Installing esp32_cmd_bridge script to /home/chetan-satpute/lane_following/install/keyboard_teleoperation/lib/keyboard_teleoperation
[0.894s] Installing keyboard_teleop script to /home/chetan-satpute/lane_following/install/keyboard_teleoperation/lib/keyboard_teleoperation
[0.894s] writing list of installed files to '/home/chetan-satpute/lane_following/build/keyboard_teleoperation/install.log'
[0.913s] Invoked command in '/home/chetan-satpute/lane_following/src/keyboard_teleoperation' returned '0': PYTHONPATH=/home/chetan-satpute/lane_following/build/keyboard_teleoperation/prefix_override:/usr/lib/python3/dist-packages/colcon_core/task/python/colcon_distutils_commands:/home/chetan-satpute/lane_following/install/keyboard_teleoperation/lib/python3.10/site-packages:${PYTHONPATH} VIRTUAL_ENV_PROMPT=(.venv) /usr/bin/python3 -W ignore:setup.py install is deprecated -W ignore:easy_install command is deprecated setup.py egg_info --egg-base ../../build/keyboard_teleoperation build --build-base /home/chetan-satpute/lane_following/build/keyboard_teleoperation/build install --record /home/chetan-satpute/lane_following/build/keyboard_teleoperation/install.log --single-version-externally-managed install_data
