[0.495s] Invoking command in '/home/chetan-satpute/lane_following/src/custom_follow': PYTHONPATH=/home/chetan-satpute/lane_following/build/custom_follow/prefix_override:/usr/lib/python3/dist-packages/colcon_core/task/python/colcon_distutils_commands:/home/chetan-satpute/lane_following/install/custom_follow/lib/python3.10/site-packages:${PYTHONPATH} /usr/bin/python3 -W ignore:setup.py install is deprecated -W ignore:easy_install command is deprecated setup.py egg_info --egg-base ../../build/custom_follow build --build-base /home/chetan-satpute/lane_following/build/custom_follow/build install --record /home/chetan-satpute/lane_following/build/custom_follow/install.log --single-version-externally-managed install_data
[0.662s] running egg_info
[0.662s] writing ../../build/custom_follow/custom_follow.egg-info/PKG-INFO
[0.663s] writing dependency_links to ../../build/custom_follow/custom_follow.egg-info/dependency_links.txt
[0.663s] writing entry points to ../../build/custom_follow/custom_follow.egg-info/entry_points.txt
[0.663s] writing requirements to ../../build/custom_follow/custom_follow.egg-info/requires.txt
[0.663s] writing top-level names to ../../build/custom_follow/custom_follow.egg-info/top_level.txt
[0.664s] reading manifest file '../../build/custom_follow/custom_follow.egg-info/SOURCES.txt'
[0.664s] writing manifest file '../../build/custom_follow/custom_follow.egg-info/SOURCES.txt'
[0.664s] running build
[0.664s] running build_py
[0.665s] running install
[0.665s] running install_lib
[0.666s] running install_data
[0.666s] running install_egg_info
[0.667s] removing '/home/chetan-satpute/lane_following/install/custom_follow/lib/python3.10/site-packages/custom_follow-0.1.0-py3.10.egg-info' (and everything under it)
[0.667s] Copying ../../build/custom_follow/custom_follow.egg-info to /home/chetan-satpute/lane_following/install/custom_follow/lib/python3.10/site-packages/custom_follow-0.1.0-py3.10.egg-info
[0.667s] running install_scripts
[0.681s] Installing infer_node script to /home/chetan-satpute/lane_following/install/custom_follow/lib/custom_follow
[0.682s] writing list of installed files to '/home/chetan-satpute/lane_following/build/custom_follow/install.log'
[0.697s] Invoked command in '/home/chetan-satpute/lane_following/src/custom_follow' returned '0': PYTHONPATH=/home/chetan-satpute/lane_following/build/custom_follow/prefix_override:/usr/lib/python3/dist-packages/colcon_core/task/python/colcon_distutils_commands:/home/chetan-satpute/lane_following/install/custom_follow/lib/python3.10/site-packages:${PYTHONPATH} /usr/bin/python3 -W ignore:setup.py install is deprecated -W ignore:easy_install command is deprecated setup.py egg_info --egg-base ../../build/custom_follow build --build-base /home/chetan-satpute/lane_following/build/custom_follow/build install --record /home/chetan-satpute/lane_following/build/custom_follow/install.log --single-version-externally-managed install_data
