[0.193s] [34mcolcon[0m [1;30mDEBUG[0m [32mCommand line arguments: ['/usr/bin/colcon', 'build'][0m
[0.194s] [34mcolcon[0m [1;30mDEBUG[0m [32mParsed command line arguments: Namespace(log_base=None, log_level=None, verb_name='build', build_base='build', install_base='install', merge_install=False, symlink_install=False, test_result_base=None, continue_on_error=False, executor='parallel', parallel_workers=16, event_handlers=None, ignore_user_meta=False, metas=['./colcon.meta'], base_paths=['.'], packages_ignore=None, packages_ignore_regex=None, paths=None, packages_up_to=None, packages_up_to_regex=None, packages_above=None, packages_above_and_dependencies=None, packages_above_depth=None, packages_select_by_dep=None, packages_skip_by_dep=None, packages_skip_up_to=None, packages_select_build_failed=False, packages_skip_build_finished=False, packages_select_test_failures=False, packages_skip_test_passed=False, packages_select=None, packages_skip=None, packages_select_regex=None, packages_skip_regex=None, packages_start=None, packages_end=None, allow_overriding=[], cmake_args=None, cmake_target=None, cmake_target_skip_unavailable=False, cmake_clean_cache=False, cmake_clean_first=False, cmake_force_configure=False, ament_cmake_args=None, catkin_cmake_args=None, catkin_skip_building_tests=False, mixin_files=None, mixin=None, verb_parser=<colcon_mixin.mixin.mixin_argument.MixinArgumentDecorator object at 0x75f54f82a500>, verb_extension=<colcon_core.verb.build.BuildVerb object at 0x75f54f829fc0>, main=<bound method BuildVerb.main of <colcon_core.verb.build.BuildVerb object at 0x75f54f829fc0>>, mixin_verb=('build',))[0m
[0.572s] [34mcolcon.colcon_core.package_discovery[0m [1;30mLevel 1[0m discover_packages(colcon_meta) check parameters
[0.572s] [34mcolcon.colcon_core.package_discovery[0m [1;30mLevel 1[0m discover_packages(recursive) check parameters
[0.573s] [34mcolcon.colcon_core.package_discovery[0m [1;30mLevel 1[0m discover_packages(ignore) check parameters
[0.573s] [34mcolcon.colcon_core.package_discovery[0m [1;30mLevel 1[0m discover_packages(path) check parameters
[0.573s] [34mcolcon.colcon_core.package_discovery[0m [1;30mLevel 1[0m discover_packages(colcon_meta) discover
[0.573s] [34mcolcon.colcon_core.package_discovery[0m [1;30mLevel 1[0m discover_packages(recursive) discover
[0.573s] [34mcolcon.colcon_core.package_discovery[0m [1;30mINFO[0m Crawling recursively for packages in '/home/chetan-satpute/lane_following'
[0.573s] [34mcolcon.colcon_core.package_identification[0m [1;30mLevel 1[0m _identify(.) by extensions ['ignore', 'ignore_ament_install']
[0.573s] [34mcolcon.colcon_core.package_identification[0m [1;30mLevel 1[0m _identify(.) by extension 'ignore'
[0.573s] [34mcolcon.colcon_core.package_identification[0m [1;30mLevel 1[0m _identify(.) by extension 'ignore_ament_install'
[0.573s] [34mcolcon.colcon_core.package_identification[0m [1;30mLevel 1[0m _identify(.) by extensions ['colcon_pkg']
[0.573s] [34mcolcon.colcon_core.package_identification[0m [1;30mLevel 1[0m _identify(.) by extension 'colcon_pkg'
[0.573s] [34mcolcon.colcon_core.package_identification[0m [1;30mLevel 1[0m _identify(.) by extensions ['colcon_meta']
[0.573s] [34mcolcon.colcon_core.package_identification[0m [1;30mLevel 1[0m _identify(.) by extension 'colcon_meta'
[0.573s] [34mcolcon.colcon_core.package_identification[0m [1;30mLevel 1[0m _identify(.) by extensions ['ros']
[0.573s] [34mcolcon.colcon_core.package_identification[0m [1;30mLevel 1[0m _identify(.) by extension 'ros'
[0.606s] [34mcolcon.colcon_core.package_identification[0m [1;30mLevel 1[0m _identify(.) by extensions ['cmake', 'python']
[0.606s] [34mcolcon.colcon_core.package_identification[0m [1;30mLevel 1[0m _identify(.) by extension 'cmake'
[0.606s] [34mcolcon.colcon_core.package_identification[0m [1;30mLevel 1[0m _identify(.) by extension 'python'
[0.606s] [34mcolcon.colcon_core.package_identification[0m [1;30mLevel 1[0m _identify(.) by extensions ['python_setup_py']
[0.606s] [34mcolcon.colcon_core.package_identification[0m [1;30mLevel 1[0m _identify(.) by extension 'python_setup_py'
[0.606s] [34mcolcon.colcon_core.package_identification[0m [1;30mLevel 1[0m _identify(Log) by extensions ['ignore', 'ignore_ament_install']
[0.606s] [34mcolcon.colcon_core.package_identification[0m [1;30mLevel 1[0m _identify(Log) by extension 'ignore'
[0.606s] [34mcolcon.colcon_core.package_identification[0m [1;30mLevel 1[0m _identify(Log) by extension 'ignore_ament_install'
[0.606s] [34mcolcon.colcon_core.package_identification[0m [1;30mLevel 1[0m _identify(Log) by extensions ['colcon_pkg']
[0.606s] [34mcolcon.colcon_core.package_identification[0m [1;30mLevel 1[0m _identify(Log) by extension 'colcon_pkg'
[0.606s] [34mcolcon.colcon_core.package_identification[0m [1;30mLevel 1[0m _identify(Log) by extensions ['colcon_meta']
[0.606s] [34mcolcon.colcon_core.package_identification[0m [1;30mLevel 1[0m _identify(Log) by extension 'colcon_meta'
[0.606s] [34mcolcon.colcon_core.package_identification[0m [1;30mLevel 1[0m _identify(Log) by extensions ['ros']
[0.606s] [34mcolcon.colcon_core.package_identification[0m [1;30mLevel 1[0m _identify(Log) by extension 'ros'
[0.606s] [34mcolcon.colcon_core.package_identification[0m [1;30mLevel 1[0m _identify(Log) by extensions ['cmake', 'python']
[0.606s] [34mcolcon.colcon_core.package_identification[0m [1;30mLevel 1[0m _identify(Log) by extension 'cmake'
[0.606s] [34mcolcon.colcon_core.package_identification[0m [1;30mLevel 1[0m _identify(Log) by extension 'python'
[0.606s] [34mcolcon.colcon_core.package_identification[0m [1;30mLevel 1[0m _identify(Log) by extensions ['python_setup_py']
[0.606s] [34mcolcon.colcon_core.package_identification[0m [1;30mLevel 1[0m _identify(Log) by extension 'python_setup_py'
[0.607s] [34mcolcon.colcon_core.package_identification[0m [1;30mLevel 1[0m _identify(build) by extensions ['ignore', 'ignore_ament_install']
[0.607s] [34mcolcon.colcon_core.package_identification[0m [1;30mLevel 1[0m _identify(build) by extension 'ignore'
[0.607s] [34mcolcon.colcon_core.package_identification[0m [1;30mLevel 1[0m _identify(build) ignored
[0.607s] [34mcolcon.colcon_core.package_identification[0m [1;30mLevel 1[0m _identify(install) by extensions ['ignore', 'ignore_ament_install']
[0.607s] [34mcolcon.colcon_core.package_identification[0m [1;30mLevel 1[0m _identify(install) by extension 'ignore'
[0.607s] [34mcolcon.colcon_core.package_identification[0m [1;30mLevel 1[0m _identify(install) ignored
[0.607s] [34mcolcon.colcon_core.package_identification[0m [1;30mLevel 1[0m _identify(log) by extensions ['ignore', 'ignore_ament_install']
[0.607s] [34mcolcon.colcon_core.package_identification[0m [1;30mLevel 1[0m _identify(log) by extension 'ignore'
[0.607s] [34mcolcon.colcon_core.package_identification[0m [1;30mLevel 1[0m _identify(log) ignored
[0.607s] [34mcolcon.colcon_core.package_identification[0m [1;30mLevel 1[0m _identify(src) by extensions ['ignore', 'ignore_ament_install']
[0.607s] [34mcolcon.colcon_core.package_identification[0m [1;30mLevel 1[0m _identify(src) by extension 'ignore'
[0.607s] [34mcolcon.colcon_core.package_identification[0m [1;30mLevel 1[0m _identify(src) by extension 'ignore_ament_install'
[0.607s] [34mcolcon.colcon_core.package_identification[0m [1;30mLevel 1[0m _identify(src) by extensions ['colcon_pkg']
[0.607s] [34mcolcon.colcon_core.package_identification[0m [1;30mLevel 1[0m _identify(src) by extension 'colcon_pkg'
[0.607s] [34mcolcon.colcon_core.package_identification[0m [1;30mLevel 1[0m _identify(src) by extensions ['colcon_meta']
[0.607s] [34mcolcon.colcon_core.package_identification[0m [1;30mLevel 1[0m _identify(src) by extension 'colcon_meta'
[0.607s] [34mcolcon.colcon_core.package_identification[0m [1;30mLevel 1[0m _identify(src) by extensions ['ros']
[0.607s] [34mcolcon.colcon_core.package_identification[0m [1;30mLevel 1[0m _identify(src) by extension 'ros'
[0.607s] [34mcolcon.colcon_core.package_identification[0m [1;30mLevel 1[0m _identify(src) by extensions ['cmake', 'python']
[0.607s] [34mcolcon.colcon_core.package_identification[0m [1;30mLevel 1[0m _identify(src) by extension 'cmake'
[0.607s] [34mcolcon.colcon_core.package_identification[0m [1;30mLevel 1[0m _identify(src) by extension 'python'
[0.607s] [34mcolcon.colcon_core.package_identification[0m [1;30mLevel 1[0m _identify(src) by extensions ['python_setup_py']
[0.607s] [34mcolcon.colcon_core.package_identification[0m [1;30mLevel 1[0m _identify(src) by extension 'python_setup_py'
[0.607s] [34mcolcon.colcon_core.package_identification[0m [1;30mLevel 1[0m _identify(src/OrbbecSDK_ROS2) by extensions ['ignore', 'ignore_ament_install']
[0.607s] [34mcolcon.colcon_core.package_identification[0m [1;30mLevel 1[0m _identify(src/OrbbecSDK_ROS2) by extension 'ignore'
[0.607s] [34mcolcon.colcon_core.package_identification[0m [1;30mLevel 1[0m _identify(src/OrbbecSDK_ROS2) by extension 'ignore_ament_install'
[0.607s] [34mcolcon.colcon_core.package_identification[0m [1;30mLevel 1[0m _identify(src/OrbbecSDK_ROS2) by extensions ['colcon_pkg']
[0.607s] [34mcolcon.colcon_core.package_identification[0m [1;30mLevel 1[0m _identify(src/OrbbecSDK_ROS2) by extension 'colcon_pkg'
[0.607s] [34mcolcon.colcon_core.package_identification[0m [1;30mLevel 1[0m _identify(src/OrbbecSDK_ROS2) by extensions ['colcon_meta']
[0.607s] [34mcolcon.colcon_core.package_identification[0m [1;30mLevel 1[0m _identify(src/OrbbecSDK_ROS2) by extension 'colcon_meta'
[0.607s] [34mcolcon.colcon_core.package_identification[0m [1;30mLevel 1[0m _identify(src/OrbbecSDK_ROS2) by extensions ['ros']
[0.607s] [34mcolcon.colcon_core.package_identification[0m [1;30mLevel 1[0m _identify(src/OrbbecSDK_ROS2) by extension 'ros'
[0.608s] [34mcolcon.colcon_core.package_identification[0m [1;30mLevel 1[0m _identify(src/OrbbecSDK_ROS2) by extensions ['cmake', 'python']
[0.608s] [34mcolcon.colcon_core.package_identification[0m [1;30mLevel 1[0m _identify(src/OrbbecSDK_ROS2) by extension 'cmake'
[0.608s] [34mcolcon.colcon_core.package_identification[0m [1;30mLevel 1[0m _identify(src/OrbbecSDK_ROS2) by extension 'python'
[0.608s] [34mcolcon.colcon_core.package_identification[0m [1;30mLevel 1[0m _identify(src/OrbbecSDK_ROS2) by extensions ['python_setup_py']
[0.608s] [34mcolcon.colcon_core.package_identification[0m [1;30mLevel 1[0m _identify(src/OrbbecSDK_ROS2) by extension 'python_setup_py'
[0.608s] [34mcolcon.colcon_core.package_identification[0m [1;30mLevel 1[0m _identify(src/OrbbecSDK_ROS2/docs) by extensions ['ignore', 'ignore_ament_install']
[0.608s] [34mcolcon.colcon_core.package_identification[0m [1;30mLevel 1[0m _identify(src/OrbbecSDK_ROS2/docs) by extension 'ignore'
[0.608s] [34mcolcon.colcon_core.package_identification[0m [1;30mLevel 1[0m _identify(src/OrbbecSDK_ROS2/docs) by extension 'ignore_ament_install'
[0.608s] [34mcolcon.colcon_core.package_identification[0m [1;30mLevel 1[0m _identify(src/OrbbecSDK_ROS2/docs) by extensions ['colcon_pkg']
[0.608s] [34mcolcon.colcon_core.package_identification[0m [1;30mLevel 1[0m _identify(src/OrbbecSDK_ROS2/docs) by extension 'colcon_pkg'
[0.608s] [34mcolcon.colcon_core.package_identification[0m [1;30mLevel 1[0m _identify(src/OrbbecSDK_ROS2/docs) by extensions ['colcon_meta']
[0.608s] [34mcolcon.colcon_core.package_identification[0m [1;30mLevel 1[0m _identify(src/OrbbecSDK_ROS2/docs) by extension 'colcon_meta'
[0.608s] [34mcolcon.colcon_core.package_identification[0m [1;30mLevel 1[0m _identify(src/OrbbecSDK_ROS2/docs) by extensions ['ros']
[0.608s] [34mcolcon.colcon_core.package_identification[0m [1;30mLevel 1[0m _identify(src/OrbbecSDK_ROS2/docs) by extension 'ros'
[0.608s] [34mcolcon.colcon_core.package_identification[0m [1;30mLevel 1[0m _identify(src/OrbbecSDK_ROS2/docs) by extensions ['cmake', 'python']
[0.608s] [34mcolcon.colcon_core.package_identification[0m [1;30mLevel 1[0m _identify(src/OrbbecSDK_ROS2/docs) by extension 'cmake'
[0.608s] [34mcolcon.colcon_core.package_identification[0m [1;30mLevel 1[0m _identify(src/OrbbecSDK_ROS2/docs) by extension 'python'
[0.608s] [34mcolcon.colcon_core.package_identification[0m [1;30mLevel 1[0m _identify(src/OrbbecSDK_ROS2/docs) by extensions ['python_setup_py']
[0.608s] [34mcolcon.colcon_core.package_identification[0m [1;30mLevel 1[0m _identify(src/OrbbecSDK_ROS2/docs) by extension 'python_setup_py'
[0.608s] [34mcolcon.colcon_core.package_identification[0m [1;30mLevel 1[0m _identify(src/OrbbecSDK_ROS2/docs/images) by extensions ['ignore', 'ignore_ament_install']
[0.608s] [34mcolcon.colcon_core.package_identification[0m [1;30mLevel 1[0m _identify(src/OrbbecSDK_ROS2/docs/images) by extension 'ignore'
[0.608s] [34mcolcon.colcon_core.package_identification[0m [1;30mLevel 1[0m _identify(src/OrbbecSDK_ROS2/docs/images) by extension 'ignore_ament_install'
[0.608s] [34mcolcon.colcon_core.package_identification[0m [1;30mLevel 1[0m _identify(src/OrbbecSDK_ROS2/docs/images) by extensions ['colcon_pkg']
[0.608s] [34mcolcon.colcon_core.package_identification[0m [1;30mLevel 1[0m _identify(src/OrbbecSDK_ROS2/docs/images) by extension 'colcon_pkg'
[0.608s] [34mcolcon.colcon_core.package_identification[0m [1;30mLevel 1[0m _identify(src/OrbbecSDK_ROS2/docs/images) by extensions ['colcon_meta']
[0.608s] [34mcolcon.colcon_core.package_identification[0m [1;30mLevel 1[0m _identify(src/OrbbecSDK_ROS2/docs/images) by extension 'colcon_meta'
[0.608s] [34mcolcon.colcon_core.package_identification[0m [1;30mLevel 1[0m _identify(src/OrbbecSDK_ROS2/docs/images) by extensions ['ros']
[0.608s] [34mcolcon.colcon_core.package_identification[0m [1;30mLevel 1[0m _identify(src/OrbbecSDK_ROS2/docs/images) by extension 'ros'
[0.608s] [34mcolcon.colcon_core.package_identification[0m [1;30mLevel 1[0m _identify(src/OrbbecSDK_ROS2/docs/images) by extensions ['cmake', 'python']
[0.608s] [34mcolcon.colcon_core.package_identification[0m [1;30mLevel 1[0m _identify(src/OrbbecSDK_ROS2/docs/images) by extension 'cmake'
[0.608s] [34mcolcon.colcon_core.package_identification[0m [1;30mLevel 1[0m _identify(src/OrbbecSDK_ROS2/docs/images) by extension 'python'
[0.608s] [34mcolcon.colcon_core.package_identification[0m [1;30mLevel 1[0m _identify(src/OrbbecSDK_ROS2/docs/images) by extensions ['python_setup_py']
[0.608s] [34mcolcon.colcon_core.package_identification[0m [1;30mLevel 1[0m _identify(src/OrbbecSDK_ROS2/docs/images) by extension 'python_setup_py'
[0.608s] [34mcolcon.colcon_core.package_identification[0m [1;30mLevel 1[0m _identify(src/OrbbecSDK_ROS2/orbbec_camera) by extensions ['ignore', 'ignore_ament_install']
[0.608s] [34mcolcon.colcon_core.package_identification[0m [1;30mLevel 1[0m _identify(src/OrbbecSDK_ROS2/orbbec_camera) by extension 'ignore'
[0.609s] [34mcolcon.colcon_core.package_identification[0m [1;30mLevel 1[0m _identify(src/OrbbecSDK_ROS2/orbbec_camera) by extension 'ignore_ament_install'
[0.609s] [34mcolcon.colcon_core.package_identification[0m [1;30mLevel 1[0m _identify(src/OrbbecSDK_ROS2/orbbec_camera) by extensions ['colcon_pkg']
[0.609s] [34mcolcon.colcon_core.package_identification[0m [1;30mLevel 1[0m _identify(src/OrbbecSDK_ROS2/orbbec_camera) by extension 'colcon_pkg'
[0.609s] [34mcolcon.colcon_core.package_identification[0m [1;30mLevel 1[0m _identify(src/OrbbecSDK_ROS2/orbbec_camera) by extensions ['colcon_meta']
[0.609s] [34mcolcon.colcon_core.package_identification[0m [1;30mLevel 1[0m _identify(src/OrbbecSDK_ROS2/orbbec_camera) by extension 'colcon_meta'
[0.609s] [34mcolcon.colcon_core.package_identification[0m [1;30mLevel 1[0m _identify(src/OrbbecSDK_ROS2/orbbec_camera) by extensions ['ros']
[0.609s] [34mcolcon.colcon_core.package_identification[0m [1;30mLevel 1[0m _identify(src/OrbbecSDK_ROS2/orbbec_camera) by extension 'ros'
[0.612s] [34mcolcon.colcon_core.package_identification[0m [1;30mDEBUG[0m [32mPackage 'src/OrbbecSDK_ROS2/orbbec_camera' with type 'ros.ament_cmake' and name 'orbbec_camera'[0m
[0.612s] [34mcolcon.colcon_core.package_identification[0m [1;30mLevel 1[0m _identify(src/OrbbecSDK_ROS2/orbbec_camera_msgs) by extensions ['ignore', 'ignore_ament_install']
[0.612s] [34mcolcon.colcon_core.package_identification[0m [1;30mLevel 1[0m _identify(src/OrbbecSDK_ROS2/orbbec_camera_msgs) by extension 'ignore'
[0.612s] [34mcolcon.colcon_core.package_identification[0m [1;30mLevel 1[0m _identify(src/OrbbecSDK_ROS2/orbbec_camera_msgs) by extension 'ignore_ament_install'
[0.612s] [34mcolcon.colcon_core.package_identification[0m [1;30mLevel 1[0m _identify(src/OrbbecSDK_ROS2/orbbec_camera_msgs) by extensions ['colcon_pkg']
[0.612s] [34mcolcon.colcon_core.package_identification[0m [1;30mLevel 1[0m _identify(src/OrbbecSDK_ROS2/orbbec_camera_msgs) by extension 'colcon_pkg'
[0.612s] [34mcolcon.colcon_core.package_identification[0m [1;30mLevel 1[0m _identify(src/OrbbecSDK_ROS2/orbbec_camera_msgs) by extensions ['colcon_meta']
[0.612s] [34mcolcon.colcon_core.package_identification[0m [1;30mLevel 1[0m _identify(src/OrbbecSDK_ROS2/orbbec_camera_msgs) by extension 'colcon_meta'
[0.613s] [34mcolcon.colcon_core.package_identification[0m [1;30mLevel 1[0m _identify(src/OrbbecSDK_ROS2/orbbec_camera_msgs) by extensions ['ros']
[0.613s] [34mcolcon.colcon_core.package_identification[0m [1;30mLevel 1[0m _identify(src/OrbbecSDK_ROS2/orbbec_camera_msgs) by extension 'ros'
[0.613s] [34mcolcon.colcon_core.package_identification[0m [1;30mDEBUG[0m [32mPackage 'src/OrbbecSDK_ROS2/orbbec_camera_msgs' with type 'ros.ament_cmake' and name 'orbbec_camera_msgs'[0m
[0.614s] [34mcolcon.colcon_core.package_identification[0m [1;30mLevel 1[0m _identify(src/OrbbecSDK_ROS2/orbbec_description) by extensions ['ignore', 'ignore_ament_install']
[0.614s] [34mcolcon.colcon_core.package_identification[0m [1;30mLevel 1[0m _identify(src/OrbbecSDK_ROS2/orbbec_description) by extension 'ignore'
[0.614s] [34mcolcon.colcon_core.package_identification[0m [1;30mLevel 1[0m _identify(src/OrbbecSDK_ROS2/orbbec_description) by extension 'ignore_ament_install'
[0.614s] [34mcolcon.colcon_core.package_identification[0m [1;30mLevel 1[0m _identify(src/OrbbecSDK_ROS2/orbbec_description) by extensions ['colcon_pkg']
[0.614s] [34mcolcon.colcon_core.package_identification[0m [1;30mLevel 1[0m _identify(src/OrbbecSDK_ROS2/orbbec_description) by extension 'colcon_pkg'
[0.614s] [34mcolcon.colcon_core.package_identification[0m [1;30mLevel 1[0m _identify(src/OrbbecSDK_ROS2/orbbec_description) by extensions ['colcon_meta']
[0.614s] [34mcolcon.colcon_core.package_identification[0m [1;30mLevel 1[0m _identify(src/OrbbecSDK_ROS2/orbbec_description) by extension 'colcon_meta'
[0.614s] [34mcolcon.colcon_core.package_identification[0m [1;30mLevel 1[0m _identify(src/OrbbecSDK_ROS2/orbbec_description) by extensions ['ros']
[0.614s] [34mcolcon.colcon_core.package_identification[0m [1;30mLevel 1[0m _identify(src/OrbbecSDK_ROS2/orbbec_description) by extension 'ros'
[0.614s] [34mcolcon.colcon_core.package_identification[0m [1;30mDEBUG[0m [32mPackage 'src/OrbbecSDK_ROS2/orbbec_description' with type 'ros.ament_cmake' and name 'orbbec_description'[0m
[0.615s] [34mcolcon.colcon_core.package_identification[0m [1;30mLevel 1[0m _identify(src/custom_follow) by extensions ['ignore', 'ignore_ament_install']
[0.615s] [34mcolcon.colcon_core.package_identification[0m [1;30mLevel 1[0m _identify(src/custom_follow) by extension 'ignore'
[0.615s] [34mcolcon.colcon_core.package_identification[0m [1;30mLevel 1[0m _identify(src/custom_follow) by extension 'ignore_ament_install'
[0.615s] [34mcolcon.colcon_core.package_identification[0m [1;30mLevel 1[0m _identify(src/custom_follow) by extensions ['colcon_pkg']
[0.615s] [34mcolcon.colcon_core.package_identification[0m [1;30mLevel 1[0m _identify(src/custom_follow) by extension 'colcon_pkg'
[0.615s] [34mcolcon.colcon_core.package_identification[0m [1;30mLevel 1[0m _identify(src/custom_follow) by extensions ['colcon_meta']
[0.615s] [34mcolcon.colcon_core.package_identification[0m [1;30mLevel 1[0m _identify(src/custom_follow) by extension 'colcon_meta'
[0.615s] [34mcolcon.colcon_core.package_identification[0m [1;30mLevel 1[0m _identify(src/custom_follow) by extensions ['ros']
[0.615s] [34mcolcon.colcon_core.package_identification[0m [1;30mLevel 1[0m _identify(src/custom_follow) by extension 'ros'
[0.615s] [34mcolcon.colcon_core.package_identification[0m [1;30mDEBUG[0m [32mPackage 'src/custom_follow' with type 'ros.ament_python' and name 'custom_follow'[0m
[0.616s] [34mcolcon.colcon_core.package_identification[0m [1;30mLevel 1[0m _identify(src/lane_detection) by extensions ['ignore', 'ignore_ament_install']
[0.616s] [34mcolcon.colcon_core.package_identification[0m [1;30mLevel 1[0m _identify(src/lane_detection) by extension 'ignore'
[0.616s] [34mcolcon.colcon_core.package_identification[0m [1;30mLevel 1[0m _identify(src/lane_detection) by extension 'ignore_ament_install'
[0.616s] [34mcolcon.colcon_core.package_identification[0m [1;30mLevel 1[0m _identify(src/lane_detection) by extensions ['colcon_pkg']
[0.616s] [34mcolcon.colcon_core.package_identification[0m [1;30mLevel 1[0m _identify(src/lane_detection) by extension 'colcon_pkg'
[0.616s] [34mcolcon.colcon_core.package_identification[0m [1;30mLevel 1[0m _identify(src/lane_detection) by extensions ['colcon_meta']
[0.616s] [34mcolcon.colcon_core.package_identification[0m [1;30mLevel 1[0m _identify(src/lane_detection) by extension 'colcon_meta'
[0.616s] [34mcolcon.colcon_core.package_identification[0m [1;30mLevel 1[0m _identify(src/lane_detection) by extensions ['ros']
[0.616s] [34mcolcon.colcon_core.package_identification[0m [1;30mLevel 1[0m _identify(src/lane_detection) by extension 'ros'
[0.616s] [34mcolcon.colcon_core.package_identification[0m [1;30mLevel 1[0m _identify(src/lane_detection) by extensions ['cmake', 'python']
[0.616s] [34mcolcon.colcon_core.package_identification[0m [1;30mLevel 1[0m _identify(src/lane_detection) by extension 'cmake'
[0.616s] [34mcolcon.colcon_core.package_identification[0m [1;30mLevel 1[0m _identify(src/lane_detection) by extension 'python'
[0.616s] [34mcolcon.colcon_core.package_identification[0m [1;30mLevel 1[0m _identify(src/lane_detection) by extensions ['python_setup_py']
[0.616s] [34mcolcon.colcon_core.package_identification[0m [1;30mLevel 1[0m _identify(src/lane_detection) by extension 'python_setup_py'
[0.616s] [34mcolcon.colcon_core.package_identification[0m [1;30mLevel 1[0m _identify(src/lane_detection/C++) by extensions ['ignore', 'ignore_ament_install']
[0.616s] [34mcolcon.colcon_core.package_identification[0m [1;30mLevel 1[0m _identify(src/lane_detection/C++) by extension 'ignore'
[0.616s] [34mcolcon.colcon_core.package_identification[0m [1;30mLevel 1[0m _identify(src/lane_detection/C++) by extension 'ignore_ament_install'
[0.616s] [34mcolcon.colcon_core.package_identification[0m [1;30mLevel 1[0m _identify(src/lane_detection/C++) by extensions ['colcon_pkg']
[0.616s] [34mcolcon.colcon_core.package_identification[0m [1;30mLevel 1[0m _identify(src/lane_detection/C++) by extension 'colcon_pkg'
[0.616s] [34mcolcon.colcon_core.package_identification[0m [1;30mLevel 1[0m _identify(src/lane_detection/C++) by extensions ['colcon_meta']
[0.616s] [34mcolcon.colcon_core.package_identification[0m [1;30mLevel 1[0m _identify(src/lane_detection/C++) by extension 'colcon_meta'
[0.616s] [34mcolcon.colcon_core.package_identification[0m [1;30mLevel 1[0m _identify(src/lane_detection/C++) by extensions ['ros']
[0.616s] [34mcolcon.colcon_core.package_identification[0m [1;30mLevel 1[0m _identify(src/lane_detection/C++) by extension 'ros'
[0.616s] [34mcolcon.colcon_core.package_identification[0m [1;30mLevel 1[0m _identify(src/lane_detection/C++) by extensions ['cmake', 'python']
[0.616s] [34mcolcon.colcon_core.package_identification[0m [1;30mLevel 1[0m _identify(src/lane_detection/C++) by extension 'cmake'
[0.616s] [34mcolcon.colcon_core.package_identification[0m [1;30mLevel 1[0m _identify(src/lane_detection/C++) by extension 'python'
[0.616s] [34mcolcon.colcon_core.package_identification[0m [1;30mLevel 1[0m _identify(src/lane_detection/C++) by extensions ['python_setup_py']
[0.616s] [34mcolcon.colcon_core.package_identification[0m [1;30mLevel 1[0m _identify(src/lane_detection/C++) by extension 'python_setup_py'
[0.616s] [34mcolcon.colcon_core.package_identification[0m [1;30mLevel 1[0m _identify(src/lane_detection/__pycache__) by extensions ['ignore', 'ignore_ament_install']
[0.617s] [34mcolcon.colcon_core.package_identification[0m [1;30mLevel 1[0m _identify(src/lane_detection/__pycache__) by extension 'ignore'
[0.617s] [34mcolcon.colcon_core.package_identification[0m [1;30mLevel 1[0m _identify(src/lane_detection/__pycache__) by extension 'ignore_ament_install'
[0.617s] [34mcolcon.colcon_core.package_identification[0m [1;30mLevel 1[0m _identify(src/lane_detection/__pycache__) by extensions ['colcon_pkg']
[0.617s] [34mcolcon.colcon_core.package_identification[0m [1;30mLevel 1[0m _identify(src/lane_detection/__pycache__) by extension 'colcon_pkg'
[0.617s] [34mcolcon.colcon_core.package_identification[0m [1;30mLevel 1[0m _identify(src/lane_detection/__pycache__) by extensions ['colcon_meta']
[0.617s] [34mcolcon.colcon_core.package_identification[0m [1;30mLevel 1[0m _identify(src/lane_detection/__pycache__) by extension 'colcon_meta'
[0.617s] [34mcolcon.colcon_core.package_identification[0m [1;30mLevel 1[0m _identify(src/lane_detection/__pycache__) by extensions ['ros']
[0.617s] [34mcolcon.colcon_core.package_identification[0m [1;30mLevel 1[0m _identify(src/lane_detection/__pycache__) by extension 'ros'
[0.617s] [34mcolcon.colcon_core.package_identification[0m [1;30mLevel 1[0m _identify(src/lane_detection/__pycache__) by extensions ['cmake', 'python']
[0.617s] [34mcolcon.colcon_core.package_identification[0m [1;30mLevel 1[0m _identify(src/lane_detection/__pycache__) by extension 'cmake'
[0.617s] [34mcolcon.colcon_core.package_identification[0m [1;30mLevel 1[0m _identify(src/lane_detection/__pycache__) by extension 'python'
[0.617s] [34mcolcon.colcon_core.package_identification[0m [1;30mLevel 1[0m _identify(src/lane_detection/__pycache__) by extensions ['python_setup_py']
[0.617s] [34mcolcon.colcon_core.package_identification[0m [1;30mLevel 1[0m _identify(src/lane_detection/__pycache__) by extension 'python_setup_py'
[0.617s] [34mcolcon.colcon_core.package_identification[0m [1;30mLevel 1[0m _identify(src/lane_detection/deadend) by extensions ['ignore', 'ignore_ament_install']
[0.617s] [34mcolcon.colcon_core.package_identification[0m [1;30mLevel 1[0m _identify(src/lane_detection/deadend) by extension 'ignore'
[0.617s] [34mcolcon.colcon_core.package_identification[0m [1;30mLevel 1[0m _identify(src/lane_detection/deadend) by extension 'ignore_ament_install'
[0.617s] [34mcolcon.colcon_core.package_identification[0m [1;30mLevel 1[0m _identify(src/lane_detection/deadend) by extensions ['colcon_pkg']
[0.617s] [34mcolcon.colcon_core.package_identification[0m [1;30mLevel 1[0m _identify(src/lane_detection/deadend) by extension 'colcon_pkg'
[0.617s] [34mcolcon.colcon_core.package_identification[0m [1;30mLevel 1[0m _identify(src/lane_detection/deadend) by extensions ['colcon_meta']
[0.617s] [34mcolcon.colcon_core.package_identification[0m [1;30mLevel 1[0m _identify(src/lane_detection/deadend) by extension 'colcon_meta'
[0.617s] [34mcolcon.colcon_core.package_identification[0m [1;30mLevel 1[0m _identify(src/lane_detection/deadend) by extensions ['ros']
[0.617s] [34mcolcon.colcon_core.package_identification[0m [1;30mLevel 1[0m _identify(src/lane_detection/deadend) by extension 'ros'
[0.617s] [34mcolcon.colcon_core.package_identification[0m [1;30mLevel 1[0m _identify(src/lane_detection/deadend) by extensions ['cmake', 'python']
[0.617s] [34mcolcon.colcon_core.package_identification[0m [1;30mLevel 1[0m _identify(src/lane_detection/deadend) by extension 'cmake'
[0.617s] [34mcolcon.colcon_core.package_identification[0m [1;30mLevel 1[0m _identify(src/lane_detection/deadend) by extension 'python'
[0.617s] [34mcolcon.colcon_core.package_identification[0m [1;30mLevel 1[0m _identify(src/lane_detection/deadend) by extensions ['python_setup_py']
[0.617s] [34mcolcon.colcon_core.package_identification[0m [1;30mLevel 1[0m _identify(src/lane_detection/deadend) by extension 'python_setup_py'
[0.617s] [34mcolcon.colcon_core.package_identification[0m [1;30mLevel 1[0m _identify(src/lane_detection/intersection) by extensions ['ignore', 'ignore_ament_install']
[0.617s] [34mcolcon.colcon_core.package_identification[0m [1;30mLevel 1[0m _identify(src/lane_detection/intersection) by extension 'ignore'
[0.617s] [34mcolcon.colcon_core.package_identification[0m [1;30mLevel 1[0m _identify(src/lane_detection/intersection) by extension 'ignore_ament_install'
[0.617s] [34mcolcon.colcon_core.package_identification[0m [1;30mLevel 1[0m _identify(src/lane_detection/intersection) by extensions ['colcon_pkg']
[0.617s] [34mcolcon.colcon_core.package_identification[0m [1;30mLevel 1[0m _identify(src/lane_detection/intersection) by extension 'colcon_pkg'
[0.617s] [34mcolcon.colcon_core.package_identification[0m [1;30mLevel 1[0m _identify(src/lane_detection/intersection) by extensions ['colcon_meta']
[0.617s] [34mcolcon.colcon_core.package_identification[0m [1;30mLevel 1[0m _identify(src/lane_detection/intersection) by extension 'colcon_meta'
[0.618s] [34mcolcon.colcon_core.package_identification[0m [1;30mLevel 1[0m _identify(src/lane_detection/intersection) by extensions ['ros']
[0.618s] [34mcolcon.colcon_core.package_identification[0m [1;30mLevel 1[0m _identify(src/lane_detection/intersection) by extension 'ros'
[0.618s] [34mcolcon.colcon_core.package_identification[0m [1;30mLevel 1[0m _identify(src/lane_detection/intersection) by extensions ['cmake', 'python']
[0.618s] [34mcolcon.colcon_core.package_identification[0m [1;30mLevel 1[0m _identify(src/lane_detection/intersection) by extension 'cmake'
[0.618s] [34mcolcon.colcon_core.package_identification[0m [1;30mLevel 1[0m _identify(src/lane_detection/intersection) by extension 'python'
[0.618s] [34mcolcon.colcon_core.package_identification[0m [1;30mLevel 1[0m _identify(src/lane_detection/intersection) by extensions ['python_setup_py']
[0.618s] [34mcolcon.colcon_core.package_identification[0m [1;30mLevel 1[0m _identify(src/lane_detection/intersection) by extension 'python_setup_py'
[0.618s] [34mcolcon.colcon_core.package_identification[0m [1;30mLevel 1[0m _identify(src/lane_detection/lane_endings) by extensions ['ignore', 'ignore_ament_install']
[0.618s] [34mcolcon.colcon_core.package_identification[0m [1;30mLevel 1[0m _identify(src/lane_detection/lane_endings) by extension 'ignore'
[0.618s] [34mcolcon.colcon_core.package_identification[0m [1;30mLevel 1[0m _identify(src/lane_detection/lane_endings) by extension 'ignore_ament_install'
[0.618s] [34mcolcon.colcon_core.package_identification[0m [1;30mLevel 1[0m _identify(src/lane_detection/lane_endings) by extensions ['colcon_pkg']
[0.618s] [34mcolcon.colcon_core.package_identification[0m [1;30mLevel 1[0m _identify(src/lane_detection/lane_endings) by extension 'colcon_pkg'
[0.618s] [34mcolcon.colcon_core.package_identification[0m [1;30mLevel 1[0m _identify(src/lane_detection/lane_endings) by extensions ['colcon_meta']
[0.618s] [34mcolcon.colcon_core.package_identification[0m [1;30mLevel 1[0m _identify(src/lane_detection/lane_endings) by extension 'colcon_meta'
[0.618s] [34mcolcon.colcon_core.package_identification[0m [1;30mLevel 1[0m _identify(src/lane_detection/lane_endings) by extensions ['ros']
[0.618s] [34mcolcon.colcon_core.package_identification[0m [1;30mLevel 1[0m _identify(src/lane_detection/lane_endings) by extension 'ros'
[0.618s] [34mcolcon.colcon_core.package_identification[0m [1;30mLevel 1[0m _identify(src/lane_detection/lane_endings) by extensions ['cmake', 'python']
[0.618s] [34mcolcon.colcon_core.package_identification[0m [1;30mLevel 1[0m _identify(src/lane_detection/lane_endings) by extension 'cmake'
[0.618s] [34mcolcon.colcon_core.package_identification[0m [1;30mLevel 1[0m _identify(src/lane_detection/lane_endings) by extension 'python'
[0.618s] [34mcolcon.colcon_core.package_identification[0m [1;30mLevel 1[0m _identify(src/lane_detection/lane_endings) by extensions ['python_setup_py']
[0.618s] [34mcolcon.colcon_core.package_identification[0m [1;30mLevel 1[0m _identify(src/lane_detection/lane_endings) by extension 'python_setup_py'
[0.618s] [34mcolcon.colcon_core.package_identification[0m [1;30mLevel 1[0m _identify(src/lane_detection/lane_snapshots) by extensions ['ignore', 'ignore_ament_install']
[0.618s] [34mcolcon.colcon_core.package_identification[0m [1;30mLevel 1[0m _identify(src/lane_detection/lane_snapshots) by extension 'ignore'
[0.618s] [34mcolcon.colcon_core.package_identification[0m [1;30mLevel 1[0m _identify(src/lane_detection/lane_snapshots) by extension 'ignore_ament_install'
[0.618s] [34mcolcon.colcon_core.package_identification[0m [1;30mLevel 1[0m _identify(src/lane_detection/lane_snapshots) by extensions ['colcon_pkg']
[0.618s] [34mcolcon.colcon_core.package_identification[0m [1;30mLevel 1[0m _identify(src/lane_detection/lane_snapshots) by extension 'colcon_pkg'
[0.618s] [34mcolcon.colcon_core.package_identification[0m [1;30mLevel 1[0m _identify(src/lane_detection/lane_snapshots) by extensions ['colcon_meta']
[0.618s] [34mcolcon.colcon_core.package_identification[0m [1;30mLevel 1[0m _identify(src/lane_detection/lane_snapshots) by extension 'colcon_meta'
[0.618s] [34mcolcon.colcon_core.package_identification[0m [1;30mLevel 1[0m _identify(src/lane_detection/lane_snapshots) by extensions ['ros']
[0.618s] [34mcolcon.colcon_core.package_identification[0m [1;30mLevel 1[0m _identify(src/lane_detection/lane_snapshots) by extension 'ros'
[0.618s] [34mcolcon.colcon_core.package_identification[0m [1;30mLevel 1[0m _identify(src/lane_detection/lane_snapshots) by extensions ['cmake', 'python']
[0.618s] [34mcolcon.colcon_core.package_identification[0m [1;30mLevel 1[0m _identify(src/lane_detection/lane_snapshots) by extension 'cmake'
[0.618s] [34mcolcon.colcon_core.package_identification[0m [1;30mLevel 1[0m _identify(src/lane_detection/lane_snapshots) by extension 'python'
[0.618s] [34mcolcon.colcon_core.package_identification[0m [1;30mLevel 1[0m _identify(src/lane_detection/lane_snapshots) by extensions ['python_setup_py']
[0.618s] [34mcolcon.colcon_core.package_identification[0m [1;30mLevel 1[0m _identify(src/lane_detection/lane_snapshots) by extension 'python_setup_py'
[0.618s] [34mcolcon.colcon_core.package_identification[0m [1;30mLevel 1[0m _identify(src/lane_detection/left) by extensions ['ignore', 'ignore_ament_install']
[0.618s] [34mcolcon.colcon_core.package_identification[0m [1;30mLevel 1[0m _identify(src/lane_detection/left) by extension 'ignore'
[0.619s] [34mcolcon.colcon_core.package_identification[0m [1;30mLevel 1[0m _identify(src/lane_detection/left) by extension 'ignore_ament_install'
[0.619s] [34mcolcon.colcon_core.package_identification[0m [1;30mLevel 1[0m _identify(src/lane_detection/left) by extensions ['colcon_pkg']
[0.619s] [34mcolcon.colcon_core.package_identification[0m [1;30mLevel 1[0m _identify(src/lane_detection/left) by extension 'colcon_pkg'
[0.619s] [34mcolcon.colcon_core.package_identification[0m [1;30mLevel 1[0m _identify(src/lane_detection/left) by extensions ['colcon_meta']
[0.619s] [34mcolcon.colcon_core.package_identification[0m [1;30mLevel 1[0m _identify(src/lane_detection/left) by extension 'colcon_meta'
[0.619s] [34mcolcon.colcon_core.package_identification[0m [1;30mLevel 1[0m _identify(src/lane_detection/left) by extensions ['ros']
[0.619s] [34mcolcon.colcon_core.package_identification[0m [1;30mLevel 1[0m _identify(src/lane_detection/left) by extension 'ros'
[0.619s] [34mcolcon.colcon_core.package_identification[0m [1;30mLevel 1[0m _identify(src/lane_detection/left) by extensions ['cmake', 'python']
[0.619s] [34mcolcon.colcon_core.package_identification[0m [1;30mLevel 1[0m _identify(src/lane_detection/left) by extension 'cmake'
[0.619s] [34mcolcon.colcon_core.package_identification[0m [1;30mLevel 1[0m _identify(src/lane_detection/left) by extension 'python'
[0.619s] [34mcolcon.colcon_core.package_identification[0m [1;30mLevel 1[0m _identify(src/lane_detection/left) by extensions ['python_setup_py']
[0.619s] [34mcolcon.colcon_core.package_identification[0m [1;30mLevel 1[0m _identify(src/lane_detection/left) by extension 'python_setup_py'
[0.619s] [34mcolcon.colcon_core.package_identification[0m [1;30mLevel 1[0m _identify(src/lane_detection/right) by extensions ['ignore', 'ignore_ament_install']
[0.619s] [34mcolcon.colcon_core.package_identification[0m [1;30mLevel 1[0m _identify(src/lane_detection/right) by extension 'ignore'
[0.619s] [34mcolcon.colcon_core.package_identification[0m [1;30mLevel 1[0m _identify(src/lane_detection/right) by extension 'ignore_ament_install'
[0.619s] [34mcolcon.colcon_core.package_identification[0m [1;30mLevel 1[0m _identify(src/lane_detection/right) by extensions ['colcon_pkg']
[0.619s] [34mcolcon.colcon_core.package_identification[0m [1;30mLevel 1[0m _identify(src/lane_detection/right) by extension 'colcon_pkg'
[0.619s] [34mcolcon.colcon_core.package_identification[0m [1;30mLevel 1[0m _identify(src/lane_detection/right) by extensions ['colcon_meta']
[0.619s] [34mcolcon.colcon_core.package_identification[0m [1;30mLevel 1[0m _identify(src/lane_detection/right) by extension 'colcon_meta'
[0.619s] [34mcolcon.colcon_core.package_identification[0m [1;30mLevel 1[0m _identify(src/lane_detection/right) by extensions ['ros']
[0.619s] [34mcolcon.colcon_core.package_identification[0m [1;30mLevel 1[0m _identify(src/lane_detection/right) by extension 'ros'
[0.619s] [34mcolcon.colcon_core.package_identification[0m [1;30mLevel 1[0m _identify(src/lane_detection/right) by extensions ['cmake', 'python']
[0.619s] [34mcolcon.colcon_core.package_identification[0m [1;30mLevel 1[0m _identify(src/lane_detection/right) by extension 'cmake'
[0.619s] [34mcolcon.colcon_core.package_identification[0m [1;30mLevel 1[0m _identify(src/lane_detection/right) by extension 'python'
[0.619s] [34mcolcon.colcon_core.package_identification[0m [1;30mLevel 1[0m _identify(src/lane_detection/right) by extensions ['python_setup_py']
[0.619s] [34mcolcon.colcon_core.package_identification[0m [1;30mLevel 1[0m _identify(src/lane_detection/right) by extension 'python_setup_py'
[0.619s] [34mcolcon.colcon_core.package_identification[0m [1;30mLevel 1[0m _identify(src/lane_detection/straight) by extensions ['ignore', 'ignore_ament_install']
[0.619s] [34mcolcon.colcon_core.package_identification[0m [1;30mLevel 1[0m _identify(src/lane_detection/straight) by extension 'ignore'
[0.619s] [34mcolcon.colcon_core.package_identification[0m [1;30mLevel 1[0m _identify(src/lane_detection/straight) by extension 'ignore_ament_install'
[0.619s] [34mcolcon.colcon_core.package_identification[0m [1;30mLevel 1[0m _identify(src/lane_detection/straight) by extensions ['colcon_pkg']
[0.619s] [34mcolcon.colcon_core.package_identification[0m [1;30mLevel 1[0m _identify(src/lane_detection/straight) by extension 'colcon_pkg'
[0.619s] [34mcolcon.colcon_core.package_identification[0m [1;30mLevel 1[0m _identify(src/lane_detection/straight) by extensions ['colcon_meta']
[0.619s] [34mcolcon.colcon_core.package_identification[0m [1;30mLevel 1[0m _identify(src/lane_detection/straight) by extension 'colcon_meta'
[0.619s] [34mcolcon.colcon_core.package_identification[0m [1;30mLevel 1[0m _identify(src/lane_detection/straight) by extensions ['ros']
[0.619s] [34mcolcon.colcon_core.package_identification[0m [1;30mLevel 1[0m _identify(src/lane_detection/straight) by extension 'ros'
[0.619s] [34mcolcon.colcon_core.package_identification[0m [1;30mLevel 1[0m _identify(src/lane_detection/straight) by extensions ['cmake', 'python']
[0.619s] [34mcolcon.colcon_core.package_identification[0m [1;30mLevel 1[0m _identify(src/lane_detection/straight) by extension 'cmake'
[0.619s] [34mcolcon.colcon_core.package_identification[0m [1;30mLevel 1[0m _identify(src/lane_detection/straight) by extension 'python'
[0.620s] [34mcolcon.colcon_core.package_identification[0m [1;30mLevel 1[0m _identify(src/lane_detection/straight) by extensions ['python_setup_py']
[0.620s] [34mcolcon.colcon_core.package_identification[0m [1;30mLevel 1[0m _identify(src/lane_detection/straight) by extension 'python_setup_py'
[0.620s] [34mcolcon.colcon_core.package_discovery[0m [1;30mLevel 1[0m discover_packages(recursive) using defaults
[0.620s] [34mcolcon.colcon_core.package_discovery[0m [1;30mLevel 1[0m discover_packages(ignore) discover
[0.620s] [34mcolcon.colcon_core.package_discovery[0m [1;30mLevel 1[0m discover_packages(ignore) using defaults
[0.620s] [34mcolcon.colcon_core.package_discovery[0m [1;30mLevel 1[0m discover_packages(path) discover
[0.620s] [34mcolcon.colcon_core.package_discovery[0m [1;30mLevel 1[0m discover_packages(path) using defaults
[0.631s] [34mcolcon.colcon_core.package_discovery[0m [1;30mLevel 1[0m discover_packages(prefix_path) check parameters
[0.632s] [34mcolcon.colcon_core.package_discovery[0m [1;30mLevel 1[0m discover_packages(prefix_path) discover
[0.633s] [34mcolcon.colcon_installed_package_information.package_discovery[0m [1;30mDEBUG[0m [32mFound 4 installed packages in /home/chetan-satpute/lane_following/install[0m
[0.636s] [34mcolcon.colcon_installed_package_information.package_discovery[0m [1;30mDEBUG[0m [32mFound 477 installed packages in /opt/ros/humble[0m
[0.640s] [34mcolcon.colcon_core.package_discovery[0m [1;30mLevel 1[0m discover_packages(prefix_path) using defaults
[0.688s] [34mcolcon.colcon_core.verb[0m [1;30mLevel 5[0m set package 'custom_follow' build argument 'cmake_args' from command line to 'None'
[0.688s] [34mcolcon.colcon_core.verb[0m [1;30mLevel 5[0m set package 'custom_follow' build argument 'cmake_target' from command line to 'None'
[0.688s] [34mcolcon.colcon_core.verb[0m [1;30mLevel 5[0m set package 'custom_follow' build argument 'cmake_target_skip_unavailable' from command line to 'False'
[0.688s] [34mcolcon.colcon_core.verb[0m [1;30mLevel 5[0m set package 'custom_follow' build argument 'cmake_clean_cache' from command line to 'False'
[0.688s] [34mcolcon.colcon_core.verb[0m [1;30mLevel 5[0m set package 'custom_follow' build argument 'cmake_clean_first' from command line to 'False'
[0.688s] [34mcolcon.colcon_core.verb[0m [1;30mLevel 5[0m set package 'custom_follow' build argument 'cmake_force_configure' from command line to 'False'
[0.688s] [34mcolcon.colcon_core.verb[0m [1;30mLevel 5[0m set package 'custom_follow' build argument 'ament_cmake_args' from command line to 'None'
[0.688s] [34mcolcon.colcon_core.verb[0m [1;30mLevel 5[0m set package 'custom_follow' build argument 'catkin_cmake_args' from command line to 'None'
[0.688s] [34mcolcon.colcon_core.verb[0m [1;30mLevel 5[0m set package 'custom_follow' build argument 'catkin_skip_building_tests' from command line to 'False'
[0.688s] [34mcolcon.colcon_core.verb[0m [1;30mDEBUG[0m [32mBuilding package 'custom_follow' with the following arguments: {'ament_cmake_args': None, 'build_base': '/home/chetan-satpute/lane_following/build/custom_follow', 'catkin_cmake_args': None, 'catkin_skip_building_tests': False, 'cmake_args': None, 'cmake_clean_cache': False, 'cmake_clean_first': False, 'cmake_force_configure': False, 'cmake_target': None, 'cmake_target_skip_unavailable': False, 'install_base': '/home/chetan-satpute/lane_following/install/custom_follow', 'merge_install': False, 'path': '/home/chetan-satpute/lane_following/src/custom_follow', 'symlink_install': False, 'test_result_base': None}[0m
[0.688s] [34mcolcon.colcon_core.verb[0m [1;30mLevel 5[0m set package 'orbbec_camera_msgs' build argument 'cmake_args' from command line to 'None'
[0.689s] [34mcolcon.colcon_core.verb[0m [1;30mLevel 5[0m set package 'orbbec_camera_msgs' build argument 'cmake_target' from command line to 'None'
[0.689s] [34mcolcon.colcon_core.verb[0m [1;30mLevel 5[0m set package 'orbbec_camera_msgs' build argument 'cmake_target_skip_unavailable' from command line to 'False'
[0.689s] [34mcolcon.colcon_core.verb[0m [1;30mLevel 5[0m set package 'orbbec_camera_msgs' build argument 'cmake_clean_cache' from command line to 'False'
[0.689s] [34mcolcon.colcon_core.verb[0m [1;30mLevel 5[0m set package 'orbbec_camera_msgs' build argument 'cmake_clean_first' from command line to 'False'
[0.689s] [34mcolcon.colcon_core.verb[0m [1;30mLevel 5[0m set package 'orbbec_camera_msgs' build argument 'cmake_force_configure' from command line to 'False'
[0.689s] [34mcolcon.colcon_core.verb[0m [1;30mLevel 5[0m set package 'orbbec_camera_msgs' build argument 'ament_cmake_args' from command line to 'None'
[0.689s] [34mcolcon.colcon_core.verb[0m [1;30mLevel 5[0m set package 'orbbec_camera_msgs' build argument 'catkin_cmake_args' from command line to 'None'
[0.689s] [34mcolcon.colcon_core.verb[0m [1;30mLevel 5[0m set package 'orbbec_camera_msgs' build argument 'catkin_skip_building_tests' from command line to 'False'
[0.689s] [34mcolcon.colcon_core.verb[0m [1;30mDEBUG[0m [32mBuilding package 'orbbec_camera_msgs' with the following arguments: {'ament_cmake_args': None, 'build_base': '/home/chetan-satpute/lane_following/build/orbbec_camera_msgs', 'catkin_cmake_args': None, 'catkin_skip_building_tests': False, 'cmake_args': None, 'cmake_clean_cache': False, 'cmake_clean_first': False, 'cmake_force_configure': False, 'cmake_target': None, 'cmake_target_skip_unavailable': False, 'install_base': '/home/chetan-satpute/lane_following/install/orbbec_camera_msgs', 'merge_install': False, 'path': '/home/chetan-satpute/lane_following/src/OrbbecSDK_ROS2/orbbec_camera_msgs', 'symlink_install': False, 'test_result_base': None}[0m
[0.689s] [34mcolcon.colcon_core.verb[0m [1;30mLevel 5[0m set package 'orbbec_description' build argument 'cmake_args' from command line to 'None'
[0.689s] [34mcolcon.colcon_core.verb[0m [1;30mLevel 5[0m set package 'orbbec_description' build argument 'cmake_target' from command line to 'None'
[0.689s] [34mcolcon.colcon_core.verb[0m [1;30mLevel 5[0m set package 'orbbec_description' build argument 'cmake_target_skip_unavailable' from command line to 'False'
[0.689s] [34mcolcon.colcon_core.verb[0m [1;30mLevel 5[0m set package 'orbbec_description' build argument 'cmake_clean_cache' from command line to 'False'
[0.689s] [34mcolcon.colcon_core.verb[0m [1;30mLevel 5[0m set package 'orbbec_description' build argument 'cmake_clean_first' from command line to 'False'
[0.689s] [34mcolcon.colcon_core.verb[0m [1;30mLevel 5[0m set package 'orbbec_description' build argument 'cmake_force_configure' from command line to 'False'
[0.689s] [34mcolcon.colcon_core.verb[0m [1;30mLevel 5[0m set package 'orbbec_description' build argument 'ament_cmake_args' from command line to 'None'
[0.689s] [34mcolcon.colcon_core.verb[0m [1;30mLevel 5[0m set package 'orbbec_description' build argument 'catkin_cmake_args' from command line to 'None'
[0.689s] [34mcolcon.colcon_core.verb[0m [1;30mLevel 5[0m set package 'orbbec_description' build argument 'catkin_skip_building_tests' from command line to 'False'
[0.689s] [34mcolcon.colcon_core.verb[0m [1;30mDEBUG[0m [32mBuilding package 'orbbec_description' with the following arguments: {'ament_cmake_args': None, 'build_base': '/home/chetan-satpute/lane_following/build/orbbec_description', 'catkin_cmake_args': None, 'catkin_skip_building_tests': False, 'cmake_args': None, 'cmake_clean_cache': False, 'cmake_clean_first': False, 'cmake_force_configure': False, 'cmake_target': None, 'cmake_target_skip_unavailable': False, 'install_base': '/home/chetan-satpute/lane_following/install/orbbec_description', 'merge_install': False, 'path': '/home/chetan-satpute/lane_following/src/OrbbecSDK_ROS2/orbbec_description', 'symlink_install': False, 'test_result_base': None}[0m
[0.690s] [34mcolcon.colcon_core.verb[0m [1;30mLevel 5[0m set package 'orbbec_camera' build argument 'cmake_args' from command line to 'None'
[0.690s] [34mcolcon.colcon_core.verb[0m [1;30mLevel 5[0m set package 'orbbec_camera' build argument 'cmake_target' from command line to 'None'
[0.690s] [34mcolcon.colcon_core.verb[0m [1;30mLevel 5[0m set package 'orbbec_camera' build argument 'cmake_target_skip_unavailable' from command line to 'False'
[0.690s] [34mcolcon.colcon_core.verb[0m [1;30mLevel 5[0m set package 'orbbec_camera' build argument 'cmake_clean_cache' from command line to 'False'
[0.690s] [34mcolcon.colcon_core.verb[0m [1;30mLevel 5[0m set package 'orbbec_camera' build argument 'cmake_clean_first' from command line to 'False'
[0.690s] [34mcolcon.colcon_core.verb[0m [1;30mLevel 5[0m set package 'orbbec_camera' build argument 'cmake_force_configure' from command line to 'False'
[0.690s] [34mcolcon.colcon_core.verb[0m [1;30mLevel 5[0m set package 'orbbec_camera' build argument 'ament_cmake_args' from command line to 'None'
[0.690s] [34mcolcon.colcon_core.verb[0m [1;30mLevel 5[0m set package 'orbbec_camera' build argument 'catkin_cmake_args' from command line to 'None'
[0.690s] [34mcolcon.colcon_core.verb[0m [1;30mLevel 5[0m set package 'orbbec_camera' build argument 'catkin_skip_building_tests' from command line to 'False'
[0.690s] [34mcolcon.colcon_core.verb[0m [1;30mDEBUG[0m [32mBuilding package 'orbbec_camera' with the following arguments: {'ament_cmake_args': None, 'build_base': '/home/chetan-satpute/lane_following/build/orbbec_camera', 'catkin_cmake_args': None, 'catkin_skip_building_tests': False, 'cmake_args': None, 'cmake_clean_cache': False, 'cmake_clean_first': False, 'cmake_force_configure': False, 'cmake_target': None, 'cmake_target_skip_unavailable': False, 'install_base': '/home/chetan-satpute/lane_following/install/orbbec_camera', 'merge_install': False, 'path': '/home/chetan-satpute/lane_following/src/OrbbecSDK_ROS2/orbbec_camera', 'symlink_install': False, 'test_result_base': None}[0m
[0.690s] [34mcolcon.colcon_core.executor[0m [1;30mINFO[0m Executing jobs using 'parallel' executor
[0.691s] [34mcolcon.colcon_parallel_executor.executor.parallel[0m [1;30mDEBUG[0m [32mrun_until_complete[0m
[0.691s] [34mcolcon.colcon_ros.task.ament_cmake.build[0m [1;30mINFO[0m Building ROS package in '/home/chetan-satpute/lane_following/src/OrbbecSDK_ROS2/orbbec_camera_msgs' with build type 'ament_cmake'
[0.691s] [34mcolcon.colcon_cmake.task.cmake.build[0m [1;30mINFO[0m Building CMake package in '/home/chetan-satpute/lane_following/src/OrbbecSDK_ROS2/orbbec_camera_msgs'
[0.694s] [34mcolcon.colcon_core.plugin_system[0m [1;30mINFO[0m Skipping extension 'colcon_core.shell.bat': Not used on non-Windows systems
[0.695s] [34mcolcon.colcon_core.shell[0m [1;30mINFO[0m Skip shell extension 'powershell' for command environment: Not usable outside of PowerShell
[0.695s] [34mcolcon.colcon_core.shell[0m [1;30mDEBUG[0m [32mSkip shell extension 'dsv' for command environment[0m
[0.700s] [34mcolcon.colcon_ros.task.ament_python.build[0m [1;30mINFO[0m Building ROS package in '/home/chetan-satpute/lane_following/src/custom_follow' with build type 'ament_python'
[0.701s] [34mcolcon.colcon_core.shell[0m [1;30mLevel 1[0m create_environment_hook('custom_follow', 'ament_prefix_path')
[0.701s] [34mcolcon.colcon_core.shell[0m [1;30mINFO[0m Creating environment hook '/home/chetan-satpute/lane_following/install/custom_follow/share/custom_follow/hook/ament_prefix_path.ps1'
[0.702s] [34mcolcon.colcon_core.shell[0m [1;30mINFO[0m Creating environment descriptor '/home/chetan-satpute/lane_following/install/custom_follow/share/custom_follow/hook/ament_prefix_path.dsv'
[0.703s] [34mcolcon.colcon_core.shell[0m [1;30mINFO[0m Creating environment hook '/home/chetan-satpute/lane_following/install/custom_follow/share/custom_follow/hook/ament_prefix_path.sh'
[0.704s] [34mcolcon.colcon_core.shell[0m [1;30mINFO[0m Skip shell extension 'powershell' for command environment: Not usable outside of PowerShell
[0.704s] [34mcolcon.colcon_core.shell[0m [1;30mDEBUG[0m [32mSkip shell extension 'dsv' for command environment[0m
[0.709s] [34mcolcon.colcon_ros.task.ament_cmake.build[0m [1;30mINFO[0m Building ROS package in '/home/chetan-satpute/lane_following/src/OrbbecSDK_ROS2/orbbec_description' with build type 'ament_cmake'
[0.709s] [34mcolcon.colcon_cmake.task.cmake.build[0m [1;30mINFO[0m Building CMake package in '/home/chetan-satpute/lane_following/src/OrbbecSDK_ROS2/orbbec_description'
[0.709s] [34mcolcon.colcon_core.shell[0m [1;30mINFO[0m Skip shell extension 'powershell' for command environment: Not usable outside of PowerShell
[0.710s] [34mcolcon.colcon_core.shell[0m [1;30mDEBUG[0m [32mSkip shell extension 'dsv' for command environment[0m
[0.721s] [34mcolcon.colcon_core.event_handler.log_command[0m [1;30mDEBUG[0m [32mInvoking command in '/home/chetan-satpute/lane_following/build/orbbec_camera_msgs': CMAKE_PREFIX_PATH=${CMAKE_PREFIX_PATH}:/home/chetan-satpute/lane_following/install/custom_follow:/opt/ros/humble PS1=(.venv) \[\e]0;\u@\h: \w\a\]${debian_chroot:+($debian_chroot)}\[\033[01;32m\]\u@\h\[\033[00m\]:\[\033[01;34m\]\w\[\033[00m\]\$ VIRTUAL_ENV_PROMPT=(.venv) /usr/bin/cmake --build /home/chetan-satpute/lane_following/build/orbbec_camera_msgs -- -j16 -l16[0m
[0.995s] [34mcolcon.colcon_core.task.python.build[0m [1;30mINFO[0m Building Python package in '/home/chetan-satpute/lane_following/src/custom_follow'
[0.995s] [34mcolcon.colcon_core.shell[0m [1;30mINFO[0m Skip shell extension 'powershell' for command environment: Not usable outside of PowerShell
[0.995s] [34mcolcon.colcon_core.shell[0m [1;30mDEBUG[0m [32mSkip shell extension 'dsv' for command environment[0m
[1.004s] [34mcolcon.colcon_core.event_handler.log_command[0m [1;30mDEBUG[0m [32mInvoking command in '/home/chetan-satpute/lane_following/build/orbbec_description': CMAKE_PREFIX_PATH=${CMAKE_PREFIX_PATH}:/home/chetan-satpute/lane_following/install/custom_follow:/opt/ros/humble PS1=(.venv) \[\e]0;\u@\h: \w\a\]${debian_chroot:+($debian_chroot)}\[\033[01;32m\]\u@\h\[\033[00m\]:\[\033[01;34m\]\w\[\033[00m\]\$ VIRTUAL_ENV_PROMPT=(.venv) /usr/bin/cmake --build /home/chetan-satpute/lane_following/build/orbbec_description -- -j16 -l16[0m
[1.039s] [34mcolcon.colcon_core.event_handler.log_command[0m [1;30mDEBUG[0m [32mInvoked command in '/home/chetan-satpute/lane_following/build/orbbec_description' returned '0': CMAKE_PREFIX_PATH=${CMAKE_PREFIX_PATH}:/home/chetan-satpute/lane_following/install/custom_follow:/opt/ros/humble PS1=(.venv) \[\e]0;\u@\h: \w\a\]${debian_chroot:+($debian_chroot)}\[\033[01;32m\]\u@\h\[\033[00m\]:\[\033[01;34m\]\w\[\033[00m\]\$ VIRTUAL_ENV_PROMPT=(.venv) /usr/bin/cmake --build /home/chetan-satpute/lane_following/build/orbbec_description -- -j16 -l16[0m
[1.048s] [34mcolcon.colcon_core.event_handler.log_command[0m [1;30mDEBUG[0m [32mInvoking command in '/home/chetan-satpute/lane_following/build/orbbec_description': CMAKE_PREFIX_PATH=${CMAKE_PREFIX_PATH}:/home/chetan-satpute/lane_following/install/custom_follow:/opt/ros/humble PS1=(.venv) \[\e]0;\u@\h: \w\a\]${debian_chroot:+($debian_chroot)}\[\033[01;32m\]\u@\h\[\033[00m\]:\[\033[01;34m\]\w\[\033[00m\]\$ VIRTUAL_ENV_PROMPT=(.venv) /usr/bin/cmake --install /home/chetan-satpute/lane_following/build/orbbec_description[0m
[1.049s] [34mcolcon.colcon_core.event_handler.log_command[0m [1;30mDEBUG[0m [32mInvoked command in '/home/chetan-satpute/lane_following/build/orbbec_camera_msgs' returned '0': CMAKE_PREFIX_PATH=${CMAKE_PREFIX_PATH}:/home/chetan-satpute/lane_following/install/custom_follow:/opt/ros/humble PS1=(.venv) \[\e]0;\u@\h: \w\a\]${debian_chroot:+($debian_chroot)}\[\033[01;32m\]\u@\h\[\033[00m\]:\[\033[01;34m\]\w\[\033[00m\]\$ VIRTUAL_ENV_PROMPT=(.venv) /usr/bin/cmake --build /home/chetan-satpute/lane_following/build/orbbec_camera_msgs -- -j16 -l16[0m
[1.051s] [34mcolcon.colcon_core.event_handler.log_command[0m [1;30mDEBUG[0m [32mInvoking command in '/home/chetan-satpute/lane_following/build/orbbec_camera_msgs': CMAKE_PREFIX_PATH=${CMAKE_PREFIX_PATH}:/home/chetan-satpute/lane_following/install/custom_follow:/opt/ros/humble PS1=(.venv) \[\e]0;\u@\h: \w\a\]${debian_chroot:+($debian_chroot)}\[\033[01;32m\]\u@\h\[\033[00m\]:\[\033[01;34m\]\w\[\033[00m\]\$ VIRTUAL_ENV_PROMPT=(.venv) /usr/bin/cmake --install /home/chetan-satpute/lane_following/build/orbbec_camera_msgs[0m
[1.070s] [34mcolcon.colcon_core.environment[0m [1;30mLevel 1[0m create_environment_scripts_only(orbbec_description)
[1.074s] [34mcolcon.colcon_core.event_handler.log_command[0m [1;30mDEBUG[0m [32mInvoked command in '/home/chetan-satpute/lane_following/build/orbbec_description' returned '0': CMAKE_PREFIX_PATH=${CMAKE_PREFIX_PATH}:/home/chetan-satpute/lane_following/install/custom_follow:/opt/ros/humble PS1=(.venv) \[\e]0;\u@\h: \w\a\]${debian_chroot:+($debian_chroot)}\[\033[01;32m\]\u@\h\[\033[00m\]:\[\033[01;34m\]\w\[\033[00m\]\$ VIRTUAL_ENV_PROMPT=(.venv) /usr/bin/cmake --install /home/chetan-satpute/lane_following/build/orbbec_description[0m
[1.081s] [34mcolcon.colcon_core.environment[0m [1;30mLevel 1[0m checking '/home/chetan-satpute/lane_following/install/orbbec_description' for CMake module files
[1.081s] [34mcolcon.colcon_core.environment[0m [1;30mLevel 1[0m checking '/home/chetan-satpute/lane_following/install/orbbec_description' for CMake config files
[1.081s] [34mcolcon.colcon_core.shell[0m [1;30mLevel 1[0m create_environment_hook('orbbec_description', 'cmake_prefix_path')
[1.082s] [34mcolcon.colcon_core.shell[0m [1;30mINFO[0m Creating environment hook '/home/chetan-satpute/lane_following/install/orbbec_description/share/orbbec_description/hook/cmake_prefix_path.ps1'
[1.082s] [34mcolcon.colcon_core.shell[0m [1;30mINFO[0m Creating environment descriptor '/home/chetan-satpute/lane_following/install/orbbec_description/share/orbbec_description/hook/cmake_prefix_path.dsv'
[1.082s] [34mcolcon.colcon_core.shell[0m [1;30mINFO[0m Creating environment hook '/home/chetan-satpute/lane_following/install/orbbec_description/share/orbbec_description/hook/cmake_prefix_path.sh'
[1.083s] [34mcolcon.colcon_core.environment[0m [1;30mLevel 1[0m checking '/home/chetan-satpute/lane_following/install/orbbec_description/bin'
[1.083s] [34mcolcon.colcon_core.environment[0m [1;30mLevel 1[0m checking '/home/chetan-satpute/lane_following/install/orbbec_description/lib/pkgconfig/orbbec_description.pc'
[1.083s] [34mcolcon.colcon_core.environment[0m [1;30mLevel 1[0m checking '/home/chetan-satpute/lane_following/install/orbbec_description/lib/python3.10/site-packages'
[1.083s] [34mcolcon.colcon_core.environment[0m [1;30mLevel 1[0m checking '/home/chetan-satpute/lane_following/install/orbbec_description/bin'
[1.083s] [34mcolcon.colcon_core.shell[0m [1;30mINFO[0m Creating package script '/home/chetan-satpute/lane_following/install/orbbec_description/share/orbbec_description/package.ps1'
[1.084s] [34mcolcon.colcon_core.shell[0m [1;30mINFO[0m Creating package descriptor '/home/chetan-satpute/lane_following/install/orbbec_description/share/orbbec_description/package.dsv'
[1.084s] [34mcolcon.colcon_core.shell[0m [1;30mINFO[0m Creating package script '/home/chetan-satpute/lane_following/install/orbbec_description/share/orbbec_description/package.sh'
[1.085s] [34mcolcon.colcon_core.shell[0m [1;30mINFO[0m Creating package script '/home/chetan-satpute/lane_following/install/orbbec_description/share/orbbec_description/package.bash'
[1.087s] [34mcolcon.colcon_core.shell[0m [1;30mINFO[0m Creating package script '/home/chetan-satpute/lane_following/install/orbbec_description/share/orbbec_description/package.zsh'
[1.087s] [34mcolcon.colcon_core.environment[0m [1;30mLevel 1[0m create_file_with_runtime_dependencies(/home/chetan-satpute/lane_following/install/orbbec_description/share/colcon-core/packages/orbbec_description)
[1.087s] [34mcolcon.colcon_core.environment[0m [1;30mLevel 1[0m create_environment_scripts_only(orbbec_description)
[1.088s] [34mcolcon.colcon_core.environment[0m [1;30mLevel 1[0m checking '/home/chetan-satpute/lane_following/install/orbbec_description' for CMake module files
[1.088s] [34mcolcon.colcon_core.environment[0m [1;30mLevel 1[0m checking '/home/chetan-satpute/lane_following/install/orbbec_description' for CMake config files
[1.089s] [34mcolcon.colcon_core.shell[0m [1;30mLevel 1[0m create_environment_hook('orbbec_description', 'cmake_prefix_path')
[1.089s] [34mcolcon.colcon_core.shell[0m [1;30mINFO[0m Creating environment hook '/home/chetan-satpute/lane_following/install/orbbec_description/share/orbbec_description/hook/cmake_prefix_path.ps1'
[1.089s] [34mcolcon.colcon_core.shell[0m [1;30mINFO[0m Creating environment descriptor '/home/chetan-satpute/lane_following/install/orbbec_description/share/orbbec_description/hook/cmake_prefix_path.dsv'
[1.090s] [34mcolcon.colcon_core.shell[0m [1;30mINFO[0m Creating environment hook '/home/chetan-satpute/lane_following/install/orbbec_description/share/orbbec_description/hook/cmake_prefix_path.sh'
[1.090s] [34mcolcon.colcon_core.environment[0m [1;30mLevel 1[0m checking '/home/chetan-satpute/lane_following/install/orbbec_description/bin'
[1.091s] [34mcolcon.colcon_core.environment[0m [1;30mLevel 1[0m checking '/home/chetan-satpute/lane_following/install/orbbec_description/lib/pkgconfig/orbbec_description.pc'
[1.091s] [34mcolcon.colcon_core.environment[0m [1;30mLevel 1[0m checking '/home/chetan-satpute/lane_following/install/orbbec_description/lib/python3.10/site-packages'
[1.091s] [34mcolcon.colcon_core.environment[0m [1;30mLevel 1[0m checking '/home/chetan-satpute/lane_following/install/orbbec_description/bin'
[1.092s] [34mcolcon.colcon_core.shell[0m [1;30mINFO[0m Creating package script '/home/chetan-satpute/lane_following/install/orbbec_description/share/orbbec_description/package.ps1'
[1.092s] [34mcolcon.colcon_core.shell[0m [1;30mINFO[0m Creating package descriptor '/home/chetan-satpute/lane_following/install/orbbec_description/share/orbbec_description/package.dsv'
[1.093s] [34mcolcon.colcon_core.shell[0m [1;30mINFO[0m Creating package script '/home/chetan-satpute/lane_following/install/orbbec_description/share/orbbec_description/package.sh'
[1.093s] [34mcolcon.colcon_core.shell[0m [1;30mINFO[0m Creating package script '/home/chetan-satpute/lane_following/install/orbbec_description/share/orbbec_description/package.bash'
[1.093s] [34mcolcon.colcon_core.shell[0m [1;30mINFO[0m Creating package script '/home/chetan-satpute/lane_following/install/orbbec_description/share/orbbec_description/package.zsh'
[1.094s] [34mcolcon.colcon_core.environment[0m [1;30mLevel 1[0m create_file_with_runtime_dependencies(/home/chetan-satpute/lane_following/install/orbbec_description/share/colcon-core/packages/orbbec_description)
[1.118s] [34mcolcon.colcon_core.environment[0m [1;30mLevel 1[0m create_environment_scripts_only(orbbec_camera_msgs)
[1.118s] [34mcolcon.colcon_core.environment[0m [1;30mLevel 1[0m checking '/home/chetan-satpute/lane_following/install/orbbec_camera_msgs' for CMake module files
[1.119s] [34mcolcon.colcon_core.event_handler.log_command[0m [1;30mDEBUG[0m [32mInvoked command in '/home/chetan-satpute/lane_following/build/orbbec_camera_msgs' returned '0': CMAKE_PREFIX_PATH=${CMAKE_PREFIX_PATH}:/home/chetan-satpute/lane_following/install/custom_follow:/opt/ros/humble PS1=(.venv) \[\e]0;\u@\h: \w\a\]${debian_chroot:+($debian_chroot)}\[\033[01;32m\]\u@\h\[\033[00m\]:\[\033[01;34m\]\w\[\033[00m\]\$ VIRTUAL_ENV_PROMPT=(.venv) /usr/bin/cmake --install /home/chetan-satpute/lane_following/build/orbbec_camera_msgs[0m
[1.119s] [34mcolcon.colcon_core.environment[0m [1;30mLevel 1[0m checking '/home/chetan-satpute/lane_following/install/orbbec_camera_msgs' for CMake config files
[1.120s] [34mcolcon.colcon_core.shell[0m [1;30mLevel 1[0m create_environment_hook('orbbec_camera_msgs', 'cmake_prefix_path')
[1.121s] [34mcolcon.colcon_core.shell[0m [1;30mINFO[0m Creating environment hook '/home/chetan-satpute/lane_following/install/orbbec_camera_msgs/share/orbbec_camera_msgs/hook/cmake_prefix_path.ps1'
[1.121s] [34mcolcon.colcon_core.shell[0m [1;30mINFO[0m Creating environment descriptor '/home/chetan-satpute/lane_following/install/orbbec_camera_msgs/share/orbbec_camera_msgs/hook/cmake_prefix_path.dsv'
[1.121s] [34mcolcon.colcon_core.shell[0m [1;30mINFO[0m Creating environment hook '/home/chetan-satpute/lane_following/install/orbbec_camera_msgs/share/orbbec_camera_msgs/hook/cmake_prefix_path.sh'
[1.122s] [34mcolcon.colcon_core.environment[0m [1;30mLevel 1[0m checking '/home/chetan-satpute/lane_following/install/orbbec_camera_msgs/lib'
[1.122s] [34mcolcon.colcon_core.shell[0m [1;30mLevel 1[0m create_environment_hook('orbbec_camera_msgs', 'ld_library_path_lib')
[1.122s] [34mcolcon.colcon_core.shell[0m [1;30mINFO[0m Creating environment hook '/home/chetan-satpute/lane_following/install/orbbec_camera_msgs/share/orbbec_camera_msgs/hook/ld_library_path_lib.ps1'
[1.122s] [34mcolcon.colcon_core.shell[0m [1;30mINFO[0m Creating environment descriptor '/home/chetan-satpute/lane_following/install/orbbec_camera_msgs/share/orbbec_camera_msgs/hook/ld_library_path_lib.dsv'
[1.123s] [34mcolcon.colcon_core.shell[0m [1;30mINFO[0m Creating environment hook '/home/chetan-satpute/lane_following/install/orbbec_camera_msgs/share/orbbec_camera_msgs/hook/ld_library_path_lib.sh'
[1.123s] [34mcolcon.colcon_core.environment[0m [1;30mLevel 1[0m checking '/home/chetan-satpute/lane_following/install/orbbec_camera_msgs/bin'
[1.123s] [34mcolcon.colcon_core.environment[0m [1;30mLevel 1[0m checking '/home/chetan-satpute/lane_following/install/orbbec_camera_msgs/lib/pkgconfig/orbbec_camera_msgs.pc'
[1.123s] [34mcolcon.colcon_core.environment[0m [1;30mLevel 1[0m checking '/home/chetan-satpute/lane_following/install/orbbec_camera_msgs/lib/python3.10/site-packages'
[1.123s] [34mcolcon.colcon_core.environment[0m [1;30mLevel 1[0m checking '/home/chetan-satpute/lane_following/install/orbbec_camera_msgs/bin'
[1.124s] [34mcolcon.colcon_core.shell[0m [1;30mINFO[0m Creating package script '/home/chetan-satpute/lane_following/install/orbbec_camera_msgs/share/orbbec_camera_msgs/package.ps1'
[1.124s] [34mcolcon.colcon_core.shell[0m [1;30mINFO[0m Creating package descriptor '/home/chetan-satpute/lane_following/install/orbbec_camera_msgs/share/orbbec_camera_msgs/package.dsv'
[1.124s] [34mcolcon.colcon_core.shell[0m [1;30mINFO[0m Creating package script '/home/chetan-satpute/lane_following/install/orbbec_camera_msgs/share/orbbec_camera_msgs/package.sh'
[1.125s] [34mcolcon.colcon_core.shell[0m [1;30mINFO[0m Creating package script '/home/chetan-satpute/lane_following/install/orbbec_camera_msgs/share/orbbec_camera_msgs/package.bash'
[1.125s] [34mcolcon.colcon_core.shell[0m [1;30mINFO[0m Creating package script '/home/chetan-satpute/lane_following/install/orbbec_camera_msgs/share/orbbec_camera_msgs/package.zsh'
[1.125s] [34mcolcon.colcon_core.environment[0m [1;30mLevel 1[0m create_file_with_runtime_dependencies(/home/chetan-satpute/lane_following/install/orbbec_camera_msgs/share/colcon-core/packages/orbbec_camera_msgs)
[1.126s] [34mcolcon.colcon_core.environment[0m [1;30mLevel 1[0m create_environment_scripts_only(orbbec_camera_msgs)
[1.126s] [34mcolcon.colcon_core.environment[0m [1;30mLevel 1[0m checking '/home/chetan-satpute/lane_following/install/orbbec_camera_msgs' for CMake module files
[1.126s] [34mcolcon.colcon_core.environment[0m [1;30mLevel 1[0m checking '/home/chetan-satpute/lane_following/install/orbbec_camera_msgs' for CMake config files
[1.128s] [34mcolcon.colcon_core.shell[0m [1;30mLevel 1[0m create_environment_hook('orbbec_camera_msgs', 'cmake_prefix_path')
[1.128s] [34mcolcon.colcon_core.shell[0m [1;30mINFO[0m Creating environment hook '/home/chetan-satpute/lane_following/install/orbbec_camera_msgs/share/orbbec_camera_msgs/hook/cmake_prefix_path.ps1'
[1.128s] [34mcolcon.colcon_core.shell[0m [1;30mINFO[0m Creating environment descriptor '/home/chetan-satpute/lane_following/install/orbbec_camera_msgs/share/orbbec_camera_msgs/hook/cmake_prefix_path.dsv'
[1.128s] [34mcolcon.colcon_core.shell[0m [1;30mINFO[0m Creating environment hook '/home/chetan-satpute/lane_following/install/orbbec_camera_msgs/share/orbbec_camera_msgs/hook/cmake_prefix_path.sh'
[1.129s] [34mcolcon.colcon_core.environment[0m [1;30mLevel 1[0m checking '/home/chetan-satpute/lane_following/install/orbbec_camera_msgs/lib'
[1.129s] [34mcolcon.colcon_core.shell[0m [1;30mLevel 1[0m create_environment_hook('orbbec_camera_msgs', 'ld_library_path_lib')
[1.129s] [34mcolcon.colcon_core.shell[0m [1;30mINFO[0m Creating environment hook '/home/chetan-satpute/lane_following/install/orbbec_camera_msgs/share/orbbec_camera_msgs/hook/ld_library_path_lib.ps1'
[1.129s] [34mcolcon.colcon_core.shell[0m [1;30mINFO[0m Creating environment descriptor '/home/chetan-satpute/lane_following/install/orbbec_camera_msgs/share/orbbec_camera_msgs/hook/ld_library_path_lib.dsv'
[1.129s] [34mcolcon.colcon_core.shell[0m [1;30mINFO[0m Creating environment hook '/home/chetan-satpute/lane_following/install/orbbec_camera_msgs/share/orbbec_camera_msgs/hook/ld_library_path_lib.sh'
[1.129s] [34mcolcon.colcon_core.environment[0m [1;30mLevel 1[0m checking '/home/chetan-satpute/lane_following/install/orbbec_camera_msgs/bin'
[1.129s] [34mcolcon.colcon_core.environment[0m [1;30mLevel 1[0m checking '/home/chetan-satpute/lane_following/install/orbbec_camera_msgs/lib/pkgconfig/orbbec_camera_msgs.pc'
[1.130s] [34mcolcon.colcon_core.environment[0m [1;30mLevel 1[0m checking '/home/chetan-satpute/lane_following/install/orbbec_camera_msgs/lib/python3.10/site-packages'
[1.130s] [34mcolcon.colcon_core.environment[0m [1;30mLevel 1[0m checking '/home/chetan-satpute/lane_following/install/orbbec_camera_msgs/bin'
[1.130s] [34mcolcon.colcon_core.shell[0m [1;30mINFO[0m Creating package script '/home/chetan-satpute/lane_following/install/orbbec_camera_msgs/share/orbbec_camera_msgs/package.ps1'
[1.130s] [34mcolcon.colcon_core.shell[0m [1;30mINFO[0m Creating package descriptor '/home/chetan-satpute/lane_following/install/orbbec_camera_msgs/share/orbbec_camera_msgs/package.dsv'
[1.131s] [34mcolcon.colcon_core.shell[0m [1;30mINFO[0m Creating package script '/home/chetan-satpute/lane_following/install/orbbec_camera_msgs/share/orbbec_camera_msgs/package.sh'
[1.131s] [34mcolcon.colcon_core.shell[0m [1;30mINFO[0m Creating package script '/home/chetan-satpute/lane_following/install/orbbec_camera_msgs/share/orbbec_camera_msgs/package.bash'
[1.131s] [34mcolcon.colcon_core.shell[0m [1;30mINFO[0m Creating package script '/home/chetan-satpute/lane_following/install/orbbec_camera_msgs/share/orbbec_camera_msgs/package.zsh'
[1.131s] [34mcolcon.colcon_core.environment[0m [1;30mLevel 1[0m create_file_with_runtime_dependencies(/home/chetan-satpute/lane_following/install/orbbec_camera_msgs/share/colcon-core/packages/orbbec_camera_msgs)
[1.131s] [34mcolcon.colcon_ros.task.ament_cmake.build[0m [1;30mINFO[0m Building ROS package in '/home/chetan-satpute/lane_following/src/OrbbecSDK_ROS2/orbbec_camera' with build type 'ament_cmake'
[1.132s] [34mcolcon.colcon_cmake.task.cmake.build[0m [1;30mINFO[0m Building CMake package in '/home/chetan-satpute/lane_following/src/OrbbecSDK_ROS2/orbbec_camera'
[1.132s] [34mcolcon.colcon_core.shell[0m [1;30mINFO[0m Skip shell extension 'powershell' for command environment: Not usable outside of PowerShell
[1.132s] [34mcolcon.colcon_core.shell[0m [1;30mDEBUG[0m [32mSkip shell extension 'dsv' for command environment[0m
[1.140s] [34mcolcon.colcon_core.event_handler.log_command[0m [1;30mDEBUG[0m [32mInvoking command in '/home/chetan-satpute/lane_following/build/orbbec_camera': CMAKE_PREFIX_PATH=/home/chetan-satpute/lane_following/install/orbbec_camera_msgs:/home/chetan-satpute/lane_following/install/orbbec_description:/home/chetan-satpute/lane_following/install/orbbec_camera:/home/chetan-satpute/lane_following/install/custom_follow:/opt/ros/humble LD_LIBRARY_PATH=/home/chetan-satpute/lane_following/install/orbbec_camera_msgs/lib:/home/chetan-satpute/lane_following/install/orbbec_camera/lib:/usr/lib/x86_64-linux-gnu/gazebo-11/plugins:/opt/ros/humble/opt/rviz_ogre_vendor/lib:/opt/ros/humble/lib/x86_64-linux-gnu:/opt/ros/humble/lib PS1=(.venv) \[\e]0;\u@\h: \w\a\]${debian_chroot:+($debian_chroot)}\[\033[01;32m\]\u@\h\[\033[00m\]:\[\033[01;34m\]\w\[\033[00m\]\$ VIRTUAL_ENV_PROMPT=(.venv) /usr/bin/cmake --build /home/chetan-satpute/lane_following/build/orbbec_camera -- -j16 -l16[0m
[1.242s] [34mcolcon.colcon_core.event_handler.log_command[0m [1;30mDEBUG[0m [32mInvoked command in '/home/chetan-satpute/lane_following/build/orbbec_camera' returned '0': CMAKE_PREFIX_PATH=/home/chetan-satpute/lane_following/install/orbbec_camera_msgs:/home/chetan-satpute/lane_following/install/orbbec_description:/home/chetan-satpute/lane_following/install/orbbec_camera:/home/chetan-satpute/lane_following/install/custom_follow:/opt/ros/humble LD_LIBRARY_PATH=/home/chetan-satpute/lane_following/install/orbbec_camera_msgs/lib:/home/chetan-satpute/lane_following/install/orbbec_camera/lib:/usr/lib/x86_64-linux-gnu/gazebo-11/plugins:/opt/ros/humble/opt/rviz_ogre_vendor/lib:/opt/ros/humble/lib/x86_64-linux-gnu:/opt/ros/humble/lib PS1=(.venv) \[\e]0;\u@\h: \w\a\]${debian_chroot:+($debian_chroot)}\[\033[01;32m\]\u@\h\[\033[00m\]:\[\033[01;34m\]\w\[\033[00m\]\$ VIRTUAL_ENV_PROMPT=(.venv) /usr/bin/cmake --build /home/chetan-satpute/lane_following/build/orbbec_camera -- -j16 -l16[0m
[1.243s] [34mcolcon.colcon_core.event_handler.log_command[0m [1;30mDEBUG[0m [32mInvoking command in '/home/chetan-satpute/lane_following/build/orbbec_camera': CMAKE_PREFIX_PATH=/home/chetan-satpute/lane_following/install/orbbec_camera_msgs:/home/chetan-satpute/lane_following/install/orbbec_description:/home/chetan-satpute/lane_following/install/orbbec_camera:/home/chetan-satpute/lane_following/install/custom_follow:/opt/ros/humble LD_LIBRARY_PATH=/home/chetan-satpute/lane_following/install/orbbec_camera_msgs/lib:/home/chetan-satpute/lane_following/install/orbbec_camera/lib:/usr/lib/x86_64-linux-gnu/gazebo-11/plugins:/opt/ros/humble/opt/rviz_ogre_vendor/lib:/opt/ros/humble/lib/x86_64-linux-gnu:/opt/ros/humble/lib PS1=(.venv) \[\e]0;\u@\h: \w\a\]${debian_chroot:+($debian_chroot)}\[\033[01;32m\]\u@\h\[\033[00m\]:\[\033[01;34m\]\w\[\033[00m\]\$ VIRTUAL_ENV_PROMPT=(.venv) /usr/bin/cmake --install /home/chetan-satpute/lane_following/build/orbbec_camera[0m
[1.269s] [34mcolcon.colcon_core.environment[0m [1;30mLevel 1[0m create_environment_scripts_only(orbbec_camera)
[1.269s] [34mcolcon.colcon_core.environment[0m [1;30mLevel 1[0m checking '/home/chetan-satpute/lane_following/install/orbbec_camera' for CMake module files
[1.270s] [34mcolcon.colcon_core.event_handler.log_command[0m [1;30mDEBUG[0m [32mInvoked command in '/home/chetan-satpute/lane_following/build/orbbec_camera' returned '0': CMAKE_PREFIX_PATH=/home/chetan-satpute/lane_following/install/orbbec_camera_msgs:/home/chetan-satpute/lane_following/install/orbbec_description:/home/chetan-satpute/lane_following/install/orbbec_camera:/home/chetan-satpute/lane_following/install/custom_follow:/opt/ros/humble LD_LIBRARY_PATH=/home/chetan-satpute/lane_following/install/orbbec_camera_msgs/lib:/home/chetan-satpute/lane_following/install/orbbec_camera/lib:/usr/lib/x86_64-linux-gnu/gazebo-11/plugins:/opt/ros/humble/opt/rviz_ogre_vendor/lib:/opt/ros/humble/lib/x86_64-linux-gnu:/opt/ros/humble/lib PS1=(.venv) \[\e]0;\u@\h: \w\a\]${debian_chroot:+($debian_chroot)}\[\033[01;32m\]\u@\h\[\033[00m\]:\[\033[01;34m\]\w\[\033[00m\]\$ VIRTUAL_ENV_PROMPT=(.venv) /usr/bin/cmake --install /home/chetan-satpute/lane_following/build/orbbec_camera[0m
[1.270s] [34mcolcon.colcon_core.environment[0m [1;30mLevel 1[0m checking '/home/chetan-satpute/lane_following/install/orbbec_camera' for CMake config files
[1.271s] [34mcolcon.colcon_core.shell[0m [1;30mLevel 1[0m create_environment_hook('orbbec_camera', 'cmake_prefix_path')
[1.271s] [34mcolcon.colcon_core.shell[0m [1;30mINFO[0m Creating environment hook '/home/chetan-satpute/lane_following/install/orbbec_camera/share/orbbec_camera/hook/cmake_prefix_path.ps1'
[1.272s] [34mcolcon.colcon_core.shell[0m [1;30mINFO[0m Creating environment descriptor '/home/chetan-satpute/lane_following/install/orbbec_camera/share/orbbec_camera/hook/cmake_prefix_path.dsv'
[1.272s] [34mcolcon.colcon_core.shell[0m [1;30mINFO[0m Creating environment hook '/home/chetan-satpute/lane_following/install/orbbec_camera/share/orbbec_camera/hook/cmake_prefix_path.sh'
[1.272s] [34mcolcon.colcon_core.environment[0m [1;30mLevel 1[0m checking '/home/chetan-satpute/lane_following/install/orbbec_camera/lib'
[1.272s] [34mcolcon.colcon_core.shell[0m [1;30mLevel 1[0m create_environment_hook('orbbec_camera', 'ld_library_path_lib')
[1.272s] [34mcolcon.colcon_core.shell[0m [1;30mINFO[0m Creating environment hook '/home/chetan-satpute/lane_following/install/orbbec_camera/share/orbbec_camera/hook/ld_library_path_lib.ps1'
[1.273s] [34mcolcon.colcon_core.shell[0m [1;30mINFO[0m Creating environment descriptor '/home/chetan-satpute/lane_following/install/orbbec_camera/share/orbbec_camera/hook/ld_library_path_lib.dsv'
[1.273s] [34mcolcon.colcon_core.shell[0m [1;30mINFO[0m Creating environment hook '/home/chetan-satpute/lane_following/install/orbbec_camera/share/orbbec_camera/hook/ld_library_path_lib.sh'
[1.273s] [34mcolcon.colcon_core.environment[0m [1;30mLevel 1[0m checking '/home/chetan-satpute/lane_following/install/orbbec_camera/bin'
[1.273s] [34mcolcon.colcon_core.environment[0m [1;30mLevel 1[0m checking '/home/chetan-satpute/lane_following/install/orbbec_camera/lib/pkgconfig/orbbec_camera.pc'
[1.273s] [34mcolcon.colcon_core.environment[0m [1;30mLevel 1[0m checking '/home/chetan-satpute/lane_following/install/orbbec_camera/lib/python3.10/site-packages'
[1.274s] [34mcolcon.colcon_core.environment[0m [1;30mLevel 1[0m checking '/home/chetan-satpute/lane_following/install/orbbec_camera/bin'
[1.274s] [34mcolcon.colcon_core.shell[0m [1;30mINFO[0m Creating package script '/home/chetan-satpute/lane_following/install/orbbec_camera/share/orbbec_camera/package.ps1'
[1.274s] [34mcolcon.colcon_core.shell[0m [1;30mINFO[0m Creating package descriptor '/home/chetan-satpute/lane_following/install/orbbec_camera/share/orbbec_camera/package.dsv'
[1.275s] [34mcolcon.colcon_core.shell[0m [1;30mINFO[0m Creating package script '/home/chetan-satpute/lane_following/install/orbbec_camera/share/orbbec_camera/package.sh'
[1.275s] [34mcolcon.colcon_core.shell[0m [1;30mINFO[0m Creating package script '/home/chetan-satpute/lane_following/install/orbbec_camera/share/orbbec_camera/package.bash'
[1.275s] [34mcolcon.colcon_core.shell[0m [1;30mINFO[0m Creating package script '/home/chetan-satpute/lane_following/install/orbbec_camera/share/orbbec_camera/package.zsh'
[1.275s] [34mcolcon.colcon_core.environment[0m [1;30mLevel 1[0m create_file_with_runtime_dependencies(/home/chetan-satpute/lane_following/install/orbbec_camera/share/colcon-core/packages/orbbec_camera)
[1.276s] [34mcolcon.colcon_core.environment[0m [1;30mLevel 1[0m create_environment_scripts_only(orbbec_camera)
[1.276s] [34mcolcon.colcon_core.environment[0m [1;30mLevel 1[0m checking '/home/chetan-satpute/lane_following/install/orbbec_camera' for CMake module files
[1.276s] [34mcolcon.colcon_core.environment[0m [1;30mLevel 1[0m checking '/home/chetan-satpute/lane_following/install/orbbec_camera' for CMake config files
[1.276s] [34mcolcon.colcon_core.shell[0m [1;30mLevel 1[0m create_environment_hook('orbbec_camera', 'cmake_prefix_path')
[1.277s] [34mcolcon.colcon_core.shell[0m [1;30mINFO[0m Creating environment hook '/home/chetan-satpute/lane_following/install/orbbec_camera/share/orbbec_camera/hook/cmake_prefix_path.ps1'
[1.277s] [34mcolcon.colcon_core.shell[0m [1;30mINFO[0m Creating environment descriptor '/home/chetan-satpute/lane_following/install/orbbec_camera/share/orbbec_camera/hook/cmake_prefix_path.dsv'
[1.277s] [34mcolcon.colcon_core.shell[0m [1;30mINFO[0m Creating environment hook '/home/chetan-satpute/lane_following/install/orbbec_camera/share/orbbec_camera/hook/cmake_prefix_path.sh'
[1.277s] [34mcolcon.colcon_core.environment[0m [1;30mLevel 1[0m checking '/home/chetan-satpute/lane_following/install/orbbec_camera/lib'
[1.277s] [34mcolcon.colcon_core.shell[0m [1;30mLevel 1[0m create_environment_hook('orbbec_camera', 'ld_library_path_lib')
[1.277s] [34mcolcon.colcon_core.shell[0m [1;30mINFO[0m Creating environment hook '/home/chetan-satpute/lane_following/install/orbbec_camera/share/orbbec_camera/hook/ld_library_path_lib.ps1'
[1.278s] [34mcolcon.colcon_core.shell[0m [1;30mINFO[0m Creating environment descriptor '/home/chetan-satpute/lane_following/install/orbbec_camera/share/orbbec_camera/hook/ld_library_path_lib.dsv'
[1.278s] [34mcolcon.colcon_core.shell[0m [1;30mINFO[0m Creating environment hook '/home/chetan-satpute/lane_following/install/orbbec_camera/share/orbbec_camera/hook/ld_library_path_lib.sh'
[1.278s] [34mcolcon.colcon_core.environment[0m [1;30mLevel 1[0m checking '/home/chetan-satpute/lane_following/install/orbbec_camera/bin'
[1.278s] [34mcolcon.colcon_core.environment[0m [1;30mLevel 1[0m checking '/home/chetan-satpute/lane_following/install/orbbec_camera/lib/pkgconfig/orbbec_camera.pc'
[1.278s] [34mcolcon.colcon_core.environment[0m [1;30mLevel 1[0m checking '/home/chetan-satpute/lane_following/install/orbbec_camera/lib/python3.10/site-packages'
[1.279s] [34mcolcon.colcon_core.environment[0m [1;30mLevel 1[0m checking '/home/chetan-satpute/lane_following/install/orbbec_camera/bin'
[1.279s] [34mcolcon.colcon_core.shell[0m [1;30mINFO[0m Creating package script '/home/chetan-satpute/lane_following/install/orbbec_camera/share/orbbec_camera/package.ps1'
[1.279s] [34mcolcon.colcon_core.shell[0m [1;30mINFO[0m Creating package descriptor '/home/chetan-satpute/lane_following/install/orbbec_camera/share/orbbec_camera/package.dsv'
[1.279s] [34mcolcon.colcon_core.shell[0m [1;30mINFO[0m Creating package script '/home/chetan-satpute/lane_following/install/orbbec_camera/share/orbbec_camera/package.sh'
[1.280s] [34mcolcon.colcon_core.shell[0m [1;30mINFO[0m Creating package script '/home/chetan-satpute/lane_following/install/orbbec_camera/share/orbbec_camera/package.bash'
[1.280s] [34mcolcon.colcon_core.shell[0m [1;30mINFO[0m Creating package script '/home/chetan-satpute/lane_following/install/orbbec_camera/share/orbbec_camera/package.zsh'
[1.280s] [34mcolcon.colcon_core.environment[0m [1;30mLevel 1[0m create_file_with_runtime_dependencies(/home/chetan-satpute/lane_following/install/orbbec_camera/share/colcon-core/packages/orbbec_camera)
[1.315s] [34mcolcon.colcon_core.event_handler.log_command[0m [1;30mDEBUG[0m [32mInvoking command in '/home/chetan-satpute/lane_following/src/custom_follow': PS1=(.venv) \[\e]0;\u@\h: \w\a\]${debian_chroot:+($debian_chroot)}\[\033[01;32m\]\u@\h\[\033[00m\]:\[\033[01;34m\]\w\[\033[00m\]\$ PYTHONPATH=/home/chetan-satpute/lane_following/build/custom_follow/prefix_override:/usr/lib/python3/dist-packages/colcon_core/task/python/colcon_distutils_commands:/home/chetan-satpute/lane_following/install/custom_follow/lib/python3.10/site-packages:${PYTHONPATH} VIRTUAL_ENV_PROMPT=(.venv) /usr/bin/python3 -W ignore:setup.py install is deprecated -W ignore:easy_install command is deprecated setup.py egg_info --egg-base ../../build/custom_follow build --build-base /home/chetan-satpute/lane_following/build/custom_follow/build install --record /home/chetan-satpute/lane_following/build/custom_follow/install.log --single-version-externally-managed install_data[0m
[1.572s] [34mcolcon.colcon_core.environment[0m [1;30mLevel 1[0m checking '/home/chetan-satpute/lane_following/install/custom_follow' for CMake module files
[1.573s] [34mcolcon.colcon_core.event_handler.log_command[0m [1;30mDEBUG[0m [32mInvoked command in '/home/chetan-satpute/lane_following/src/custom_follow' returned '0': PS1=(.venv) \[\e]0;\u@\h: \w\a\]${debian_chroot:+($debian_chroot)}\[\033[01;32m\]\u@\h\[\033[00m\]:\[\033[01;34m\]\w\[\033[00m\]\$ PYTHONPATH=/home/chetan-satpute/lane_following/build/custom_follow/prefix_override:/usr/lib/python3/dist-packages/colcon_core/task/python/colcon_distutils_commands:/home/chetan-satpute/lane_following/install/custom_follow/lib/python3.10/site-packages:${PYTHONPATH} VIRTUAL_ENV_PROMPT=(.venv) /usr/bin/python3 -W ignore:setup.py install is deprecated -W ignore:easy_install command is deprecated setup.py egg_info --egg-base ../../build/custom_follow build --build-base /home/chetan-satpute/lane_following/build/custom_follow/build install --record /home/chetan-satpute/lane_following/build/custom_follow/install.log --single-version-externally-managed install_data[0m
[1.573s] [34mcolcon.colcon_core.environment[0m [1;30mLevel 1[0m checking '/home/chetan-satpute/lane_following/install/custom_follow' for CMake config files
[1.574s] [34mcolcon.colcon_core.environment[0m [1;30mLevel 1[0m checking '/home/chetan-satpute/lane_following/install/custom_follow/lib'
[1.574s] [34mcolcon.colcon_core.environment[0m [1;30mLevel 1[0m checking '/home/chetan-satpute/lane_following/install/custom_follow/bin'
[1.574s] [34mcolcon.colcon_core.environment[0m [1;30mLevel 1[0m checking '/home/chetan-satpute/lane_following/install/custom_follow/lib/pkgconfig/custom_follow.pc'
[1.574s] [34mcolcon.colcon_core.environment[0m [1;30mLevel 1[0m checking '/home/chetan-satpute/lane_following/install/custom_follow/lib/python3.10/site-packages'
[1.574s] [34mcolcon.colcon_core.shell[0m [1;30mLevel 1[0m create_environment_hook('custom_follow', 'pythonpath')
[1.574s] [34mcolcon.colcon_core.shell[0m [1;30mINFO[0m Creating environment hook '/home/chetan-satpute/lane_following/install/custom_follow/share/custom_follow/hook/pythonpath.ps1'
[1.575s] [34mcolcon.colcon_core.shell[0m [1;30mINFO[0m Creating environment descriptor '/home/chetan-satpute/lane_following/install/custom_follow/share/custom_follow/hook/pythonpath.dsv'
[1.575s] [34mcolcon.colcon_core.shell[0m [1;30mINFO[0m Creating environment hook '/home/chetan-satpute/lane_following/install/custom_follow/share/custom_follow/hook/pythonpath.sh'
[1.575s] [34mcolcon.colcon_core.environment[0m [1;30mLevel 1[0m checking '/home/chetan-satpute/lane_following/install/custom_follow/bin'
[1.575s] [34mcolcon.colcon_core.environment[0m [1;30mLevel 1[0m create_environment_scripts_only(custom_follow)
[1.576s] [34mcolcon.colcon_core.shell[0m [1;30mINFO[0m Creating package script '/home/chetan-satpute/lane_following/install/custom_follow/share/custom_follow/package.ps1'
[1.576s] [34mcolcon.colcon_core.shell[0m [1;30mINFO[0m Creating package descriptor '/home/chetan-satpute/lane_following/install/custom_follow/share/custom_follow/package.dsv'
[1.576s] [34mcolcon.colcon_core.shell[0m [1;30mINFO[0m Creating package script '/home/chetan-satpute/lane_following/install/custom_follow/share/custom_follow/package.sh'
[1.576s] [34mcolcon.colcon_core.shell[0m [1;30mINFO[0m Creating package script '/home/chetan-satpute/lane_following/install/custom_follow/share/custom_follow/package.bash'
[1.577s] [34mcolcon.colcon_core.shell[0m [1;30mINFO[0m Creating package script '/home/chetan-satpute/lane_following/install/custom_follow/share/custom_follow/package.zsh'
[1.577s] [34mcolcon.colcon_core.environment[0m [1;30mLevel 1[0m create_file_with_runtime_dependencies(/home/chetan-satpute/lane_following/install/custom_follow/share/colcon-core/packages/custom_follow)
[1.577s] [34mcolcon.colcon_parallel_executor.executor.parallel[0m [1;30mDEBUG[0m [32mclosing loop[0m
[1.577s] [34mcolcon.colcon_parallel_executor.executor.parallel[0m [1;30mDEBUG[0m [32mloop closed[0m
[1.577s] [34mcolcon.colcon_parallel_executor.executor.parallel[0m [1;30mDEBUG[0m [32mrun_until_complete finished with '0'[0m
[1.577s] [34mcolcon.colcon_core.event_reactor[0m [1;30mDEBUG[0m [32mjoining thread[0m
[1.581s] [34mcolcon.colcon_core.plugin_system[0m [1;30mINFO[0m Skipping extension 'colcon_notification.desktop_notification.terminal_notifier': Not used on non-Darwin systems
[1.581s] [34mcolcon.colcon_core.plugin_system[0m [1;30mINFO[0m Skipping extension 'colcon_notification.desktop_notification.win32': Not used on non-Windows systems
[1.581s] [34mcolcon.colcon_notification.desktop_notification[0m [1;30mINFO[0m Sending desktop notification using 'notify2'
[1.592s] [34mcolcon.colcon_core.event_reactor[0m [1;30mDEBUG[0m [32mjoined thread[0m
[1.592s] [34mcolcon.colcon_core.shell[0m [1;30mINFO[0m Creating prefix script '/home/chetan-satpute/lane_following/install/local_setup.ps1'
[1.593s] [34mcolcon.colcon_core.shell[0m [1;30mINFO[0m Creating prefix util module '/home/chetan-satpute/lane_following/install/_local_setup_util_ps1.py'
[1.594s] [34mcolcon.colcon_core.shell[0m [1;30mINFO[0m Creating prefix chain script '/home/chetan-satpute/lane_following/install/setup.ps1'
[1.595s] [34mcolcon.colcon_core.shell[0m [1;30mINFO[0m Creating prefix script '/home/chetan-satpute/lane_following/install/local_setup.sh'
[1.595s] [34mcolcon.colcon_core.shell[0m [1;30mINFO[0m Creating prefix util module '/home/chetan-satpute/lane_following/install/_local_setup_util_sh.py'
[1.596s] [34mcolcon.colcon_core.shell[0m [1;30mINFO[0m Creating prefix chain script '/home/chetan-satpute/lane_following/install/setup.sh'
[1.596s] [34mcolcon.colcon_core.shell[0m [1;30mINFO[0m Creating prefix script '/home/chetan-satpute/lane_following/install/local_setup.bash'
[1.597s] [34mcolcon.colcon_core.shell[0m [1;30mINFO[0m Creating prefix chain script '/home/chetan-satpute/lane_following/install/setup.bash'
[1.597s] [34mcolcon.colcon_core.shell[0m [1;30mINFO[0m Creating prefix script '/home/chetan-satpute/lane_following/install/local_setup.zsh'
[1.598s] [34mcolcon.colcon_core.shell[0m [1;30mINFO[0m Creating prefix chain script '/home/chetan-satpute/lane_following/install/setup.zsh'
