[0.009s] Invoking command in '/home/chetan-satpute/depth_cam/build/orbbec_camera_msgs': CMAKE_PREFIX_PATH=${CMAKE_PREFIX_PATH}:/home/chetan-satpute/depth_cam/install/lane_detection:/opt/ros/humble /usr/bin/cmake --build /home/chetan-satpute/depth_cam/build/orbbec_camera_msgs -- -j16 -l16
[0.051s] [  0%] Built target orbbec_camera_msgs__cpp
[0.061s] [ 12%] Built target orbbec_camera_msgs__rosidl_generator_c
[0.080s] [ 12%] Built target ament_cmake_python_copy_orbbec_camera_msgs
[0.082s] [ 24%] Built target orbbec_camera_msgs__rosidl_typesupport_cpp
[0.083s] [ 36%] Built target orbbec_camera_msgs__rosidl_typesupport_introspection_cpp
[0.084s] [ 47%] Built target orbbec_camera_msgs__rosidl_typesupport_fastrtps_cpp
[0.086s] [ 59%] Built target orbbec_camera_msgs__rosidl_typesupport_c
[0.088s] [ 71%] Built target orbbec_camera_msgs__rosidl_typesupport_introspection_c
[0.093s] [ 83%] Built target orbbec_camera_msgs__rosidl_typesupport_fastrtps_c
[0.112s] [ 83%] Built target orbbec_camera_msgs
[0.129s] [ 84%] Built target orbbec_camera_msgs__py
[0.151s] [ 95%] Built target orbbec_camera_msgs__rosidl_generator_py
[0.167s] [ 96%] Built target orbbec_camera_msgs__rosidl_typesupport_c__pyext
[0.168s] [ 98%] Built target orbbec_camera_msgs__rosidl_typesupport_introspection_c__pyext
[0.172s] [100%] Built target orbbec_camera_msgs__rosidl_typesupport_fastrtps_c__pyext
[0.249s] running egg_info
[0.249s] writing orbbec_camera_msgs.egg-info/PKG-INFO
[0.249s] writing dependency_links to orbbec_camera_msgs.egg-info/dependency_links.txt
[0.249s] writing top-level names to orbbec_camera_msgs.egg-info/top_level.txt
[0.251s] reading manifest file 'orbbec_camera_msgs.egg-info/SOURCES.txt'
[0.252s] writing manifest file 'orbbec_camera_msgs.egg-info/SOURCES.txt'
[0.272s] [100%] Built target ament_cmake_python_build_orbbec_camera_msgs_egg
[0.282s] Invoked command in '/home/chetan-satpute/depth_cam/build/orbbec_camera_msgs' returned '0': CMAKE_PREFIX_PATH=${CMAKE_PREFIX_PATH}:/home/chetan-satpute/depth_cam/install/lane_detection:/opt/ros/humble /usr/bin/cmake --build /home/chetan-satpute/depth_cam/build/orbbec_camera_msgs -- -j16 -l16
[0.283s] Invoking command in '/home/chetan-satpute/depth_cam/build/orbbec_camera_msgs': CMAKE_PREFIX_PATH=${CMAKE_PREFIX_PATH}:/home/chetan-satpute/depth_cam/install/lane_detection:/opt/ros/humble /usr/bin/cmake --install /home/chetan-satpute/depth_cam/build/orbbec_camera_msgs
[0.291s] -- Install configuration: "Release"
[0.291s] -- Up-to-date: /home/chetan-satpute/depth_cam/install/orbbec_camera_msgs/share/ament_index/resource_index/rosidl_interfaces/orbbec_camera_msgs
[0.292s] -- Up-to-date: /home/chetan-satpute/depth_cam/install/orbbec_camera_msgs/include/orbbec_camera_msgs/orbbec_camera_msgs
[0.292s] -- Up-to-date: /home/chetan-satpute/depth_cam/install/orbbec_camera_msgs/include/orbbec_camera_msgs/orbbec_camera_msgs/msg
[0.292s] -- Up-to-date: /home/chetan-satpute/depth_cam/install/orbbec_camera_msgs/include/orbbec_camera_msgs/orbbec_camera_msgs/msg/rosidl_generator_c__visibility_control.h
[0.292s] -- Up-to-date: /home/chetan-satpute/depth_cam/install/orbbec_camera_msgs/include/orbbec_camera_msgs/orbbec_camera_msgs/msg/extrinsics.h
[0.292s] -- Up-to-date: /home/chetan-satpute/depth_cam/install/orbbec_camera_msgs/include/orbbec_camera_msgs/orbbec_camera_msgs/msg/metadata.h
[0.292s] -- Up-to-date: /home/chetan-satpute/depth_cam/install/orbbec_camera_msgs/include/orbbec_camera_msgs/orbbec_camera_msgs/msg/device_status.h
[0.292s] -- Up-to-date: /home/chetan-satpute/depth_cam/install/orbbec_camera_msgs/include/orbbec_camera_msgs/orbbec_camera_msgs/msg/rgbd.h
[0.292s] -- Up-to-date: /home/chetan-satpute/depth_cam/install/orbbec_camera_msgs/include/orbbec_camera_msgs/orbbec_camera_msgs/msg/detail
[0.292s] -- Up-to-date: /home/chetan-satpute/depth_cam/install/orbbec_camera_msgs/include/orbbec_camera_msgs/orbbec_camera_msgs/msg/detail/extrinsics__functions.c
[0.292s] -- Up-to-date: /home/chetan-satpute/depth_cam/install/orbbec_camera_msgs/include/orbbec_camera_msgs/orbbec_camera_msgs/msg/detail/metadata__functions.h
[0.292s] -- Up-to-date: /home/chetan-satpute/depth_cam/install/orbbec_camera_msgs/include/orbbec_camera_msgs/orbbec_camera_msgs/msg/detail/device_info__struct.h
[0.292s] -- Up-to-date: /home/chetan-satpute/depth_cam/install/orbbec_camera_msgs/include/orbbec_camera_msgs/orbbec_camera_msgs/msg/detail/device_info__functions.c
[0.293s] -- Up-to-date: /home/chetan-satpute/depth_cam/install/orbbec_camera_msgs/include/orbbec_camera_msgs/orbbec_camera_msgs/msg/detail/extrinsics__struct.h
[0.293s] -- Up-to-date: /home/chetan-satpute/depth_cam/install/orbbec_camera_msgs/include/orbbec_camera_msgs/orbbec_camera_msgs/msg/detail/rgbd__type_support.h
[0.293s] -- Up-to-date: /home/chetan-satpute/depth_cam/install/orbbec_camera_msgs/include/orbbec_camera_msgs/orbbec_camera_msgs/msg/detail/device_info__type_support.h
[0.293s] -- Up-to-date: /home/chetan-satpute/depth_cam/install/orbbec_camera_msgs/include/orbbec_camera_msgs/orbbec_camera_msgs/msg/detail/imu_info__functions.c
[0.293s] -- Up-to-date: /home/chetan-satpute/depth_cam/install/orbbec_camera_msgs/include/orbbec_camera_msgs/orbbec_camera_msgs/msg/detail/rgbd__struct.h
[0.293s] -- Up-to-date: /home/chetan-satpute/depth_cam/install/orbbec_camera_msgs/include/orbbec_camera_msgs/orbbec_camera_msgs/msg/detail/device_status__functions.c
[0.293s] -- Up-to-date: /home/chetan-satpute/depth_cam/install/orbbec_camera_msgs/include/orbbec_camera_msgs/orbbec_camera_msgs/msg/detail/rgbd__functions.c
[0.293s] -- Up-to-date: /home/chetan-satpute/depth_cam/install/orbbec_camera_msgs/include/orbbec_camera_msgs/orbbec_camera_msgs/msg/detail/imu_info__struct.h
[0.293s] -- Up-to-date: /home/chetan-satpute/depth_cam/install/orbbec_camera_msgs/include/orbbec_camera_msgs/orbbec_camera_msgs/msg/detail/rgbd__functions.h
[0.293s] -- Up-to-date: /home/chetan-satpute/depth_cam/install/orbbec_camera_msgs/include/orbbec_camera_msgs/orbbec_camera_msgs/msg/detail/metadata__struct.h
[0.293s] -- Up-to-date: /home/chetan-satpute/depth_cam/install/orbbec_camera_msgs/include/orbbec_camera_msgs/orbbec_camera_msgs/msg/detail/imu_info__functions.h
[0.293s] -- Up-to-date: /home/chetan-satpute/depth_cam/install/orbbec_camera_msgs/include/orbbec_camera_msgs/orbbec_camera_msgs/msg/detail/metadata__functions.c
[0.293s] -- Up-to-date: /home/chetan-satpute/depth_cam/install/orbbec_camera_msgs/include/orbbec_camera_msgs/orbbec_camera_msgs/msg/detail/device_info__functions.h
[0.293s] -- Up-to-date: /home/chetan-satpute/depth_cam/install/orbbec_camera_msgs/include/orbbec_camera_msgs/orbbec_camera_msgs/msg/detail/imu_info__type_support.h
[0.294s] -- Up-to-date: /home/chetan-satpute/depth_cam/install/orbbec_camera_msgs/include/orbbec_camera_msgs/orbbec_camera_msgs/msg/detail/device_status__type_support.h
[0.294s] -- Up-to-date: /home/chetan-satpute/depth_cam/install/orbbec_camera_msgs/include/orbbec_camera_msgs/orbbec_camera_msgs/msg/detail/extrinsics__type_support.h
[0.294s] -- Up-to-date: /home/chetan-satpute/depth_cam/install/orbbec_camera_msgs/include/orbbec_camera_msgs/orbbec_camera_msgs/msg/detail/device_status__struct.h
[0.294s] -- Up-to-date: /home/chetan-satpute/depth_cam/install/orbbec_camera_msgs/include/orbbec_camera_msgs/orbbec_camera_msgs/msg/detail/metadata__type_support.h
[0.294s] -- Up-to-date: /home/chetan-satpute/depth_cam/install/orbbec_camera_msgs/include/orbbec_camera_msgs/orbbec_camera_msgs/msg/detail/extrinsics__functions.h
[0.294s] -- Up-to-date: /home/chetan-satpute/depth_cam/install/orbbec_camera_msgs/include/orbbec_camera_msgs/orbbec_camera_msgs/msg/detail/device_status__functions.h
[0.294s] -- Up-to-date: /home/chetan-satpute/depth_cam/install/orbbec_camera_msgs/include/orbbec_camera_msgs/orbbec_camera_msgs/msg/device_info.h
[0.294s] -- Up-to-date: /home/chetan-satpute/depth_cam/install/orbbec_camera_msgs/include/orbbec_camera_msgs/orbbec_camera_msgs/msg/imu_info.h
[0.294s] -- Up-to-date: /home/chetan-satpute/depth_cam/install/orbbec_camera_msgs/include/orbbec_camera_msgs/orbbec_camera_msgs/srv
[0.294s] -- Up-to-date: /home/chetan-satpute/depth_cam/install/orbbec_camera_msgs/include/orbbec_camera_msgs/orbbec_camera_msgs/srv/get_string.h
[0.294s] -- Up-to-date: /home/chetan-satpute/depth_cam/install/orbbec_camera_msgs/include/orbbec_camera_msgs/orbbec_camera_msgs/srv/get_user_calib_params.h
[0.294s] -- Up-to-date: /home/chetan-satpute/depth_cam/install/orbbec_camera_msgs/include/orbbec_camera_msgs/orbbec_camera_msgs/srv/set_string.h
[0.294s] -- Up-to-date: /home/chetan-satpute/depth_cam/install/orbbec_camera_msgs/include/orbbec_camera_msgs/orbbec_camera_msgs/srv/set_filter.h
[0.294s] -- Up-to-date: /home/chetan-satpute/depth_cam/install/orbbec_camera_msgs/include/orbbec_camera_msgs/orbbec_camera_msgs/srv/set_int32.h
[0.294s] -- Up-to-date: /home/chetan-satpute/depth_cam/install/orbbec_camera_msgs/include/orbbec_camera_msgs/orbbec_camera_msgs/srv/set_arrays.h
[0.295s] -- Up-to-date: /home/chetan-satpute/depth_cam/install/orbbec_camera_msgs/include/orbbec_camera_msgs/orbbec_camera_msgs/srv/get_camera_info.h
[0.295s] -- Up-to-date: /home/chetan-satpute/depth_cam/install/orbbec_camera_msgs/include/orbbec_camera_msgs/orbbec_camera_msgs/srv/detail
[0.295s] -- Up-to-date: /home/chetan-satpute/depth_cam/install/orbbec_camera_msgs/include/orbbec_camera_msgs/orbbec_camera_msgs/srv/detail/get_bool__struct.h
[0.295s] -- Up-to-date: /home/chetan-satpute/depth_cam/install/orbbec_camera_msgs/include/orbbec_camera_msgs/orbbec_camera_msgs/srv/detail/set_int32__functions.c
[0.295s] -- Up-to-date: /home/chetan-satpute/depth_cam/install/orbbec_camera_msgs/include/orbbec_camera_msgs/orbbec_camera_msgs/srv/detail/get_device_info__functions.h
[0.295s] -- Up-to-date: /home/chetan-satpute/depth_cam/install/orbbec_camera_msgs/include/orbbec_camera_msgs/orbbec_camera_msgs/srv/detail/get_int32__type_support.h
[0.295s] -- Up-to-date: /home/chetan-satpute/depth_cam/install/orbbec_camera_msgs/include/orbbec_camera_msgs/orbbec_camera_msgs/srv/detail/set_user_calib_params__type_support.h
[0.295s] -- Up-to-date: /home/chetan-satpute/depth_cam/install/orbbec_camera_msgs/include/orbbec_camera_msgs/orbbec_camera_msgs/srv/detail/get_string__functions.h
[0.295s] -- Up-to-date: /home/chetan-satpute/depth_cam/install/orbbec_camera_msgs/include/orbbec_camera_msgs/orbbec_camera_msgs/srv/detail/set_int32__functions.h
[0.295s] -- Up-to-date: /home/chetan-satpute/depth_cam/install/orbbec_camera_msgs/include/orbbec_camera_msgs/orbbec_camera_msgs/srv/detail/get_string__functions.c
[0.295s] -- Up-to-date: /home/chetan-satpute/depth_cam/install/orbbec_camera_msgs/include/orbbec_camera_msgs/orbbec_camera_msgs/srv/detail/set_int32__type_support.h
[0.295s] -- Up-to-date: /home/chetan-satpute/depth_cam/install/orbbec_camera_msgs/include/orbbec_camera_msgs/orbbec_camera_msgs/srv/detail/set_string__functions.h
[0.295s] -- Up-to-date: /home/chetan-satpute/depth_cam/install/orbbec_camera_msgs/include/orbbec_camera_msgs/orbbec_camera_msgs/srv/detail/set_filter__functions.c
[0.295s] -- Up-to-date: /home/chetan-satpute/depth_cam/install/orbbec_camera_msgs/include/orbbec_camera_msgs/orbbec_camera_msgs/srv/detail/get_bool__type_support.h
[0.295s] -- Up-to-date: /home/chetan-satpute/depth_cam/install/orbbec_camera_msgs/include/orbbec_camera_msgs/orbbec_camera_msgs/srv/detail/get_user_calib_params__functions.h
[0.296s] -- Up-to-date: /home/chetan-satpute/depth_cam/install/orbbec_camera_msgs/include/orbbec_camera_msgs/orbbec_camera_msgs/srv/detail/set_string__type_support.h
[0.296s] -- Up-to-date: /home/chetan-satpute/depth_cam/install/orbbec_camera_msgs/include/orbbec_camera_msgs/orbbec_camera_msgs/srv/detail/get_device_info__functions.c
[0.296s] -- Up-to-date: /home/chetan-satpute/depth_cam/install/orbbec_camera_msgs/include/orbbec_camera_msgs/orbbec_camera_msgs/srv/detail/set_arrays__functions.h
[0.296s] -- Up-to-date: /home/chetan-satpute/depth_cam/install/orbbec_camera_msgs/include/orbbec_camera_msgs/orbbec_camera_msgs/srv/detail/get_int32__struct.h
[0.296s] -- Up-to-date: /home/chetan-satpute/depth_cam/install/orbbec_camera_msgs/include/orbbec_camera_msgs/orbbec_camera_msgs/srv/detail/set_user_calib_params__functions.h
[0.296s] -- Up-to-date: /home/chetan-satpute/depth_cam/install/orbbec_camera_msgs/include/orbbec_camera_msgs/orbbec_camera_msgs/srv/detail/get_string__type_support.h
[0.296s] -- Up-to-date: /home/chetan-satpute/depth_cam/install/orbbec_camera_msgs/include/orbbec_camera_msgs/orbbec_camera_msgs/srv/detail/get_string__struct.h
[0.296s] -- Up-to-date: /home/chetan-satpute/depth_cam/install/orbbec_camera_msgs/include/orbbec_camera_msgs/orbbec_camera_msgs/srv/detail/get_device_info__type_support.h
[0.296s] -- Up-to-date: /home/chetan-satpute/depth_cam/install/orbbec_camera_msgs/include/orbbec_camera_msgs/orbbec_camera_msgs/srv/detail/get_user_calib_params__type_support.h
[0.296s] -- Up-to-date: /home/chetan-satpute/depth_cam/install/orbbec_camera_msgs/include/orbbec_camera_msgs/orbbec_camera_msgs/srv/detail/set_string__functions.c
[0.296s] -- Up-to-date: /home/chetan-satpute/depth_cam/install/orbbec_camera_msgs/include/orbbec_camera_msgs/orbbec_camera_msgs/srv/detail/get_device_info__struct.h
[0.296s] -- Up-to-date: /home/chetan-satpute/depth_cam/install/orbbec_camera_msgs/include/orbbec_camera_msgs/orbbec_camera_msgs/srv/detail/get_user_calib_params__struct.h
[0.296s] -- Up-to-date: /home/chetan-satpute/depth_cam/install/orbbec_camera_msgs/include/orbbec_camera_msgs/orbbec_camera_msgs/srv/detail/set_filter__functions.h
[0.296s] -- Up-to-date: /home/chetan-satpute/depth_cam/install/orbbec_camera_msgs/include/orbbec_camera_msgs/orbbec_camera_msgs/srv/detail/get_int32__functions.h
[0.296s] -- Up-to-date: /home/chetan-satpute/depth_cam/install/orbbec_camera_msgs/include/orbbec_camera_msgs/orbbec_camera_msgs/srv/detail/get_camera_info__struct.h
[0.297s] -- Up-to-date: /home/chetan-satpute/depth_cam/install/orbbec_camera_msgs/include/orbbec_camera_msgs/orbbec_camera_msgs/srv/detail/get_bool__functions.h
[0.297s] -- Up-to-date: /home/chetan-satpute/depth_cam/install/orbbec_camera_msgs/include/orbbec_camera_msgs/orbbec_camera_msgs/srv/detail/set_string__struct.h
[0.297s] -- Up-to-date: /home/chetan-satpute/depth_cam/install/orbbec_camera_msgs/include/orbbec_camera_msgs/orbbec_camera_msgs/srv/detail/get_int32__functions.c
[0.297s] -- Up-to-date: /home/chetan-satpute/depth_cam/install/orbbec_camera_msgs/include/orbbec_camera_msgs/orbbec_camera_msgs/srv/detail/set_user_calib_params__struct.h
[0.297s] -- Up-to-date: /home/chetan-satpute/depth_cam/install/orbbec_camera_msgs/include/orbbec_camera_msgs/orbbec_camera_msgs/srv/detail/set_user_calib_params__functions.c
[0.297s] -- Up-to-date: /home/chetan-satpute/depth_cam/install/orbbec_camera_msgs/include/orbbec_camera_msgs/orbbec_camera_msgs/srv/detail/set_arrays__struct.h
[0.297s] -- Up-to-date: /home/chetan-satpute/depth_cam/install/orbbec_camera_msgs/include/orbbec_camera_msgs/orbbec_camera_msgs/srv/detail/get_camera_info__functions.h
[0.297s] -- Up-to-date: /home/chetan-satpute/depth_cam/install/orbbec_camera_msgs/include/orbbec_camera_msgs/orbbec_camera_msgs/srv/detail/get_bool__functions.c
[0.297s] -- Up-to-date: /home/chetan-satpute/depth_cam/install/orbbec_camera_msgs/include/orbbec_camera_msgs/orbbec_camera_msgs/srv/detail/get_user_calib_params__functions.c
[0.297s] -- Up-to-date: /home/chetan-satpute/depth_cam/install/orbbec_camera_msgs/include/orbbec_camera_msgs/orbbec_camera_msgs/srv/detail/get_camera_info__functions.c
[0.297s] -- Up-to-date: /home/chetan-satpute/depth_cam/install/orbbec_camera_msgs/include/orbbec_camera_msgs/orbbec_camera_msgs/srv/detail/get_camera_info__type_support.h
[0.297s] -- Up-to-date: /home/chetan-satpute/depth_cam/install/orbbec_camera_msgs/include/orbbec_camera_msgs/orbbec_camera_msgs/srv/detail/set_filter__type_support.h
[0.297s] -- Up-to-date: /home/chetan-satpute/depth_cam/install/orbbec_camera_msgs/include/orbbec_camera_msgs/orbbec_camera_msgs/srv/detail/set_filter__struct.h
[0.297s] -- Up-to-date: /home/chetan-satpute/depth_cam/install/orbbec_camera_msgs/include/orbbec_camera_msgs/orbbec_camera_msgs/srv/detail/set_arrays__type_support.h
[0.297s] -- Up-to-date: /home/chetan-satpute/depth_cam/install/orbbec_camera_msgs/include/orbbec_camera_msgs/orbbec_camera_msgs/srv/detail/set_arrays__functions.c
[0.297s] -- Up-to-date: /home/chetan-satpute/depth_cam/install/orbbec_camera_msgs/include/orbbec_camera_msgs/orbbec_camera_msgs/srv/detail/set_int32__struct.h
[0.297s] -- Up-to-date: /home/chetan-satpute/depth_cam/install/orbbec_camera_msgs/include/orbbec_camera_msgs/orbbec_camera_msgs/srv/get_bool.h
[0.298s] -- Up-to-date: /home/chetan-satpute/depth_cam/install/orbbec_camera_msgs/include/orbbec_camera_msgs/orbbec_camera_msgs/srv/get_int32.h
[0.298s] -- Up-to-date: /home/chetan-satpute/depth_cam/install/orbbec_camera_msgs/include/orbbec_camera_msgs/orbbec_camera_msgs/srv/set_user_calib_params.h
[0.298s] -- Up-to-date: /home/chetan-satpute/depth_cam/install/orbbec_camera_msgs/include/orbbec_camera_msgs/orbbec_camera_msgs/srv/get_device_info.h
[0.298s] -- Up-to-date: /home/chetan-satpute/depth_cam/install/orbbec_camera_msgs/share/orbbec_camera_msgs/environment/library_path.sh
[0.298s] -- Up-to-date: /home/chetan-satpute/depth_cam/install/orbbec_camera_msgs/share/orbbec_camera_msgs/environment/library_path.dsv
[0.298s] -- Up-to-date: /home/chetan-satpute/depth_cam/install/orbbec_camera_msgs/lib/liborbbec_camera_msgs__rosidl_generator_c.so
[0.298s] -- Up-to-date: /home/chetan-satpute/depth_cam/install/orbbec_camera_msgs/include/orbbec_camera_msgs/orbbec_camera_msgs
[0.298s] -- Up-to-date: /home/chetan-satpute/depth_cam/install/orbbec_camera_msgs/include/orbbec_camera_msgs/orbbec_camera_msgs/msg
[0.298s] -- Up-to-date: /home/chetan-satpute/depth_cam/install/orbbec_camera_msgs/include/orbbec_camera_msgs/orbbec_camera_msgs/msg/rosidl_typesupport_fastrtps_c__visibility_control.h
[0.298s] -- Up-to-date: /home/chetan-satpute/depth_cam/install/orbbec_camera_msgs/include/orbbec_camera_msgs/orbbec_camera_msgs/msg/detail
[0.298s] -- Up-to-date: /home/chetan-satpute/depth_cam/install/orbbec_camera_msgs/include/orbbec_camera_msgs/orbbec_camera_msgs/msg/detail/extrinsics__rosidl_typesupport_fastrtps_c.h
[0.298s] -- Up-to-date: /home/chetan-satpute/depth_cam/install/orbbec_camera_msgs/include/orbbec_camera_msgs/orbbec_camera_msgs/msg/detail/imu_info__rosidl_typesupport_fastrtps_c.h
[0.298s] -- Up-to-date: /home/chetan-satpute/depth_cam/install/orbbec_camera_msgs/include/orbbec_camera_msgs/orbbec_camera_msgs/msg/detail/device_status__rosidl_typesupport_fastrtps_c.h
[0.298s] -- Up-to-date: /home/chetan-satpute/depth_cam/install/orbbec_camera_msgs/include/orbbec_camera_msgs/orbbec_camera_msgs/msg/detail/metadata__rosidl_typesupport_fastrtps_c.h
[0.298s] -- Up-to-date: /home/chetan-satpute/depth_cam/install/orbbec_camera_msgs/include/orbbec_camera_msgs/orbbec_camera_msgs/msg/detail/device_info__rosidl_typesupport_fastrtps_c.h
[0.298s] -- Up-to-date: /home/chetan-satpute/depth_cam/install/orbbec_camera_msgs/include/orbbec_camera_msgs/orbbec_camera_msgs/msg/detail/rgbd__rosidl_typesupport_fastrtps_c.h
[0.298s] -- Up-to-date: /home/chetan-satpute/depth_cam/install/orbbec_camera_msgs/include/orbbec_camera_msgs/orbbec_camera_msgs/srv
[0.298s] -- Up-to-date: /home/chetan-satpute/depth_cam/install/orbbec_camera_msgs/include/orbbec_camera_msgs/orbbec_camera_msgs/srv/detail
[0.298s] -- Up-to-date: /home/chetan-satpute/depth_cam/install/orbbec_camera_msgs/include/orbbec_camera_msgs/orbbec_camera_msgs/srv/detail/get_string__rosidl_typesupport_fastrtps_c.h
[0.299s] -- Up-to-date: /home/chetan-satpute/depth_cam/install/orbbec_camera_msgs/include/orbbec_camera_msgs/orbbec_camera_msgs/srv/detail/set_user_calib_params__rosidl_typesupport_fastrtps_c.h
[0.299s] -- Up-to-date: /home/chetan-satpute/depth_cam/install/orbbec_camera_msgs/include/orbbec_camera_msgs/orbbec_camera_msgs/srv/detail/get_bool__rosidl_typesupport_fastrtps_c.h
[0.299s] -- Up-to-date: /home/chetan-satpute/depth_cam/install/orbbec_camera_msgs/include/orbbec_camera_msgs/orbbec_camera_msgs/srv/detail/get_int32__rosidl_typesupport_fastrtps_c.h
[0.299s] -- Up-to-date: /home/chetan-satpute/depth_cam/install/orbbec_camera_msgs/include/orbbec_camera_msgs/orbbec_camera_msgs/srv/detail/get_camera_info__rosidl_typesupport_fastrtps_c.h
[0.299s] -- Up-to-date: /home/chetan-satpute/depth_cam/install/orbbec_camera_msgs/include/orbbec_camera_msgs/orbbec_camera_msgs/srv/detail/get_device_info__rosidl_typesupport_fastrtps_c.h
[0.299s] -- Up-to-date: /home/chetan-satpute/depth_cam/install/orbbec_camera_msgs/include/orbbec_camera_msgs/orbbec_camera_msgs/srv/detail/set_arrays__rosidl_typesupport_fastrtps_c.h
[0.299s] -- Up-to-date: /home/chetan-satpute/depth_cam/install/orbbec_camera_msgs/include/orbbec_camera_msgs/orbbec_camera_msgs/srv/detail/set_int32__rosidl_typesupport_fastrtps_c.h
[0.299s] -- Up-to-date: /home/chetan-satpute/depth_cam/install/orbbec_camera_msgs/include/orbbec_camera_msgs/orbbec_camera_msgs/srv/detail/get_user_calib_params__rosidl_typesupport_fastrtps_c.h
[0.299s] -- Up-to-date: /home/chetan-satpute/depth_cam/install/orbbec_camera_msgs/include/orbbec_camera_msgs/orbbec_camera_msgs/srv/detail/set_filter__rosidl_typesupport_fastrtps_c.h
[0.299s] -- Up-to-date: /home/chetan-satpute/depth_cam/install/orbbec_camera_msgs/include/orbbec_camera_msgs/orbbec_camera_msgs/srv/detail/set_string__rosidl_typesupport_fastrtps_c.h
[0.299s] -- Up-to-date: /home/chetan-satpute/depth_cam/install/orbbec_camera_msgs/lib/liborbbec_camera_msgs__rosidl_typesupport_fastrtps_c.so
[0.299s] -- Up-to-date: /home/chetan-satpute/depth_cam/install/orbbec_camera_msgs/include/orbbec_camera_msgs/orbbec_camera_msgs
[0.299s] -- Up-to-date: /home/chetan-satpute/depth_cam/install/orbbec_camera_msgs/include/orbbec_camera_msgs/orbbec_camera_msgs/msg
[0.299s] -- Up-to-date: /home/chetan-satpute/depth_cam/install/orbbec_camera_msgs/include/orbbec_camera_msgs/orbbec_camera_msgs/msg/rosidl_typesupport_introspection_c__visibility_control.h
[0.299s] -- Up-to-date: /home/chetan-satpute/depth_cam/install/orbbec_camera_msgs/include/orbbec_camera_msgs/orbbec_camera_msgs/msg/detail
[0.299s] -- Up-to-date: /home/chetan-satpute/depth_cam/install/orbbec_camera_msgs/include/orbbec_camera_msgs/orbbec_camera_msgs/msg/detail/imu_info__type_support.c
[0.299s] -- Up-to-date: /home/chetan-satpute/depth_cam/install/orbbec_camera_msgs/include/orbbec_camera_msgs/orbbec_camera_msgs/msg/detail/device_info__type_support.c
[0.299s] -- Up-to-date: /home/chetan-satpute/depth_cam/install/orbbec_camera_msgs/include/orbbec_camera_msgs/orbbec_camera_msgs/msg/detail/rgbd__type_support.c
[0.300s] -- Up-to-date: /home/chetan-satpute/depth_cam/install/orbbec_camera_msgs/include/orbbec_camera_msgs/orbbec_camera_msgs/msg/detail/extrinsics__rosidl_typesupport_introspection_c.h
[0.300s] -- Up-to-date: /home/chetan-satpute/depth_cam/install/orbbec_camera_msgs/include/orbbec_camera_msgs/orbbec_camera_msgs/msg/detail/device_status__rosidl_typesupport_introspection_c.h
[0.300s] -- Up-to-date: /home/chetan-satpute/depth_cam/install/orbbec_camera_msgs/include/orbbec_camera_msgs/orbbec_camera_msgs/msg/detail/metadata__type_support.c
[0.300s] -- Up-to-date: /home/chetan-satpute/depth_cam/install/orbbec_camera_msgs/include/orbbec_camera_msgs/orbbec_camera_msgs/msg/detail/device_status__type_support.c
[0.300s] -- Up-to-date: /home/chetan-satpute/depth_cam/install/orbbec_camera_msgs/include/orbbec_camera_msgs/orbbec_camera_msgs/msg/detail/imu_info__rosidl_typesupport_introspection_c.h
[0.300s] -- Up-to-date: /home/chetan-satpute/depth_cam/install/orbbec_camera_msgs/include/orbbec_camera_msgs/orbbec_camera_msgs/msg/detail/device_info__rosidl_typesupport_introspection_c.h
[0.300s] -- Up-to-date: /home/chetan-satpute/depth_cam/install/orbbec_camera_msgs/include/orbbec_camera_msgs/orbbec_camera_msgs/msg/detail/rgbd__rosidl_typesupport_introspection_c.h
[0.300s] -- Up-to-date: /home/chetan-satpute/depth_cam/install/orbbec_camera_msgs/include/orbbec_camera_msgs/orbbec_camera_msgs/msg/detail/metadata__rosidl_typesupport_introspection_c.h
[0.300s] -- Up-to-date: /home/chetan-satpute/depth_cam/install/orbbec_camera_msgs/include/orbbec_camera_msgs/orbbec_camera_msgs/msg/detail/extrinsics__type_support.c
[0.300s] -- Up-to-date: /home/chetan-satpute/depth_cam/install/orbbec_camera_msgs/include/orbbec_camera_msgs/orbbec_camera_msgs/srv
[0.300s] -- Up-to-date: /home/chetan-satpute/depth_cam/install/orbbec_camera_msgs/include/orbbec_camera_msgs/orbbec_camera_msgs/srv/detail
[0.300s] -- Up-to-date: /home/chetan-satpute/depth_cam/install/orbbec_camera_msgs/include/orbbec_camera_msgs/orbbec_camera_msgs/srv/detail/get_camera_info__rosidl_typesupport_introspection_c.h
[0.300s] -- Up-to-date: /home/chetan-satpute/depth_cam/install/orbbec_camera_msgs/include/orbbec_camera_msgs/orbbec_camera_msgs/srv/detail/get_string__rosidl_typesupport_introspection_c.h
[0.300s] -- Up-to-date: /home/chetan-satpute/depth_cam/install/orbbec_camera_msgs/include/orbbec_camera_msgs/orbbec_camera_msgs/srv/detail/get_int32__rosidl_typesupport_introspection_c.h
[0.300s] -- Up-to-date: /home/chetan-satpute/depth_cam/install/orbbec_camera_msgs/include/orbbec_camera_msgs/orbbec_camera_msgs/srv/detail/set_string__type_support.c
[0.300s] -- Up-to-date: /home/chetan-satpute/depth_cam/install/orbbec_camera_msgs/include/orbbec_camera_msgs/orbbec_camera_msgs/srv/detail/get_device_info__type_support.c
[0.300s] -- Up-to-date: /home/chetan-satpute/depth_cam/install/orbbec_camera_msgs/include/orbbec_camera_msgs/orbbec_camera_msgs/srv/detail/set_user_calib_params__type_support.c
[0.300s] -- Up-to-date: /home/chetan-satpute/depth_cam/install/orbbec_camera_msgs/include/orbbec_camera_msgs/orbbec_camera_msgs/srv/detail/get_string__type_support.c
[0.300s] -- Up-to-date: /home/chetan-satpute/depth_cam/install/orbbec_camera_msgs/include/orbbec_camera_msgs/orbbec_camera_msgs/srv/detail/get_camera_info__type_support.c
[0.300s] -- Up-to-date: /home/chetan-satpute/depth_cam/install/orbbec_camera_msgs/include/orbbec_camera_msgs/orbbec_camera_msgs/srv/detail/get_int32__type_support.c
[0.300s] -- Up-to-date: /home/chetan-satpute/depth_cam/install/orbbec_camera_msgs/include/orbbec_camera_msgs/orbbec_camera_msgs/srv/detail/get_user_calib_params__rosidl_typesupport_introspection_c.h
[0.300s] -- Up-to-date: /home/chetan-satpute/depth_cam/install/orbbec_camera_msgs/include/orbbec_camera_msgs/orbbec_camera_msgs/srv/detail/get_bool__type_support.c
[0.300s] -- Up-to-date: /home/chetan-satpute/depth_cam/install/orbbec_camera_msgs/include/orbbec_camera_msgs/orbbec_camera_msgs/srv/detail/get_device_info__rosidl_typesupport_introspection_c.h
[0.301s] -- Up-to-date: /home/chetan-satpute/depth_cam/install/orbbec_camera_msgs/include/orbbec_camera_msgs/orbbec_camera_msgs/srv/detail/get_user_calib_params__type_support.c
[0.301s] -- Up-to-date: /home/chetan-satpute/depth_cam/install/orbbec_camera_msgs/include/orbbec_camera_msgs/orbbec_camera_msgs/srv/detail/set_user_calib_params__rosidl_typesupport_introspection_c.h
[0.301s] -- Up-to-date: /home/chetan-satpute/depth_cam/install/orbbec_camera_msgs/include/orbbec_camera_msgs/orbbec_camera_msgs/srv/detail/set_filter__rosidl_typesupport_introspection_c.h
[0.301s] -- Up-to-date: /home/chetan-satpute/depth_cam/install/orbbec_camera_msgs/include/orbbec_camera_msgs/orbbec_camera_msgs/srv/detail/set_arrays__rosidl_typesupport_introspection_c.h
[0.301s] -- Up-to-date: /home/chetan-satpute/depth_cam/install/orbbec_camera_msgs/include/orbbec_camera_msgs/orbbec_camera_msgs/srv/detail/set_filter__type_support.c
[0.301s] -- Up-to-date: /home/chetan-satpute/depth_cam/install/orbbec_camera_msgs/include/orbbec_camera_msgs/orbbec_camera_msgs/srv/detail/set_arrays__type_support.c
[0.301s] -- Up-to-date: /home/chetan-satpute/depth_cam/install/orbbec_camera_msgs/include/orbbec_camera_msgs/orbbec_camera_msgs/srv/detail/set_int32__rosidl_typesupport_introspection_c.h
[0.301s] -- Up-to-date: /home/chetan-satpute/depth_cam/install/orbbec_camera_msgs/include/orbbec_camera_msgs/orbbec_camera_msgs/srv/detail/get_bool__rosidl_typesupport_introspection_c.h
[0.301s] -- Up-to-date: /home/chetan-satpute/depth_cam/install/orbbec_camera_msgs/include/orbbec_camera_msgs/orbbec_camera_msgs/srv/detail/set_string__rosidl_typesupport_introspection_c.h
[0.301s] -- Up-to-date: /home/chetan-satpute/depth_cam/install/orbbec_camera_msgs/include/orbbec_camera_msgs/orbbec_camera_msgs/srv/detail/set_int32__type_support.c
[0.301s] -- Up-to-date: /home/chetan-satpute/depth_cam/install/orbbec_camera_msgs/lib/liborbbec_camera_msgs__rosidl_typesupport_introspection_c.so
[0.301s] -- Up-to-date: /home/chetan-satpute/depth_cam/install/orbbec_camera_msgs/lib/liborbbec_camera_msgs__rosidl_typesupport_c.so
[0.301s] -- Up-to-date: /home/chetan-satpute/depth_cam/install/orbbec_camera_msgs/include/orbbec_camera_msgs/orbbec_camera_msgs
[0.301s] -- Up-to-date: /home/chetan-satpute/depth_cam/install/orbbec_camera_msgs/include/orbbec_camera_msgs/orbbec_camera_msgs/msg
[0.301s] -- Up-to-date: /home/chetan-satpute/depth_cam/install/orbbec_camera_msgs/include/orbbec_camera_msgs/orbbec_camera_msgs/msg/imu_info.hpp
[0.301s] -- Up-to-date: /home/chetan-satpute/depth_cam/install/orbbec_camera_msgs/include/orbbec_camera_msgs/orbbec_camera_msgs/msg/metadata.hpp
[0.301s] -- Up-to-date: /home/chetan-satpute/depth_cam/install/orbbec_camera_msgs/include/orbbec_camera_msgs/orbbec_camera_msgs/msg/device_info.hpp
[0.301s] -- Up-to-date: /home/chetan-satpute/depth_cam/install/orbbec_camera_msgs/include/orbbec_camera_msgs/orbbec_camera_msgs/msg/extrinsics.hpp
[0.301s] -- Up-to-date: /home/chetan-satpute/depth_cam/install/orbbec_camera_msgs/include/orbbec_camera_msgs/orbbec_camera_msgs/msg/device_status.hpp
[0.301s] -- Up-to-date: /home/chetan-satpute/depth_cam/install/orbbec_camera_msgs/include/orbbec_camera_msgs/orbbec_camera_msgs/msg/rgbd.hpp
[0.301s] -- Up-to-date: /home/chetan-satpute/depth_cam/install/orbbec_camera_msgs/include/orbbec_camera_msgs/orbbec_camera_msgs/msg/detail
[0.301s] -- Up-to-date: /home/chetan-satpute/depth_cam/install/orbbec_camera_msgs/include/orbbec_camera_msgs/orbbec_camera_msgs/msg/detail/device_info__struct.hpp
[0.301s] -- Up-to-date: /home/chetan-satpute/depth_cam/install/orbbec_camera_msgs/include/orbbec_camera_msgs/orbbec_camera_msgs/msg/detail/device_status__traits.hpp
[0.301s] -- Up-to-date: /home/chetan-satpute/depth_cam/install/orbbec_camera_msgs/include/orbbec_camera_msgs/orbbec_camera_msgs/msg/detail/rgbd__struct.hpp
[0.301s] -- Up-to-date: /home/chetan-satpute/depth_cam/install/orbbec_camera_msgs/include/orbbec_camera_msgs/orbbec_camera_msgs/msg/detail/device_status__struct.hpp
[0.301s] -- Up-to-date: /home/chetan-satpute/depth_cam/install/orbbec_camera_msgs/include/orbbec_camera_msgs/orbbec_camera_msgs/msg/detail/extrinsics__traits.hpp
[0.301s] -- Up-to-date: /home/chetan-satpute/depth_cam/install/orbbec_camera_msgs/include/orbbec_camera_msgs/orbbec_camera_msgs/msg/detail/extrinsics__builder.hpp
[0.301s] -- Up-to-date: /home/chetan-satpute/depth_cam/install/orbbec_camera_msgs/include/orbbec_camera_msgs/orbbec_camera_msgs/msg/detail/device_info__type_support.hpp
[0.301s] -- Up-to-date: /home/chetan-satpute/depth_cam/install/orbbec_camera_msgs/include/orbbec_camera_msgs/orbbec_camera_msgs/msg/detail/metadata__builder.hpp
[0.301s] -- Up-to-date: /home/chetan-satpute/depth_cam/install/orbbec_camera_msgs/include/orbbec_camera_msgs/orbbec_camera_msgs/msg/detail/imu_info__struct.hpp
[0.301s] -- Up-to-date: /home/chetan-satpute/depth_cam/install/orbbec_camera_msgs/include/orbbec_camera_msgs/orbbec_camera_msgs/msg/detail/metadata__struct.hpp
[0.302s] -- Up-to-date: /home/chetan-satpute/depth_cam/install/orbbec_camera_msgs/include/orbbec_camera_msgs/orbbec_camera_msgs/msg/detail/device_status__builder.hpp
[0.302s] -- Up-to-date: /home/chetan-satpute/depth_cam/install/orbbec_camera_msgs/include/orbbec_camera_msgs/orbbec_camera_msgs/msg/detail/rgbd__builder.hpp
[0.302s] -- Up-to-date: /home/chetan-satpute/depth_cam/install/orbbec_camera_msgs/include/orbbec_camera_msgs/orbbec_camera_msgs/msg/detail/device_info__builder.hpp
[0.302s] -- Up-to-date: /home/chetan-satpute/depth_cam/install/orbbec_camera_msgs/include/orbbec_camera_msgs/orbbec_camera_msgs/msg/detail/device_info__traits.hpp
[0.302s] -- Up-to-date: /home/chetan-satpute/depth_cam/install/orbbec_camera_msgs/include/orbbec_camera_msgs/orbbec_camera_msgs/msg/detail/metadata__traits.hpp
[0.302s] -- Up-to-date: /home/chetan-satpute/depth_cam/install/orbbec_camera_msgs/include/orbbec_camera_msgs/orbbec_camera_msgs/msg/detail/imu_info__type_support.hpp
[0.302s] -- Up-to-date: /home/chetan-satpute/depth_cam/install/orbbec_camera_msgs/include/orbbec_camera_msgs/orbbec_camera_msgs/msg/detail/rgbd__type_support.hpp
[0.302s] -- Up-to-date: /home/chetan-satpute/depth_cam/install/orbbec_camera_msgs/include/orbbec_camera_msgs/orbbec_camera_msgs/msg/detail/rgbd__traits.hpp
[0.302s] -- Up-to-date: /home/chetan-satpute/depth_cam/install/orbbec_camera_msgs/include/orbbec_camera_msgs/orbbec_camera_msgs/msg/detail/device_status__type_support.hpp
[0.302s] -- Up-to-date: /home/chetan-satpute/depth_cam/install/orbbec_camera_msgs/include/orbbec_camera_msgs/orbbec_camera_msgs/msg/detail/extrinsics__struct.hpp
[0.302s] -- Up-to-date: /home/chetan-satpute/depth_cam/install/orbbec_camera_msgs/include/orbbec_camera_msgs/orbbec_camera_msgs/msg/detail/imu_info__builder.hpp
[0.302s] -- Up-to-date: /home/chetan-satpute/depth_cam/install/orbbec_camera_msgs/include/orbbec_camera_msgs/orbbec_camera_msgs/msg/detail/metadata__type_support.hpp
[0.302s] -- Up-to-date: /home/chetan-satpute/depth_cam/install/orbbec_camera_msgs/include/orbbec_camera_msgs/orbbec_camera_msgs/msg/detail/extrinsics__type_support.hpp
[0.302s] -- Up-to-date: /home/chetan-satpute/depth_cam/install/orbbec_camera_msgs/include/orbbec_camera_msgs/orbbec_camera_msgs/msg/detail/imu_info__traits.hpp
[0.302s] -- Up-to-date: /home/chetan-satpute/depth_cam/install/orbbec_camera_msgs/include/orbbec_camera_msgs/orbbec_camera_msgs/msg/rosidl_generator_cpp__visibility_control.hpp
[0.302s] -- Up-to-date: /home/chetan-satpute/depth_cam/install/orbbec_camera_msgs/include/orbbec_camera_msgs/orbbec_camera_msgs/srv
[0.302s] -- Up-to-date: /home/chetan-satpute/depth_cam/install/orbbec_camera_msgs/include/orbbec_camera_msgs/orbbec_camera_msgs/srv/set_filter.hpp
[0.302s] -- Up-to-date: /home/chetan-satpute/depth_cam/install/orbbec_camera_msgs/include/orbbec_camera_msgs/orbbec_camera_msgs/srv/get_user_calib_params.hpp
[0.302s] -- Up-to-date: /home/chetan-satpute/depth_cam/install/orbbec_camera_msgs/include/orbbec_camera_msgs/orbbec_camera_msgs/srv/get_camera_info.hpp
[0.302s] -- Up-to-date: /home/chetan-satpute/depth_cam/install/orbbec_camera_msgs/include/orbbec_camera_msgs/orbbec_camera_msgs/srv/get_string.hpp
[0.302s] -- Up-to-date: /home/chetan-satpute/depth_cam/install/orbbec_camera_msgs/include/orbbec_camera_msgs/orbbec_camera_msgs/srv/get_device_info.hpp
[0.302s] -- Up-to-date: /home/chetan-satpute/depth_cam/install/orbbec_camera_msgs/include/orbbec_camera_msgs/orbbec_camera_msgs/srv/set_string.hpp
[0.302s] -- Up-to-date: /home/chetan-satpute/depth_cam/install/orbbec_camera_msgs/include/orbbec_camera_msgs/orbbec_camera_msgs/srv/get_bool.hpp
[0.302s] -- Up-to-date: /home/chetan-satpute/depth_cam/install/orbbec_camera_msgs/include/orbbec_camera_msgs/orbbec_camera_msgs/srv/set_user_calib_params.hpp
[0.302s] -- Up-to-date: /home/chetan-satpute/depth_cam/install/orbbec_camera_msgs/include/orbbec_camera_msgs/orbbec_camera_msgs/srv/detail
[0.302s] -- Up-to-date: /home/chetan-satpute/depth_cam/install/orbbec_camera_msgs/include/orbbec_camera_msgs/orbbec_camera_msgs/srv/detail/get_string__type_support.hpp
[0.302s] -- Up-to-date: /home/chetan-satpute/depth_cam/install/orbbec_camera_msgs/include/orbbec_camera_msgs/orbbec_camera_msgs/srv/detail/set_int32__struct.hpp
[0.302s] -- Up-to-date: /home/chetan-satpute/depth_cam/install/orbbec_camera_msgs/include/orbbec_camera_msgs/orbbec_camera_msgs/srv/detail/get_user_calib_params__type_support.hpp
[0.302s] -- Up-to-date: /home/chetan-satpute/depth_cam/install/orbbec_camera_msgs/include/orbbec_camera_msgs/orbbec_camera_msgs/srv/detail/get_device_info__traits.hpp
[0.302s] -- Up-to-date: /home/chetan-satpute/depth_cam/install/orbbec_camera_msgs/include/orbbec_camera_msgs/orbbec_camera_msgs/srv/detail/get_string__struct.hpp
[0.302s] -- Up-to-date: /home/chetan-satpute/depth_cam/install/orbbec_camera_msgs/include/orbbec_camera_msgs/orbbec_camera_msgs/srv/detail/get_string__traits.hpp
[0.302s] -- Up-to-date: /home/chetan-satpute/depth_cam/install/orbbec_camera_msgs/include/orbbec_camera_msgs/orbbec_camera_msgs/srv/detail/get_camera_info__traits.hpp
[0.302s] -- Up-to-date: /home/chetan-satpute/depth_cam/install/orbbec_camera_msgs/include/orbbec_camera_msgs/orbbec_camera_msgs/srv/detail/get_string__builder.hpp
[0.303s] -- Up-to-date: /home/chetan-satpute/depth_cam/install/orbbec_camera_msgs/include/orbbec_camera_msgs/orbbec_camera_msgs/srv/detail/get_camera_info__struct.hpp
[0.303s] -- Up-to-date: /home/chetan-satpute/depth_cam/install/orbbec_camera_msgs/include/orbbec_camera_msgs/orbbec_camera_msgs/srv/detail/set_filter__traits.hpp
[0.303s] -- Up-to-date: /home/chetan-satpute/depth_cam/install/orbbec_camera_msgs/include/orbbec_camera_msgs/orbbec_camera_msgs/srv/detail/get_bool__builder.hpp
[0.303s] -- Up-to-date: /home/chetan-satpute/depth_cam/install/orbbec_camera_msgs/include/orbbec_camera_msgs/orbbec_camera_msgs/srv/detail/get_user_calib_params__traits.hpp
[0.303s] -- Up-to-date: /home/chetan-satpute/depth_cam/install/orbbec_camera_msgs/include/orbbec_camera_msgs/orbbec_camera_msgs/srv/detail/get_device_info__type_support.hpp
[0.303s] -- Up-to-date: /home/chetan-satpute/depth_cam/install/orbbec_camera_msgs/include/orbbec_camera_msgs/orbbec_camera_msgs/srv/detail/set_user_calib_params__type_support.hpp
[0.303s] -- Up-to-date: /home/chetan-satpute/depth_cam/install/orbbec_camera_msgs/include/orbbec_camera_msgs/orbbec_camera_msgs/srv/detail/get_int32__builder.hpp
[0.303s] -- Up-to-date: /home/chetan-satpute/depth_cam/install/orbbec_camera_msgs/include/orbbec_camera_msgs/orbbec_camera_msgs/srv/detail/set_filter__type_support.hpp
[0.303s] -- Up-to-date: /home/chetan-satpute/depth_cam/install/orbbec_camera_msgs/include/orbbec_camera_msgs/orbbec_camera_msgs/srv/detail/set_filter__struct.hpp
[0.303s] -- Up-to-date: /home/chetan-satpute/depth_cam/install/orbbec_camera_msgs/include/orbbec_camera_msgs/orbbec_camera_msgs/srv/detail/set_string__builder.hpp
[0.303s] -- Up-to-date: /home/chetan-satpute/depth_cam/install/orbbec_camera_msgs/include/orbbec_camera_msgs/orbbec_camera_msgs/srv/detail/set_string__struct.hpp
[0.303s] -- Up-to-date: /home/chetan-satpute/depth_cam/install/orbbec_camera_msgs/include/orbbec_camera_msgs/orbbec_camera_msgs/srv/detail/set_filter__builder.hpp
[0.303s] -- Up-to-date: /home/chetan-satpute/depth_cam/install/orbbec_camera_msgs/include/orbbec_camera_msgs/orbbec_camera_msgs/srv/detail/set_int32__type_support.hpp
[0.303s] -- Up-to-date: /home/chetan-satpute/depth_cam/install/orbbec_camera_msgs/include/orbbec_camera_msgs/orbbec_camera_msgs/srv/detail/get_camera_info__type_support.hpp
[0.303s] -- Up-to-date: /home/chetan-satpute/depth_cam/install/orbbec_camera_msgs/include/orbbec_camera_msgs/orbbec_camera_msgs/srv/detail/get_user_calib_params__struct.hpp
[0.303s] -- Up-to-date: /home/chetan-satpute/depth_cam/install/orbbec_camera_msgs/include/orbbec_camera_msgs/orbbec_camera_msgs/srv/detail/set_int32__builder.hpp
[0.303s] -- Up-to-date: /home/chetan-satpute/depth_cam/install/orbbec_camera_msgs/include/orbbec_camera_msgs/orbbec_camera_msgs/srv/detail/set_string__traits.hpp
[0.303s] -- Up-to-date: /home/chetan-satpute/depth_cam/install/orbbec_camera_msgs/include/orbbec_camera_msgs/orbbec_camera_msgs/srv/detail/set_arrays__struct.hpp
[0.303s] -- Up-to-date: /home/chetan-satpute/depth_cam/install/orbbec_camera_msgs/include/orbbec_camera_msgs/orbbec_camera_msgs/srv/detail/get_int32__type_support.hpp
[0.303s] -- Up-to-date: /home/chetan-satpute/depth_cam/install/orbbec_camera_msgs/include/orbbec_camera_msgs/orbbec_camera_msgs/srv/detail/set_arrays__type_support.hpp
[0.303s] -- Up-to-date: /home/chetan-satpute/depth_cam/install/orbbec_camera_msgs/include/orbbec_camera_msgs/orbbec_camera_msgs/srv/detail/get_bool__struct.hpp
[0.303s] -- Up-to-date: /home/chetan-satpute/depth_cam/install/orbbec_camera_msgs/include/orbbec_camera_msgs/orbbec_camera_msgs/srv/detail/set_user_calib_params__traits.hpp
[0.303s] -- Up-to-date: /home/chetan-satpute/depth_cam/install/orbbec_camera_msgs/include/orbbec_camera_msgs/orbbec_camera_msgs/srv/detail/set_user_calib_params__builder.hpp
[0.303s] -- Up-to-date: /home/chetan-satpute/depth_cam/install/orbbec_camera_msgs/include/orbbec_camera_msgs/orbbec_camera_msgs/srv/detail/set_int32__traits.hpp
[0.303s] -- Up-to-date: /home/chetan-satpute/depth_cam/install/orbbec_camera_msgs/include/orbbec_camera_msgs/orbbec_camera_msgs/srv/detail/set_arrays__builder.hpp
[0.303s] -- Up-to-date: /home/chetan-satpute/depth_cam/install/orbbec_camera_msgs/include/orbbec_camera_msgs/orbbec_camera_msgs/srv/detail/get_camera_info__builder.hpp
[0.303s] -- Up-to-date: /home/chetan-satpute/depth_cam/install/orbbec_camera_msgs/include/orbbec_camera_msgs/orbbec_camera_msgs/srv/detail/get_device_info__struct.hpp
[0.303s] -- Up-to-date: /home/chetan-satpute/depth_cam/install/orbbec_camera_msgs/include/orbbec_camera_msgs/orbbec_camera_msgs/srv/detail/get_user_calib_params__builder.hpp
[0.303s] -- Up-to-date: /home/chetan-satpute/depth_cam/install/orbbec_camera_msgs/include/orbbec_camera_msgs/orbbec_camera_msgs/srv/detail/get_bool__type_support.hpp
[0.303s] -- Up-to-date: /home/chetan-satpute/depth_cam/install/orbbec_camera_msgs/include/orbbec_camera_msgs/orbbec_camera_msgs/srv/detail/set_user_calib_params__struct.hpp
[0.303s] -- Up-to-date: /home/chetan-satpute/depth_cam/install/orbbec_camera_msgs/include/orbbec_camera_msgs/orbbec_camera_msgs/srv/detail/get_device_info__builder.hpp
[0.303s] -- Up-to-date: /home/chetan-satpute/depth_cam/install/orbbec_camera_msgs/include/orbbec_camera_msgs/orbbec_camera_msgs/srv/detail/set_arrays__traits.hpp
[0.303s] -- Up-to-date: /home/chetan-satpute/depth_cam/install/orbbec_camera_msgs/include/orbbec_camera_msgs/orbbec_camera_msgs/srv/detail/get_int32__traits.hpp
[0.303s] -- Up-to-date: /home/chetan-satpute/depth_cam/install/orbbec_camera_msgs/include/orbbec_camera_msgs/orbbec_camera_msgs/srv/detail/get_int32__struct.hpp
[0.304s] -- Up-to-date: /home/chetan-satpute/depth_cam/install/orbbec_camera_msgs/include/orbbec_camera_msgs/orbbec_camera_msgs/srv/detail/set_string__type_support.hpp
[0.304s] -- Up-to-date: /home/chetan-satpute/depth_cam/install/orbbec_camera_msgs/include/orbbec_camera_msgs/orbbec_camera_msgs/srv/detail/get_bool__traits.hpp
[0.304s] -- Up-to-date: /home/chetan-satpute/depth_cam/install/orbbec_camera_msgs/include/orbbec_camera_msgs/orbbec_camera_msgs/srv/set_arrays.hpp
[0.304s] -- Up-to-date: /home/chetan-satpute/depth_cam/install/orbbec_camera_msgs/include/orbbec_camera_msgs/orbbec_camera_msgs/srv/set_int32.hpp
[0.304s] -- Up-to-date: /home/chetan-satpute/depth_cam/install/orbbec_camera_msgs/include/orbbec_camera_msgs/orbbec_camera_msgs/srv/get_int32.hpp
[0.304s] -- Up-to-date: /home/chetan-satpute/depth_cam/install/orbbec_camera_msgs/include/orbbec_camera_msgs/orbbec_camera_msgs
[0.304s] -- Up-to-date: /home/chetan-satpute/depth_cam/install/orbbec_camera_msgs/include/orbbec_camera_msgs/orbbec_camera_msgs/msg
[0.304s] -- Up-to-date: /home/chetan-satpute/depth_cam/install/orbbec_camera_msgs/include/orbbec_camera_msgs/orbbec_camera_msgs/msg/detail
[0.304s] -- Up-to-date: /home/chetan-satpute/depth_cam/install/orbbec_camera_msgs/include/orbbec_camera_msgs/orbbec_camera_msgs/msg/detail/rgbd__rosidl_typesupport_fastrtps_cpp.hpp
[0.304s] -- Up-to-date: /home/chetan-satpute/depth_cam/install/orbbec_camera_msgs/include/orbbec_camera_msgs/orbbec_camera_msgs/msg/detail/dds_fastrtps
[0.304s] -- Up-to-date: /home/chetan-satpute/depth_cam/install/orbbec_camera_msgs/include/orbbec_camera_msgs/orbbec_camera_msgs/msg/detail/extrinsics__rosidl_typesupport_fastrtps_cpp.hpp
[0.304s] -- Up-to-date: /home/chetan-satpute/depth_cam/install/orbbec_camera_msgs/include/orbbec_camera_msgs/orbbec_camera_msgs/msg/detail/imu_info__rosidl_typesupport_fastrtps_cpp.hpp
[0.304s] -- Up-to-date: /home/chetan-satpute/depth_cam/install/orbbec_camera_msgs/include/orbbec_camera_msgs/orbbec_camera_msgs/msg/detail/device_info__rosidl_typesupport_fastrtps_cpp.hpp
[0.304s] -- Up-to-date: /home/chetan-satpute/depth_cam/install/orbbec_camera_msgs/include/orbbec_camera_msgs/orbbec_camera_msgs/msg/detail/device_status__rosidl_typesupport_fastrtps_cpp.hpp
[0.304s] -- Up-to-date: /home/chetan-satpute/depth_cam/install/orbbec_camera_msgs/include/orbbec_camera_msgs/orbbec_camera_msgs/msg/detail/metadata__rosidl_typesupport_fastrtps_cpp.hpp
[0.304s] -- Up-to-date: /home/chetan-satpute/depth_cam/install/orbbec_camera_msgs/include/orbbec_camera_msgs/orbbec_camera_msgs/msg/rosidl_typesupport_fastrtps_cpp__visibility_control.h
[0.304s] -- Up-to-date: /home/chetan-satpute/depth_cam/install/orbbec_camera_msgs/include/orbbec_camera_msgs/orbbec_camera_msgs/srv
[0.304s] -- Up-to-date: /home/chetan-satpute/depth_cam/install/orbbec_camera_msgs/include/orbbec_camera_msgs/orbbec_camera_msgs/srv/detail
[0.304s] -- Up-to-date: /home/chetan-satpute/depth_cam/install/orbbec_camera_msgs/include/orbbec_camera_msgs/orbbec_camera_msgs/srv/detail/set_filter__rosidl_typesupport_fastrtps_cpp.hpp
[0.304s] -- Up-to-date: /home/chetan-satpute/depth_cam/install/orbbec_camera_msgs/include/orbbec_camera_msgs/orbbec_camera_msgs/srv/detail/dds_fastrtps
[0.304s] -- Up-to-date: /home/chetan-satpute/depth_cam/install/orbbec_camera_msgs/include/orbbec_camera_msgs/orbbec_camera_msgs/srv/detail/get_user_calib_params__rosidl_typesupport_fastrtps_cpp.hpp
[0.304s] -- Up-to-date: /home/chetan-satpute/depth_cam/install/orbbec_camera_msgs/include/orbbec_camera_msgs/orbbec_camera_msgs/srv/detail/set_string__rosidl_typesupport_fastrtps_cpp.hpp
[0.304s] -- Up-to-date: /home/chetan-satpute/depth_cam/install/orbbec_camera_msgs/include/orbbec_camera_msgs/orbbec_camera_msgs/srv/detail/set_arrays__rosidl_typesupport_fastrtps_cpp.hpp
[0.304s] -- Up-to-date: /home/chetan-satpute/depth_cam/install/orbbec_camera_msgs/include/orbbec_camera_msgs/orbbec_camera_msgs/srv/detail/get_int32__rosidl_typesupport_fastrtps_cpp.hpp
[0.304s] -- Up-to-date: /home/chetan-satpute/depth_cam/install/orbbec_camera_msgs/include/orbbec_camera_msgs/orbbec_camera_msgs/srv/detail/get_camera_info__rosidl_typesupport_fastrtps_cpp.hpp
[0.304s] -- Up-to-date: /home/chetan-satpute/depth_cam/install/orbbec_camera_msgs/include/orbbec_camera_msgs/orbbec_camera_msgs/srv/detail/get_string__rosidl_typesupport_fastrtps_cpp.hpp
[0.304s] -- Up-to-date: /home/chetan-satpute/depth_cam/install/orbbec_camera_msgs/include/orbbec_camera_msgs/orbbec_camera_msgs/srv/detail/get_bool__rosidl_typesupport_fastrtps_cpp.hpp
[0.304s] -- Up-to-date: /home/chetan-satpute/depth_cam/install/orbbec_camera_msgs/include/orbbec_camera_msgs/orbbec_camera_msgs/srv/detail/set_user_calib_params__rosidl_typesupport_fastrtps_cpp.hpp
[0.304s] -- Up-to-date: /home/chetan-satpute/depth_cam/install/orbbec_camera_msgs/include/orbbec_camera_msgs/orbbec_camera_msgs/srv/detail/get_device_info__rosidl_typesupport_fastrtps_cpp.hpp
[0.304s] -- Up-to-date: /home/chetan-satpute/depth_cam/install/orbbec_camera_msgs/include/orbbec_camera_msgs/orbbec_camera_msgs/srv/detail/set_int32__rosidl_typesupport_fastrtps_cpp.hpp
[0.304s] -- Up-to-date: /home/chetan-satpute/depth_cam/install/orbbec_camera_msgs/lib/liborbbec_camera_msgs__rosidl_typesupport_fastrtps_cpp.so
[0.304s] -- Up-to-date: /home/chetan-satpute/depth_cam/install/orbbec_camera_msgs/include/orbbec_camera_msgs/orbbec_camera_msgs
[0.304s] -- Up-to-date: /home/chetan-satpute/depth_cam/install/orbbec_camera_msgs/include/orbbec_camera_msgs/orbbec_camera_msgs/msg
[0.304s] -- Up-to-date: /home/chetan-satpute/depth_cam/install/orbbec_camera_msgs/include/orbbec_camera_msgs/orbbec_camera_msgs/msg/detail
[0.304s] -- Up-to-date: /home/chetan-satpute/depth_cam/install/orbbec_camera_msgs/include/orbbec_camera_msgs/orbbec_camera_msgs/msg/detail/device_status__type_support.cpp
[0.305s] -- Up-to-date: /home/chetan-satpute/depth_cam/install/orbbec_camera_msgs/include/orbbec_camera_msgs/orbbec_camera_msgs/msg/detail/device_info__type_support.cpp
[0.305s] -- Up-to-date: /home/chetan-satpute/depth_cam/install/orbbec_camera_msgs/include/orbbec_camera_msgs/orbbec_camera_msgs/msg/detail/imu_info__type_support.cpp
[0.305s] -- Up-to-date: /home/chetan-satpute/depth_cam/install/orbbec_camera_msgs/include/orbbec_camera_msgs/orbbec_camera_msgs/msg/detail/rgbd__rosidl_typesupport_introspection_cpp.hpp
[0.305s] -- Up-to-date: /home/chetan-satpute/depth_cam/install/orbbec_camera_msgs/include/orbbec_camera_msgs/orbbec_camera_msgs/msg/detail/device_info__rosidl_typesupport_introspection_cpp.hpp
[0.305s] -- Up-to-date: /home/chetan-satpute/depth_cam/install/orbbec_camera_msgs/include/orbbec_camera_msgs/orbbec_camera_msgs/msg/detail/metadata__rosidl_typesupport_introspection_cpp.hpp
[0.305s] -- Up-to-date: /home/chetan-satpute/depth_cam/install/orbbec_camera_msgs/include/orbbec_camera_msgs/orbbec_camera_msgs/msg/detail/imu_info__rosidl_typesupport_introspection_cpp.hpp
[0.305s] -- Up-to-date: /home/chetan-satpute/depth_cam/install/orbbec_camera_msgs/include/orbbec_camera_msgs/orbbec_camera_msgs/msg/detail/device_status__rosidl_typesupport_introspection_cpp.hpp
[0.305s] -- Up-to-date: /home/chetan-satpute/depth_cam/install/orbbec_camera_msgs/include/orbbec_camera_msgs/orbbec_camera_msgs/msg/detail/extrinsics__rosidl_typesupport_introspection_cpp.hpp
[0.305s] -- Up-to-date: /home/chetan-satpute/depth_cam/install/orbbec_camera_msgs/include/orbbec_camera_msgs/orbbec_camera_msgs/msg/detail/rgbd__type_support.cpp
[0.305s] -- Up-to-date: /home/chetan-satpute/depth_cam/install/orbbec_camera_msgs/include/orbbec_camera_msgs/orbbec_camera_msgs/msg/detail/metadata__type_support.cpp
[0.305s] -- Up-to-date: /home/chetan-satpute/depth_cam/install/orbbec_camera_msgs/include/orbbec_camera_msgs/orbbec_camera_msgs/msg/detail/extrinsics__type_support.cpp
[0.305s] -- Up-to-date: /home/chetan-satpute/depth_cam/install/orbbec_camera_msgs/include/orbbec_camera_msgs/orbbec_camera_msgs/srv
[0.305s] -- Up-to-date: /home/chetan-satpute/depth_cam/install/orbbec_camera_msgs/include/orbbec_camera_msgs/orbbec_camera_msgs/srv/detail
[0.305s] -- Up-to-date: /home/chetan-satpute/depth_cam/install/orbbec_camera_msgs/include/orbbec_camera_msgs/orbbec_camera_msgs/srv/detail/get_camera_info__type_support.cpp
[0.305s] -- Up-to-date: /home/chetan-satpute/depth_cam/install/orbbec_camera_msgs/include/orbbec_camera_msgs/orbbec_camera_msgs/srv/detail/get_int32__rosidl_typesupport_introspection_cpp.hpp
[0.305s] -- Up-to-date: /home/chetan-satpute/depth_cam/install/orbbec_camera_msgs/include/orbbec_camera_msgs/orbbec_camera_msgs/srv/detail/get_user_calib_params__rosidl_typesupport_introspection_cpp.hpp
[0.305s] -- Up-to-date: /home/chetan-satpute/depth_cam/install/orbbec_camera_msgs/include/orbbec_camera_msgs/orbbec_camera_msgs/srv/detail/set_filter__type_support.cpp
[0.305s] -- Up-to-date: /home/chetan-satpute/depth_cam/install/orbbec_camera_msgs/include/orbbec_camera_msgs/orbbec_camera_msgs/srv/detail/set_int32__type_support.cpp
[0.305s] -- Up-to-date: /home/chetan-satpute/depth_cam/install/orbbec_camera_msgs/include/orbbec_camera_msgs/orbbec_camera_msgs/srv/detail/get_string__rosidl_typesupport_introspection_cpp.hpp
[0.305s] -- Up-to-date: /home/chetan-satpute/depth_cam/install/orbbec_camera_msgs/include/orbbec_camera_msgs/orbbec_camera_msgs/srv/detail/set_arrays__rosidl_typesupport_introspection_cpp.hpp
[0.305s] -- Up-to-date: /home/chetan-satpute/depth_cam/install/orbbec_camera_msgs/include/orbbec_camera_msgs/orbbec_camera_msgs/srv/detail/set_string__type_support.cpp
[0.305s] -- Up-to-date: /home/chetan-satpute/depth_cam/install/orbbec_camera_msgs/include/orbbec_camera_msgs/orbbec_camera_msgs/srv/detail/get_user_calib_params__type_support.cpp
[0.305s] -- Up-to-date: /home/chetan-satpute/depth_cam/install/orbbec_camera_msgs/include/orbbec_camera_msgs/orbbec_camera_msgs/srv/detail/set_user_calib_params__type_support.cpp
[0.305s] -- Up-to-date: /home/chetan-satpute/depth_cam/install/orbbec_camera_msgs/include/orbbec_camera_msgs/orbbec_camera_msgs/srv/detail/get_int32__type_support.cpp
[0.305s] -- Up-to-date: /home/chetan-satpute/depth_cam/install/orbbec_camera_msgs/include/orbbec_camera_msgs/orbbec_camera_msgs/srv/detail/set_string__rosidl_typesupport_introspection_cpp.hpp
[0.305s] -- Up-to-date: /home/chetan-satpute/depth_cam/install/orbbec_camera_msgs/include/orbbec_camera_msgs/orbbec_camera_msgs/srv/detail/get_camera_info__rosidl_typesupport_introspection_cpp.hpp
[0.305s] -- Up-to-date: /home/chetan-satpute/depth_cam/install/orbbec_camera_msgs/include/orbbec_camera_msgs/orbbec_camera_msgs/srv/detail/set_arrays__type_support.cpp
[0.305s] -- Up-to-date: /home/chetan-satpute/depth_cam/install/orbbec_camera_msgs/include/orbbec_camera_msgs/orbbec_camera_msgs/srv/detail/get_bool__rosidl_typesupport_introspection_cpp.hpp
[0.305s] -- Up-to-date: /home/chetan-satpute/depth_cam/install/orbbec_camera_msgs/include/orbbec_camera_msgs/orbbec_camera_msgs/srv/detail/set_user_calib_params__rosidl_typesupport_introspection_cpp.hpp
[0.305s] -- Up-to-date: /home/chetan-satpute/depth_cam/install/orbbec_camera_msgs/include/orbbec_camera_msgs/orbbec_camera_msgs/srv/detail/set_int32__rosidl_typesupport_introspection_cpp.hpp
[0.305s] -- Up-to-date: /home/chetan-satpute/depth_cam/install/orbbec_camera_msgs/include/orbbec_camera_msgs/orbbec_camera_msgs/srv/detail/get_device_info__type_support.cpp
[0.305s] -- Up-to-date: /home/chetan-satpute/depth_cam/install/orbbec_camera_msgs/include/orbbec_camera_msgs/orbbec_camera_msgs/srv/detail/get_string__type_support.cpp
[0.305s] -- Up-to-date: /home/chetan-satpute/depth_cam/install/orbbec_camera_msgs/include/orbbec_camera_msgs/orbbec_camera_msgs/srv/detail/get_bool__type_support.cpp
[0.305s] -- Up-to-date: /home/chetan-satpute/depth_cam/install/orbbec_camera_msgs/include/orbbec_camera_msgs/orbbec_camera_msgs/srv/detail/set_filter__rosidl_typesupport_introspection_cpp.hpp
[0.305s] -- Up-to-date: /home/chetan-satpute/depth_cam/install/orbbec_camera_msgs/include/orbbec_camera_msgs/orbbec_camera_msgs/srv/detail/get_device_info__rosidl_typesupport_introspection_cpp.hpp
[0.305s] -- Up-to-date: /home/chetan-satpute/depth_cam/install/orbbec_camera_msgs/lib/liborbbec_camera_msgs__rosidl_typesupport_introspection_cpp.so
[0.306s] -- Up-to-date: /home/chetan-satpute/depth_cam/install/orbbec_camera_msgs/lib/liborbbec_camera_msgs__rosidl_typesupport_cpp.so
[0.306s] -- Up-to-date: /home/chetan-satpute/depth_cam/install/orbbec_camera_msgs/share/orbbec_camera_msgs/environment/pythonpath.sh
[0.306s] -- Up-to-date: /home/chetan-satpute/depth_cam/install/orbbec_camera_msgs/share/orbbec_camera_msgs/environment/pythonpath.dsv
[0.306s] -- Up-to-date: /home/chetan-satpute/depth_cam/install/orbbec_camera_msgs/local/lib/python3.10/dist-packages/orbbec_camera_msgs-1.5.15-py3.10.egg-info
[0.306s] -- Installing: /home/chetan-satpute/depth_cam/install/orbbec_camera_msgs/local/lib/python3.10/dist-packages/orbbec_camera_msgs-1.5.15-py3.10.egg-info/SOURCES.txt
[0.306s] -- Installing: /home/chetan-satpute/depth_cam/install/orbbec_camera_msgs/local/lib/python3.10/dist-packages/orbbec_camera_msgs-1.5.15-py3.10.egg-info/dependency_links.txt
[0.306s] -- Installing: /home/chetan-satpute/depth_cam/install/orbbec_camera_msgs/local/lib/python3.10/dist-packages/orbbec_camera_msgs-1.5.15-py3.10.egg-info/PKG-INFO
[0.306s] -- Installing: /home/chetan-satpute/depth_cam/install/orbbec_camera_msgs/local/lib/python3.10/dist-packages/orbbec_camera_msgs-1.5.15-py3.10.egg-info/top_level.txt
[0.306s] -- Up-to-date: /home/chetan-satpute/depth_cam/install/orbbec_camera_msgs/local/lib/python3.10/dist-packages/orbbec_camera_msgs
[0.306s] -- Up-to-date: /home/chetan-satpute/depth_cam/install/orbbec_camera_msgs/local/lib/python3.10/dist-packages/orbbec_camera_msgs/liborbbec_camera_msgs__rosidl_generator_py.so
[0.306s] -- Up-to-date: /home/chetan-satpute/depth_cam/install/orbbec_camera_msgs/local/lib/python3.10/dist-packages/orbbec_camera_msgs/orbbec_camera_msgs_s__rosidl_typesupport_c.cpython-310-x86_64-linux-gnu.so
[0.306s] -- Up-to-date: /home/chetan-satpute/depth_cam/install/orbbec_camera_msgs/local/lib/python3.10/dist-packages/orbbec_camera_msgs/msg
[0.306s] -- Up-to-date: /home/chetan-satpute/depth_cam/install/orbbec_camera_msgs/local/lib/python3.10/dist-packages/orbbec_camera_msgs/msg/_imu_info.py
[0.306s] -- Up-to-date: /home/chetan-satpute/depth_cam/install/orbbec_camera_msgs/local/lib/python3.10/dist-packages/orbbec_camera_msgs/msg/_metadata.py
[0.306s] -- Up-to-date: /home/chetan-satpute/depth_cam/install/orbbec_camera_msgs/local/lib/python3.10/dist-packages/orbbec_camera_msgs/msg/__init__.py
[0.306s] -- Up-to-date: /home/chetan-satpute/depth_cam/install/orbbec_camera_msgs/local/lib/python3.10/dist-packages/orbbec_camera_msgs/msg/_rgbd_s.c
[0.306s] -- Up-to-date: /home/chetan-satpute/depth_cam/install/orbbec_camera_msgs/local/lib/python3.10/dist-packages/orbbec_camera_msgs/msg/_extrinsics_s.c
[0.306s] -- Up-to-date: /home/chetan-satpute/depth_cam/install/orbbec_camera_msgs/local/lib/python3.10/dist-packages/orbbec_camera_msgs/msg/_extrinsics.py
[0.306s] -- Up-to-date: /home/chetan-satpute/depth_cam/install/orbbec_camera_msgs/local/lib/python3.10/dist-packages/orbbec_camera_msgs/msg/_imu_info_s.c
[0.306s] -- Up-to-date: /home/chetan-satpute/depth_cam/install/orbbec_camera_msgs/local/lib/python3.10/dist-packages/orbbec_camera_msgs/msg/_device_status_s.c
[0.306s] -- Up-to-date: /home/chetan-satpute/depth_cam/install/orbbec_camera_msgs/local/lib/python3.10/dist-packages/orbbec_camera_msgs/msg/_device_info.py
[0.306s] -- Up-to-date: /home/chetan-satpute/depth_cam/install/orbbec_camera_msgs/local/lib/python3.10/dist-packages/orbbec_camera_msgs/msg/_device_info_s.c
[0.306s] -- Up-to-date: /home/chetan-satpute/depth_cam/install/orbbec_camera_msgs/local/lib/python3.10/dist-packages/orbbec_camera_msgs/msg/_rgbd.py
[0.306s] -- Up-to-date: /home/chetan-satpute/depth_cam/install/orbbec_camera_msgs/local/lib/python3.10/dist-packages/orbbec_camera_msgs/msg/_device_status.py
[0.306s] -- Up-to-date: /home/chetan-satpute/depth_cam/install/orbbec_camera_msgs/local/lib/python3.10/dist-packages/orbbec_camera_msgs/msg/_metadata_s.c
[0.306s] -- Up-to-date: /home/chetan-satpute/depth_cam/install/orbbec_camera_msgs/local/lib/python3.10/dist-packages/orbbec_camera_msgs/orbbec_camera_msgs_s__rosidl_typesupport_fastrtps_c.cpython-310-x86_64-linux-gnu.so
[0.306s] -- Up-to-date: /home/chetan-satpute/depth_cam/install/orbbec_camera_msgs/local/lib/python3.10/dist-packages/orbbec_camera_msgs/__init__.py
[0.306s] -- Up-to-date: /home/chetan-satpute/depth_cam/install/orbbec_camera_msgs/local/lib/python3.10/dist-packages/orbbec_camera_msgs/orbbec_camera_msgs_s__rosidl_typesupport_introspection_c.cpython-310-x86_64-linux-gnu.so
[0.306s] -- Up-to-date: /home/chetan-satpute/depth_cam/install/orbbec_camera_msgs/local/lib/python3.10/dist-packages/orbbec_camera_msgs/_orbbec_camera_msgs_s.ep.rosidl_typesupport_fastrtps_c.c
[0.306s] -- Up-to-date: /home/chetan-satpute/depth_cam/install/orbbec_camera_msgs/local/lib/python3.10/dist-packages/orbbec_camera_msgs/_orbbec_camera_msgs_s.ep.rosidl_typesupport_c.c
[0.306s] -- Up-to-date: /home/chetan-satpute/depth_cam/install/orbbec_camera_msgs/local/lib/python3.10/dist-packages/orbbec_camera_msgs/_orbbec_camera_msgs_s.ep.rosidl_typesupport_introspection_c.c
[0.306s] -- Up-to-date: /home/chetan-satpute/depth_cam/install/orbbec_camera_msgs/local/lib/python3.10/dist-packages/orbbec_camera_msgs/srv
[0.306s] -- Up-to-date: /home/chetan-satpute/depth_cam/install/orbbec_camera_msgs/local/lib/python3.10/dist-packages/orbbec_camera_msgs/srv/_set_arrays_s.c
[0.306s] -- Up-to-date: /home/chetan-satpute/depth_cam/install/orbbec_camera_msgs/local/lib/python3.10/dist-packages/orbbec_camera_msgs/srv/_get_device_info.py
[0.306s] -- Up-to-date: /home/chetan-satpute/depth_cam/install/orbbec_camera_msgs/local/lib/python3.10/dist-packages/orbbec_camera_msgs/srv/_get_user_calib_params.py
[0.306s] -- Up-to-date: /home/chetan-satpute/depth_cam/install/orbbec_camera_msgs/local/lib/python3.10/dist-packages/orbbec_camera_msgs/srv/_get_string.py
[0.307s] -- Up-to-date: /home/chetan-satpute/depth_cam/install/orbbec_camera_msgs/local/lib/python3.10/dist-packages/orbbec_camera_msgs/srv/_set_int32.py
[0.307s] -- Up-to-date: /home/chetan-satpute/depth_cam/install/orbbec_camera_msgs/local/lib/python3.10/dist-packages/orbbec_camera_msgs/srv/_get_int32_s.c
[0.307s] -- Up-to-date: /home/chetan-satpute/depth_cam/install/orbbec_camera_msgs/local/lib/python3.10/dist-packages/orbbec_camera_msgs/srv/_get_camera_info.py
[0.307s] -- Up-to-date: /home/chetan-satpute/depth_cam/install/orbbec_camera_msgs/local/lib/python3.10/dist-packages/orbbec_camera_msgs/srv/_set_int32_s.c
[0.307s] -- Up-to-date: /home/chetan-satpute/depth_cam/install/orbbec_camera_msgs/local/lib/python3.10/dist-packages/orbbec_camera_msgs/srv/_set_user_calib_params.py
[0.307s] -- Up-to-date: /home/chetan-satpute/depth_cam/install/orbbec_camera_msgs/local/lib/python3.10/dist-packages/orbbec_camera_msgs/srv/__init__.py
[0.307s] -- Up-to-date: /home/chetan-satpute/depth_cam/install/orbbec_camera_msgs/local/lib/python3.10/dist-packages/orbbec_camera_msgs/srv/_set_user_calib_params_s.c
[0.307s] -- Up-to-date: /home/chetan-satpute/depth_cam/install/orbbec_camera_msgs/local/lib/python3.10/dist-packages/orbbec_camera_msgs/srv/_get_camera_info_s.c
[0.307s] -- Up-to-date: /home/chetan-satpute/depth_cam/install/orbbec_camera_msgs/local/lib/python3.10/dist-packages/orbbec_camera_msgs/srv/_set_filter.py
[0.307s] -- Up-to-date: /home/chetan-satpute/depth_cam/install/orbbec_camera_msgs/local/lib/python3.10/dist-packages/orbbec_camera_msgs/srv/_get_bool_s.c
[0.307s] -- Up-to-date: /home/chetan-satpute/depth_cam/install/orbbec_camera_msgs/local/lib/python3.10/dist-packages/orbbec_camera_msgs/srv/_set_string.py
[0.307s] -- Up-to-date: /home/chetan-satpute/depth_cam/install/orbbec_camera_msgs/local/lib/python3.10/dist-packages/orbbec_camera_msgs/srv/_get_string_s.c
[0.307s] -- Up-to-date: /home/chetan-satpute/depth_cam/install/orbbec_camera_msgs/local/lib/python3.10/dist-packages/orbbec_camera_msgs/srv/_get_bool.py
[0.307s] -- Up-to-date: /home/chetan-satpute/depth_cam/install/orbbec_camera_msgs/local/lib/python3.10/dist-packages/orbbec_camera_msgs/srv/_set_filter_s.c
[0.307s] -- Up-to-date: /home/chetan-satpute/depth_cam/install/orbbec_camera_msgs/local/lib/python3.10/dist-packages/orbbec_camera_msgs/srv/_get_int32.py
[0.307s] -- Up-to-date: /home/chetan-satpute/depth_cam/install/orbbec_camera_msgs/local/lib/python3.10/dist-packages/orbbec_camera_msgs/srv/_get_device_info_s.c
[0.307s] -- Up-to-date: /home/chetan-satpute/depth_cam/install/orbbec_camera_msgs/local/lib/python3.10/dist-packages/orbbec_camera_msgs/srv/_set_string_s.c
[0.307s] -- Up-to-date: /home/chetan-satpute/depth_cam/install/orbbec_camera_msgs/local/lib/python3.10/dist-packages/orbbec_camera_msgs/srv/_set_arrays.py
[0.307s] -- Up-to-date: /home/chetan-satpute/depth_cam/install/orbbec_camera_msgs/local/lib/python3.10/dist-packages/orbbec_camera_msgs/srv/_get_user_calib_params_s.c
[0.322s] Listing '/home/chetan-satpute/depth_cam/install/orbbec_camera_msgs/local/lib/python3.10/dist-packages/orbbec_camera_msgs'...
[0.322s] Listing '/home/chetan-satpute/depth_cam/install/orbbec_camera_msgs/local/lib/python3.10/dist-packages/orbbec_camera_msgs/msg'...
[0.322s] Listing '/home/chetan-satpute/depth_cam/install/orbbec_camera_msgs/local/lib/python3.10/dist-packages/orbbec_camera_msgs/srv'...
[0.324s] -- Up-to-date: /home/chetan-satpute/depth_cam/install/orbbec_camera_msgs/local/lib/python3.10/dist-packages/orbbec_camera_msgs/orbbec_camera_msgs_s__rosidl_typesupport_fastrtps_c.cpython-310-x86_64-linux-gnu.so
[0.324s] -- Up-to-date: /home/chetan-satpute/depth_cam/install/orbbec_camera_msgs/local/lib/python3.10/dist-packages/orbbec_camera_msgs/orbbec_camera_msgs_s__rosidl_typesupport_introspection_c.cpython-310-x86_64-linux-gnu.so
[0.325s] -- Up-to-date: /home/chetan-satpute/depth_cam/install/orbbec_camera_msgs/local/lib/python3.10/dist-packages/orbbec_camera_msgs/orbbec_camera_msgs_s__rosidl_typesupport_c.cpython-310-x86_64-linux-gnu.so
[0.325s] -- Up-to-date: /home/chetan-satpute/depth_cam/install/orbbec_camera_msgs/lib/liborbbec_camera_msgs__rosidl_generator_py.so
[0.325s] -- Up-to-date: /home/chetan-satpute/depth_cam/install/orbbec_camera_msgs/share/orbbec_camera_msgs/msg/DeviceInfo.idl
[0.325s] -- Up-to-date: /home/chetan-satpute/depth_cam/install/orbbec_camera_msgs/share/orbbec_camera_msgs/msg/Extrinsics.idl
[0.325s] -- Up-to-date: /home/chetan-satpute/depth_cam/install/orbbec_camera_msgs/share/orbbec_camera_msgs/msg/Metadata.idl
[0.325s] -- Up-to-date: /home/chetan-satpute/depth_cam/install/orbbec_camera_msgs/share/orbbec_camera_msgs/msg/IMUInfo.idl
[0.325s] -- Up-to-date: /home/chetan-satpute/depth_cam/install/orbbec_camera_msgs/share/orbbec_camera_msgs/msg/RGBD.idl
[0.325s] -- Up-to-date: /home/chetan-satpute/depth_cam/install/orbbec_camera_msgs/share/orbbec_camera_msgs/srv/GetBool.idl
[0.325s] -- Up-to-date: /home/chetan-satpute/depth_cam/install/orbbec_camera_msgs/share/orbbec_camera_msgs/srv/GetDeviceInfo.idl
[0.325s] -- Up-to-date: /home/chetan-satpute/depth_cam/install/orbbec_camera_msgs/share/orbbec_camera_msgs/srv/GetCameraInfo.idl
[0.325s] -- Up-to-date: /home/chetan-satpute/depth_cam/install/orbbec_camera_msgs/share/orbbec_camera_msgs/srv/GetInt32.idl
[0.325s] -- Up-to-date: /home/chetan-satpute/depth_cam/install/orbbec_camera_msgs/share/orbbec_camera_msgs/srv/GetString.idl
[0.325s] -- Up-to-date: /home/chetan-satpute/depth_cam/install/orbbec_camera_msgs/share/orbbec_camera_msgs/srv/SetInt32.idl
[0.325s] -- Up-to-date: /home/chetan-satpute/depth_cam/install/orbbec_camera_msgs/share/orbbec_camera_msgs/srv/SetString.idl
[0.325s] -- Up-to-date: /home/chetan-satpute/depth_cam/install/orbbec_camera_msgs/share/orbbec_camera_msgs/msg/DeviceInfo.msg
[0.326s] -- Up-to-date: /home/chetan-satpute/depth_cam/install/orbbec_camera_msgs/share/orbbec_camera_msgs/msg/Extrinsics.msg
[0.326s] -- Up-to-date: /home/chetan-satpute/depth_cam/install/orbbec_camera_msgs/share/orbbec_camera_msgs/msg/Metadata.msg
[0.326s] -- Up-to-date: /home/chetan-satpute/depth_cam/install/orbbec_camera_msgs/share/orbbec_camera_msgs/msg/IMUInfo.msg
[0.326s] -- Up-to-date: /home/chetan-satpute/depth_cam/install/orbbec_camera_msgs/share/orbbec_camera_msgs/msg/RGBD.msg
[0.326s] -- Up-to-date: /home/chetan-satpute/depth_cam/install/orbbec_camera_msgs/share/orbbec_camera_msgs/srv/GetBool.srv
[0.326s] -- Up-to-date: /home/chetan-satpute/depth_cam/install/orbbec_camera_msgs/share/orbbec_camera_msgs/srv/GetBool_Request.msg
[0.326s] -- Up-to-date: /home/chetan-satpute/depth_cam/install/orbbec_camera_msgs/share/orbbec_camera_msgs/srv/GetBool_Response.msg
[0.326s] -- Up-to-date: /home/chetan-satpute/depth_cam/install/orbbec_camera_msgs/share/orbbec_camera_msgs/srv/GetDeviceInfo.srv
[0.326s] -- Up-to-date: /home/chetan-satpute/depth_cam/install/orbbec_camera_msgs/share/orbbec_camera_msgs/srv/GetDeviceInfo_Request.msg
[0.326s] -- Up-to-date: /home/chetan-satpute/depth_cam/install/orbbec_camera_msgs/share/orbbec_camera_msgs/srv/GetDeviceInfo_Response.msg
[0.326s] -- Up-to-date: /home/chetan-satpute/depth_cam/install/orbbec_camera_msgs/share/orbbec_camera_msgs/srv/GetCameraInfo.srv
[0.326s] -- Up-to-date: /home/chetan-satpute/depth_cam/install/orbbec_camera_msgs/share/orbbec_camera_msgs/srv/GetCameraInfo_Request.msg
[0.326s] -- Up-to-date: /home/chetan-satpute/depth_cam/install/orbbec_camera_msgs/share/orbbec_camera_msgs/srv/GetCameraInfo_Response.msg
[0.326s] -- Up-to-date: /home/chetan-satpute/depth_cam/install/orbbec_camera_msgs/share/orbbec_camera_msgs/srv/GetInt32.srv
[0.326s] -- Up-to-date: /home/chetan-satpute/depth_cam/install/orbbec_camera_msgs/share/orbbec_camera_msgs/srv/GetInt32_Request.msg
[0.326s] -- Up-to-date: /home/chetan-satpute/depth_cam/install/orbbec_camera_msgs/share/orbbec_camera_msgs/srv/GetInt32_Response.msg
[0.326s] -- Up-to-date: /home/chetan-satpute/depth_cam/install/orbbec_camera_msgs/share/orbbec_camera_msgs/srv/GetString.srv
[0.326s] -- Up-to-date: /home/chetan-satpute/depth_cam/install/orbbec_camera_msgs/share/orbbec_camera_msgs/srv/GetString_Request.msg
[0.326s] -- Up-to-date: /home/chetan-satpute/depth_cam/install/orbbec_camera_msgs/share/orbbec_camera_msgs/srv/GetString_Response.msg
[0.326s] -- Up-to-date: /home/chetan-satpute/depth_cam/install/orbbec_camera_msgs/share/orbbec_camera_msgs/srv/SetInt32.srv
[0.326s] -- Up-to-date: /home/chetan-satpute/depth_cam/install/orbbec_camera_msgs/share/orbbec_camera_msgs/srv/SetInt32_Request.msg
[0.326s] -- Up-to-date: /home/chetan-satpute/depth_cam/install/orbbec_camera_msgs/share/orbbec_camera_msgs/srv/SetInt32_Response.msg
[0.326s] -- Up-to-date: /home/chetan-satpute/depth_cam/install/orbbec_camera_msgs/share/orbbec_camera_msgs/srv/SetString.srv
[0.326s] -- Up-to-date: /home/chetan-satpute/depth_cam/install/orbbec_camera_msgs/share/orbbec_camera_msgs/srv/SetString_Request.msg
[0.327s] -- Up-to-date: /home/chetan-satpute/depth_cam/install/orbbec_camera_msgs/share/orbbec_camera_msgs/srv/SetString_Response.msg
[0.327s] -- Up-to-date: /home/chetan-satpute/depth_cam/install/orbbec_camera_msgs/share/ament_index/resource_index/package_run_dependencies/orbbec_camera_msgs
[0.327s] -- Up-to-date: /home/chetan-satpute/depth_cam/install/orbbec_camera_msgs/share/ament_index/resource_index/parent_prefix_path/orbbec_camera_msgs
[0.327s] -- Up-to-date: /home/chetan-satpute/depth_cam/install/orbbec_camera_msgs/share/orbbec_camera_msgs/environment/ament_prefix_path.sh
[0.327s] -- Up-to-date: /home/chetan-satpute/depth_cam/install/orbbec_camera_msgs/share/orbbec_camera_msgs/environment/ament_prefix_path.dsv
[0.327s] -- Up-to-date: /home/chetan-satpute/depth_cam/install/orbbec_camera_msgs/share/orbbec_camera_msgs/environment/path.sh
[0.327s] -- Up-to-date: /home/chetan-satpute/depth_cam/install/orbbec_camera_msgs/share/orbbec_camera_msgs/environment/path.dsv
[0.327s] -- Up-to-date: /home/chetan-satpute/depth_cam/install/orbbec_camera_msgs/share/orbbec_camera_msgs/local_setup.bash
[0.327s] -- Up-to-date: /home/chetan-satpute/depth_cam/install/orbbec_camera_msgs/share/orbbec_camera_msgs/local_setup.sh
[0.327s] -- Up-to-date: /home/chetan-satpute/depth_cam/install/orbbec_camera_msgs/share/orbbec_camera_msgs/local_setup.zsh
[0.327s] -- Up-to-date: /home/chetan-satpute/depth_cam/install/orbbec_camera_msgs/share/orbbec_camera_msgs/local_setup.dsv
[0.327s] -- Installing: /home/chetan-satpute/depth_cam/install/orbbec_camera_msgs/share/orbbec_camera_msgs/package.dsv
[0.327s] -- Up-to-date: /home/chetan-satpute/depth_cam/install/orbbec_camera_msgs/share/ament_index/resource_index/packages/orbbec_camera_msgs
[0.327s] -- Up-to-date: /home/chetan-satpute/depth_cam/install/orbbec_camera_msgs/share/orbbec_camera_msgs/cmake/export_orbbec_camera_msgs__rosidl_generator_cExport.cmake
[0.327s] -- Up-to-date: /home/chetan-satpute/depth_cam/install/orbbec_camera_msgs/share/orbbec_camera_msgs/cmake/export_orbbec_camera_msgs__rosidl_generator_cExport-release.cmake
[0.327s] -- Up-to-date: /home/chetan-satpute/depth_cam/install/orbbec_camera_msgs/share/orbbec_camera_msgs/cmake/export_orbbec_camera_msgs__rosidl_typesupport_fastrtps_cExport.cmake
[0.327s] -- Up-to-date: /home/chetan-satpute/depth_cam/install/orbbec_camera_msgs/share/orbbec_camera_msgs/cmake/export_orbbec_camera_msgs__rosidl_typesupport_fastrtps_cExport-release.cmake
[0.327s] -- Up-to-date: /home/chetan-satpute/depth_cam/install/orbbec_camera_msgs/share/orbbec_camera_msgs/cmake/orbbec_camera_msgs__rosidl_typesupport_introspection_cExport.cmake
[0.327s] -- Up-to-date: /home/chetan-satpute/depth_cam/install/orbbec_camera_msgs/share/orbbec_camera_msgs/cmake/orbbec_camera_msgs__rosidl_typesupport_introspection_cExport-release.cmake
[0.327s] -- Up-to-date: /home/chetan-satpute/depth_cam/install/orbbec_camera_msgs/share/orbbec_camera_msgs/cmake/orbbec_camera_msgs__rosidl_typesupport_cExport.cmake
[0.327s] -- Up-to-date: /home/chetan-satpute/depth_cam/install/orbbec_camera_msgs/share/orbbec_camera_msgs/cmake/orbbec_camera_msgs__rosidl_typesupport_cExport-release.cmake
[0.327s] -- Up-to-date: /home/chetan-satpute/depth_cam/install/orbbec_camera_msgs/share/orbbec_camera_msgs/cmake/export_orbbec_camera_msgs__rosidl_generator_cppExport.cmake
[0.327s] -- Up-to-date: /home/chetan-satpute/depth_cam/install/orbbec_camera_msgs/share/orbbec_camera_msgs/cmake/export_orbbec_camera_msgs__rosidl_typesupport_fastrtps_cppExport.cmake
[0.328s] -- Up-to-date: /home/chetan-satpute/depth_cam/install/orbbec_camera_msgs/share/orbbec_camera_msgs/cmake/export_orbbec_camera_msgs__rosidl_typesupport_fastrtps_cppExport-release.cmake
[0.328s] -- Up-to-date: /home/chetan-satpute/depth_cam/install/orbbec_camera_msgs/share/orbbec_camera_msgs/cmake/orbbec_camera_msgs__rosidl_typesupport_introspection_cppExport.cmake
[0.328s] -- Up-to-date: /home/chetan-satpute/depth_cam/install/orbbec_camera_msgs/share/orbbec_camera_msgs/cmake/orbbec_camera_msgs__rosidl_typesupport_introspection_cppExport-release.cmake
[0.328s] -- Up-to-date: /home/chetan-satpute/depth_cam/install/orbbec_camera_msgs/share/orbbec_camera_msgs/cmake/orbbec_camera_msgs__rosidl_typesupport_cppExport.cmake
[0.328s] -- Up-to-date: /home/chetan-satpute/depth_cam/install/orbbec_camera_msgs/share/orbbec_camera_msgs/cmake/orbbec_camera_msgs__rosidl_typesupport_cppExport-release.cmake
[0.328s] -- Up-to-date: /home/chetan-satpute/depth_cam/install/orbbec_camera_msgs/share/orbbec_camera_msgs/cmake/export_orbbec_camera_msgs__rosidl_generator_pyExport.cmake
[0.328s] -- Up-to-date: /home/chetan-satpute/depth_cam/install/orbbec_camera_msgs/share/orbbec_camera_msgs/cmake/export_orbbec_camera_msgs__rosidl_generator_pyExport-release.cmake
[0.328s] -- Up-to-date: /home/chetan-satpute/depth_cam/install/orbbec_camera_msgs/share/orbbec_camera_msgs/cmake/rosidl_cmake-extras.cmake
[0.328s] -- Up-to-date: /home/chetan-satpute/depth_cam/install/orbbec_camera_msgs/share/orbbec_camera_msgs/cmake/ament_cmake_export_dependencies-extras.cmake
[0.328s] -- Up-to-date: /home/chetan-satpute/depth_cam/install/orbbec_camera_msgs/share/orbbec_camera_msgs/cmake/ament_cmake_export_include_directories-extras.cmake
[0.328s] -- Up-to-date: /home/chetan-satpute/depth_cam/install/orbbec_camera_msgs/share/orbbec_camera_msgs/cmake/ament_cmake_export_libraries-extras.cmake
[0.328s] -- Up-to-date: /home/chetan-satpute/depth_cam/install/orbbec_camera_msgs/share/orbbec_camera_msgs/cmake/ament_cmake_export_targets-extras.cmake
[0.328s] -- Up-to-date: /home/chetan-satpute/depth_cam/install/orbbec_camera_msgs/share/orbbec_camera_msgs/cmake/rosidl_cmake_export_typesupport_targets-extras.cmake
[0.328s] -- Up-to-date: /home/chetan-satpute/depth_cam/install/orbbec_camera_msgs/share/orbbec_camera_msgs/cmake/rosidl_cmake_export_typesupport_libraries-extras.cmake
[0.328s] -- Up-to-date: /home/chetan-satpute/depth_cam/install/orbbec_camera_msgs/share/orbbec_camera_msgs/cmake/orbbec_camera_msgsConfig.cmake
[0.328s] -- Up-to-date: /home/chetan-satpute/depth_cam/install/orbbec_camera_msgs/share/orbbec_camera_msgs/cmake/orbbec_camera_msgsConfig-version.cmake
[0.328s] -- Up-to-date: /home/chetan-satpute/depth_cam/install/orbbec_camera_msgs/share/orbbec_camera_msgs/package.xml
[0.330s] Invoked command in '/home/chetan-satpute/depth_cam/build/orbbec_camera_msgs' returned '0': CMAKE_PREFIX_PATH=${CMAKE_PREFIX_PATH}:/home/chetan-satpute/depth_cam/install/lane_detection:/opt/ros/humble /usr/bin/cmake --install /home/chetan-satpute/depth_cam/build/orbbec_camera_msgs
