[0.017s] Invoking command in '/home/chetan-satpute/lane_following/build/orbbec_camera_msgs': CMAKE_PREFIX_PATH=${CMAKE_PREFIX_PATH}:/home/chetan-satpute/lane_following/install/custom_follow:/opt/ros/humble PS1=(.venv) \[\e]0;\u@\h: \w\a\]${debian_chroot:+($debian_chroot)}\[\033[01;32m\]\u@\h\[\033[00m\]:\[\033[01;34m\]\w\[\033[00m\]\$ VIRTUAL_ENV_PROMPT=(.venv) /usr/bin/cmake /home/chetan-satpute/lane_following/src/OrbbecSDK_ROS2/orbbec_camera_msgs -DCMAKE_INSTALL_PREFIX=/home/chetan-satpute/lane_following/install/orbbec_camera_msgs
[0.216s] -- Found ament_cmake: 1.3.13 (/opt/ros/humble/share/ament_cmake/cmake)
[0.216s] -- Override CMake install command with custom implementation using symlinks instead of copying resources
[0.216s] -- Found rosidl_default_generators: 1.2.0 (/opt/ros/humble/share/rosidl_default_generators/cmake)
[0.216s] -- Using all available rosidl_typesupport_c: rosidl_typesupport_fastrtps_c;rosidl_typesupport_introspection_c
[0.216s] -- Found rosidl_adapter: 3.1.8 (/opt/ros/humble/share/rosidl_adapter/cmake)
[0.216s] -- Using all available rosidl_typesupport_cpp: rosidl_typesupport_fastrtps_cpp;rosidl_typesupport_introspection_cpp
[0.216s] -- Found sensor_msgs: 4.9.1 (/opt/ros/humble/share/sensor_msgs/cmake)
[0.500s] -- Found ament_cmake_ros: 0.10.0 (/opt/ros/humble/share/ament_cmake_ros/cmake)
[0.704s] -- Using all available rosidl_typesupport_c: rosidl_typesupport_fastrtps_c;rosidl_typesupport_introspection_c
[0.983s] -- Using all available rosidl_typesupport_cpp: rosidl_typesupport_fastrtps_cpp;rosidl_typesupport_introspection_cpp
[1.001s] -- Found python_cmake_module: 0.10.0 (/opt/ros/humble/share/python_cmake_module/cmake)
[1.019s] -- Using PYTHON_EXECUTABLE: /usr/bin/python3
[1.019s] -- Using PYTHON_INCLUDE_DIRS: /usr/include/python3.10
[1.020s] -- Using PYTHON_LIBRARIES: /usr/lib/x86_64-linux-gnu/libpython3.10.so
[1.056s] -- Found ament_lint_auto: 0.12.15 (/opt/ros/humble/share/ament_lint_auto/cmake)
[1.067s] -- Added test 'copyright' to check source files copyright and LICENSE
[1.068s] -- Added test 'lint_cmake' to check CMake code style
[1.069s] -- Added test 'xmllint' to check XML markup files
[1.070s] -- Configuring done
[1.104s] -- Generating done
[1.113s] -- Build files have been written to: /home/chetan-satpute/lane_following/build/orbbec_camera_msgs
[1.119s] Invoked command in '/home/chetan-satpute/lane_following/build/orbbec_camera_msgs' returned '0': CMAKE_PREFIX_PATH=${CMAKE_PREFIX_PATH}:/home/chetan-satpute/lane_following/install/custom_follow:/opt/ros/humble PS1=(.venv) \[\e]0;\u@\h: \w\a\]${debian_chroot:+($debian_chroot)}\[\033[01;32m\]\u@\h\[\033[00m\]:\[\033[01;34m\]\w\[\033[00m\]\$ VIRTUAL_ENV_PROMPT=(.venv) /usr/bin/cmake /home/chetan-satpute/lane_following/src/OrbbecSDK_ROS2/orbbec_camera_msgs -DCMAKE_INSTALL_PREFIX=/home/chetan-satpute/lane_following/install/orbbec_camera_msgs
[1.120s] Invoking command in '/home/chetan-satpute/lane_following/build/orbbec_camera_msgs': CMAKE_PREFIX_PATH=${CMAKE_PREFIX_PATH}:/home/chetan-satpute/lane_following/install/custom_follow:/opt/ros/humble PS1=(.venv) \[\e]0;\u@\h: \w\a\]${debian_chroot:+($debian_chroot)}\[\033[01;32m\]\u@\h\[\033[00m\]:\[\033[01;34m\]\w\[\033[00m\]\$ VIRTUAL_ENV_PROMPT=(.venv) /usr/bin/cmake --build /home/chetan-satpute/lane_following/build/orbbec_camera_msgs -- -j16 -l16
[1.158s] [35m[1mConsolidate compiler generated dependencies of target orbbec_camera_msgs__rosidl_generator_c[0m
[1.166s] [  0%] Built target orbbec_camera_msgs__cpp
[1.169s] [ 12%] Built target orbbec_camera_msgs__rosidl_generator_c
[1.173s] [ 12%] Built target ament_cmake_python_symlink_orbbec_camera_msgs
[1.178s] [35m[1mConsolidate compiler generated dependencies of target orbbec_camera_msgs__rosidl_typesupport_cpp[0m
[1.179s] [35m[1mConsolidate compiler generated dependencies of target orbbec_camera_msgs__rosidl_typesupport_introspection_cpp[0m
[1.179s] [35m[1mConsolidate compiler generated dependencies of target orbbec_camera_msgs__rosidl_typesupport_fastrtps_cpp[0m
[1.184s] [35m[1mConsolidate compiler generated dependencies of target orbbec_camera_msgs__rosidl_typesupport_c[0m
[1.185s] [35m[1mConsolidate compiler generated dependencies of target orbbec_camera_msgs__rosidl_typesupport_fastrtps_c[0m
[1.185s] [35m[1mConsolidate compiler generated dependencies of target orbbec_camera_msgs__rosidl_typesupport_introspection_c[0m
[1.197s] [ 24%] Built target orbbec_camera_msgs__rosidl_typesupport_cpp
[1.199s] [ 36%] Built target orbbec_camera_msgs__rosidl_typesupport_introspection_c
[1.202s] [ 48%] Built target orbbec_camera_msgs__rosidl_typesupport_c
[1.203s] [ 59%] Built target orbbec_camera_msgs__rosidl_typesupport_fastrtps_cpp
[1.205s] [ 71%] Built target orbbec_camera_msgs__rosidl_typesupport_introspection_cpp
[1.207s] [ 83%] Built target orbbec_camera_msgs__rosidl_typesupport_fastrtps_c
[1.223s] [ 83%] Built target orbbec_camera_msgs
[1.242s] [ 84%] Built target orbbec_camera_msgs__py
[1.250s] [35m[1mConsolidate compiler generated dependencies of target orbbec_camera_msgs__rosidl_generator_py[0m
[1.266s] [ 95%] Built target orbbec_camera_msgs__rosidl_generator_py
[1.274s] [35m[1mConsolidate compiler generated dependencies of target orbbec_camera_msgs__rosidl_typesupport_c__pyext[0m
[1.276s] [35m[1mConsolidate compiler generated dependencies of target orbbec_camera_msgs__rosidl_typesupport_introspection_c__pyext[0m
[1.277s] [35m[1mConsolidate compiler generated dependencies of target orbbec_camera_msgs__rosidl_typesupport_fastrtps_c__pyext[0m
[1.283s] [ 96%] Built target orbbec_camera_msgs__rosidl_typesupport_c__pyext
[1.286s] [ 99%] Built target orbbec_camera_msgs__rosidl_typesupport_introspection_c__pyext
[1.286s] [100%] Built target orbbec_camera_msgs__rosidl_typesupport_fastrtps_c__pyext
[1.354s] running egg_info
[1.355s] writing orbbec_camera_msgs.egg-info/PKG-INFO
[1.355s] writing dependency_links to orbbec_camera_msgs.egg-info/dependency_links.txt
[1.355s] writing top-level names to orbbec_camera_msgs.egg-info/top_level.txt
[1.356s] reading manifest file 'orbbec_camera_msgs.egg-info/SOURCES.txt'
[1.357s] writing manifest file 'orbbec_camera_msgs.egg-info/SOURCES.txt'
[1.377s] [100%] Built target ament_cmake_python_build_orbbec_camera_msgs_egg
[1.385s] Invoked command in '/home/chetan-satpute/lane_following/build/orbbec_camera_msgs' returned '0': CMAKE_PREFIX_PATH=${CMAKE_PREFIX_PATH}:/home/chetan-satpute/lane_following/install/custom_follow:/opt/ros/humble PS1=(.venv) \[\e]0;\u@\h: \w\a\]${debian_chroot:+($debian_chroot)}\[\033[01;32m\]\u@\h\[\033[00m\]:\[\033[01;34m\]\w\[\033[00m\]\$ VIRTUAL_ENV_PROMPT=(.venv) /usr/bin/cmake --build /home/chetan-satpute/lane_following/build/orbbec_camera_msgs -- -j16 -l16
[1.386s] Invoking command in '/home/chetan-satpute/lane_following/build/orbbec_camera_msgs': CMAKE_PREFIX_PATH=${CMAKE_PREFIX_PATH}:/home/chetan-satpute/lane_following/install/custom_follow:/opt/ros/humble PS1=(.venv) \[\e]0;\u@\h: \w\a\]${debian_chroot:+($debian_chroot)}\[\033[01;32m\]\u@\h\[\033[00m\]:\[\033[01;34m\]\w\[\033[00m\]\$ VIRTUAL_ENV_PROMPT=(.venv) /usr/bin/cmake --install /home/chetan-satpute/lane_following/build/orbbec_camera_msgs
[1.393s] -- Install configuration: ""
[1.394s] -- Execute custom install script
[1.394s] -- Up-to-date symlink: /home/chetan-satpute/lane_following/install/orbbec_camera_msgs/share/ament_index/resource_index/rosidl_interfaces/orbbec_camera_msgs
[1.394s] -- Up-to-date symlink: /home/chetan-satpute/lane_following/install/orbbec_camera_msgs/include/orbbec_camera_msgs/orbbec_camera_msgs/msg/detail/device_info__functions.h
[1.395s] -- Up-to-date symlink: /home/chetan-satpute/lane_following/install/orbbec_camera_msgs/include/orbbec_camera_msgs/orbbec_camera_msgs/msg/detail/device_info__struct.h
[1.395s] -- Up-to-date symlink: /home/chetan-satpute/lane_following/install/orbbec_camera_msgs/include/orbbec_camera_msgs/orbbec_camera_msgs/msg/detail/device_info__type_support.h
[1.395s] -- Up-to-date symlink: /home/chetan-satpute/lane_following/install/orbbec_camera_msgs/include/orbbec_camera_msgs/orbbec_camera_msgs/msg/detail/extrinsics__functions.h
[1.395s] -- Up-to-date symlink: /home/chetan-satpute/lane_following/install/orbbec_camera_msgs/include/orbbec_camera_msgs/orbbec_camera_msgs/msg/detail/extrinsics__struct.h
[1.395s] -- Up-to-date symlink: /home/chetan-satpute/lane_following/install/orbbec_camera_msgs/include/orbbec_camera_msgs/orbbec_camera_msgs/msg/detail/extrinsics__type_support.h
[1.395s] -- Up-to-date symlink: /home/chetan-satpute/lane_following/install/orbbec_camera_msgs/include/orbbec_camera_msgs/orbbec_camera_msgs/msg/detail/imu_info__functions.h
[1.395s] -- Up-to-date symlink: /home/chetan-satpute/lane_following/install/orbbec_camera_msgs/include/orbbec_camera_msgs/orbbec_camera_msgs/msg/detail/imu_info__struct.h
[1.395s] -- Up-to-date symlink: /home/chetan-satpute/lane_following/install/orbbec_camera_msgs/include/orbbec_camera_msgs/orbbec_camera_msgs/msg/detail/imu_info__type_support.h
[1.395s] -- Up-to-date symlink: /home/chetan-satpute/lane_following/install/orbbec_camera_msgs/include/orbbec_camera_msgs/orbbec_camera_msgs/msg/detail/metadata__functions.h
[1.395s] -- Up-to-date symlink: /home/chetan-satpute/lane_following/install/orbbec_camera_msgs/include/orbbec_camera_msgs/orbbec_camera_msgs/msg/detail/metadata__struct.h
[1.395s] -- Up-to-date symlink: /home/chetan-satpute/lane_following/install/orbbec_camera_msgs/include/orbbec_camera_msgs/orbbec_camera_msgs/msg/detail/metadata__type_support.h
[1.395s] -- Up-to-date symlink: /home/chetan-satpute/lane_following/install/orbbec_camera_msgs/include/orbbec_camera_msgs/orbbec_camera_msgs/msg/detail/rgbd__functions.h
[1.395s] -- Up-to-date symlink: /home/chetan-satpute/lane_following/install/orbbec_camera_msgs/include/orbbec_camera_msgs/orbbec_camera_msgs/msg/detail/rgbd__struct.h
[1.395s] -- Up-to-date symlink: /home/chetan-satpute/lane_following/install/orbbec_camera_msgs/include/orbbec_camera_msgs/orbbec_camera_msgs/msg/detail/rgbd__type_support.h
[1.395s] -- Up-to-date symlink: /home/chetan-satpute/lane_following/install/orbbec_camera_msgs/include/orbbec_camera_msgs/orbbec_camera_msgs/msg/device_info.h
[1.395s] -- Up-to-date symlink: /home/chetan-satpute/lane_following/install/orbbec_camera_msgs/include/orbbec_camera_msgs/orbbec_camera_msgs/msg/extrinsics.h
[1.395s] -- Up-to-date symlink: /home/chetan-satpute/lane_following/install/orbbec_camera_msgs/include/orbbec_camera_msgs/orbbec_camera_msgs/msg/imu_info.h
[1.395s] -- Up-to-date symlink: /home/chetan-satpute/lane_following/install/orbbec_camera_msgs/include/orbbec_camera_msgs/orbbec_camera_msgs/msg/metadata.h
[1.395s] -- Up-to-date symlink: /home/chetan-satpute/lane_following/install/orbbec_camera_msgs/include/orbbec_camera_msgs/orbbec_camera_msgs/msg/rgbd.h
[1.396s] -- Up-to-date symlink: /home/chetan-satpute/lane_following/install/orbbec_camera_msgs/include/orbbec_camera_msgs/orbbec_camera_msgs/msg/rosidl_generator_c__visibility_control.h
[1.396s] -- Up-to-date symlink: /home/chetan-satpute/lane_following/install/orbbec_camera_msgs/include/orbbec_camera_msgs/orbbec_camera_msgs/srv/detail/get_bool__functions.h
[1.396s] -- Up-to-date symlink: /home/chetan-satpute/lane_following/install/orbbec_camera_msgs/include/orbbec_camera_msgs/orbbec_camera_msgs/srv/detail/get_bool__struct.h
[1.396s] -- Up-to-date symlink: /home/chetan-satpute/lane_following/install/orbbec_camera_msgs/include/orbbec_camera_msgs/orbbec_camera_msgs/srv/detail/get_bool__type_support.h
[1.396s] -- Up-to-date symlink: /home/chetan-satpute/lane_following/install/orbbec_camera_msgs/include/orbbec_camera_msgs/orbbec_camera_msgs/srv/detail/get_camera_info__functions.h
[1.396s] -- Up-to-date symlink: /home/chetan-satpute/lane_following/install/orbbec_camera_msgs/include/orbbec_camera_msgs/orbbec_camera_msgs/srv/detail/get_camera_info__struct.h
[1.396s] -- Up-to-date symlink: /home/chetan-satpute/lane_following/install/orbbec_camera_msgs/include/orbbec_camera_msgs/orbbec_camera_msgs/srv/detail/get_camera_info__type_support.h
[1.396s] -- Up-to-date symlink: /home/chetan-satpute/lane_following/install/orbbec_camera_msgs/include/orbbec_camera_msgs/orbbec_camera_msgs/srv/detail/get_device_info__functions.h
[1.396s] -- Up-to-date symlink: /home/chetan-satpute/lane_following/install/orbbec_camera_msgs/include/orbbec_camera_msgs/orbbec_camera_msgs/srv/detail/get_device_info__struct.h
[1.396s] -- Up-to-date symlink: /home/chetan-satpute/lane_following/install/orbbec_camera_msgs/include/orbbec_camera_msgs/orbbec_camera_msgs/srv/detail/get_device_info__type_support.h
[1.396s] -- Up-to-date symlink: /home/chetan-satpute/lane_following/install/orbbec_camera_msgs/include/orbbec_camera_msgs/orbbec_camera_msgs/srv/detail/get_int32__functions.h
[1.396s] -- Up-to-date symlink: /home/chetan-satpute/lane_following/install/orbbec_camera_msgs/include/orbbec_camera_msgs/orbbec_camera_msgs/srv/detail/get_int32__struct.h
[1.396s] -- Up-to-date symlink: /home/chetan-satpute/lane_following/install/orbbec_camera_msgs/include/orbbec_camera_msgs/orbbec_camera_msgs/srv/detail/get_int32__type_support.h
[1.396s] -- Up-to-date symlink: /home/chetan-satpute/lane_following/install/orbbec_camera_msgs/include/orbbec_camera_msgs/orbbec_camera_msgs/srv/detail/get_string__functions.h
[1.396s] -- Up-to-date symlink: /home/chetan-satpute/lane_following/install/orbbec_camera_msgs/include/orbbec_camera_msgs/orbbec_camera_msgs/srv/detail/get_string__struct.h
[1.396s] -- Up-to-date symlink: /home/chetan-satpute/lane_following/install/orbbec_camera_msgs/include/orbbec_camera_msgs/orbbec_camera_msgs/srv/detail/get_string__type_support.h
[1.396s] -- Up-to-date symlink: /home/chetan-satpute/lane_following/install/orbbec_camera_msgs/include/orbbec_camera_msgs/orbbec_camera_msgs/srv/detail/set_int32__functions.h
[1.396s] -- Up-to-date symlink: /home/chetan-satpute/lane_following/install/orbbec_camera_msgs/include/orbbec_camera_msgs/orbbec_camera_msgs/srv/detail/set_int32__struct.h
[1.396s] -- Up-to-date symlink: /home/chetan-satpute/lane_following/install/orbbec_camera_msgs/include/orbbec_camera_msgs/orbbec_camera_msgs/srv/detail/set_int32__type_support.h
[1.396s] -- Up-to-date symlink: /home/chetan-satpute/lane_following/install/orbbec_camera_msgs/include/orbbec_camera_msgs/orbbec_camera_msgs/srv/detail/set_string__functions.h
[1.397s] -- Up-to-date symlink: /home/chetan-satpute/lane_following/install/orbbec_camera_msgs/include/orbbec_camera_msgs/orbbec_camera_msgs/srv/detail/set_string__struct.h
[1.397s] -- Up-to-date symlink: /home/chetan-satpute/lane_following/install/orbbec_camera_msgs/include/orbbec_camera_msgs/orbbec_camera_msgs/srv/detail/set_string__type_support.h
[1.397s] -- Up-to-date symlink: /home/chetan-satpute/lane_following/install/orbbec_camera_msgs/include/orbbec_camera_msgs/orbbec_camera_msgs/srv/get_bool.h
[1.397s] -- Up-to-date symlink: /home/chetan-satpute/lane_following/install/orbbec_camera_msgs/include/orbbec_camera_msgs/orbbec_camera_msgs/srv/get_camera_info.h
[1.397s] -- Up-to-date symlink: /home/chetan-satpute/lane_following/install/orbbec_camera_msgs/include/orbbec_camera_msgs/orbbec_camera_msgs/srv/get_device_info.h
[1.397s] -- Up-to-date symlink: /home/chetan-satpute/lane_following/install/orbbec_camera_msgs/include/orbbec_camera_msgs/orbbec_camera_msgs/srv/get_int32.h
[1.397s] -- Up-to-date symlink: /home/chetan-satpute/lane_following/install/orbbec_camera_msgs/include/orbbec_camera_msgs/orbbec_camera_msgs/srv/get_string.h
[1.397s] -- Up-to-date symlink: /home/chetan-satpute/lane_following/install/orbbec_camera_msgs/include/orbbec_camera_msgs/orbbec_camera_msgs/srv/set_int32.h
[1.397s] -- Up-to-date symlink: /home/chetan-satpute/lane_following/install/orbbec_camera_msgs/include/orbbec_camera_msgs/orbbec_camera_msgs/srv/set_string.h
[1.397s] -- Up-to-date symlink: /home/chetan-satpute/lane_following/install/orbbec_camera_msgs/share/orbbec_camera_msgs/environment/library_path.sh
[1.397s] -- Up-to-date symlink: /home/chetan-satpute/lane_following/install/orbbec_camera_msgs/share/orbbec_camera_msgs/environment/library_path.dsv
[1.398s] -- Up-to-date symlink: /home/chetan-satpute/lane_following/install/orbbec_camera_msgs/include/orbbec_camera_msgs/orbbec_camera_msgs/msg/detail/device_info__rosidl_typesupport_fastrtps_c.h
[1.398s] -- Up-to-date symlink: /home/chetan-satpute/lane_following/install/orbbec_camera_msgs/include/orbbec_camera_msgs/orbbec_camera_msgs/msg/detail/extrinsics__rosidl_typesupport_fastrtps_c.h
[1.398s] -- Up-to-date symlink: /home/chetan-satpute/lane_following/install/orbbec_camera_msgs/include/orbbec_camera_msgs/orbbec_camera_msgs/msg/detail/imu_info__rosidl_typesupport_fastrtps_c.h
[1.398s] -- Up-to-date symlink: /home/chetan-satpute/lane_following/install/orbbec_camera_msgs/include/orbbec_camera_msgs/orbbec_camera_msgs/msg/detail/metadata__rosidl_typesupport_fastrtps_c.h
[1.398s] -- Up-to-date symlink: /home/chetan-satpute/lane_following/install/orbbec_camera_msgs/include/orbbec_camera_msgs/orbbec_camera_msgs/msg/detail/rgbd__rosidl_typesupport_fastrtps_c.h
[1.398s] -- Up-to-date symlink: /home/chetan-satpute/lane_following/install/orbbec_camera_msgs/include/orbbec_camera_msgs/orbbec_camera_msgs/msg/rosidl_typesupport_fastrtps_c__visibility_control.h
[1.398s] -- Up-to-date symlink: /home/chetan-satpute/lane_following/install/orbbec_camera_msgs/include/orbbec_camera_msgs/orbbec_camera_msgs/srv/detail/get_bool__rosidl_typesupport_fastrtps_c.h
[1.398s] -- Up-to-date symlink: /home/chetan-satpute/lane_following/install/orbbec_camera_msgs/include/orbbec_camera_msgs/orbbec_camera_msgs/srv/detail/get_camera_info__rosidl_typesupport_fastrtps_c.h
[1.398s] -- Up-to-date symlink: /home/chetan-satpute/lane_following/install/orbbec_camera_msgs/include/orbbec_camera_msgs/orbbec_camera_msgs/srv/detail/get_device_info__rosidl_typesupport_fastrtps_c.h
[1.398s] -- Up-to-date symlink: /home/chetan-satpute/lane_following/install/orbbec_camera_msgs/include/orbbec_camera_msgs/orbbec_camera_msgs/srv/detail/get_int32__rosidl_typesupport_fastrtps_c.h
[1.398s] -- Up-to-date symlink: /home/chetan-satpute/lane_following/install/orbbec_camera_msgs/include/orbbec_camera_msgs/orbbec_camera_msgs/srv/detail/get_string__rosidl_typesupport_fastrtps_c.h
[1.398s] -- Up-to-date symlink: /home/chetan-satpute/lane_following/install/orbbec_camera_msgs/include/orbbec_camera_msgs/orbbec_camera_msgs/srv/detail/set_int32__rosidl_typesupport_fastrtps_c.h
[1.398s] -- Up-to-date symlink: /home/chetan-satpute/lane_following/install/orbbec_camera_msgs/include/orbbec_camera_msgs/orbbec_camera_msgs/srv/detail/set_string__rosidl_typesupport_fastrtps_c.h
[1.398s] -- Up-to-date symlink: /home/chetan-satpute/lane_following/install/orbbec_camera_msgs/include/orbbec_camera_msgs/orbbec_camera_msgs/msg/detail/device_info__rosidl_typesupport_introspection_c.h
[1.398s] -- Up-to-date symlink: /home/chetan-satpute/lane_following/install/orbbec_camera_msgs/include/orbbec_camera_msgs/orbbec_camera_msgs/msg/detail/extrinsics__rosidl_typesupport_introspection_c.h
[1.398s] -- Up-to-date symlink: /home/chetan-satpute/lane_following/install/orbbec_camera_msgs/include/orbbec_camera_msgs/orbbec_camera_msgs/msg/detail/imu_info__rosidl_typesupport_introspection_c.h
[1.399s] -- Up-to-date symlink: /home/chetan-satpute/lane_following/install/orbbec_camera_msgs/include/orbbec_camera_msgs/orbbec_camera_msgs/msg/detail/metadata__rosidl_typesupport_introspection_c.h
[1.399s] -- Up-to-date symlink: /home/chetan-satpute/lane_following/install/orbbec_camera_msgs/include/orbbec_camera_msgs/orbbec_camera_msgs/msg/detail/rgbd__rosidl_typesupport_introspection_c.h
[1.399s] -- Up-to-date symlink: /home/chetan-satpute/lane_following/install/orbbec_camera_msgs/include/orbbec_camera_msgs/orbbec_camera_msgs/msg/rosidl_typesupport_introspection_c__visibility_control.h
[1.399s] -- Up-to-date symlink: /home/chetan-satpute/lane_following/install/orbbec_camera_msgs/include/orbbec_camera_msgs/orbbec_camera_msgs/srv/detail/get_bool__rosidl_typesupport_introspection_c.h
[1.399s] -- Up-to-date symlink: /home/chetan-satpute/lane_following/install/orbbec_camera_msgs/include/orbbec_camera_msgs/orbbec_camera_msgs/srv/detail/get_camera_info__rosidl_typesupport_introspection_c.h
[1.399s] -- Up-to-date symlink: /home/chetan-satpute/lane_following/install/orbbec_camera_msgs/include/orbbec_camera_msgs/orbbec_camera_msgs/srv/detail/get_device_info__rosidl_typesupport_introspection_c.h
[1.399s] -- Up-to-date symlink: /home/chetan-satpute/lane_following/install/orbbec_camera_msgs/include/orbbec_camera_msgs/orbbec_camera_msgs/srv/detail/get_int32__rosidl_typesupport_introspection_c.h
[1.399s] -- Up-to-date symlink: /home/chetan-satpute/lane_following/install/orbbec_camera_msgs/include/orbbec_camera_msgs/orbbec_camera_msgs/srv/detail/get_string__rosidl_typesupport_introspection_c.h
[1.399s] -- Up-to-date symlink: /home/chetan-satpute/lane_following/install/orbbec_camera_msgs/include/orbbec_camera_msgs/orbbec_camera_msgs/srv/detail/set_int32__rosidl_typesupport_introspection_c.h
[1.399s] -- Up-to-date symlink: /home/chetan-satpute/lane_following/install/orbbec_camera_msgs/include/orbbec_camera_msgs/orbbec_camera_msgs/srv/detail/set_string__rosidl_typesupport_introspection_c.h
[1.399s] -- Up-to-date symlink: /home/chetan-satpute/lane_following/install/orbbec_camera_msgs/include/orbbec_camera_msgs/orbbec_camera_msgs/msg/detail/device_info__builder.hpp
[1.400s] -- Up-to-date symlink: /home/chetan-satpute/lane_following/install/orbbec_camera_msgs/include/orbbec_camera_msgs/orbbec_camera_msgs/msg/detail/device_info__struct.hpp
[1.400s] -- Up-to-date symlink: /home/chetan-satpute/lane_following/install/orbbec_camera_msgs/include/orbbec_camera_msgs/orbbec_camera_msgs/msg/detail/device_info__traits.hpp
[1.400s] -- Up-to-date symlink: /home/chetan-satpute/lane_following/install/orbbec_camera_msgs/include/orbbec_camera_msgs/orbbec_camera_msgs/msg/detail/device_info__type_support.hpp
[1.400s] -- Up-to-date symlink: /home/chetan-satpute/lane_following/install/orbbec_camera_msgs/include/orbbec_camera_msgs/orbbec_camera_msgs/msg/detail/extrinsics__builder.hpp
[1.400s] -- Up-to-date symlink: /home/chetan-satpute/lane_following/install/orbbec_camera_msgs/include/orbbec_camera_msgs/orbbec_camera_msgs/msg/detail/extrinsics__struct.hpp
[1.400s] -- Up-to-date symlink: /home/chetan-satpute/lane_following/install/orbbec_camera_msgs/include/orbbec_camera_msgs/orbbec_camera_msgs/msg/detail/extrinsics__traits.hpp
[1.400s] -- Up-to-date symlink: /home/chetan-satpute/lane_following/install/orbbec_camera_msgs/include/orbbec_camera_msgs/orbbec_camera_msgs/msg/detail/extrinsics__type_support.hpp
[1.400s] -- Up-to-date symlink: /home/chetan-satpute/lane_following/install/orbbec_camera_msgs/include/orbbec_camera_msgs/orbbec_camera_msgs/msg/detail/imu_info__builder.hpp
[1.400s] -- Up-to-date symlink: /home/chetan-satpute/lane_following/install/orbbec_camera_msgs/include/orbbec_camera_msgs/orbbec_camera_msgs/msg/detail/imu_info__struct.hpp
[1.400s] -- Up-to-date symlink: /home/chetan-satpute/lane_following/install/orbbec_camera_msgs/include/orbbec_camera_msgs/orbbec_camera_msgs/msg/detail/imu_info__traits.hpp
[1.400s] -- Up-to-date symlink: /home/chetan-satpute/lane_following/install/orbbec_camera_msgs/include/orbbec_camera_msgs/orbbec_camera_msgs/msg/detail/imu_info__type_support.hpp
[1.400s] -- Up-to-date symlink: /home/chetan-satpute/lane_following/install/orbbec_camera_msgs/include/orbbec_camera_msgs/orbbec_camera_msgs/msg/detail/metadata__builder.hpp
[1.400s] -- Up-to-date symlink: /home/chetan-satpute/lane_following/install/orbbec_camera_msgs/include/orbbec_camera_msgs/orbbec_camera_msgs/msg/detail/metadata__struct.hpp
[1.400s] -- Up-to-date symlink: /home/chetan-satpute/lane_following/install/orbbec_camera_msgs/include/orbbec_camera_msgs/orbbec_camera_msgs/msg/detail/metadata__traits.hpp
[1.400s] -- Up-to-date symlink: /home/chetan-satpute/lane_following/install/orbbec_camera_msgs/include/orbbec_camera_msgs/orbbec_camera_msgs/msg/detail/metadata__type_support.hpp
[1.400s] -- Up-to-date symlink: /home/chetan-satpute/lane_following/install/orbbec_camera_msgs/include/orbbec_camera_msgs/orbbec_camera_msgs/msg/detail/rgbd__builder.hpp
[1.400s] -- Up-to-date symlink: /home/chetan-satpute/lane_following/install/orbbec_camera_msgs/include/orbbec_camera_msgs/orbbec_camera_msgs/msg/detail/rgbd__struct.hpp
[1.400s] -- Up-to-date symlink: /home/chetan-satpute/lane_following/install/orbbec_camera_msgs/include/orbbec_camera_msgs/orbbec_camera_msgs/msg/detail/rgbd__traits.hpp
[1.401s] -- Up-to-date symlink: /home/chetan-satpute/lane_following/install/orbbec_camera_msgs/include/orbbec_camera_msgs/orbbec_camera_msgs/msg/detail/rgbd__type_support.hpp
[1.401s] -- Up-to-date symlink: /home/chetan-satpute/lane_following/install/orbbec_camera_msgs/include/orbbec_camera_msgs/orbbec_camera_msgs/msg/device_info.hpp
[1.401s] -- Up-to-date symlink: /home/chetan-satpute/lane_following/install/orbbec_camera_msgs/include/orbbec_camera_msgs/orbbec_camera_msgs/msg/extrinsics.hpp
[1.401s] -- Up-to-date symlink: /home/chetan-satpute/lane_following/install/orbbec_camera_msgs/include/orbbec_camera_msgs/orbbec_camera_msgs/msg/imu_info.hpp
[1.401s] -- Up-to-date symlink: /home/chetan-satpute/lane_following/install/orbbec_camera_msgs/include/orbbec_camera_msgs/orbbec_camera_msgs/msg/metadata.hpp
[1.401s] -- Up-to-date symlink: /home/chetan-satpute/lane_following/install/orbbec_camera_msgs/include/orbbec_camera_msgs/orbbec_camera_msgs/msg/rgbd.hpp
[1.401s] -- Up-to-date symlink: /home/chetan-satpute/lane_following/install/orbbec_camera_msgs/include/orbbec_camera_msgs/orbbec_camera_msgs/msg/rosidl_generator_cpp__visibility_control.hpp
[1.401s] -- Up-to-date symlink: /home/chetan-satpute/lane_following/install/orbbec_camera_msgs/include/orbbec_camera_msgs/orbbec_camera_msgs/srv/detail/get_bool__builder.hpp
[1.401s] -- Up-to-date symlink: /home/chetan-satpute/lane_following/install/orbbec_camera_msgs/include/orbbec_camera_msgs/orbbec_camera_msgs/srv/detail/get_bool__struct.hpp
[1.401s] -- Up-to-date symlink: /home/chetan-satpute/lane_following/install/orbbec_camera_msgs/include/orbbec_camera_msgs/orbbec_camera_msgs/srv/detail/get_bool__traits.hpp
[1.401s] -- Up-to-date symlink: /home/chetan-satpute/lane_following/install/orbbec_camera_msgs/include/orbbec_camera_msgs/orbbec_camera_msgs/srv/detail/get_bool__type_support.hpp
[1.401s] -- Up-to-date symlink: /home/chetan-satpute/lane_following/install/orbbec_camera_msgs/include/orbbec_camera_msgs/orbbec_camera_msgs/srv/detail/get_camera_info__builder.hpp
[1.401s] -- Up-to-date symlink: /home/chetan-satpute/lane_following/install/orbbec_camera_msgs/include/orbbec_camera_msgs/orbbec_camera_msgs/srv/detail/get_camera_info__struct.hpp
[1.401s] -- Up-to-date symlink: /home/chetan-satpute/lane_following/install/orbbec_camera_msgs/include/orbbec_camera_msgs/orbbec_camera_msgs/srv/detail/get_camera_info__traits.hpp
[1.401s] -- Up-to-date symlink: /home/chetan-satpute/lane_following/install/orbbec_camera_msgs/include/orbbec_camera_msgs/orbbec_camera_msgs/srv/detail/get_camera_info__type_support.hpp
[1.401s] -- Up-to-date symlink: /home/chetan-satpute/lane_following/install/orbbec_camera_msgs/include/orbbec_camera_msgs/orbbec_camera_msgs/srv/detail/get_device_info__builder.hpp
[1.401s] -- Up-to-date symlink: /home/chetan-satpute/lane_following/install/orbbec_camera_msgs/include/orbbec_camera_msgs/orbbec_camera_msgs/srv/detail/get_device_info__struct.hpp
[1.401s] -- Up-to-date symlink: /home/chetan-satpute/lane_following/install/orbbec_camera_msgs/include/orbbec_camera_msgs/orbbec_camera_msgs/srv/detail/get_device_info__traits.hpp
[1.401s] -- Up-to-date symlink: /home/chetan-satpute/lane_following/install/orbbec_camera_msgs/include/orbbec_camera_msgs/orbbec_camera_msgs/srv/detail/get_device_info__type_support.hpp
[1.401s] -- Up-to-date symlink: /home/chetan-satpute/lane_following/install/orbbec_camera_msgs/include/orbbec_camera_msgs/orbbec_camera_msgs/srv/detail/get_int32__builder.hpp
[1.401s] -- Up-to-date symlink: /home/chetan-satpute/lane_following/install/orbbec_camera_msgs/include/orbbec_camera_msgs/orbbec_camera_msgs/srv/detail/get_int32__struct.hpp
[1.401s] -- Up-to-date symlink: /home/chetan-satpute/lane_following/install/orbbec_camera_msgs/include/orbbec_camera_msgs/orbbec_camera_msgs/srv/detail/get_int32__traits.hpp
[1.402s] -- Up-to-date symlink: /home/chetan-satpute/lane_following/install/orbbec_camera_msgs/include/orbbec_camera_msgs/orbbec_camera_msgs/srv/detail/get_int32__type_support.hpp
[1.402s] -- Up-to-date symlink: /home/chetan-satpute/lane_following/install/orbbec_camera_msgs/include/orbbec_camera_msgs/orbbec_camera_msgs/srv/detail/get_string__builder.hpp
[1.402s] -- Up-to-date symlink: /home/chetan-satpute/lane_following/install/orbbec_camera_msgs/include/orbbec_camera_msgs/orbbec_camera_msgs/srv/detail/get_string__struct.hpp
[1.402s] -- Up-to-date symlink: /home/chetan-satpute/lane_following/install/orbbec_camera_msgs/include/orbbec_camera_msgs/orbbec_camera_msgs/srv/detail/get_string__traits.hpp
[1.402s] -- Up-to-date symlink: /home/chetan-satpute/lane_following/install/orbbec_camera_msgs/include/orbbec_camera_msgs/orbbec_camera_msgs/srv/detail/get_string__type_support.hpp
[1.402s] -- Up-to-date symlink: /home/chetan-satpute/lane_following/install/orbbec_camera_msgs/include/orbbec_camera_msgs/orbbec_camera_msgs/srv/detail/set_int32__builder.hpp
[1.402s] -- Up-to-date symlink: /home/chetan-satpute/lane_following/install/orbbec_camera_msgs/include/orbbec_camera_msgs/orbbec_camera_msgs/srv/detail/set_int32__struct.hpp
[1.402s] -- Up-to-date symlink: /home/chetan-satpute/lane_following/install/orbbec_camera_msgs/include/orbbec_camera_msgs/orbbec_camera_msgs/srv/detail/set_int32__traits.hpp
[1.402s] -- Up-to-date symlink: /home/chetan-satpute/lane_following/install/orbbec_camera_msgs/include/orbbec_camera_msgs/orbbec_camera_msgs/srv/detail/set_int32__type_support.hpp
[1.402s] -- Up-to-date symlink: /home/chetan-satpute/lane_following/install/orbbec_camera_msgs/include/orbbec_camera_msgs/orbbec_camera_msgs/srv/detail/set_string__builder.hpp
[1.402s] -- Up-to-date symlink: /home/chetan-satpute/lane_following/install/orbbec_camera_msgs/include/orbbec_camera_msgs/orbbec_camera_msgs/srv/detail/set_string__struct.hpp
[1.402s] -- Up-to-date symlink: /home/chetan-satpute/lane_following/install/orbbec_camera_msgs/include/orbbec_camera_msgs/orbbec_camera_msgs/srv/detail/set_string__traits.hpp
[1.402s] -- Up-to-date symlink: /home/chetan-satpute/lane_following/install/orbbec_camera_msgs/include/orbbec_camera_msgs/orbbec_camera_msgs/srv/detail/set_string__type_support.hpp
[1.402s] -- Up-to-date symlink: /home/chetan-satpute/lane_following/install/orbbec_camera_msgs/include/orbbec_camera_msgs/orbbec_camera_msgs/srv/get_bool.hpp
[1.402s] -- Up-to-date symlink: /home/chetan-satpute/lane_following/install/orbbec_camera_msgs/include/orbbec_camera_msgs/orbbec_camera_msgs/srv/get_camera_info.hpp
[1.402s] -- Up-to-date symlink: /home/chetan-satpute/lane_following/install/orbbec_camera_msgs/include/orbbec_camera_msgs/orbbec_camera_msgs/srv/get_device_info.hpp
[1.402s] -- Up-to-date symlink: /home/chetan-satpute/lane_following/install/orbbec_camera_msgs/include/orbbec_camera_msgs/orbbec_camera_msgs/srv/get_int32.hpp
[1.402s] -- Up-to-date symlink: /home/chetan-satpute/lane_following/install/orbbec_camera_msgs/include/orbbec_camera_msgs/orbbec_camera_msgs/srv/get_string.hpp
[1.402s] -- Up-to-date symlink: /home/chetan-satpute/lane_following/install/orbbec_camera_msgs/include/orbbec_camera_msgs/orbbec_camera_msgs/srv/set_int32.hpp
[1.402s] -- Up-to-date symlink: /home/chetan-satpute/lane_following/install/orbbec_camera_msgs/include/orbbec_camera_msgs/orbbec_camera_msgs/srv/set_string.hpp
[1.403s] -- Up-to-date symlink: /home/chetan-satpute/lane_following/install/orbbec_camera_msgs/include/orbbec_camera_msgs/orbbec_camera_msgs/msg/detail/device_info__rosidl_typesupport_fastrtps_cpp.hpp
[1.403s] -- Up-to-date symlink: /home/chetan-satpute/lane_following/install/orbbec_camera_msgs/include/orbbec_camera_msgs/orbbec_camera_msgs/msg/detail/extrinsics__rosidl_typesupport_fastrtps_cpp.hpp
[1.403s] -- Up-to-date symlink: /home/chetan-satpute/lane_following/install/orbbec_camera_msgs/include/orbbec_camera_msgs/orbbec_camera_msgs/msg/detail/imu_info__rosidl_typesupport_fastrtps_cpp.hpp
[1.403s] -- Up-to-date symlink: /home/chetan-satpute/lane_following/install/orbbec_camera_msgs/include/orbbec_camera_msgs/orbbec_camera_msgs/msg/detail/metadata__rosidl_typesupport_fastrtps_cpp.hpp
[1.403s] -- Up-to-date symlink: /home/chetan-satpute/lane_following/install/orbbec_camera_msgs/include/orbbec_camera_msgs/orbbec_camera_msgs/msg/detail/rgbd__rosidl_typesupport_fastrtps_cpp.hpp
[1.403s] -- Up-to-date symlink: /home/chetan-satpute/lane_following/install/orbbec_camera_msgs/include/orbbec_camera_msgs/orbbec_camera_msgs/msg/rosidl_typesupport_fastrtps_cpp__visibility_control.h
[1.403s] -- Up-to-date symlink: /home/chetan-satpute/lane_following/install/orbbec_camera_msgs/include/orbbec_camera_msgs/orbbec_camera_msgs/srv/detail/get_bool__rosidl_typesupport_fastrtps_cpp.hpp
[1.403s] -- Up-to-date symlink: /home/chetan-satpute/lane_following/install/orbbec_camera_msgs/include/orbbec_camera_msgs/orbbec_camera_msgs/srv/detail/get_camera_info__rosidl_typesupport_fastrtps_cpp.hpp
[1.403s] -- Up-to-date symlink: /home/chetan-satpute/lane_following/install/orbbec_camera_msgs/include/orbbec_camera_msgs/orbbec_camera_msgs/srv/detail/get_device_info__rosidl_typesupport_fastrtps_cpp.hpp
[1.403s] -- Up-to-date symlink: /home/chetan-satpute/lane_following/install/orbbec_camera_msgs/include/orbbec_camera_msgs/orbbec_camera_msgs/srv/detail/get_int32__rosidl_typesupport_fastrtps_cpp.hpp
[1.403s] -- Up-to-date symlink: /home/chetan-satpute/lane_following/install/orbbec_camera_msgs/include/orbbec_camera_msgs/orbbec_camera_msgs/srv/detail/get_string__rosidl_typesupport_fastrtps_cpp.hpp
[1.404s] -- Up-to-date symlink: /home/chetan-satpute/lane_following/install/orbbec_camera_msgs/include/orbbec_camera_msgs/orbbec_camera_msgs/srv/detail/set_int32__rosidl_typesupport_fastrtps_cpp.hpp
[1.404s] -- Up-to-date symlink: /home/chetan-satpute/lane_following/install/orbbec_camera_msgs/include/orbbec_camera_msgs/orbbec_camera_msgs/srv/detail/set_string__rosidl_typesupport_fastrtps_cpp.hpp
[1.404s] -- Up-to-date symlink: /home/chetan-satpute/lane_following/install/orbbec_camera_msgs/include/orbbec_camera_msgs/orbbec_camera_msgs/msg/detail/device_info__rosidl_typesupport_introspection_cpp.hpp
[1.404s] -- Up-to-date symlink: /home/chetan-satpute/lane_following/install/orbbec_camera_msgs/include/orbbec_camera_msgs/orbbec_camera_msgs/msg/detail/extrinsics__rosidl_typesupport_introspection_cpp.hpp
[1.404s] -- Up-to-date symlink: /home/chetan-satpute/lane_following/install/orbbec_camera_msgs/include/orbbec_camera_msgs/orbbec_camera_msgs/msg/detail/imu_info__rosidl_typesupport_introspection_cpp.hpp
[1.404s] -- Up-to-date symlink: /home/chetan-satpute/lane_following/install/orbbec_camera_msgs/include/orbbec_camera_msgs/orbbec_camera_msgs/msg/detail/metadata__rosidl_typesupport_introspection_cpp.hpp
[1.404s] -- Up-to-date symlink: /home/chetan-satpute/lane_following/install/orbbec_camera_msgs/include/orbbec_camera_msgs/orbbec_camera_msgs/msg/detail/rgbd__rosidl_typesupport_introspection_cpp.hpp
[1.404s] -- Up-to-date symlink: /home/chetan-satpute/lane_following/install/orbbec_camera_msgs/include/orbbec_camera_msgs/orbbec_camera_msgs/srv/detail/get_bool__rosidl_typesupport_introspection_cpp.hpp
[1.404s] -- Up-to-date symlink: /home/chetan-satpute/lane_following/install/orbbec_camera_msgs/include/orbbec_camera_msgs/orbbec_camera_msgs/srv/detail/get_camera_info__rosidl_typesupport_introspection_cpp.hpp
[1.404s] -- Up-to-date symlink: /home/chetan-satpute/lane_following/install/orbbec_camera_msgs/include/orbbec_camera_msgs/orbbec_camera_msgs/srv/detail/get_device_info__rosidl_typesupport_introspection_cpp.hpp
[1.404s] -- Up-to-date symlink: /home/chetan-satpute/lane_following/install/orbbec_camera_msgs/include/orbbec_camera_msgs/orbbec_camera_msgs/srv/detail/get_int32__rosidl_typesupport_introspection_cpp.hpp
[1.404s] -- Up-to-date symlink: /home/chetan-satpute/lane_following/install/orbbec_camera_msgs/include/orbbec_camera_msgs/orbbec_camera_msgs/srv/detail/get_string__rosidl_typesupport_introspection_cpp.hpp
[1.404s] -- Up-to-date symlink: /home/chetan-satpute/lane_following/install/orbbec_camera_msgs/include/orbbec_camera_msgs/orbbec_camera_msgs/srv/detail/set_int32__rosidl_typesupport_introspection_cpp.hpp
[1.404s] -- Up-to-date symlink: /home/chetan-satpute/lane_following/install/orbbec_camera_msgs/include/orbbec_camera_msgs/orbbec_camera_msgs/srv/detail/set_string__rosidl_typesupport_introspection_cpp.hpp
[1.404s] -- Up-to-date symlink: /home/chetan-satpute/lane_following/install/orbbec_camera_msgs/share/orbbec_camera_msgs/environment/pythonpath.sh
[1.404s] -- Up-to-date symlink: /home/chetan-satpute/lane_following/install/orbbec_camera_msgs/share/orbbec_camera_msgs/environment/pythonpath.dsv
[1.405s] -- Up-to-date symlink: /home/chetan-satpute/lane_following/install/orbbec_camera_msgs/local/lib/python3.10/dist-packages/orbbec_camera_msgs-1.5.15-py3.10.egg-info/PKG-INFO
[1.405s] -- Up-to-date symlink: /home/chetan-satpute/lane_following/install/orbbec_camera_msgs/local/lib/python3.10/dist-packages/orbbec_camera_msgs-1.5.15-py3.10.egg-info/SOURCES.txt
[1.405s] -- Up-to-date symlink: /home/chetan-satpute/lane_following/install/orbbec_camera_msgs/local/lib/python3.10/dist-packages/orbbec_camera_msgs-1.5.15-py3.10.egg-info/dependency_links.txt
[1.405s] -- Up-to-date symlink: /home/chetan-satpute/lane_following/install/orbbec_camera_msgs/local/lib/python3.10/dist-packages/orbbec_camera_msgs-1.5.15-py3.10.egg-info/top_level.txt
[1.405s] -- Up-to-date symlink: /home/chetan-satpute/lane_following/install/orbbec_camera_msgs/local/lib/python3.10/dist-packages/orbbec_camera_msgs/__init__.py
[1.405s] -- Up-to-date symlink: /home/chetan-satpute/lane_following/install/orbbec_camera_msgs/local/lib/python3.10/dist-packages/orbbec_camera_msgs/_orbbec_camera_msgs_s.ep.rosidl_typesupport_c.c
[1.405s] -- Up-to-date symlink: /home/chetan-satpute/lane_following/install/orbbec_camera_msgs/local/lib/python3.10/dist-packages/orbbec_camera_msgs/_orbbec_camera_msgs_s.ep.rosidl_typesupport_fastrtps_c.c
[1.405s] -- Up-to-date symlink: /home/chetan-satpute/lane_following/install/orbbec_camera_msgs/local/lib/python3.10/dist-packages/orbbec_camera_msgs/_orbbec_camera_msgs_s.ep.rosidl_typesupport_introspection_c.c
[1.405s] -- Up-to-date symlink: /home/chetan-satpute/lane_following/install/orbbec_camera_msgs/local/lib/python3.10/dist-packages/orbbec_camera_msgs/liborbbec_camera_msgs__rosidl_generator_py.so
[1.405s] -- Up-to-date symlink: /home/chetan-satpute/lane_following/install/orbbec_camera_msgs/local/lib/python3.10/dist-packages/orbbec_camera_msgs/msg/__init__.py
[1.405s] -- Up-to-date symlink: /home/chetan-satpute/lane_following/install/orbbec_camera_msgs/local/lib/python3.10/dist-packages/orbbec_camera_msgs/msg/_device_info.py
[1.406s] -- Up-to-date symlink: /home/chetan-satpute/lane_following/install/orbbec_camera_msgs/local/lib/python3.10/dist-packages/orbbec_camera_msgs/msg/_device_info_s.c
[1.406s] -- Up-to-date symlink: /home/chetan-satpute/lane_following/install/orbbec_camera_msgs/local/lib/python3.10/dist-packages/orbbec_camera_msgs/msg/_extrinsics.py
[1.406s] -- Up-to-date symlink: /home/chetan-satpute/lane_following/install/orbbec_camera_msgs/local/lib/python3.10/dist-packages/orbbec_camera_msgs/msg/_extrinsics_s.c
[1.406s] -- Up-to-date symlink: /home/chetan-satpute/lane_following/install/orbbec_camera_msgs/local/lib/python3.10/dist-packages/orbbec_camera_msgs/msg/_imu_info.py
[1.406s] -- Up-to-date symlink: /home/chetan-satpute/lane_following/install/orbbec_camera_msgs/local/lib/python3.10/dist-packages/orbbec_camera_msgs/msg/_imu_info_s.c
[1.406s] -- Up-to-date symlink: /home/chetan-satpute/lane_following/install/orbbec_camera_msgs/local/lib/python3.10/dist-packages/orbbec_camera_msgs/msg/_metadata.py
[1.406s] -- Up-to-date symlink: /home/chetan-satpute/lane_following/install/orbbec_camera_msgs/local/lib/python3.10/dist-packages/orbbec_camera_msgs/msg/_metadata_s.c
[1.406s] -- Up-to-date symlink: /home/chetan-satpute/lane_following/install/orbbec_camera_msgs/local/lib/python3.10/dist-packages/orbbec_camera_msgs/msg/_rgbd.py
[1.406s] -- Up-to-date symlink: /home/chetan-satpute/lane_following/install/orbbec_camera_msgs/local/lib/python3.10/dist-packages/orbbec_camera_msgs/msg/_rgbd_s.c
[1.406s] -- Up-to-date symlink: /home/chetan-satpute/lane_following/install/orbbec_camera_msgs/local/lib/python3.10/dist-packages/orbbec_camera_msgs/orbbec_camera_msgs_s__rosidl_typesupport_c.cpython-310-x86_64-linux-gnu.so
[1.406s] -- Up-to-date symlink: /home/chetan-satpute/lane_following/install/orbbec_camera_msgs/local/lib/python3.10/dist-packages/orbbec_camera_msgs/orbbec_camera_msgs_s__rosidl_typesupport_fastrtps_c.cpython-310-x86_64-linux-gnu.so
[1.406s] -- Up-to-date symlink: /home/chetan-satpute/lane_following/install/orbbec_camera_msgs/local/lib/python3.10/dist-packages/orbbec_camera_msgs/orbbec_camera_msgs_s__rosidl_typesupport_introspection_c.cpython-310-x86_64-linux-gnu.so
[1.406s] -- Up-to-date symlink: /home/chetan-satpute/lane_following/install/orbbec_camera_msgs/local/lib/python3.10/dist-packages/orbbec_camera_msgs/srv/__init__.py
[1.406s] -- Up-to-date symlink: /home/chetan-satpute/lane_following/install/orbbec_camera_msgs/local/lib/python3.10/dist-packages/orbbec_camera_msgs/srv/_get_bool.py
[1.406s] -- Up-to-date symlink: /home/chetan-satpute/lane_following/install/orbbec_camera_msgs/local/lib/python3.10/dist-packages/orbbec_camera_msgs/srv/_get_bool_s.c
[1.406s] -- Up-to-date symlink: /home/chetan-satpute/lane_following/install/orbbec_camera_msgs/local/lib/python3.10/dist-packages/orbbec_camera_msgs/srv/_get_camera_info.py
[1.406s] -- Up-to-date symlink: /home/chetan-satpute/lane_following/install/orbbec_camera_msgs/local/lib/python3.10/dist-packages/orbbec_camera_msgs/srv/_get_camera_info_s.c
[1.406s] -- Up-to-date symlink: /home/chetan-satpute/lane_following/install/orbbec_camera_msgs/local/lib/python3.10/dist-packages/orbbec_camera_msgs/srv/_get_device_info.py
[1.406s] -- Up-to-date symlink: /home/chetan-satpute/lane_following/install/orbbec_camera_msgs/local/lib/python3.10/dist-packages/orbbec_camera_msgs/srv/_get_device_info_s.c
[1.406s] -- Up-to-date symlink: /home/chetan-satpute/lane_following/install/orbbec_camera_msgs/local/lib/python3.10/dist-packages/orbbec_camera_msgs/srv/_get_int32.py
[1.407s] -- Up-to-date symlink: /home/chetan-satpute/lane_following/install/orbbec_camera_msgs/local/lib/python3.10/dist-packages/orbbec_camera_msgs/srv/_get_int32_s.c
[1.407s] -- Up-to-date symlink: /home/chetan-satpute/lane_following/install/orbbec_camera_msgs/local/lib/python3.10/dist-packages/orbbec_camera_msgs/srv/_get_string.py
[1.407s] -- Up-to-date symlink: /home/chetan-satpute/lane_following/install/orbbec_camera_msgs/local/lib/python3.10/dist-packages/orbbec_camera_msgs/srv/_get_string_s.c
[1.407s] -- Up-to-date symlink: /home/chetan-satpute/lane_following/install/orbbec_camera_msgs/local/lib/python3.10/dist-packages/orbbec_camera_msgs/srv/_set_int32.py
[1.407s] -- Up-to-date symlink: /home/chetan-satpute/lane_following/install/orbbec_camera_msgs/local/lib/python3.10/dist-packages/orbbec_camera_msgs/srv/_set_int32_s.c
[1.407s] -- Up-to-date symlink: /home/chetan-satpute/lane_following/install/orbbec_camera_msgs/local/lib/python3.10/dist-packages/orbbec_camera_msgs/srv/_set_string.py
[1.407s] -- Up-to-date symlink: /home/chetan-satpute/lane_following/install/orbbec_camera_msgs/local/lib/python3.10/dist-packages/orbbec_camera_msgs/srv/_set_string_s.c
[1.407s] -- Up-to-date symlink: /home/chetan-satpute/lane_following/install/orbbec_camera_msgs/local/lib/python3.10/dist-packages/orbbec_camera_msgs/orbbec_camera_msgs_s__rosidl_typesupport_fastrtps_c.cpython-310-x86_64-linux-gnu.so
[1.407s] -- Up-to-date symlink: /home/chetan-satpute/lane_following/install/orbbec_camera_msgs/local/lib/python3.10/dist-packages/orbbec_camera_msgs/orbbec_camera_msgs_s__rosidl_typesupport_introspection_c.cpython-310-x86_64-linux-gnu.so
[1.407s] -- Up-to-date symlink: /home/chetan-satpute/lane_following/install/orbbec_camera_msgs/local/lib/python3.10/dist-packages/orbbec_camera_msgs/orbbec_camera_msgs_s__rosidl_typesupport_c.cpython-310-x86_64-linux-gnu.so
[1.407s] -- Up-to-date symlink: /home/chetan-satpute/lane_following/install/orbbec_camera_msgs/share/orbbec_camera_msgs/msg/DeviceInfo.idl
[1.407s] -- Up-to-date symlink: /home/chetan-satpute/lane_following/install/orbbec_camera_msgs/share/orbbec_camera_msgs/msg/Extrinsics.idl
[1.407s] -- Up-to-date symlink: /home/chetan-satpute/lane_following/install/orbbec_camera_msgs/share/orbbec_camera_msgs/msg/Metadata.idl
[1.408s] -- Up-to-date symlink: /home/chetan-satpute/lane_following/install/orbbec_camera_msgs/share/orbbec_camera_msgs/msg/IMUInfo.idl
[1.408s] -- Up-to-date symlink: /home/chetan-satpute/lane_following/install/orbbec_camera_msgs/share/orbbec_camera_msgs/msg/RGBD.idl
[1.408s] -- Up-to-date symlink: /home/chetan-satpute/lane_following/install/orbbec_camera_msgs/share/orbbec_camera_msgs/srv/GetBool.idl
[1.408s] -- Up-to-date symlink: /home/chetan-satpute/lane_following/install/orbbec_camera_msgs/share/orbbec_camera_msgs/srv/GetDeviceInfo.idl
[1.408s] -- Up-to-date symlink: /home/chetan-satpute/lane_following/install/orbbec_camera_msgs/share/orbbec_camera_msgs/srv/GetCameraInfo.idl
[1.408s] -- Up-to-date symlink: /home/chetan-satpute/lane_following/install/orbbec_camera_msgs/share/orbbec_camera_msgs/srv/GetInt32.idl
[1.408s] -- Up-to-date symlink: /home/chetan-satpute/lane_following/install/orbbec_camera_msgs/share/orbbec_camera_msgs/srv/GetString.idl
[1.408s] -- Up-to-date symlink: /home/chetan-satpute/lane_following/install/orbbec_camera_msgs/share/orbbec_camera_msgs/srv/SetInt32.idl
[1.408s] -- Up-to-date symlink: /home/chetan-satpute/lane_following/install/orbbec_camera_msgs/share/orbbec_camera_msgs/srv/SetString.idl
[1.408s] -- Up-to-date symlink: /home/chetan-satpute/lane_following/install/orbbec_camera_msgs/share/orbbec_camera_msgs/msg/DeviceInfo.msg
[1.408s] -- Up-to-date symlink: /home/chetan-satpute/lane_following/install/orbbec_camera_msgs/share/orbbec_camera_msgs/msg/Extrinsics.msg
[1.408s] -- Up-to-date symlink: /home/chetan-satpute/lane_following/install/orbbec_camera_msgs/share/orbbec_camera_msgs/msg/Metadata.msg
[1.408s] -- Up-to-date symlink: /home/chetan-satpute/lane_following/install/orbbec_camera_msgs/share/orbbec_camera_msgs/msg/IMUInfo.msg
[1.408s] -- Up-to-date symlink: /home/chetan-satpute/lane_following/install/orbbec_camera_msgs/share/orbbec_camera_msgs/msg/RGBD.msg
[1.408s] -- Up-to-date symlink: /home/chetan-satpute/lane_following/install/orbbec_camera_msgs/share/orbbec_camera_msgs/srv/GetBool.srv
[1.409s] -- Up-to-date symlink: /home/chetan-satpute/lane_following/install/orbbec_camera_msgs/share/orbbec_camera_msgs/srv/GetBool_Request.msg
[1.409s] -- Up-to-date symlink: /home/chetan-satpute/lane_following/install/orbbec_camera_msgs/share/orbbec_camera_msgs/srv/GetBool_Response.msg
[1.409s] -- Up-to-date symlink: /home/chetan-satpute/lane_following/install/orbbec_camera_msgs/share/orbbec_camera_msgs/srv/GetDeviceInfo.srv
[1.409s] -- Up-to-date symlink: /home/chetan-satpute/lane_following/install/orbbec_camera_msgs/share/orbbec_camera_msgs/srv/GetDeviceInfo_Request.msg
[1.409s] -- Up-to-date symlink: /home/chetan-satpute/lane_following/install/orbbec_camera_msgs/share/orbbec_camera_msgs/srv/GetDeviceInfo_Response.msg
[1.409s] -- Up-to-date symlink: /home/chetan-satpute/lane_following/install/orbbec_camera_msgs/share/orbbec_camera_msgs/srv/GetCameraInfo.srv
[1.409s] -- Up-to-date symlink: /home/chetan-satpute/lane_following/install/orbbec_camera_msgs/share/orbbec_camera_msgs/srv/GetCameraInfo_Request.msg
[1.409s] -- Up-to-date symlink: /home/chetan-satpute/lane_following/install/orbbec_camera_msgs/share/orbbec_camera_msgs/srv/GetCameraInfo_Response.msg
[1.409s] -- Up-to-date symlink: /home/chetan-satpute/lane_following/install/orbbec_camera_msgs/share/orbbec_camera_msgs/srv/GetInt32.srv
[1.409s] -- Up-to-date symlink: /home/chetan-satpute/lane_following/install/orbbec_camera_msgs/share/orbbec_camera_msgs/srv/GetInt32_Request.msg
[1.409s] -- Up-to-date symlink: /home/chetan-satpute/lane_following/install/orbbec_camera_msgs/share/orbbec_camera_msgs/srv/GetInt32_Response.msg
[1.409s] -- Up-to-date symlink: /home/chetan-satpute/lane_following/install/orbbec_camera_msgs/share/orbbec_camera_msgs/srv/GetString.srv
[1.409s] -- Up-to-date symlink: /home/chetan-satpute/lane_following/install/orbbec_camera_msgs/share/orbbec_camera_msgs/srv/GetString_Request.msg
[1.409s] -- Up-to-date symlink: /home/chetan-satpute/lane_following/install/orbbec_camera_msgs/share/orbbec_camera_msgs/srv/GetString_Response.msg
[1.409s] -- Up-to-date symlink: /home/chetan-satpute/lane_following/install/orbbec_camera_msgs/share/orbbec_camera_msgs/srv/SetInt32.srv
[1.410s] -- Up-to-date symlink: /home/chetan-satpute/lane_following/install/orbbec_camera_msgs/share/orbbec_camera_msgs/srv/SetInt32_Request.msg
[1.410s] -- Up-to-date symlink: /home/chetan-satpute/lane_following/install/orbbec_camera_msgs/share/orbbec_camera_msgs/srv/SetInt32_Response.msg
[1.410s] -- Up-to-date symlink: /home/chetan-satpute/lane_following/install/orbbec_camera_msgs/share/orbbec_camera_msgs/srv/SetString.srv
[1.410s] -- Up-to-date symlink: /home/chetan-satpute/lane_following/install/orbbec_camera_msgs/share/orbbec_camera_msgs/srv/SetString_Request.msg
[1.410s] -- Up-to-date symlink: /home/chetan-satpute/lane_following/install/orbbec_camera_msgs/share/orbbec_camera_msgs/srv/SetString_Response.msg
[1.410s] -- Up-to-date symlink: /home/chetan-satpute/lane_following/install/orbbec_camera_msgs/share/ament_index/resource_index/package_run_dependencies/orbbec_camera_msgs
[1.410s] -- Up-to-date symlink: /home/chetan-satpute/lane_following/install/orbbec_camera_msgs/share/ament_index/resource_index/parent_prefix_path/orbbec_camera_msgs
[1.410s] -- Up-to-date symlink: /home/chetan-satpute/lane_following/install/orbbec_camera_msgs/share/orbbec_camera_msgs/environment/ament_prefix_path.sh
[1.410s] -- Up-to-date symlink: /home/chetan-satpute/lane_following/install/orbbec_camera_msgs/share/orbbec_camera_msgs/environment/ament_prefix_path.dsv
[1.410s] -- Up-to-date symlink: /home/chetan-satpute/lane_following/install/orbbec_camera_msgs/share/orbbec_camera_msgs/environment/path.sh
[1.410s] -- Up-to-date symlink: /home/chetan-satpute/lane_following/install/orbbec_camera_msgs/share/orbbec_camera_msgs/environment/path.dsv
[1.410s] -- Up-to-date symlink: /home/chetan-satpute/lane_following/install/orbbec_camera_msgs/share/orbbec_camera_msgs/local_setup.bash
[1.410s] -- Up-to-date symlink: /home/chetan-satpute/lane_following/install/orbbec_camera_msgs/share/orbbec_camera_msgs/local_setup.sh
[1.410s] -- Up-to-date symlink: /home/chetan-satpute/lane_following/install/orbbec_camera_msgs/share/orbbec_camera_msgs/local_setup.zsh
[1.410s] -- Up-to-date symlink: /home/chetan-satpute/lane_following/install/orbbec_camera_msgs/share/orbbec_camera_msgs/local_setup.dsv
[1.411s] -- Symlinking: /home/chetan-satpute/lane_following/install/orbbec_camera_msgs/share/orbbec_camera_msgs/package.dsv
[1.417s] -- Up-to-date symlink: /home/chetan-satpute/lane_following/install/orbbec_camera_msgs/share/ament_index/resource_index/packages/orbbec_camera_msgs
[1.417s] -- Up-to-date symlink: /home/chetan-satpute/lane_following/install/orbbec_camera_msgs/share/orbbec_camera_msgs/cmake/rosidl_cmake-extras.cmake
[1.417s] -- Up-to-date symlink: /home/chetan-satpute/lane_following/install/orbbec_camera_msgs/share/orbbec_camera_msgs/cmake/ament_cmake_export_dependencies-extras.cmake
[1.417s] -- Up-to-date symlink: /home/chetan-satpute/lane_following/install/orbbec_camera_msgs/share/orbbec_camera_msgs/cmake/ament_cmake_export_include_directories-extras.cmake
[1.417s] -- Up-to-date symlink: /home/chetan-satpute/lane_following/install/orbbec_camera_msgs/share/orbbec_camera_msgs/cmake/ament_cmake_export_libraries-extras.cmake
[1.418s] -- Up-to-date symlink: /home/chetan-satpute/lane_following/install/orbbec_camera_msgs/share/orbbec_camera_msgs/cmake/ament_cmake_export_targets-extras.cmake
[1.418s] -- Up-to-date symlink: /home/chetan-satpute/lane_following/install/orbbec_camera_msgs/share/orbbec_camera_msgs/cmake/rosidl_cmake_export_typesupport_targets-extras.cmake
[1.418s] -- Up-to-date symlink: /home/chetan-satpute/lane_following/install/orbbec_camera_msgs/share/orbbec_camera_msgs/cmake/rosidl_cmake_export_typesupport_libraries-extras.cmake
[1.418s] -- Up-to-date symlink: /home/chetan-satpute/lane_following/install/orbbec_camera_msgs/share/orbbec_camera_msgs/cmake/orbbec_camera_msgsConfig.cmake
[1.418s] -- Up-to-date symlink: /home/chetan-satpute/lane_following/install/orbbec_camera_msgs/share/orbbec_camera_msgs/cmake/orbbec_camera_msgsConfig-version.cmake
[1.418s] -- Up-to-date symlink: /home/chetan-satpute/lane_following/install/orbbec_camera_msgs/share/orbbec_camera_msgs/package.xml
[1.418s] -- Up-to-date: /home/chetan-satpute/lane_following/install/orbbec_camera_msgs/lib/liborbbec_camera_msgs__rosidl_generator_c.so
[1.418s] -- Up-to-date: /home/chetan-satpute/lane_following/install/orbbec_camera_msgs/lib/liborbbec_camera_msgs__rosidl_typesupport_fastrtps_c.so
[1.418s] -- Up-to-date: /home/chetan-satpute/lane_following/install/orbbec_camera_msgs/lib/liborbbec_camera_msgs__rosidl_typesupport_introspection_c.so
[1.418s] -- Up-to-date: /home/chetan-satpute/lane_following/install/orbbec_camera_msgs/lib/liborbbec_camera_msgs__rosidl_typesupport_c.so
[1.418s] -- Up-to-date: /home/chetan-satpute/lane_following/install/orbbec_camera_msgs/lib/liborbbec_camera_msgs__rosidl_typesupport_fastrtps_cpp.so
[1.419s] -- Up-to-date: /home/chetan-satpute/lane_following/install/orbbec_camera_msgs/lib/liborbbec_camera_msgs__rosidl_typesupport_introspection_cpp.so
[1.419s] -- Up-to-date: /home/chetan-satpute/lane_following/install/orbbec_camera_msgs/lib/liborbbec_camera_msgs__rosidl_typesupport_cpp.so
[1.448s] Listing '/home/chetan-satpute/lane_following/install/orbbec_camera_msgs/local/lib/python3.10/dist-packages/orbbec_camera_msgs'...
[1.448s] Compiling '/home/chetan-satpute/lane_following/install/orbbec_camera_msgs/local/lib/python3.10/dist-packages/orbbec_camera_msgs/__init__.py'...
[1.448s] Listing '/home/chetan-satpute/lane_following/install/orbbec_camera_msgs/local/lib/python3.10/dist-packages/orbbec_camera_msgs/msg'...
[1.448s] Listing '/home/chetan-satpute/lane_following/install/orbbec_camera_msgs/local/lib/python3.10/dist-packages/orbbec_camera_msgs/srv'...
[1.451s] -- Up-to-date: /home/chetan-satpute/lane_following/install/orbbec_camera_msgs/lib/liborbbec_camera_msgs__rosidl_generator_py.so
[1.451s] -- Up-to-date: /home/chetan-satpute/lane_following/install/orbbec_camera_msgs/share/orbbec_camera_msgs/cmake/export_orbbec_camera_msgs__rosidl_generator_cExport.cmake
[1.451s] -- Up-to-date: /home/chetan-satpute/lane_following/install/orbbec_camera_msgs/share/orbbec_camera_msgs/cmake/export_orbbec_camera_msgs__rosidl_generator_cExport-noconfig.cmake
[1.451s] -- Up-to-date: /home/chetan-satpute/lane_following/install/orbbec_camera_msgs/share/orbbec_camera_msgs/cmake/export_orbbec_camera_msgs__rosidl_typesupport_fastrtps_cExport.cmake
[1.452s] -- Up-to-date: /home/chetan-satpute/lane_following/install/orbbec_camera_msgs/share/orbbec_camera_msgs/cmake/export_orbbec_camera_msgs__rosidl_typesupport_fastrtps_cExport-noconfig.cmake
[1.452s] -- Up-to-date: /home/chetan-satpute/lane_following/install/orbbec_camera_msgs/share/orbbec_camera_msgs/cmake/orbbec_camera_msgs__rosidl_typesupport_introspection_cExport.cmake
[1.452s] -- Up-to-date: /home/chetan-satpute/lane_following/install/orbbec_camera_msgs/share/orbbec_camera_msgs/cmake/orbbec_camera_msgs__rosidl_typesupport_introspection_cExport-noconfig.cmake
[1.452s] -- Up-to-date: /home/chetan-satpute/lane_following/install/orbbec_camera_msgs/share/orbbec_camera_msgs/cmake/orbbec_camera_msgs__rosidl_typesupport_cExport.cmake
[1.452s] -- Up-to-date: /home/chetan-satpute/lane_following/install/orbbec_camera_msgs/share/orbbec_camera_msgs/cmake/orbbec_camera_msgs__rosidl_typesupport_cExport-noconfig.cmake
[1.452s] -- Up-to-date: /home/chetan-satpute/lane_following/install/orbbec_camera_msgs/share/orbbec_camera_msgs/cmake/export_orbbec_camera_msgs__rosidl_generator_cppExport.cmake
[1.452s] -- Up-to-date: /home/chetan-satpute/lane_following/install/orbbec_camera_msgs/share/orbbec_camera_msgs/cmake/export_orbbec_camera_msgs__rosidl_typesupport_fastrtps_cppExport.cmake
[1.452s] -- Up-to-date: /home/chetan-satpute/lane_following/install/orbbec_camera_msgs/share/orbbec_camera_msgs/cmake/export_orbbec_camera_msgs__rosidl_typesupport_fastrtps_cppExport-noconfig.cmake
[1.452s] -- Up-to-date: /home/chetan-satpute/lane_following/install/orbbec_camera_msgs/share/orbbec_camera_msgs/cmake/orbbec_camera_msgs__rosidl_typesupport_introspection_cppExport.cmake
[1.452s] -- Up-to-date: /home/chetan-satpute/lane_following/install/orbbec_camera_msgs/share/orbbec_camera_msgs/cmake/orbbec_camera_msgs__rosidl_typesupport_introspection_cppExport-noconfig.cmake
[1.452s] -- Up-to-date: /home/chetan-satpute/lane_following/install/orbbec_camera_msgs/share/orbbec_camera_msgs/cmake/orbbec_camera_msgs__rosidl_typesupport_cppExport.cmake
[1.452s] -- Up-to-date: /home/chetan-satpute/lane_following/install/orbbec_camera_msgs/share/orbbec_camera_msgs/cmake/orbbec_camera_msgs__rosidl_typesupport_cppExport-noconfig.cmake
[1.452s] -- Up-to-date: /home/chetan-satpute/lane_following/install/orbbec_camera_msgs/share/orbbec_camera_msgs/cmake/export_orbbec_camera_msgs__rosidl_generator_pyExport.cmake
[1.452s] -- Up-to-date: /home/chetan-satpute/lane_following/install/orbbec_camera_msgs/share/orbbec_camera_msgs/cmake/export_orbbec_camera_msgs__rosidl_generator_pyExport-noconfig.cmake
[1.454s] Invoked command in '/home/chetan-satpute/lane_following/build/orbbec_camera_msgs' returned '0': CMAKE_PREFIX_PATH=${CMAKE_PREFIX_PATH}:/home/chetan-satpute/lane_following/install/custom_follow:/opt/ros/humble PS1=(.venv) \[\e]0;\u@\h: \w\a\]${debian_chroot:+($debian_chroot)}\[\033[01;32m\]\u@\h\[\033[00m\]:\[\033[01;34m\]\w\[\033[00m\]\$ VIRTUAL_ENV_PROMPT=(.venv) /usr/bin/cmake --install /home/chetan-satpute/lane_following/build/orbbec_camera_msgs
