running egg_info
writing ../../build/custom_follow/custom_follow.egg-info/PKG-INFO
writing dependency_links to ../../build/custom_follow/custom_follow.egg-info/dependency_links.txt
writing entry points to ../../build/custom_follow/custom_follow.egg-info/entry_points.txt
writing requirements to ../../build/custom_follow/custom_follow.egg-info/requires.txt
writing top-level names to ../../build/custom_follow/custom_follow.egg-info/top_level.txt
reading manifest file '../../build/custom_follow/custom_follow.egg-info/SOURCES.txt'
writing manifest file '../../build/custom_follow/custom_follow.egg-info/SOURCES.txt'
running build
running build_py
copying custom_follow/infer_node.py -> /home/chetan-satpute/lane_following/build/custom_follow/build/lib/custom_follow
copying custom_follow/model_arch.py -> /home/chetan-satpute/lane_following/build/custom_follow/build/lib/custom_follow
running install
running install_lib
copying /home/chetan-satpute/lane_following/build/custom_follow/build/lib/custom_follow/infer_node.py -> /home/chetan-satpute/lane_following/install/custom_follow/lib/python3.10/site-packages/custom_follow
copying /home/chetan-satpute/lane_following/build/custom_follow/build/lib/custom_follow/model_arch.py -> /home/chetan-satpute/lane_following/install/custom_follow/lib/python3.10/site-packages/custom_follow
byte-compiling /home/chetan-satpute/lane_following/install/custom_follow/lib/python3.10/site-packages/custom_follow/infer_node.py to infer_node.cpython-310.pyc
byte-compiling /home/chetan-satpute/lane_following/install/custom_follow/lib/python3.10/site-packages/custom_follow/model_arch.py to model_arch.cpython-310.pyc
running install_data
running install_egg_info
removing '/home/chetan-satpute/lane_following/install/custom_follow/lib/python3.10/site-packages/custom_follow-0.1.0-py3.10.egg-info' (and everything under it)
Copying ../../build/custom_follow/custom_follow.egg-info to /home/chetan-satpute/lane_following/install/custom_follow/lib/python3.10/site-packages/custom_follow-0.1.0-py3.10.egg-info
running install_scripts
Installing esp32_bridge script to /home/chetan-satpute/lane_following/install/custom_follow/lib/custom_follow
Installing infer_node script to /home/chetan-satpute/lane_following/install/custom_follow/lib/custom_follow
writing list of installed files to '/home/chetan-satpute/lane_following/build/custom_follow/install.log'
