-- Found ament_cmake: 1.3.12 (/opt/ros/humble/share/ament_cmake/cmake)
-- Found ament_index_cpp: 1.4.0 (/opt/ros/humble/share/ament_index_cpp/cmake)
-- Found builtin_interfaces: 1.2.2 (/opt/ros/humble/share/builtin_interfaces/cmake)
-- Found rosidl_generator_c: 3.1.8 (/opt/ros/humble/share/rosidl_generator_c/cmake)
-- Found rosidl_adapter: 3.1.8 (/opt/ros/humble/share/rosidl_adapter/cmake)
-- Found rosidl_generator_cpp: 3.1.8 (/opt/ros/humble/share/rosidl_generator_cpp/cmake)
-- Using all available rosidl_typesupport_c: rosidl_typesupport_fastrtps_c;rosidl_typesupport_introspection_c
-- Using all available rosidl_typesupport_cpp: rosidl_typesupport_fastrtps_cpp;rosidl_typesupport_introspection_cpp
-- Found cv_bridge: 3.2.1 (/opt/ros/humble/share/cv_bridge/cmake)
-- Found camera_info_manager: 3.1.12 (/opt/ros/humble/share/camera_info_manager/cmake)
-- Found rmw_implementation_cmake: 6.1.2 (/opt/ros/humble/share/rmw_implementation_cmake/cmake)
-- Found rmw_fastrtps_cpp: 6.2.9 (/opt/ros/humble/share/rmw_fastrtps_cpp/cmake)
-- Using RMW implementation 'rmw_fastrtps_cpp' as default
-- Found image_transport: 3.1.12 (/opt/ros/humble/share/image_transport/cmake)
-- Found image_publisher: 3.0.9 (/opt/ros/humble/share/image_publisher/cmake)
-- Found orbbec_camera_msgs: 1.5.15 (/home/chetan-satpute/depth_cam/install/orbbec_camera_msgs/share/orbbec_camera_msgs/cmake)
-- Found std_srvs: 4.9.0 (/opt/ros/humble/share/std_srvs/cmake)
-- Found tf2: 0.25.18 (/opt/ros/humble/share/tf2/cmake)
-- Found tf2_eigen: 0.25.18 (/opt/ros/humble/share/tf2_eigen/cmake)
-- Found tf2_sensor_msgs: 0.25.18 (/opt/ros/humble/share/tf2_sensor_msgs/cmake)
-- Found diagnostic_updater: 4.0.6 (/opt/ros/humble/share/diagnostic_updater/cmake)
-- ORRBEC Machine : x86_64

-- ORRBEC Machine Bits : 64

-- Found ament_lint_auto: 0.12.14 (/opt/ros/humble/share/ament_lint_auto/cmake)
-- Configuring done
-- Generating done
-- Build files have been written to: /home/chetan-satpute/depth_cam/build/orbbec_camera
[35m[1mConsolidate compiler generated dependencies of target frame_latency_node[0m
[35m[1mConsolidate compiler generated dependencies of target orbbec_camera_node[0m
[35m[1mConsolidate compiler generated dependencies of target frame_latency[0m
[35m[1mConsolidate compiler generated dependencies of target orbbec_camera[0m
[  8%] Built target orbbec_camera_node
[ 16%] Built target frame_latency_node
[ 20%] [32mBuilding CXX object CMakeFiles/frame_latency.dir/tools/frame_latency.cpp.o[0m
[ 24%] [32mBuilding CXX object CMakeFiles/orbbec_camera.dir/src/d2c_viewer.cpp.o[0m
[ 28%] [32mBuilding CXX object CMakeFiles/orbbec_camera.dir/src/ob_camera_node_driver.cpp.o[0m
[ 32%] [32mBuilding CXX object CMakeFiles/orbbec_camera.dir/src/ob_camera_node.cpp.o[0m
[ 36%] [32mBuilding CXX object CMakeFiles/orbbec_camera.dir/src/dynamic_params.cpp.o[0m
[ 40%] [32mBuilding CXX object CMakeFiles/orbbec_camera.dir/src/image_publisher.cpp.o[0m
[ 44%] [32mBuilding CXX object CMakeFiles/orbbec_camera.dir/src/ros_service.cpp.o[0m
[ 48%] [32mBuilding CXX object CMakeFiles/orbbec_camera.dir/src/synced_imu_publisher.cpp.o[0m
[ 52%] [32mBuilding CXX object CMakeFiles/orbbec_camera.dir/src/ros_param_backend.cpp.o[0m
[ 56%] [32mBuilding CXX object CMakeFiles/orbbec_camera.dir/src/utils.cpp.o[0m
[ 60%] [32mBuilding CXX object CMakeFiles/orbbec_camera.dir/src/jpeg_decoder.cpp.o[0m
[ 64%] [32m[1mLinking CXX shared library liborbbec_camera.so[0m
[ 64%] Built target orbbec_camera
[35m[1mConsolidate compiler generated dependencies of target topic_statistics_node[0m
[35m[1mConsolidate compiler generated dependencies of target list_devices_node[0m
[35m[1mConsolidate compiler generated dependencies of target list_depth_work_mode_node[0m
[35m[1mConsolidate compiler generated dependencies of target list_camera_profile_mode_node[0m
[ 68%] [32mBuilding CXX object CMakeFiles/topic_statistics_node.dir/tools/topic_statistics.cpp.o[0m
[ 72%] [32mBuilding CXX object CMakeFiles/list_devices_node.dir/tools/list_devices_node.cpp.o[0m
[ 80%] [32mBuilding CXX object CMakeFiles/list_depth_work_mode_node.dir/tools/list_depth_work_mode.cpp.o[0m
[ 80%] [32mBuilding CXX object CMakeFiles/list_camera_profile_mode_node.dir/tools/list_camera_profile.cpp.o[0m
[ 84%] [32m[1mLinking CXX shared library libframe_latency.so[0m
[ 84%] Built target frame_latency
[ 88%] [32m[1mLinking CXX executable list_depth_work_mode_node[0m
[ 88%] Built target list_depth_work_mode_node
[ 92%] [32m[1mLinking CXX executable list_devices_node[0m
[ 96%] [32m[1mLinking CXX executable list_camera_profile_mode_node[0m
[ 96%] Built target list_devices_node
[ 96%] Built target list_camera_profile_mode_node
[100%] [32m[1mLinking CXX executable topic_statistics_node[0m
[100%] Built target topic_statistics_node
-- Install configuration: "Release"
-- Up-to-date: /home/chetan-satpute/depth_cam/install/orbbec_camera/lib/orbbec_camera/orbbec_camera_node
-- Up-to-date: /home/chetan-satpute/depth_cam/install/orbbec_camera/lib/orbbec_camera/frame_latency_node
-- Installing: /home/chetan-satpute/depth_cam/install/orbbec_camera/lib/liborbbec_camera.so
-- Set runtime path of "/home/chetan-satpute/depth_cam/install/orbbec_camera/lib/liborbbec_camera.so" to ":/home/chetan-satpute/depth_cam/src/OrbbecSDK_ROS2/orbbec_camera/SDK/lib/x64"
-- Installing: /home/chetan-satpute/depth_cam/install/orbbec_camera/lib/libframe_latency.so
-- Set runtime path of "/home/chetan-satpute/depth_cam/install/orbbec_camera/lib/libframe_latency.so" to ":/home/chetan-satpute/depth_cam/src/OrbbecSDK_ROS2/orbbec_camera/SDK/lib/x64"
-- Up-to-date: /home/chetan-satpute/depth_cam/install/orbbec_camera/include
-- Up-to-date: /home/chetan-satpute/depth_cam/install/orbbec_camera/include/magic_enum
-- Up-to-date: /home/chetan-satpute/depth_cam/install/orbbec_camera/include/magic_enum/magic_enum.hpp
-- Up-to-date: /home/chetan-satpute/depth_cam/install/orbbec_camera/include/orbbec_camera
-- Up-to-date: /home/chetan-satpute/depth_cam/install/orbbec_camera/include/orbbec_camera/dynamic_params.h
-- Installing: /home/chetan-satpute/depth_cam/install/orbbec_camera/include/orbbec_camera/utils.h
-- Up-to-date: /home/chetan-satpute/depth_cam/install/orbbec_camera/include/orbbec_camera/ros_param_backend.h
-- Up-to-date: /home/chetan-satpute/depth_cam/install/orbbec_camera/include/orbbec_camera/jetson_nv_decoder.h
-- Up-to-date: /home/chetan-satpute/depth_cam/install/orbbec_camera/include/orbbec_camera/jpeg_decoder.h
-- Up-to-date: /home/chetan-satpute/depth_cam/install/orbbec_camera/include/orbbec_camera/synced_imu_publisher.h
-- Installing: /home/chetan-satpute/depth_cam/install/orbbec_camera/include/orbbec_camera/constants.h
-- Up-to-date: /home/chetan-satpute/depth_cam/install/orbbec_camera/include/orbbec_camera/rk_mpp_decoder.h
-- Installing: /home/chetan-satpute/depth_cam/install/orbbec_camera/include/orbbec_camera/ob_camera_node_driver.h
-- Installing: /home/chetan-satpute/depth_cam/install/orbbec_camera/include/orbbec_camera/d2c_viewer.h
-- Installing: /home/chetan-satpute/depth_cam/install/orbbec_camera/include/orbbec_camera/ob_camera_node.h
-- Up-to-date: /home/chetan-satpute/depth_cam/install/orbbec_camera/include/orbbec_camera/image_publisher.h
-- Up-to-date: /home/chetan-satpute/depth_cam/install/orbbec_camera/share/orbbec_camera//launch
-- Installing: /home/chetan-satpute/depth_cam/install/orbbec_camera/share/orbbec_camera//launch/gemini_ew.launch.py
-- Installing: /home/chetan-satpute/depth_cam/install/orbbec_camera/share/orbbec_camera//launch/gemini_ew_lite.launch.py
-- Installing: /home/chetan-satpute/depth_cam/install/orbbec_camera/share/orbbec_camera//launch/dabai_dw.launch.py
-- Installing: /home/chetan-satpute/depth_cam/install/orbbec_camera/share/orbbec_camera//launch/gemini_intra_process_demo_launch.py
-- Installing: /home/chetan-satpute/depth_cam/install/orbbec_camera/share/orbbec_camera//launch/multi_net_camera.launch.py
-- Installing: /home/chetan-satpute/depth_cam/install/orbbec_camera/share/orbbec_camera//launch/dabai_dcw.launch.py
-- Installing: /home/chetan-satpute/depth_cam/install/orbbec_camera/share/orbbec_camera//launch/dabai_max_pro.launch.py
-- Installing: /home/chetan-satpute/depth_cam/install/orbbec_camera/share/orbbec_camera//launch/astra_embedded_s.launch.py
-- Installing: /home/chetan-satpute/depth_cam/install/orbbec_camera/share/orbbec_camera//launch/gemini_uw.launch.py
-- Installing: /home/chetan-satpute/depth_cam/install/orbbec_camera/share/orbbec_camera//launch/astra_pro_plus.launch.py
-- Installing: /home/chetan-satpute/depth_cam/install/orbbec_camera/share/orbbec_camera//launch/astra_pro2.launch.py
-- Installing: /home/chetan-satpute/depth_cam/install/orbbec_camera/share/orbbec_camera//launch/deeya.launch.py
-- Installing: /home/chetan-satpute/depth_cam/install/orbbec_camera/share/orbbec_camera//launch/gemini_330_series.launch.py
-- Installing: /home/chetan-satpute/depth_cam/install/orbbec_camera/share/orbbec_camera//launch/gemini_e_lite.launch.py
-- Installing: /home/chetan-satpute/depth_cam/install/orbbec_camera/share/orbbec_camera//launch/multi_camera.launch.py
-- Installing: /home/chetan-satpute/depth_cam/install/orbbec_camera/share/orbbec_camera//launch/astra_adv.launch.py
-- Installing: /home/chetan-satpute/depth_cam/install/orbbec_camera/share/orbbec_camera//launch/femto_net_camera.launch.py
-- Installing: /home/chetan-satpute/depth_cam/install/orbbec_camera/share/orbbec_camera//launch/astra.launch.py
-- Installing: /home/chetan-satpute/depth_cam/install/orbbec_camera/share/orbbec_camera//launch/astra2.launch.py
-- Installing: /home/chetan-satpute/depth_cam/install/orbbec_camera/share/orbbec_camera//launch/gemini2VL.launch.py
-- Installing: /home/chetan-satpute/depth_cam/install/orbbec_camera/share/orbbec_camera//launch/gemini_e.launch.py
-- Installing: /home/chetan-satpute/depth_cam/install/orbbec_camera/share/orbbec_camera//launch/dabai.launch.py
-- Installing: /home/chetan-satpute/depth_cam/install/orbbec_camera/share/orbbec_camera//launch/femto_bolt.launch.py
-- Installing: /home/chetan-satpute/depth_cam/install/orbbec_camera/share/orbbec_camera//launch/ob_camera.launch.py
-- Installing: /home/chetan-satpute/depth_cam/install/orbbec_camera/share/orbbec_camera//launch/dabai_dcw2.launch.py
-- Installing: /home/chetan-satpute/depth_cam/install/orbbec_camera/share/orbbec_camera//launch/gemini2XL.launch.py
-- Installing: /home/chetan-satpute/depth_cam/install/orbbec_camera/share/orbbec_camera//launch/gemini2.launch.py
-- Installing: /home/chetan-satpute/depth_cam/install/orbbec_camera/share/orbbec_camera//launch/dabai_pro.launch.py
-- Installing: /home/chetan-satpute/depth_cam/install/orbbec_camera/share/orbbec_camera//launch/dabai_d1.launch.py
-- Installing: /home/chetan-satpute/depth_cam/install/orbbec_camera/share/orbbec_camera//launch/dabai_dcl.py
-- Installing: /home/chetan-satpute/depth_cam/install/orbbec_camera/share/orbbec_camera//launch/femto.launch.py
-- Installing: /home/chetan-satpute/depth_cam/install/orbbec_camera/share/orbbec_camera//launch/gemini2L.launch.py
-- Installing: /home/chetan-satpute/depth_cam/install/orbbec_camera/share/orbbec_camera//launch/multi_camera_synced.launch.py
-- Installing: /home/chetan-satpute/depth_cam/install/orbbec_camera/share/orbbec_camera//launch/dabai_dw2.launch.py
-- Installing: /home/chetan-satpute/depth_cam/install/orbbec_camera/share/orbbec_camera//launch/dabai_max.launch.py
-- Installing: /home/chetan-satpute/depth_cam/install/orbbec_camera/share/orbbec_camera//launch/astra_stereo_u3.launch.py
-- Installing: /home/chetan-satpute/depth_cam/install/orbbec_camera/share/orbbec_camera//launch/femto_mega.launch.py
-- Up-to-date: /home/chetan-satpute/depth_cam/install/orbbec_camera/share/orbbec_camera//config
-- Installing: /home/chetan-satpute/depth_cam/install/orbbec_camera/share/orbbec_camera//config/camera_params.yaml
-- Installing: /home/chetan-satpute/depth_cam/install/orbbec_camera/share/orbbec_camera//config/OrbbecSDKConfig_v1.0.xml
-- Up-to-date: /home/chetan-satpute/depth_cam/install/orbbec_camera/share/orbbec_camera//config/.gitkeep
-- Up-to-date: /home/chetan-satpute/depth_cam/install/orbbec_camera/share/orbbec_camera//config/depthfilter
-- Installing: /home/chetan-satpute/depth_cam/install/orbbec_camera/share/orbbec_camera//config/depthfilter/Openni_device.json
-- Installing: /home/chetan-satpute/depth_cam/install/orbbec_camera/share/orbbec_camera//config/depthfilter/Gemini2_v1.8.json
-- Up-to-date: /home/chetan-satpute/depth_cam/install/orbbec_camera/include
-- Up-to-date: /home/chetan-satpute/depth_cam/install/orbbec_camera/include/libobsensor
-- Installing: /home/chetan-satpute/depth_cam/install/orbbec_camera/include/libobsensor/ObSensor.hpp
-- Up-to-date: /home/chetan-satpute/depth_cam/install/orbbec_camera/include/libobsensor/h
-- Installing: /home/chetan-satpute/depth_cam/install/orbbec_camera/include/libobsensor/h/ObTypes.h
-- Installing: /home/chetan-satpute/depth_cam/install/orbbec_camera/include/libobsensor/h/Pipeline.h
-- Installing: /home/chetan-satpute/depth_cam/install/orbbec_camera/include/libobsensor/h/MultipleDevices.h
-- Installing: /home/chetan-satpute/depth_cam/install/orbbec_camera/include/libobsensor/h/Frame.h
-- Installing: /home/chetan-satpute/depth_cam/install/orbbec_camera/include/libobsensor/h/Property.h
-- Installing: /home/chetan-satpute/depth_cam/install/orbbec_camera/include/libobsensor/h/Utils.h
-- Installing: /home/chetan-satpute/depth_cam/install/orbbec_camera/include/libobsensor/h/RecordPlayback.h
-- Installing: /home/chetan-satpute/depth_cam/install/orbbec_camera/include/libobsensor/h/Filter.h
-- Installing: /home/chetan-satpute/depth_cam/install/orbbec_camera/include/libobsensor/h/Device.h
-- Installing: /home/chetan-satpute/depth_cam/install/orbbec_camera/include/libobsensor/h/StreamProfile.h
-- Installing: /home/chetan-satpute/depth_cam/install/orbbec_camera/include/libobsensor/h/Error.h
-- Installing: /home/chetan-satpute/depth_cam/install/orbbec_camera/include/libobsensor/h/Version.h
-- Installing: /home/chetan-satpute/depth_cam/install/orbbec_camera/include/libobsensor/h/Sensor.h
-- Installing: /home/chetan-satpute/depth_cam/install/orbbec_camera/include/libobsensor/h/Context.h
-- Installing: /home/chetan-satpute/depth_cam/install/orbbec_camera/include/libobsensor/ObSensor.h
-- Up-to-date: /home/chetan-satpute/depth_cam/install/orbbec_camera/include/libobsensor/hpp
-- Installing: /home/chetan-satpute/depth_cam/install/orbbec_camera/include/libobsensor/hpp/Version.hpp
-- Installing: /home/chetan-satpute/depth_cam/install/orbbec_camera/include/libobsensor/hpp/Utils.hpp
-- Installing: /home/chetan-satpute/depth_cam/install/orbbec_camera/include/libobsensor/hpp/Types.hpp
-- Installing: /home/chetan-satpute/depth_cam/install/orbbec_camera/include/libobsensor/hpp/Error.hpp
-- Installing: /home/chetan-satpute/depth_cam/install/orbbec_camera/include/libobsensor/hpp/Filter.hpp
-- Installing: /home/chetan-satpute/depth_cam/install/orbbec_camera/include/libobsensor/hpp/Pipeline.hpp
-- Installing: /home/chetan-satpute/depth_cam/install/orbbec_camera/include/libobsensor/hpp/Context.hpp
-- Installing: /home/chetan-satpute/depth_cam/install/orbbec_camera/include/libobsensor/hpp/RecordPlayback.hpp
-- Installing: /home/chetan-satpute/depth_cam/install/orbbec_camera/include/libobsensor/hpp/Sensor.hpp
-- Installing: /home/chetan-satpute/depth_cam/install/orbbec_camera/include/libobsensor/hpp/StreamProfile.hpp
-- Installing: /home/chetan-satpute/depth_cam/install/orbbec_camera/include/libobsensor/hpp/Frame.hpp
-- Installing: /home/chetan-satpute/depth_cam/install/orbbec_camera/include/libobsensor/hpp/Device.hpp
-- Up-to-date: /home/chetan-satpute/depth_cam/install/orbbec_camera/lib/
-- Installing: /home/chetan-satpute/depth_cam/install/orbbec_camera/lib//libdepthengine.so
-- Installing: /home/chetan-satpute/depth_cam/install/orbbec_camera/lib//libdepthengine.so.2.0
-- Installing: /home/chetan-satpute/depth_cam/install/orbbec_camera/lib//libOrbbecSDK.so.1.10
-- Installing: /home/chetan-satpute/depth_cam/install/orbbec_camera/lib//libOrbbecSDK.so.1.10.35
-- Installing: /home/chetan-satpute/depth_cam/install/orbbec_camera/lib//libob_usb.so
-- Installing: /home/chetan-satpute/depth_cam/install/orbbec_camera/lib//libOrbbecSDK.so
-- Installing: /home/chetan-satpute/depth_cam/install/orbbec_camera/lib//liblive555.so
-- Installing: /home/chetan-satpute/depth_cam/install/orbbec_camera/share/orbbec_camera/udev/99-obsensor-libusb.rules
-- Installing: /home/chetan-satpute/depth_cam/install/orbbec_camera/lib/orbbec_camera/list_devices_node
-- Set runtime path of "/home/chetan-satpute/depth_cam/install/orbbec_camera/lib/orbbec_camera/list_devices_node" to ":/home/chetan-satpute/depth_cam/src/OrbbecSDK_ROS2/orbbec_camera/SDK/lib/x64"
-- Installing: /home/chetan-satpute/depth_cam/install/orbbec_camera/lib/orbbec_camera/list_depth_work_mode_node
-- Set runtime path of "/home/chetan-satpute/depth_cam/install/orbbec_camera/lib/orbbec_camera/list_depth_work_mode_node" to ":/home/chetan-satpute/depth_cam/src/OrbbecSDK_ROS2/orbbec_camera/SDK/lib/x64"
-- Installing: /home/chetan-satpute/depth_cam/install/orbbec_camera/lib/orbbec_camera/list_camera_profile_mode_node
-- Set runtime path of "/home/chetan-satpute/depth_cam/install/orbbec_camera/lib/orbbec_camera/list_camera_profile_mode_node" to ":/home/chetan-satpute/depth_cam/src/OrbbecSDK_ROS2/orbbec_camera/SDK/lib/x64"
-- Installing: /home/chetan-satpute/depth_cam/install/orbbec_camera/lib/orbbec_camera/topic_statistics_node
-- Set runtime path of "/home/chetan-satpute/depth_cam/install/orbbec_camera/lib/orbbec_camera/topic_statistics_node" to ":/home/chetan-satpute/depth_cam/src/OrbbecSDK_ROS2/orbbec_camera/SDK/lib/x64"
-- Up-to-date: /home/chetan-satpute/depth_cam/install/orbbec_camera/share/orbbec_camera/environment/library_path.sh
-- Installing: /home/chetan-satpute/depth_cam/install/orbbec_camera/share/orbbec_camera/environment/library_path.dsv
-- Installing: /home/chetan-satpute/depth_cam/install/orbbec_camera/share/ament_index/resource_index/package_run_dependencies/orbbec_camera
-- Up-to-date: /home/chetan-satpute/depth_cam/install/orbbec_camera/share/ament_index/resource_index/parent_prefix_path/orbbec_camera
-- Up-to-date: /home/chetan-satpute/depth_cam/install/orbbec_camera/share/orbbec_camera/environment/ament_prefix_path.sh
-- Installing: /home/chetan-satpute/depth_cam/install/orbbec_camera/share/orbbec_camera/environment/ament_prefix_path.dsv
-- Up-to-date: /home/chetan-satpute/depth_cam/install/orbbec_camera/share/orbbec_camera/environment/path.sh
-- Installing: /home/chetan-satpute/depth_cam/install/orbbec_camera/share/orbbec_camera/environment/path.dsv
-- Up-to-date: /home/chetan-satpute/depth_cam/install/orbbec_camera/share/orbbec_camera/local_setup.bash
-- Up-to-date: /home/chetan-satpute/depth_cam/install/orbbec_camera/share/orbbec_camera/local_setup.sh
-- Up-to-date: /home/chetan-satpute/depth_cam/install/orbbec_camera/share/orbbec_camera/local_setup.zsh
-- Installing: /home/chetan-satpute/depth_cam/install/orbbec_camera/share/orbbec_camera/local_setup.dsv
-- Installing: /home/chetan-satpute/depth_cam/install/orbbec_camera/share/orbbec_camera/package.dsv
-- Up-to-date: /home/chetan-satpute/depth_cam/install/orbbec_camera/share/ament_index/resource_index/packages/orbbec_camera
-- Installing: /home/chetan-satpute/depth_cam/install/orbbec_camera/share/ament_index/resource_index/rclcpp_components/orbbec_camera
-- Up-to-date: /home/chetan-satpute/depth_cam/install/orbbec_camera/share/orbbec_camera/cmake/ament_cmake_export_include_directories-extras.cmake
-- Up-to-date: /home/chetan-satpute/depth_cam/install/orbbec_camera/share/orbbec_camera/cmake/ament_cmake_export_libraries-extras.cmake
-- Installing: /home/chetan-satpute/depth_cam/install/orbbec_camera/share/orbbec_camera/cmake/ament_cmake_export_dependencies-extras.cmake
-- Installing: /home/chetan-satpute/depth_cam/install/orbbec_camera/share/orbbec_camera/cmake/orbbec_cameraConfig.cmake
-- Installing: /home/chetan-satpute/depth_cam/install/orbbec_camera/share/orbbec_camera/cmake/orbbec_cameraConfig-version.cmake
-- Installing: /home/chetan-satpute/depth_cam/install/orbbec_camera/share/orbbec_camera/package.xml
