[0.008s] Invoking command in '/home/chetan-satpute/depth_cam/build/orbbec_camera': CMAKE_PREFIX_PATH=/home/chetan-satpute/depth_cam/install/orbbec_camera_msgs:/home/chetan-satpute/depth_cam/install/orbbec_description:/home/chetan-satpute/depth_cam/install/orbbec_camera:/opt/ros/humble LD_LIBRARY_PATH=/home/chetan-satpute/depth_cam/install/orbbec_camera_msgs/lib:/home/chetan-satpute/depth_cam/install/orbbec_camera/lib:/opt/ros/humble/opt/rviz_ogre_vendor/lib:/opt/ros/humble/lib/x86_64-linux-gnu:/opt/ros/humble/lib /usr/bin/cmake --build /home/chetan-satpute/depth_cam/build/orbbec_camera -- -j16 -l16
[0.032s] -- Found ament_cmake: 1.3.12 (/opt/ros/humble/share/ament_cmake/cmake)
[0.136s] -- Found ament_index_cpp: 1.4.0 (/opt/ros/humble/share/ament_index_cpp/cmake)
[0.137s] -- Found builtin_interfaces: 1.2.2 (/opt/ros/humble/share/builtin_interfaces/cmake)
[0.153s] -- Found rosidl_generator_c: 3.1.8 (/opt/ros/humble/share/rosidl_generator_c/cmake)
[0.155s] -- Found rosidl_adapter: 3.1.8 (/opt/ros/humble/share/rosidl_adapter/cmake)
[0.159s] -- Found rosidl_generator_cpp: 3.1.8 (/opt/ros/humble/share/rosidl_generator_cpp/cmake)
[0.165s] -- Using all available rosidl_typesupport_c: rosidl_typesupport_fastrtps_c;rosidl_typesupport_introspection_c
[0.173s] -- Using all available rosidl_typesupport_cpp: rosidl_typesupport_fastrtps_cpp;rosidl_typesupport_introspection_cpp
[0.181s] -- Found cv_bridge: 3.2.1 (/opt/ros/humble/share/cv_bridge/cmake)
[0.216s] -- Found camera_info_manager: 3.1.12 (/opt/ros/humble/share/camera_info_manager/cmake)
[0.233s] -- Found rmw_implementation_cmake: 6.1.2 (/opt/ros/humble/share/rmw_implementation_cmake/cmake)
[0.234s] -- Found rmw_fastrtps_cpp: 6.2.9 (/opt/ros/humble/share/rmw_fastrtps_cpp/cmake)
[0.328s] -- Using RMW implementation 'rmw_fastrtps_cpp' as default
[0.357s] -- Found image_transport: 3.1.12 (/opt/ros/humble/share/image_transport/cmake)
[0.372s] -- Found image_publisher: 3.0.9 (/opt/ros/humble/share/image_publisher/cmake)
[0.388s] -- Found orbbec_camera_msgs: 1.5.15 (/home/chetan-satpute/depth_cam/install/orbbec_camera_msgs/share/orbbec_camera_msgs/cmake)
[0.398s] -- Found std_srvs: 4.9.0 (/opt/ros/humble/share/std_srvs/cmake)
[0.404s] -- Found tf2: 0.25.18 (/opt/ros/humble/share/tf2/cmake)
[0.407s] -- Found tf2_eigen: 0.25.18 (/opt/ros/humble/share/tf2_eigen/cmake)
[0.446s] -- Found tf2_sensor_msgs: 0.25.18 (/opt/ros/humble/share/tf2_sensor_msgs/cmake)
[0.450s] -- Found diagnostic_updater: 4.0.6 (/opt/ros/humble/share/diagnostic_updater/cmake)
[0.468s] -- ORRBEC Machine : x86_64
[0.468s] 
[0.468s] -- ORRBEC Machine Bits : 64
[0.468s] 
[0.523s] -- Found ament_lint_auto: 0.12.14 (/opt/ros/humble/share/ament_lint_auto/cmake)
[0.582s] -- Configuring done
[0.653s] -- Generating done
[0.671s] -- Build files have been written to: /home/chetan-satpute/depth_cam/build/orbbec_camera
[0.695s] [35m[1mConsolidate compiler generated dependencies of target frame_latency_node[0m
[0.695s] [35m[1mConsolidate compiler generated dependencies of target orbbec_camera_node[0m
[0.697s] [35m[1mConsolidate compiler generated dependencies of target frame_latency[0m
[0.703s] [35m[1mConsolidate compiler generated dependencies of target orbbec_camera[0m
[0.705s] [  8%] Built target orbbec_camera_node
[0.709s] [ 16%] Built target frame_latency_node
[0.711s] [ 20%] [32mBuilding CXX object CMakeFiles/frame_latency.dir/tools/frame_latency.cpp.o[0m
[0.736s] [ 24%] [32mBuilding CXX object CMakeFiles/orbbec_camera.dir/src/d2c_viewer.cpp.o[0m
[0.740s] [ 28%] [32mBuilding CXX object CMakeFiles/orbbec_camera.dir/src/ob_camera_node_driver.cpp.o[0m
[0.742s] [ 32%] [32mBuilding CXX object CMakeFiles/orbbec_camera.dir/src/ob_camera_node.cpp.o[0m
[0.742s] [ 36%] [32mBuilding CXX object CMakeFiles/orbbec_camera.dir/src/dynamic_params.cpp.o[0m
[0.742s] [ 40%] [32mBuilding CXX object CMakeFiles/orbbec_camera.dir/src/image_publisher.cpp.o[0m
[0.744s] [ 44%] [32mBuilding CXX object CMakeFiles/orbbec_camera.dir/src/ros_service.cpp.o[0m
[0.746s] [ 48%] [32mBuilding CXX object CMakeFiles/orbbec_camera.dir/src/synced_imu_publisher.cpp.o[0m
[0.747s] [ 52%] [32mBuilding CXX object CMakeFiles/orbbec_camera.dir/src/ros_param_backend.cpp.o[0m
[0.747s] [ 56%] [32mBuilding CXX object CMakeFiles/orbbec_camera.dir/src/utils.cpp.o[0m
[0.749s] [ 60%] [32mBuilding CXX object CMakeFiles/orbbec_camera.dir/src/jpeg_decoder.cpp.o[0m
[23.532s] [ 64%] [32m[1mLinking CXX shared library liborbbec_camera.so[0m
[23.833s] [ 64%] Built target orbbec_camera
[23.841s] [35m[1mConsolidate compiler generated dependencies of target topic_statistics_node[0m
[23.842s] [35m[1mConsolidate compiler generated dependencies of target list_devices_node[0m
[23.845s] [35m[1mConsolidate compiler generated dependencies of target list_depth_work_mode_node[0m
[23.845s] [35m[1mConsolidate compiler generated dependencies of target list_camera_profile_mode_node[0m
[23.852s] [ 68%] [32mBuilding CXX object CMakeFiles/topic_statistics_node.dir/tools/topic_statistics.cpp.o[0m
[23.858s] [ 72%] [32mBuilding CXX object CMakeFiles/list_devices_node.dir/tools/list_devices_node.cpp.o[0m
[23.862s] [ 80%] [32mBuilding CXX object CMakeFiles/list_depth_work_mode_node.dir/tools/list_depth_work_mode.cpp.o[0m
[23.862s] [ 80%] [32mBuilding CXX object CMakeFiles/list_camera_profile_mode_node.dir/tools/list_camera_profile.cpp.o[0m
[24.723s] [ 84%] [32m[1mLinking CXX shared library libframe_latency.so[0m
[25.021s] [ 84%] Built target frame_latency
[28.905s] [ 88%] [32m[1mLinking CXX executable list_depth_work_mode_node[0m
[29.053s] [ 88%] Built target list_depth_work_mode_node
[29.156s] [ 92%] [32m[1mLinking CXX executable list_devices_node[0m
[29.231s] [ 96%] [32m[1mLinking CXX executable list_camera_profile_mode_node[0m
[29.528s] [ 96%] Built target list_devices_node
[29.582s] [ 96%] Built target list_camera_profile_mode_node
[32.794s] [100%] [32m[1mLinking CXX executable topic_statistics_node[0m
[32.979s] [100%] Built target topic_statistics_node
[32.988s] Invoked command in '/home/chetan-satpute/depth_cam/build/orbbec_camera' returned '0': CMAKE_PREFIX_PATH=/home/chetan-satpute/depth_cam/install/orbbec_camera_msgs:/home/chetan-satpute/depth_cam/install/orbbec_description:/home/chetan-satpute/depth_cam/install/orbbec_camera:/opt/ros/humble LD_LIBRARY_PATH=/home/chetan-satpute/depth_cam/install/orbbec_camera_msgs/lib:/home/chetan-satpute/depth_cam/install/orbbec_camera/lib:/opt/ros/humble/opt/rviz_ogre_vendor/lib:/opt/ros/humble/lib/x86_64-linux-gnu:/opt/ros/humble/lib /usr/bin/cmake --build /home/chetan-satpute/depth_cam/build/orbbec_camera -- -j16 -l16
[32.990s] Invoking command in '/home/chetan-satpute/depth_cam/build/orbbec_camera': CMAKE_PREFIX_PATH=/home/chetan-satpute/depth_cam/install/orbbec_camera_msgs:/home/chetan-satpute/depth_cam/install/orbbec_description:/home/chetan-satpute/depth_cam/install/orbbec_camera:/opt/ros/humble LD_LIBRARY_PATH=/home/chetan-satpute/depth_cam/install/orbbec_camera_msgs/lib:/home/chetan-satpute/depth_cam/install/orbbec_camera/lib:/opt/ros/humble/opt/rviz_ogre_vendor/lib:/opt/ros/humble/lib/x86_64-linux-gnu:/opt/ros/humble/lib /usr/bin/cmake --install /home/chetan-satpute/depth_cam/build/orbbec_camera
[32.999s] -- Install configuration: "Release"
[33.000s] -- Up-to-date: /home/chetan-satpute/depth_cam/install/orbbec_camera/lib/orbbec_camera/orbbec_camera_node
[33.000s] -- Up-to-date: /home/chetan-satpute/depth_cam/install/orbbec_camera/lib/orbbec_camera/frame_latency_node
[33.000s] -- Installing: /home/chetan-satpute/depth_cam/install/orbbec_camera/lib/liborbbec_camera.so
[33.005s] -- Set runtime path of "/home/chetan-satpute/depth_cam/install/orbbec_camera/lib/liborbbec_camera.so" to ":/home/chetan-satpute/depth_cam/src/OrbbecSDK_ROS2/orbbec_camera/SDK/lib/x64"
[33.005s] -- Installing: /home/chetan-satpute/depth_cam/install/orbbec_camera/lib/libframe_latency.so
[33.009s] -- Set runtime path of "/home/chetan-satpute/depth_cam/install/orbbec_camera/lib/libframe_latency.so" to ":/home/chetan-satpute/depth_cam/src/OrbbecSDK_ROS2/orbbec_camera/SDK/lib/x64"
[33.009s] -- Up-to-date: /home/chetan-satpute/depth_cam/install/orbbec_camera/include
[33.009s] -- Up-to-date: /home/chetan-satpute/depth_cam/install/orbbec_camera/include/magic_enum
[33.009s] -- Up-to-date: /home/chetan-satpute/depth_cam/install/orbbec_camera/include/magic_enum/magic_enum.hpp
[33.009s] -- Up-to-date: /home/chetan-satpute/depth_cam/install/orbbec_camera/include/orbbec_camera
[33.010s] -- Up-to-date: /home/chetan-satpute/depth_cam/install/orbbec_camera/include/orbbec_camera/dynamic_params.h
[33.010s] -- Installing: /home/chetan-satpute/depth_cam/install/orbbec_camera/include/orbbec_camera/utils.h
[33.010s] -- Up-to-date: /home/chetan-satpute/depth_cam/install/orbbec_camera/include/orbbec_camera/ros_param_backend.h
[33.010s] -- Up-to-date: /home/chetan-satpute/depth_cam/install/orbbec_camera/include/orbbec_camera/jetson_nv_decoder.h
[33.010s] -- Up-to-date: /home/chetan-satpute/depth_cam/install/orbbec_camera/include/orbbec_camera/jpeg_decoder.h
[33.010s] -- Up-to-date: /home/chetan-satpute/depth_cam/install/orbbec_camera/include/orbbec_camera/synced_imu_publisher.h
[33.010s] -- Installing: /home/chetan-satpute/depth_cam/install/orbbec_camera/include/orbbec_camera/constants.h
[33.010s] -- Up-to-date: /home/chetan-satpute/depth_cam/install/orbbec_camera/include/orbbec_camera/rk_mpp_decoder.h
[33.010s] -- Installing: /home/chetan-satpute/depth_cam/install/orbbec_camera/include/orbbec_camera/ob_camera_node_driver.h
[33.010s] -- Installing: /home/chetan-satpute/depth_cam/install/orbbec_camera/include/orbbec_camera/d2c_viewer.h
[33.010s] -- Installing: /home/chetan-satpute/depth_cam/install/orbbec_camera/include/orbbec_camera/ob_camera_node.h
[33.010s] -- Up-to-date: /home/chetan-satpute/depth_cam/install/orbbec_camera/include/orbbec_camera/image_publisher.h
[33.010s] -- Up-to-date: /home/chetan-satpute/depth_cam/install/orbbec_camera/share/orbbec_camera//launch
[33.010s] -- Installing: /home/chetan-satpute/depth_cam/install/orbbec_camera/share/orbbec_camera//launch/gemini_ew.launch.py
[33.010s] -- Installing: /home/chetan-satpute/depth_cam/install/orbbec_camera/share/orbbec_camera//launch/gemini_ew_lite.launch.py
[33.010s] -- Installing: /home/chetan-satpute/depth_cam/install/orbbec_camera/share/orbbec_camera//launch/dabai_dw.launch.py
[33.010s] -- Installing: /home/chetan-satpute/depth_cam/install/orbbec_camera/share/orbbec_camera//launch/gemini_intra_process_demo_launch.py
[33.010s] -- Installing: /home/chetan-satpute/depth_cam/install/orbbec_camera/share/orbbec_camera//launch/multi_net_camera.launch.py
[33.011s] -- Installing: /home/chetan-satpute/depth_cam/install/orbbec_camera/share/orbbec_camera//launch/dabai_dcw.launch.py
[33.011s] -- Installing: /home/chetan-satpute/depth_cam/install/orbbec_camera/share/orbbec_camera//launch/dabai_max_pro.launch.py
[33.011s] -- Installing: /home/chetan-satpute/depth_cam/install/orbbec_camera/share/orbbec_camera//launch/astra_embedded_s.launch.py
[33.011s] -- Installing: /home/chetan-satpute/depth_cam/install/orbbec_camera/share/orbbec_camera//launch/gemini_uw.launch.py
[33.011s] -- Installing: /home/chetan-satpute/depth_cam/install/orbbec_camera/share/orbbec_camera//launch/astra_pro_plus.launch.py
[33.011s] -- Installing: /home/chetan-satpute/depth_cam/install/orbbec_camera/share/orbbec_camera//launch/astra_pro2.launch.py
[33.011s] -- Installing: /home/chetan-satpute/depth_cam/install/orbbec_camera/share/orbbec_camera//launch/deeya.launch.py
[33.011s] -- Installing: /home/chetan-satpute/depth_cam/install/orbbec_camera/share/orbbec_camera//launch/gemini_330_series.launch.py
[33.011s] -- Installing: /home/chetan-satpute/depth_cam/install/orbbec_camera/share/orbbec_camera//launch/gemini_e_lite.launch.py
[33.011s] -- Installing: /home/chetan-satpute/depth_cam/install/orbbec_camera/share/orbbec_camera//launch/multi_camera.launch.py
[33.011s] -- Installing: /home/chetan-satpute/depth_cam/install/orbbec_camera/share/orbbec_camera//launch/astra_adv.launch.py
[33.011s] -- Installing: /home/chetan-satpute/depth_cam/install/orbbec_camera/share/orbbec_camera//launch/femto_net_camera.launch.py
[33.011s] -- Installing: /home/chetan-satpute/depth_cam/install/orbbec_camera/share/orbbec_camera//launch/astra.launch.py
[33.011s] -- Installing: /home/chetan-satpute/depth_cam/install/orbbec_camera/share/orbbec_camera//launch/astra2.launch.py
[33.011s] -- Installing: /home/chetan-satpute/depth_cam/install/orbbec_camera/share/orbbec_camera//launch/gemini2VL.launch.py
[33.011s] -- Installing: /home/chetan-satpute/depth_cam/install/orbbec_camera/share/orbbec_camera//launch/gemini_e.launch.py
[33.011s] -- Installing: /home/chetan-satpute/depth_cam/install/orbbec_camera/share/orbbec_camera//launch/dabai.launch.py
[33.011s] -- Installing: /home/chetan-satpute/depth_cam/install/orbbec_camera/share/orbbec_camera//launch/femto_bolt.launch.py
[33.011s] -- Installing: /home/chetan-satpute/depth_cam/install/orbbec_camera/share/orbbec_camera//launch/ob_camera.launch.py
[33.012s] -- Installing: /home/chetan-satpute/depth_cam/install/orbbec_camera/share/orbbec_camera//launch/dabai_dcw2.launch.py
[33.012s] -- Installing: /home/chetan-satpute/depth_cam/install/orbbec_camera/share/orbbec_camera//launch/gemini2XL.launch.py
[33.012s] -- Installing: /home/chetan-satpute/depth_cam/install/orbbec_camera/share/orbbec_camera//launch/gemini2.launch.py
[33.012s] -- Installing: /home/chetan-satpute/depth_cam/install/orbbec_camera/share/orbbec_camera//launch/dabai_pro.launch.py
[33.012s] -- Installing: /home/chetan-satpute/depth_cam/install/orbbec_camera/share/orbbec_camera//launch/dabai_d1.launch.py
[33.012s] -- Installing: /home/chetan-satpute/depth_cam/install/orbbec_camera/share/orbbec_camera//launch/dabai_dcl.py
[33.012s] -- Installing: /home/chetan-satpute/depth_cam/install/orbbec_camera/share/orbbec_camera//launch/femto.launch.py
[33.012s] -- Installing: /home/chetan-satpute/depth_cam/install/orbbec_camera/share/orbbec_camera//launch/gemini2L.launch.py
[33.012s] -- Installing: /home/chetan-satpute/depth_cam/install/orbbec_camera/share/orbbec_camera//launch/multi_camera_synced.launch.py
[33.012s] -- Installing: /home/chetan-satpute/depth_cam/install/orbbec_camera/share/orbbec_camera//launch/dabai_dw2.launch.py
[33.012s] -- Installing: /home/chetan-satpute/depth_cam/install/orbbec_camera/share/orbbec_camera//launch/dabai_max.launch.py
[33.012s] -- Installing: /home/chetan-satpute/depth_cam/install/orbbec_camera/share/orbbec_camera//launch/astra_stereo_u3.launch.py
[33.012s] -- Installing: /home/chetan-satpute/depth_cam/install/orbbec_camera/share/orbbec_camera//launch/femto_mega.launch.py
[33.012s] -- Up-to-date: /home/chetan-satpute/depth_cam/install/orbbec_camera/share/orbbec_camera//config
[33.012s] -- Installing: /home/chetan-satpute/depth_cam/install/orbbec_camera/share/orbbec_camera//config/camera_params.yaml
[33.012s] -- Installing: /home/chetan-satpute/depth_cam/install/orbbec_camera/share/orbbec_camera//config/OrbbecSDKConfig_v1.0.xml
[33.012s] -- Up-to-date: /home/chetan-satpute/depth_cam/install/orbbec_camera/share/orbbec_camera//config/.gitkeep
[33.012s] -- Up-to-date: /home/chetan-satpute/depth_cam/install/orbbec_camera/share/orbbec_camera//config/depthfilter
[33.012s] -- Installing: /home/chetan-satpute/depth_cam/install/orbbec_camera/share/orbbec_camera//config/depthfilter/Openni_device.json
[33.012s] -- Installing: /home/chetan-satpute/depth_cam/install/orbbec_camera/share/orbbec_camera//config/depthfilter/Gemini2_v1.8.json
[33.012s] -- Up-to-date: /home/chetan-satpute/depth_cam/install/orbbec_camera/include
[33.012s] -- Up-to-date: /home/chetan-satpute/depth_cam/install/orbbec_camera/include/libobsensor
[33.012s] -- Installing: /home/chetan-satpute/depth_cam/install/orbbec_camera/include/libobsensor/ObSensor.hpp
[33.013s] -- Up-to-date: /home/chetan-satpute/depth_cam/install/orbbec_camera/include/libobsensor/h
[33.013s] -- Installing: /home/chetan-satpute/depth_cam/install/orbbec_camera/include/libobsensor/h/ObTypes.h
[33.013s] -- Installing: /home/chetan-satpute/depth_cam/install/orbbec_camera/include/libobsensor/h/Pipeline.h
[33.013s] -- Installing: /home/chetan-satpute/depth_cam/install/orbbec_camera/include/libobsensor/h/MultipleDevices.h
[33.013s] -- Installing: /home/chetan-satpute/depth_cam/install/orbbec_camera/include/libobsensor/h/Frame.h
[33.013s] -- Installing: /home/chetan-satpute/depth_cam/install/orbbec_camera/include/libobsensor/h/Property.h
[33.013s] -- Installing: /home/chetan-satpute/depth_cam/install/orbbec_camera/include/libobsensor/h/Utils.h
[33.013s] -- Installing: /home/chetan-satpute/depth_cam/install/orbbec_camera/include/libobsensor/h/RecordPlayback.h
[33.013s] -- Installing: /home/chetan-satpute/depth_cam/install/orbbec_camera/include/libobsensor/h/Filter.h
[33.013s] -- Installing: /home/chetan-satpute/depth_cam/install/orbbec_camera/include/libobsensor/h/Device.h
[33.013s] -- Installing: /home/chetan-satpute/depth_cam/install/orbbec_camera/include/libobsensor/h/StreamProfile.h
[33.013s] -- Installing: /home/chetan-satpute/depth_cam/install/orbbec_camera/include/libobsensor/h/Error.h
[33.013s] -- Installing: /home/chetan-satpute/depth_cam/install/orbbec_camera/include/libobsensor/h/Version.h
[33.013s] -- Installing: /home/chetan-satpute/depth_cam/install/orbbec_camera/include/libobsensor/h/Sensor.h
[33.013s] -- Installing: /home/chetan-satpute/depth_cam/install/orbbec_camera/include/libobsensor/h/Context.h
[33.013s] -- Installing: /home/chetan-satpute/depth_cam/install/orbbec_camera/include/libobsensor/ObSensor.h
[33.013s] -- Up-to-date: /home/chetan-satpute/depth_cam/install/orbbec_camera/include/libobsensor/hpp
[33.013s] -- Installing: /home/chetan-satpute/depth_cam/install/orbbec_camera/include/libobsensor/hpp/Version.hpp
[33.013s] -- Installing: /home/chetan-satpute/depth_cam/install/orbbec_camera/include/libobsensor/hpp/Utils.hpp
[33.013s] -- Installing: /home/chetan-satpute/depth_cam/install/orbbec_camera/include/libobsensor/hpp/Types.hpp
[33.013s] -- Installing: /home/chetan-satpute/depth_cam/install/orbbec_camera/include/libobsensor/hpp/Error.hpp
[33.013s] -- Installing: /home/chetan-satpute/depth_cam/install/orbbec_camera/include/libobsensor/hpp/Filter.hpp
[33.013s] -- Installing: /home/chetan-satpute/depth_cam/install/orbbec_camera/include/libobsensor/hpp/Pipeline.hpp
[33.013s] -- Installing: /home/chetan-satpute/depth_cam/install/orbbec_camera/include/libobsensor/hpp/Context.hpp
[33.014s] -- Installing: /home/chetan-satpute/depth_cam/install/orbbec_camera/include/libobsensor/hpp/RecordPlayback.hpp
[33.014s] -- Installing: /home/chetan-satpute/depth_cam/install/orbbec_camera/include/libobsensor/hpp/Sensor.hpp
[33.014s] -- Installing: /home/chetan-satpute/depth_cam/install/orbbec_camera/include/libobsensor/hpp/StreamProfile.hpp
[33.014s] -- Installing: /home/chetan-satpute/depth_cam/install/orbbec_camera/include/libobsensor/hpp/Frame.hpp
[33.014s] -- Installing: /home/chetan-satpute/depth_cam/install/orbbec_camera/include/libobsensor/hpp/Device.hpp
[33.014s] -- Up-to-date: /home/chetan-satpute/depth_cam/install/orbbec_camera/lib/
[33.014s] -- Installing: /home/chetan-satpute/depth_cam/install/orbbec_camera/lib//libdepthengine.so
[33.014s] -- Installing: /home/chetan-satpute/depth_cam/install/orbbec_camera/lib//libdepthengine.so.2.0
[33.014s] -- Installing: /home/chetan-satpute/depth_cam/install/orbbec_camera/lib//libOrbbecSDK.so.1.10
[33.014s] -- Installing: /home/chetan-satpute/depth_cam/install/orbbec_camera/lib//libOrbbecSDK.so.1.10.35
[33.020s] -- Installing: /home/chetan-satpute/depth_cam/install/orbbec_camera/lib//libob_usb.so
[33.020s] -- Installing: /home/chetan-satpute/depth_cam/install/orbbec_camera/lib//libOrbbecSDK.so
[33.020s] -- Installing: /home/chetan-satpute/depth_cam/install/orbbec_camera/lib//liblive555.so
[33.020s] -- Installing: /home/chetan-satpute/depth_cam/install/orbbec_camera/share/orbbec_camera/udev/99-obsensor-libusb.rules
[33.020s] -- Installing: /home/chetan-satpute/depth_cam/install/orbbec_camera/lib/orbbec_camera/list_devices_node
[33.021s] -- Set runtime path of "/home/chetan-satpute/depth_cam/install/orbbec_camera/lib/orbbec_camera/list_devices_node" to ":/home/chetan-satpute/depth_cam/src/OrbbecSDK_ROS2/orbbec_camera/SDK/lib/x64"
[33.021s] -- Installing: /home/chetan-satpute/depth_cam/install/orbbec_camera/lib/orbbec_camera/list_depth_work_mode_node
[33.021s] -- Set runtime path of "/home/chetan-satpute/depth_cam/install/orbbec_camera/lib/orbbec_camera/list_depth_work_mode_node" to ":/home/chetan-satpute/depth_cam/src/OrbbecSDK_ROS2/orbbec_camera/SDK/lib/x64"
[33.021s] -- Installing: /home/chetan-satpute/depth_cam/install/orbbec_camera/lib/orbbec_camera/list_camera_profile_mode_node
[33.021s] -- Set runtime path of "/home/chetan-satpute/depth_cam/install/orbbec_camera/lib/orbbec_camera/list_camera_profile_mode_node" to ":/home/chetan-satpute/depth_cam/src/OrbbecSDK_ROS2/orbbec_camera/SDK/lib/x64"
[33.021s] -- Installing: /home/chetan-satpute/depth_cam/install/orbbec_camera/lib/orbbec_camera/topic_statistics_node
[33.022s] -- Set runtime path of "/home/chetan-satpute/depth_cam/install/orbbec_camera/lib/orbbec_camera/topic_statistics_node" to ":/home/chetan-satpute/depth_cam/src/OrbbecSDK_ROS2/orbbec_camera/SDK/lib/x64"
[33.022s] -- Up-to-date: /home/chetan-satpute/depth_cam/install/orbbec_camera/share/orbbec_camera/environment/library_path.sh
[33.022s] -- Installing: /home/chetan-satpute/depth_cam/install/orbbec_camera/share/orbbec_camera/environment/library_path.dsv
[33.022s] -- Installing: /home/chetan-satpute/depth_cam/install/orbbec_camera/share/ament_index/resource_index/package_run_dependencies/orbbec_camera
[33.022s] -- Up-to-date: /home/chetan-satpute/depth_cam/install/orbbec_camera/share/ament_index/resource_index/parent_prefix_path/orbbec_camera
[33.022s] -- Up-to-date: /home/chetan-satpute/depth_cam/install/orbbec_camera/share/orbbec_camera/environment/ament_prefix_path.sh
[33.022s] -- Installing: /home/chetan-satpute/depth_cam/install/orbbec_camera/share/orbbec_camera/environment/ament_prefix_path.dsv
[33.022s] -- Up-to-date: /home/chetan-satpute/depth_cam/install/orbbec_camera/share/orbbec_camera/environment/path.sh
[33.022s] -- Installing: /home/chetan-satpute/depth_cam/install/orbbec_camera/share/orbbec_camera/environment/path.dsv
[33.022s] -- Up-to-date: /home/chetan-satpute/depth_cam/install/orbbec_camera/share/orbbec_camera/local_setup.bash
[33.022s] -- Up-to-date: /home/chetan-satpute/depth_cam/install/orbbec_camera/share/orbbec_camera/local_setup.sh
[33.022s] -- Up-to-date: /home/chetan-satpute/depth_cam/install/orbbec_camera/share/orbbec_camera/local_setup.zsh
[33.023s] -- Installing: /home/chetan-satpute/depth_cam/install/orbbec_camera/share/orbbec_camera/local_setup.dsv
[33.023s] -- Installing: /home/chetan-satpute/depth_cam/install/orbbec_camera/share/orbbec_camera/package.dsv
[33.023s] -- Up-to-date: /home/chetan-satpute/depth_cam/install/orbbec_camera/share/ament_index/resource_index/packages/orbbec_camera
[33.023s] -- Installing: /home/chetan-satpute/depth_cam/install/orbbec_camera/share/ament_index/resource_index/rclcpp_components/orbbec_camera
[33.023s] -- Up-to-date: /home/chetan-satpute/depth_cam/install/orbbec_camera/share/orbbec_camera/cmake/ament_cmake_export_include_directories-extras.cmake
[33.023s] -- Up-to-date: /home/chetan-satpute/depth_cam/install/orbbec_camera/share/orbbec_camera/cmake/ament_cmake_export_libraries-extras.cmake
[33.023s] -- Installing: /home/chetan-satpute/depth_cam/install/orbbec_camera/share/orbbec_camera/cmake/ament_cmake_export_dependencies-extras.cmake
[33.023s] -- Installing: /home/chetan-satpute/depth_cam/install/orbbec_camera/share/orbbec_camera/cmake/orbbec_cameraConfig.cmake
[33.023s] -- Installing: /home/chetan-satpute/depth_cam/install/orbbec_camera/share/orbbec_camera/cmake/orbbec_cameraConfig-version.cmake
[33.023s] -- Installing: /home/chetan-satpute/depth_cam/install/orbbec_camera/share/orbbec_camera/package.xml
[33.024s] Invoked command in '/home/chetan-satpute/depth_cam/build/orbbec_camera' returned '0': CMAKE_PREFIX_PATH=/home/chetan-satpute/depth_cam/install/orbbec_camera_msgs:/home/chetan-satpute/depth_cam/install/orbbec_description:/home/chetan-satpute/depth_cam/install/orbbec_camera:/opt/ros/humble LD_LIBRARY_PATH=/home/chetan-satpute/depth_cam/install/orbbec_camera_msgs/lib:/home/chetan-satpute/depth_cam/install/orbbec_camera/lib:/opt/ros/humble/opt/rviz_ogre_vendor/lib:/opt/ros/humble/lib/x86_64-linux-gnu:/opt/ros/humble/lib /usr/bin/cmake --install /home/chetan-satpute/depth_cam/build/orbbec_camera
