[0.017s] Invoking command in '/home/chetan-satpute/lane_following/build/orbbec_camera_msgs': CMAKE_PREFIX_PATH=${CMAKE_PREFIX_PATH}:/home/chetan-satpute/lane_following/install/keyboard_teleoperation:/home/chetan-satpute/lane_following/install/custom_follow:/opt/ros/humble VIRTUAL_ENV_PROMPT=(.venv) /usr/bin/cmake --build /home/chetan-satpute/lane_following/build/orbbec_camera_msgs -- -j16 -l16
[0.405s] [  0%] Built target ament_cmake_python_symlink_orbbec_camera_msgs
[0.406s] [  0%] Built target orbbec_camera_msgs__cpp
[0.406s] [ 12%] Built target orbbec_camera_msgs__rosidl_generator_c
[0.406s] [ 35%] Built target orbbec_camera_msgs__rosidl_typesupport_introspection_cpp
[0.406s] [ 36%] Built target orbbec_camera_msgs__rosidl_typesupport_cpp
[0.406s] [ 47%] Built target orbbec_camera_msgs__rosidl_typesupport_fastrtps_cpp
[0.406s] [ 59%] Built target orbbec_camera_msgs__rosidl_typesupport_introspection_c
[0.406s] [ 71%] Built target orbbec_camera_msgs__rosidl_typesupport_c
[0.406s] [ 83%] Built target orbbec_camera_msgs__rosidl_typesupport_fastrtps_c
[0.406s] [ 83%] Built target orbbec_camera_msgs
[0.406s] [ 84%] Built target orbbec_camera_msgs__py
[0.406s] [ 95%] Built target orbbec_camera_msgs__rosidl_generator_py
[0.406s] [ 97%] Built target orbbec_camera_msgs__rosidl_typesupport_c__pyext
[0.406s] [ 98%] Built target orbbec_camera_msgs__rosidl_typesupport_fastrtps_c__pyext
[0.406s] [100%] Built target orbbec_camera_msgs__rosidl_typesupport_introspection_c__pyext
[0.406s] running egg_info
[0.406s] writing orbbec_camera_msgs.egg-info/PKG-INFO
[0.406s] writing dependency_links to orbbec_camera_msgs.egg-info/dependency_links.txt
[0.406s] writing top-level names to orbbec_camera_msgs.egg-info/top_level.txt
[0.406s] reading manifest file 'orbbec_camera_msgs.egg-info/SOURCES.txt'
[0.406s] writing manifest file 'orbbec_camera_msgs.egg-info/SOURCES.txt'
[0.406s] [100%] Built target ament_cmake_python_build_orbbec_camera_msgs_egg
[0.409s] Invoked command in '/home/chetan-satpute/lane_following/build/orbbec_camera_msgs' returned '0': CMAKE_PREFIX_PATH=${CMAKE_PREFIX_PATH}:/home/chetan-satpute/lane_following/install/keyboard_teleoperation:/home/chetan-satpute/lane_following/install/custom_follow:/opt/ros/humble VIRTUAL_ENV_PROMPT=(.venv) /usr/bin/cmake --build /home/chetan-satpute/lane_following/build/orbbec_camera_msgs -- -j16 -l16
[0.417s] Invoking command in '/home/chetan-satpute/lane_following/build/orbbec_camera_msgs': CMAKE_PREFIX_PATH=${CMAKE_PREFIX_PATH}:/home/chetan-satpute/lane_following/install/keyboard_teleoperation:/home/chetan-satpute/lane_following/install/custom_follow:/opt/ros/humble VIRTUAL_ENV_PROMPT=(.venv) /usr/bin/cmake --install /home/chetan-satpute/lane_following/build/orbbec_camera_msgs
[0.425s] -- Install configuration: ""
[0.426s] -- Execute custom install script
[0.426s] -- Up-to-date symlink: /home/chetan-satpute/lane_following/install/orbbec_camera_msgs/share/ament_index/resource_index/rosidl_interfaces/orbbec_camera_msgs
[0.427s] -- Up-to-date symlink: /home/chetan-satpute/lane_following/install/orbbec_camera_msgs/include/orbbec_camera_msgs/orbbec_camera_msgs/msg/detail/device_info__functions.h
[0.427s] -- Up-to-date symlink: /home/chetan-satpute/lane_following/install/orbbec_camera_msgs/include/orbbec_camera_msgs/orbbec_camera_msgs/msg/detail/device_info__struct.h
[0.427s] -- Up-to-date symlink: /home/chetan-satpute/lane_following/install/orbbec_camera_msgs/include/orbbec_camera_msgs/orbbec_camera_msgs/msg/detail/device_info__type_support.h
[0.427s] -- Up-to-date symlink: /home/chetan-satpute/lane_following/install/orbbec_camera_msgs/include/orbbec_camera_msgs/orbbec_camera_msgs/msg/detail/extrinsics__functions.h
[0.427s] -- Up-to-date symlink: /home/chetan-satpute/lane_following/install/orbbec_camera_msgs/include/orbbec_camera_msgs/orbbec_camera_msgs/msg/detail/extrinsics__struct.h
[0.427s] -- Up-to-date symlink: /home/chetan-satpute/lane_following/install/orbbec_camera_msgs/include/orbbec_camera_msgs/orbbec_camera_msgs/msg/detail/extrinsics__type_support.h
[0.428s] -- Up-to-date symlink: /home/chetan-satpute/lane_following/install/orbbec_camera_msgs/include/orbbec_camera_msgs/orbbec_camera_msgs/msg/detail/imu_info__functions.h
[0.428s] -- Up-to-date symlink: /home/chetan-satpute/lane_following/install/orbbec_camera_msgs/include/orbbec_camera_msgs/orbbec_camera_msgs/msg/detail/imu_info__struct.h
[0.428s] -- Up-to-date symlink: /home/chetan-satpute/lane_following/install/orbbec_camera_msgs/include/orbbec_camera_msgs/orbbec_camera_msgs/msg/detail/imu_info__type_support.h
[0.428s] -- Up-to-date symlink: /home/chetan-satpute/lane_following/install/orbbec_camera_msgs/include/orbbec_camera_msgs/orbbec_camera_msgs/msg/detail/metadata__functions.h
[0.428s] -- Up-to-date symlink: /home/chetan-satpute/lane_following/install/orbbec_camera_msgs/include/orbbec_camera_msgs/orbbec_camera_msgs/msg/detail/metadata__struct.h
[0.428s] -- Up-to-date symlink: /home/chetan-satpute/lane_following/install/orbbec_camera_msgs/include/orbbec_camera_msgs/orbbec_camera_msgs/msg/detail/metadata__type_support.h
[0.428s] -- Up-to-date symlink: /home/chetan-satpute/lane_following/install/orbbec_camera_msgs/include/orbbec_camera_msgs/orbbec_camera_msgs/msg/detail/rgbd__functions.h
[0.429s] -- Up-to-date symlink: /home/chetan-satpute/lane_following/install/orbbec_camera_msgs/include/orbbec_camera_msgs/orbbec_camera_msgs/msg/detail/rgbd__struct.h
[0.429s] -- Up-to-date symlink: /home/chetan-satpute/lane_following/install/orbbec_camera_msgs/include/orbbec_camera_msgs/orbbec_camera_msgs/msg/detail/rgbd__type_support.h
[0.429s] -- Up-to-date symlink: /home/chetan-satpute/lane_following/install/orbbec_camera_msgs/include/orbbec_camera_msgs/orbbec_camera_msgs/msg/device_info.h
[0.429s] -- Up-to-date symlink: /home/chetan-satpute/lane_following/install/orbbec_camera_msgs/include/orbbec_camera_msgs/orbbec_camera_msgs/msg/extrinsics.h
[0.429s] -- Up-to-date symlink: /home/chetan-satpute/lane_following/install/orbbec_camera_msgs/include/orbbec_camera_msgs/orbbec_camera_msgs/msg/imu_info.h
[0.429s] -- Up-to-date symlink: /home/chetan-satpute/lane_following/install/orbbec_camera_msgs/include/orbbec_camera_msgs/orbbec_camera_msgs/msg/metadata.h
[0.429s] -- Up-to-date symlink: /home/chetan-satpute/lane_following/install/orbbec_camera_msgs/include/orbbec_camera_msgs/orbbec_camera_msgs/msg/rgbd.h
[0.429s] -- Up-to-date symlink: /home/chetan-satpute/lane_following/install/orbbec_camera_msgs/include/orbbec_camera_msgs/orbbec_camera_msgs/msg/rosidl_generator_c__visibility_control.h
[0.430s] -- Up-to-date symlink: /home/chetan-satpute/lane_following/install/orbbec_camera_msgs/include/orbbec_camera_msgs/orbbec_camera_msgs/srv/detail/get_bool__functions.h
[0.430s] -- Up-to-date symlink: /home/chetan-satpute/lane_following/install/orbbec_camera_msgs/include/orbbec_camera_msgs/orbbec_camera_msgs/srv/detail/get_bool__struct.h
[0.430s] -- Up-to-date symlink: /home/chetan-satpute/lane_following/install/orbbec_camera_msgs/include/orbbec_camera_msgs/orbbec_camera_msgs/srv/detail/get_bool__type_support.h
[0.430s] -- Up-to-date symlink: /home/chetan-satpute/lane_following/install/orbbec_camera_msgs/include/orbbec_camera_msgs/orbbec_camera_msgs/srv/detail/get_camera_info__functions.h
[0.430s] -- Up-to-date symlink: /home/chetan-satpute/lane_following/install/orbbec_camera_msgs/include/orbbec_camera_msgs/orbbec_camera_msgs/srv/detail/get_camera_info__struct.h
[0.431s] -- Up-to-date symlink: /home/chetan-satpute/lane_following/install/orbbec_camera_msgs/include/orbbec_camera_msgs/orbbec_camera_msgs/srv/detail/get_camera_info__type_support.h
[0.431s] -- Up-to-date symlink: /home/chetan-satpute/lane_following/install/orbbec_camera_msgs/include/orbbec_camera_msgs/orbbec_camera_msgs/srv/detail/get_device_info__functions.h
[0.431s] -- Up-to-date symlink: /home/chetan-satpute/lane_following/install/orbbec_camera_msgs/include/orbbec_camera_msgs/orbbec_camera_msgs/srv/detail/get_device_info__struct.h
[0.431s] -- Up-to-date symlink: /home/chetan-satpute/lane_following/install/orbbec_camera_msgs/include/orbbec_camera_msgs/orbbec_camera_msgs/srv/detail/get_device_info__type_support.h
[0.432s] -- Up-to-date symlink: /home/chetan-satpute/lane_following/install/orbbec_camera_msgs/include/orbbec_camera_msgs/orbbec_camera_msgs/srv/detail/get_int32__functions.h
[0.432s] -- Up-to-date symlink: /home/chetan-satpute/lane_following/install/orbbec_camera_msgs/include/orbbec_camera_msgs/orbbec_camera_msgs/srv/detail/get_int32__struct.h
[0.432s] -- Up-to-date symlink: /home/chetan-satpute/lane_following/install/orbbec_camera_msgs/include/orbbec_camera_msgs/orbbec_camera_msgs/srv/detail/get_int32__type_support.h
[0.432s] -- Up-to-date symlink: /home/chetan-satpute/lane_following/install/orbbec_camera_msgs/include/orbbec_camera_msgs/orbbec_camera_msgs/srv/detail/get_string__functions.h
[0.432s] -- Up-to-date symlink: /home/chetan-satpute/lane_following/install/orbbec_camera_msgs/include/orbbec_camera_msgs/orbbec_camera_msgs/srv/detail/get_string__struct.h
[0.433s] -- Up-to-date symlink: /home/chetan-satpute/lane_following/install/orbbec_camera_msgs/include/orbbec_camera_msgs/orbbec_camera_msgs/srv/detail/get_string__type_support.h
[0.433s] -- Up-to-date symlink: /home/chetan-satpute/lane_following/install/orbbec_camera_msgs/include/orbbec_camera_msgs/orbbec_camera_msgs/srv/detail/set_int32__functions.h
[0.433s] -- Up-to-date symlink: /home/chetan-satpute/lane_following/install/orbbec_camera_msgs/include/orbbec_camera_msgs/orbbec_camera_msgs/srv/detail/set_int32__struct.h
[0.433s] -- Up-to-date symlink: /home/chetan-satpute/lane_following/install/orbbec_camera_msgs/include/orbbec_camera_msgs/orbbec_camera_msgs/srv/detail/set_int32__type_support.h
[0.433s] -- Up-to-date symlink: /home/chetan-satpute/lane_following/install/orbbec_camera_msgs/include/orbbec_camera_msgs/orbbec_camera_msgs/srv/detail/set_string__functions.h
[0.433s] -- Up-to-date symlink: /home/chetan-satpute/lane_following/install/orbbec_camera_msgs/include/orbbec_camera_msgs/orbbec_camera_msgs/srv/detail/set_string__struct.h
[0.434s] -- Up-to-date symlink: /home/chetan-satpute/lane_following/install/orbbec_camera_msgs/include/orbbec_camera_msgs/orbbec_camera_msgs/srv/detail/set_string__type_support.h
[0.434s] -- Up-to-date symlink: /home/chetan-satpute/lane_following/install/orbbec_camera_msgs/include/orbbec_camera_msgs/orbbec_camera_msgs/srv/get_bool.h
[0.434s] -- Up-to-date symlink: /home/chetan-satpute/lane_following/install/orbbec_camera_msgs/include/orbbec_camera_msgs/orbbec_camera_msgs/srv/get_camera_info.h
[0.434s] -- Up-to-date symlink: /home/chetan-satpute/lane_following/install/orbbec_camera_msgs/include/orbbec_camera_msgs/orbbec_camera_msgs/srv/get_device_info.h
[0.435s] -- Up-to-date symlink: /home/chetan-satpute/lane_following/install/orbbec_camera_msgs/include/orbbec_camera_msgs/orbbec_camera_msgs/srv/get_int32.h
[0.435s] -- Up-to-date symlink: /home/chetan-satpute/lane_following/install/orbbec_camera_msgs/include/orbbec_camera_msgs/orbbec_camera_msgs/srv/get_string.h
[0.435s] -- Up-to-date symlink: /home/chetan-satpute/lane_following/install/orbbec_camera_msgs/include/orbbec_camera_msgs/orbbec_camera_msgs/srv/set_int32.h
[0.435s] -- Up-to-date symlink: /home/chetan-satpute/lane_following/install/orbbec_camera_msgs/include/orbbec_camera_msgs/orbbec_camera_msgs/srv/set_string.h
[0.435s] -- Up-to-date symlink: /home/chetan-satpute/lane_following/install/orbbec_camera_msgs/share/orbbec_camera_msgs/environment/library_path.sh
[0.435s] -- Up-to-date symlink: /home/chetan-satpute/lane_following/install/orbbec_camera_msgs/share/orbbec_camera_msgs/environment/library_path.dsv
[0.436s] -- Up-to-date symlink: /home/chetan-satpute/lane_following/install/orbbec_camera_msgs/include/orbbec_camera_msgs/orbbec_camera_msgs/msg/detail/device_info__rosidl_typesupport_fastrtps_c.h
[0.436s] -- Up-to-date symlink: /home/chetan-satpute/lane_following/install/orbbec_camera_msgs/include/orbbec_camera_msgs/orbbec_camera_msgs/msg/detail/extrinsics__rosidl_typesupport_fastrtps_c.h
[0.437s] -- Up-to-date symlink: /home/chetan-satpute/lane_following/install/orbbec_camera_msgs/include/orbbec_camera_msgs/orbbec_camera_msgs/msg/detail/imu_info__rosidl_typesupport_fastrtps_c.h
[0.437s] -- Up-to-date symlink: /home/chetan-satpute/lane_following/install/orbbec_camera_msgs/include/orbbec_camera_msgs/orbbec_camera_msgs/msg/detail/metadata__rosidl_typesupport_fastrtps_c.h
[0.437s] -- Up-to-date symlink: /home/chetan-satpute/lane_following/install/orbbec_camera_msgs/include/orbbec_camera_msgs/orbbec_camera_msgs/msg/detail/rgbd__rosidl_typesupport_fastrtps_c.h
[0.437s] -- Up-to-date symlink: /home/chetan-satpute/lane_following/install/orbbec_camera_msgs/include/orbbec_camera_msgs/orbbec_camera_msgs/msg/rosidl_typesupport_fastrtps_c__visibility_control.h
[0.438s] -- Up-to-date symlink: /home/chetan-satpute/lane_following/install/orbbec_camera_msgs/include/orbbec_camera_msgs/orbbec_camera_msgs/srv/detail/get_bool__rosidl_typesupport_fastrtps_c.h
[0.438s] -- Up-to-date symlink: /home/chetan-satpute/lane_following/install/orbbec_camera_msgs/include/orbbec_camera_msgs/orbbec_camera_msgs/srv/detail/get_camera_info__rosidl_typesupport_fastrtps_c.h
[0.438s] -- Up-to-date symlink: /home/chetan-satpute/lane_following/install/orbbec_camera_msgs/include/orbbec_camera_msgs/orbbec_camera_msgs/srv/detail/get_device_info__rosidl_typesupport_fastrtps_c.h
[0.438s] -- Up-to-date symlink: /home/chetan-satpute/lane_following/install/orbbec_camera_msgs/include/orbbec_camera_msgs/orbbec_camera_msgs/srv/detail/get_int32__rosidl_typesupport_fastrtps_c.h
[0.438s] -- Up-to-date symlink: /home/chetan-satpute/lane_following/install/orbbec_camera_msgs/include/orbbec_camera_msgs/orbbec_camera_msgs/srv/detail/get_string__rosidl_typesupport_fastrtps_c.h
[0.438s] -- Up-to-date symlink: /home/chetan-satpute/lane_following/install/orbbec_camera_msgs/include/orbbec_camera_msgs/orbbec_camera_msgs/srv/detail/set_int32__rosidl_typesupport_fastrtps_c.h
[0.438s] -- Up-to-date symlink: /home/chetan-satpute/lane_following/install/orbbec_camera_msgs/include/orbbec_camera_msgs/orbbec_camera_msgs/srv/detail/set_string__rosidl_typesupport_fastrtps_c.h
[0.439s] -- Up-to-date symlink: /home/chetan-satpute/lane_following/install/orbbec_camera_msgs/include/orbbec_camera_msgs/orbbec_camera_msgs/msg/detail/device_info__rosidl_typesupport_introspection_c.h
[0.439s] -- Up-to-date symlink: /home/chetan-satpute/lane_following/install/orbbec_camera_msgs/include/orbbec_camera_msgs/orbbec_camera_msgs/msg/detail/extrinsics__rosidl_typesupport_introspection_c.h
[0.439s] -- Up-to-date symlink: /home/chetan-satpute/lane_following/install/orbbec_camera_msgs/include/orbbec_camera_msgs/orbbec_camera_msgs/msg/detail/imu_info__rosidl_typesupport_introspection_c.h
[0.439s] -- Up-to-date symlink: /home/chetan-satpute/lane_following/install/orbbec_camera_msgs/include/orbbec_camera_msgs/orbbec_camera_msgs/msg/detail/metadata__rosidl_typesupport_introspection_c.h
[0.439s] -- Up-to-date symlink: /home/chetan-satpute/lane_following/install/orbbec_camera_msgs/include/orbbec_camera_msgs/orbbec_camera_msgs/msg/detail/rgbd__rosidl_typesupport_introspection_c.h
[0.440s] -- Up-to-date symlink: /home/chetan-satpute/lane_following/install/orbbec_camera_msgs/include/orbbec_camera_msgs/orbbec_camera_msgs/msg/rosidl_typesupport_introspection_c__visibility_control.h
[0.440s] -- Up-to-date symlink: /home/chetan-satpute/lane_following/install/orbbec_camera_msgs/include/orbbec_camera_msgs/orbbec_camera_msgs/srv/detail/get_bool__rosidl_typesupport_introspection_c.h
[0.440s] -- Up-to-date symlink: /home/chetan-satpute/lane_following/install/orbbec_camera_msgs/include/orbbec_camera_msgs/orbbec_camera_msgs/srv/detail/get_camera_info__rosidl_typesupport_introspection_c.h
[0.440s] -- Up-to-date symlink: /home/chetan-satpute/lane_following/install/orbbec_camera_msgs/include/orbbec_camera_msgs/orbbec_camera_msgs/srv/detail/get_device_info__rosidl_typesupport_introspection_c.h
[0.440s] -- Up-to-date symlink: /home/chetan-satpute/lane_following/install/orbbec_camera_msgs/include/orbbec_camera_msgs/orbbec_camera_msgs/srv/detail/get_int32__rosidl_typesupport_introspection_c.h
[0.441s] -- Up-to-date symlink: /home/chetan-satpute/lane_following/install/orbbec_camera_msgs/include/orbbec_camera_msgs/orbbec_camera_msgs/srv/detail/get_string__rosidl_typesupport_introspection_c.h
[0.441s] -- Up-to-date symlink: /home/chetan-satpute/lane_following/install/orbbec_camera_msgs/include/orbbec_camera_msgs/orbbec_camera_msgs/srv/detail/set_int32__rosidl_typesupport_introspection_c.h
[0.441s] -- Up-to-date symlink: /home/chetan-satpute/lane_following/install/orbbec_camera_msgs/include/orbbec_camera_msgs/orbbec_camera_msgs/srv/detail/set_string__rosidl_typesupport_introspection_c.h
[0.441s] -- Up-to-date symlink: /home/chetan-satpute/lane_following/install/orbbec_camera_msgs/include/orbbec_camera_msgs/orbbec_camera_msgs/msg/detail/device_info__builder.hpp
[0.441s] -- Up-to-date symlink: /home/chetan-satpute/lane_following/install/orbbec_camera_msgs/include/orbbec_camera_msgs/orbbec_camera_msgs/msg/detail/device_info__struct.hpp
[0.442s] -- Up-to-date symlink: /home/chetan-satpute/lane_following/install/orbbec_camera_msgs/include/orbbec_camera_msgs/orbbec_camera_msgs/msg/detail/device_info__traits.hpp
[0.442s] -- Up-to-date symlink: /home/chetan-satpute/lane_following/install/orbbec_camera_msgs/include/orbbec_camera_msgs/orbbec_camera_msgs/msg/detail/device_info__type_support.hpp
[0.442s] -- Up-to-date symlink: /home/chetan-satpute/lane_following/install/orbbec_camera_msgs/include/orbbec_camera_msgs/orbbec_camera_msgs/msg/detail/extrinsics__builder.hpp
[0.442s] -- Up-to-date symlink: /home/chetan-satpute/lane_following/install/orbbec_camera_msgs/include/orbbec_camera_msgs/orbbec_camera_msgs/msg/detail/extrinsics__struct.hpp
[0.442s] -- Up-to-date symlink: /home/chetan-satpute/lane_following/install/orbbec_camera_msgs/include/orbbec_camera_msgs/orbbec_camera_msgs/msg/detail/extrinsics__traits.hpp
[0.443s] -- Up-to-date symlink: /home/chetan-satpute/lane_following/install/orbbec_camera_msgs/include/orbbec_camera_msgs/orbbec_camera_msgs/msg/detail/extrinsics__type_support.hpp
[0.443s] -- Up-to-date symlink: /home/chetan-satpute/lane_following/install/orbbec_camera_msgs/include/orbbec_camera_msgs/orbbec_camera_msgs/msg/detail/imu_info__builder.hpp
[0.443s] -- Up-to-date symlink: /home/chetan-satpute/lane_following/install/orbbec_camera_msgs/include/orbbec_camera_msgs/orbbec_camera_msgs/msg/detail/imu_info__struct.hpp
[0.443s] -- Up-to-date symlink: /home/chetan-satpute/lane_following/install/orbbec_camera_msgs/include/orbbec_camera_msgs/orbbec_camera_msgs/msg/detail/imu_info__traits.hpp
[0.443s] -- Up-to-date symlink: /home/chetan-satpute/lane_following/install/orbbec_camera_msgs/include/orbbec_camera_msgs/orbbec_camera_msgs/msg/detail/imu_info__type_support.hpp
[0.444s] -- Up-to-date symlink: /home/chetan-satpute/lane_following/install/orbbec_camera_msgs/include/orbbec_camera_msgs/orbbec_camera_msgs/msg/detail/metadata__builder.hpp
[0.444s] -- Up-to-date symlink: /home/chetan-satpute/lane_following/install/orbbec_camera_msgs/include/orbbec_camera_msgs/orbbec_camera_msgs/msg/detail/metadata__struct.hpp
[0.444s] -- Up-to-date symlink: /home/chetan-satpute/lane_following/install/orbbec_camera_msgs/include/orbbec_camera_msgs/orbbec_camera_msgs/msg/detail/metadata__traits.hpp
[0.444s] -- Up-to-date symlink: /home/chetan-satpute/lane_following/install/orbbec_camera_msgs/include/orbbec_camera_msgs/orbbec_camera_msgs/msg/detail/metadata__type_support.hpp
[0.445s] -- Up-to-date symlink: /home/chetan-satpute/lane_following/install/orbbec_camera_msgs/include/orbbec_camera_msgs/orbbec_camera_msgs/msg/detail/rgbd__builder.hpp
[0.445s] -- Up-to-date symlink: /home/chetan-satpute/lane_following/install/orbbec_camera_msgs/include/orbbec_camera_msgs/orbbec_camera_msgs/msg/detail/rgbd__struct.hpp
[0.445s] -- Up-to-date symlink: /home/chetan-satpute/lane_following/install/orbbec_camera_msgs/include/orbbec_camera_msgs/orbbec_camera_msgs/msg/detail/rgbd__traits.hpp
[0.445s] -- Up-to-date symlink: /home/chetan-satpute/lane_following/install/orbbec_camera_msgs/include/orbbec_camera_msgs/orbbec_camera_msgs/msg/detail/rgbd__type_support.hpp
[0.445s] -- Up-to-date symlink: /home/chetan-satpute/lane_following/install/orbbec_camera_msgs/include/orbbec_camera_msgs/orbbec_camera_msgs/msg/device_info.hpp
[0.446s] -- Up-to-date symlink: /home/chetan-satpute/lane_following/install/orbbec_camera_msgs/include/orbbec_camera_msgs/orbbec_camera_msgs/msg/extrinsics.hpp
[0.446s] -- Up-to-date symlink: /home/chetan-satpute/lane_following/install/orbbec_camera_msgs/include/orbbec_camera_msgs/orbbec_camera_msgs/msg/imu_info.hpp
[0.447s] -- Up-to-date symlink: /home/chetan-satpute/lane_following/install/orbbec_camera_msgs/include/orbbec_camera_msgs/orbbec_camera_msgs/msg/metadata.hpp
[0.448s] -- Up-to-date symlink: /home/chetan-satpute/lane_following/install/orbbec_camera_msgs/include/orbbec_camera_msgs/orbbec_camera_msgs/msg/rgbd.hpp
[0.448s] -- Up-to-date symlink: /home/chetan-satpute/lane_following/install/orbbec_camera_msgs/include/orbbec_camera_msgs/orbbec_camera_msgs/msg/rosidl_generator_cpp__visibility_control.hpp
[0.449s] -- Up-to-date symlink: /home/chetan-satpute/lane_following/install/orbbec_camera_msgs/include/orbbec_camera_msgs/orbbec_camera_msgs/srv/detail/get_bool__builder.hpp
[0.449s] -- Up-to-date symlink: /home/chetan-satpute/lane_following/install/orbbec_camera_msgs/include/orbbec_camera_msgs/orbbec_camera_msgs/srv/detail/get_bool__struct.hpp
[0.449s] -- Up-to-date symlink: /home/chetan-satpute/lane_following/install/orbbec_camera_msgs/include/orbbec_camera_msgs/orbbec_camera_msgs/srv/detail/get_bool__traits.hpp
[0.449s] -- Up-to-date symlink: /home/chetan-satpute/lane_following/install/orbbec_camera_msgs/include/orbbec_camera_msgs/orbbec_camera_msgs/srv/detail/get_bool__type_support.hpp
[0.449s] -- Up-to-date symlink: /home/chetan-satpute/lane_following/install/orbbec_camera_msgs/include/orbbec_camera_msgs/orbbec_camera_msgs/srv/detail/get_camera_info__builder.hpp
[0.449s] -- Up-to-date symlink: /home/chetan-satpute/lane_following/install/orbbec_camera_msgs/include/orbbec_camera_msgs/orbbec_camera_msgs/srv/detail/get_camera_info__struct.hpp
[0.449s] -- Up-to-date symlink: /home/chetan-satpute/lane_following/install/orbbec_camera_msgs/include/orbbec_camera_msgs/orbbec_camera_msgs/srv/detail/get_camera_info__traits.hpp
[0.449s] -- Up-to-date symlink: /home/chetan-satpute/lane_following/install/orbbec_camera_msgs/include/orbbec_camera_msgs/orbbec_camera_msgs/srv/detail/get_camera_info__type_support.hpp
[0.449s] -- Up-to-date symlink: /home/chetan-satpute/lane_following/install/orbbec_camera_msgs/include/orbbec_camera_msgs/orbbec_camera_msgs/srv/detail/get_device_info__builder.hpp
[0.449s] -- Up-to-date symlink: /home/chetan-satpute/lane_following/install/orbbec_camera_msgs/include/orbbec_camera_msgs/orbbec_camera_msgs/srv/detail/get_device_info__struct.hpp
[0.450s] -- Up-to-date symlink: /home/chetan-satpute/lane_following/install/orbbec_camera_msgs/include/orbbec_camera_msgs/orbbec_camera_msgs/srv/detail/get_device_info__traits.hpp
[0.450s] -- Up-to-date symlink: /home/chetan-satpute/lane_following/install/orbbec_camera_msgs/include/orbbec_camera_msgs/orbbec_camera_msgs/srv/detail/get_device_info__type_support.hpp
[0.450s] -- Up-to-date symlink: /home/chetan-satpute/lane_following/install/orbbec_camera_msgs/include/orbbec_camera_msgs/orbbec_camera_msgs/srv/detail/get_int32__builder.hpp
[0.450s] -- Up-to-date symlink: /home/chetan-satpute/lane_following/install/orbbec_camera_msgs/include/orbbec_camera_msgs/orbbec_camera_msgs/srv/detail/get_int32__struct.hpp
[0.450s] -- Up-to-date symlink: /home/chetan-satpute/lane_following/install/orbbec_camera_msgs/include/orbbec_camera_msgs/orbbec_camera_msgs/srv/detail/get_int32__traits.hpp
[0.450s] -- Up-to-date symlink: /home/chetan-satpute/lane_following/install/orbbec_camera_msgs/include/orbbec_camera_msgs/orbbec_camera_msgs/srv/detail/get_int32__type_support.hpp
[0.450s] -- Up-to-date symlink: /home/chetan-satpute/lane_following/install/orbbec_camera_msgs/include/orbbec_camera_msgs/orbbec_camera_msgs/srv/detail/get_string__builder.hpp
[0.450s] -- Up-to-date symlink: /home/chetan-satpute/lane_following/install/orbbec_camera_msgs/include/orbbec_camera_msgs/orbbec_camera_msgs/srv/detail/get_string__struct.hpp
[0.450s] -- Up-to-date symlink: /home/chetan-satpute/lane_following/install/orbbec_camera_msgs/include/orbbec_camera_msgs/orbbec_camera_msgs/srv/detail/get_string__traits.hpp
[0.450s] -- Up-to-date symlink: /home/chetan-satpute/lane_following/install/orbbec_camera_msgs/include/orbbec_camera_msgs/orbbec_camera_msgs/srv/detail/get_string__type_support.hpp
[0.450s] -- Up-to-date symlink: /home/chetan-satpute/lane_following/install/orbbec_camera_msgs/include/orbbec_camera_msgs/orbbec_camera_msgs/srv/detail/set_int32__builder.hpp
[0.450s] -- Up-to-date symlink: /home/chetan-satpute/lane_following/install/orbbec_camera_msgs/include/orbbec_camera_msgs/orbbec_camera_msgs/srv/detail/set_int32__struct.hpp
[0.450s] -- Up-to-date symlink: /home/chetan-satpute/lane_following/install/orbbec_camera_msgs/include/orbbec_camera_msgs/orbbec_camera_msgs/srv/detail/set_int32__traits.hpp
[0.450s] -- Up-to-date symlink: /home/chetan-satpute/lane_following/install/orbbec_camera_msgs/include/orbbec_camera_msgs/orbbec_camera_msgs/srv/detail/set_int32__type_support.hpp
[0.450s] -- Up-to-date symlink: /home/chetan-satpute/lane_following/install/orbbec_camera_msgs/include/orbbec_camera_msgs/orbbec_camera_msgs/srv/detail/set_string__builder.hpp
[0.451s] -- Up-to-date symlink: /home/chetan-satpute/lane_following/install/orbbec_camera_msgs/include/orbbec_camera_msgs/orbbec_camera_msgs/srv/detail/set_string__struct.hpp
[0.451s] -- Up-to-date symlink: /home/chetan-satpute/lane_following/install/orbbec_camera_msgs/include/orbbec_camera_msgs/orbbec_camera_msgs/srv/detail/set_string__traits.hpp
[0.451s] -- Up-to-date symlink: /home/chetan-satpute/lane_following/install/orbbec_camera_msgs/include/orbbec_camera_msgs/orbbec_camera_msgs/srv/detail/set_string__type_support.hpp
[0.451s] -- Up-to-date symlink: /home/chetan-satpute/lane_following/install/orbbec_camera_msgs/include/orbbec_camera_msgs/orbbec_camera_msgs/srv/get_bool.hpp
[0.452s] -- Up-to-date symlink: /home/chetan-satpute/lane_following/install/orbbec_camera_msgs/include/orbbec_camera_msgs/orbbec_camera_msgs/srv/get_camera_info.hpp
[0.452s] -- Up-to-date symlink: /home/chetan-satpute/lane_following/install/orbbec_camera_msgs/include/orbbec_camera_msgs/orbbec_camera_msgs/srv/get_device_info.hpp
[0.452s] -- Up-to-date symlink: /home/chetan-satpute/lane_following/install/orbbec_camera_msgs/include/orbbec_camera_msgs/orbbec_camera_msgs/srv/get_int32.hpp
[0.453s] -- Up-to-date symlink: /home/chetan-satpute/lane_following/install/orbbec_camera_msgs/include/orbbec_camera_msgs/orbbec_camera_msgs/srv/get_string.hpp
[0.453s] -- Up-to-date symlink: /home/chetan-satpute/lane_following/install/orbbec_camera_msgs/include/orbbec_camera_msgs/orbbec_camera_msgs/srv/set_int32.hpp
[0.453s] -- Up-to-date symlink: /home/chetan-satpute/lane_following/install/orbbec_camera_msgs/include/orbbec_camera_msgs/orbbec_camera_msgs/srv/set_string.hpp
[0.453s] -- Up-to-date symlink: /home/chetan-satpute/lane_following/install/orbbec_camera_msgs/include/orbbec_camera_msgs/orbbec_camera_msgs/msg/detail/device_info__rosidl_typesupport_fastrtps_cpp.hpp
[0.453s] -- Up-to-date symlink: /home/chetan-satpute/lane_following/install/orbbec_camera_msgs/include/orbbec_camera_msgs/orbbec_camera_msgs/msg/detail/extrinsics__rosidl_typesupport_fastrtps_cpp.hpp
[0.453s] -- Up-to-date symlink: /home/chetan-satpute/lane_following/install/orbbec_camera_msgs/include/orbbec_camera_msgs/orbbec_camera_msgs/msg/detail/imu_info__rosidl_typesupport_fastrtps_cpp.hpp
[0.453s] -- Up-to-date symlink: /home/chetan-satpute/lane_following/install/orbbec_camera_msgs/include/orbbec_camera_msgs/orbbec_camera_msgs/msg/detail/metadata__rosidl_typesupport_fastrtps_cpp.hpp
[0.453s] -- Up-to-date symlink: /home/chetan-satpute/lane_following/install/orbbec_camera_msgs/include/orbbec_camera_msgs/orbbec_camera_msgs/msg/detail/rgbd__rosidl_typesupport_fastrtps_cpp.hpp
[0.453s] -- Up-to-date symlink: /home/chetan-satpute/lane_following/install/orbbec_camera_msgs/include/orbbec_camera_msgs/orbbec_camera_msgs/msg/rosidl_typesupport_fastrtps_cpp__visibility_control.h
[0.453s] -- Up-to-date symlink: /home/chetan-satpute/lane_following/install/orbbec_camera_msgs/include/orbbec_camera_msgs/orbbec_camera_msgs/srv/detail/get_bool__rosidl_typesupport_fastrtps_cpp.hpp
[0.453s] -- Up-to-date symlink: /home/chetan-satpute/lane_following/install/orbbec_camera_msgs/include/orbbec_camera_msgs/orbbec_camera_msgs/srv/detail/get_camera_info__rosidl_typesupport_fastrtps_cpp.hpp
[0.453s] -- Up-to-date symlink: /home/chetan-satpute/lane_following/install/orbbec_camera_msgs/include/orbbec_camera_msgs/orbbec_camera_msgs/srv/detail/get_device_info__rosidl_typesupport_fastrtps_cpp.hpp
[0.454s] -- Up-to-date symlink: /home/chetan-satpute/lane_following/install/orbbec_camera_msgs/include/orbbec_camera_msgs/orbbec_camera_msgs/srv/detail/get_int32__rosidl_typesupport_fastrtps_cpp.hpp
[0.454s] -- Up-to-date symlink: /home/chetan-satpute/lane_following/install/orbbec_camera_msgs/include/orbbec_camera_msgs/orbbec_camera_msgs/srv/detail/get_string__rosidl_typesupport_fastrtps_cpp.hpp
[0.454s] -- Up-to-date symlink: /home/chetan-satpute/lane_following/install/orbbec_camera_msgs/include/orbbec_camera_msgs/orbbec_camera_msgs/srv/detail/set_int32__rosidl_typesupport_fastrtps_cpp.hpp
[0.454s] -- Up-to-date symlink: /home/chetan-satpute/lane_following/install/orbbec_camera_msgs/include/orbbec_camera_msgs/orbbec_camera_msgs/srv/detail/set_string__rosidl_typesupport_fastrtps_cpp.hpp
[0.454s] -- Up-to-date symlink: /home/chetan-satpute/lane_following/install/orbbec_camera_msgs/include/orbbec_camera_msgs/orbbec_camera_msgs/msg/detail/device_info__rosidl_typesupport_introspection_cpp.hpp
[0.454s] -- Up-to-date symlink: /home/chetan-satpute/lane_following/install/orbbec_camera_msgs/include/orbbec_camera_msgs/orbbec_camera_msgs/msg/detail/extrinsics__rosidl_typesupport_introspection_cpp.hpp
[0.454s] -- Up-to-date symlink: /home/chetan-satpute/lane_following/install/orbbec_camera_msgs/include/orbbec_camera_msgs/orbbec_camera_msgs/msg/detail/imu_info__rosidl_typesupport_introspection_cpp.hpp
[0.454s] -- Up-to-date symlink: /home/chetan-satpute/lane_following/install/orbbec_camera_msgs/include/orbbec_camera_msgs/orbbec_camera_msgs/msg/detail/metadata__rosidl_typesupport_introspection_cpp.hpp
[0.454s] -- Up-to-date symlink: /home/chetan-satpute/lane_following/install/orbbec_camera_msgs/include/orbbec_camera_msgs/orbbec_camera_msgs/msg/detail/rgbd__rosidl_typesupport_introspection_cpp.hpp
[0.454s] -- Up-to-date symlink: /home/chetan-satpute/lane_following/install/orbbec_camera_msgs/include/orbbec_camera_msgs/orbbec_camera_msgs/srv/detail/get_bool__rosidl_typesupport_introspection_cpp.hpp
[0.454s] -- Up-to-date symlink: /home/chetan-satpute/lane_following/install/orbbec_camera_msgs/include/orbbec_camera_msgs/orbbec_camera_msgs/srv/detail/get_camera_info__rosidl_typesupport_introspection_cpp.hpp
[0.455s] -- Up-to-date symlink: /home/chetan-satpute/lane_following/install/orbbec_camera_msgs/include/orbbec_camera_msgs/orbbec_camera_msgs/srv/detail/get_device_info__rosidl_typesupport_introspection_cpp.hpp
[0.455s] -- Up-to-date symlink: /home/chetan-satpute/lane_following/install/orbbec_camera_msgs/include/orbbec_camera_msgs/orbbec_camera_msgs/srv/detail/get_int32__rosidl_typesupport_introspection_cpp.hpp
[0.455s] -- Up-to-date symlink: /home/chetan-satpute/lane_following/install/orbbec_camera_msgs/include/orbbec_camera_msgs/orbbec_camera_msgs/srv/detail/get_string__rosidl_typesupport_introspection_cpp.hpp
[0.455s] -- Up-to-date symlink: /home/chetan-satpute/lane_following/install/orbbec_camera_msgs/include/orbbec_camera_msgs/orbbec_camera_msgs/srv/detail/set_int32__rosidl_typesupport_introspection_cpp.hpp
[0.455s] -- Up-to-date symlink: /home/chetan-satpute/lane_following/install/orbbec_camera_msgs/include/orbbec_camera_msgs/orbbec_camera_msgs/srv/detail/set_string__rosidl_typesupport_introspection_cpp.hpp
[0.455s] -- Up-to-date symlink: /home/chetan-satpute/lane_following/install/orbbec_camera_msgs/share/orbbec_camera_msgs/environment/pythonpath.sh
[0.455s] -- Up-to-date symlink: /home/chetan-satpute/lane_following/install/orbbec_camera_msgs/share/orbbec_camera_msgs/environment/pythonpath.dsv
[0.455s] -- Up-to-date symlink: /home/chetan-satpute/lane_following/install/orbbec_camera_msgs/local/lib/python3.10/dist-packages/orbbec_camera_msgs-1.5.15-py3.10.egg-info/PKG-INFO
[0.455s] -- Up-to-date symlink: /home/chetan-satpute/lane_following/install/orbbec_camera_msgs/local/lib/python3.10/dist-packages/orbbec_camera_msgs-1.5.15-py3.10.egg-info/SOURCES.txt
[0.455s] -- Up-to-date symlink: /home/chetan-satpute/lane_following/install/orbbec_camera_msgs/local/lib/python3.10/dist-packages/orbbec_camera_msgs-1.5.15-py3.10.egg-info/dependency_links.txt
[0.456s] -- Up-to-date symlink: /home/chetan-satpute/lane_following/install/orbbec_camera_msgs/local/lib/python3.10/dist-packages/orbbec_camera_msgs-1.5.15-py3.10.egg-info/top_level.txt
[0.456s] -- Up-to-date symlink: /home/chetan-satpute/lane_following/install/orbbec_camera_msgs/local/lib/python3.10/dist-packages/orbbec_camera_msgs/__init__.py
[0.457s] -- Up-to-date symlink: /home/chetan-satpute/lane_following/install/orbbec_camera_msgs/local/lib/python3.10/dist-packages/orbbec_camera_msgs/_orbbec_camera_msgs_s.ep.rosidl_typesupport_c.c
[0.458s] -- Up-to-date symlink: /home/chetan-satpute/lane_following/install/orbbec_camera_msgs/local/lib/python3.10/dist-packages/orbbec_camera_msgs/_orbbec_camera_msgs_s.ep.rosidl_typesupport_fastrtps_c.c
[0.458s] -- Up-to-date symlink: /home/chetan-satpute/lane_following/install/orbbec_camera_msgs/local/lib/python3.10/dist-packages/orbbec_camera_msgs/_orbbec_camera_msgs_s.ep.rosidl_typesupport_introspection_c.c
[0.458s] -- Up-to-date symlink: /home/chetan-satpute/lane_following/install/orbbec_camera_msgs/local/lib/python3.10/dist-packages/orbbec_camera_msgs/liborbbec_camera_msgs__rosidl_generator_py.so
[0.459s] -- Up-to-date symlink: /home/chetan-satpute/lane_following/install/orbbec_camera_msgs/local/lib/python3.10/dist-packages/orbbec_camera_msgs/msg/__init__.py
[0.459s] -- Up-to-date symlink: /home/chetan-satpute/lane_following/install/orbbec_camera_msgs/local/lib/python3.10/dist-packages/orbbec_camera_msgs/msg/_device_info.py
[0.459s] -- Up-to-date symlink: /home/chetan-satpute/lane_following/install/orbbec_camera_msgs/local/lib/python3.10/dist-packages/orbbec_camera_msgs/msg/_device_info_s.c
[0.459s] -- Up-to-date symlink: /home/chetan-satpute/lane_following/install/orbbec_camera_msgs/local/lib/python3.10/dist-packages/orbbec_camera_msgs/msg/_extrinsics.py
[0.460s] -- Up-to-date symlink: /home/chetan-satpute/lane_following/install/orbbec_camera_msgs/local/lib/python3.10/dist-packages/orbbec_camera_msgs/msg/_extrinsics_s.c
[0.460s] -- Up-to-date symlink: /home/chetan-satpute/lane_following/install/orbbec_camera_msgs/local/lib/python3.10/dist-packages/orbbec_camera_msgs/msg/_imu_info.py
[0.460s] -- Up-to-date symlink: /home/chetan-satpute/lane_following/install/orbbec_camera_msgs/local/lib/python3.10/dist-packages/orbbec_camera_msgs/msg/_imu_info_s.c
[0.460s] -- Up-to-date symlink: /home/chetan-satpute/lane_following/install/orbbec_camera_msgs/local/lib/python3.10/dist-packages/orbbec_camera_msgs/msg/_metadata.py
[0.460s] -- Up-to-date symlink: /home/chetan-satpute/lane_following/install/orbbec_camera_msgs/local/lib/python3.10/dist-packages/orbbec_camera_msgs/msg/_metadata_s.c
[0.460s] -- Up-to-date symlink: /home/chetan-satpute/lane_following/install/orbbec_camera_msgs/local/lib/python3.10/dist-packages/orbbec_camera_msgs/msg/_rgbd.py
[0.460s] -- Up-to-date symlink: /home/chetan-satpute/lane_following/install/orbbec_camera_msgs/local/lib/python3.10/dist-packages/orbbec_camera_msgs/msg/_rgbd_s.c
[0.460s] -- Up-to-date symlink: /home/chetan-satpute/lane_following/install/orbbec_camera_msgs/local/lib/python3.10/dist-packages/orbbec_camera_msgs/orbbec_camera_msgs_s__rosidl_typesupport_c.cpython-310-x86_64-linux-gnu.so
[0.460s] -- Up-to-date symlink: /home/chetan-satpute/lane_following/install/orbbec_camera_msgs/local/lib/python3.10/dist-packages/orbbec_camera_msgs/orbbec_camera_msgs_s__rosidl_typesupport_fastrtps_c.cpython-310-x86_64-linux-gnu.so
[0.461s] -- Up-to-date symlink: /home/chetan-satpute/lane_following/install/orbbec_camera_msgs/local/lib/python3.10/dist-packages/orbbec_camera_msgs/orbbec_camera_msgs_s__rosidl_typesupport_introspection_c.cpython-310-x86_64-linux-gnu.so
[0.461s] -- Up-to-date symlink: /home/chetan-satpute/lane_following/install/orbbec_camera_msgs/local/lib/python3.10/dist-packages/orbbec_camera_msgs/srv/__init__.py
[0.461s] -- Up-to-date symlink: /home/chetan-satpute/lane_following/install/orbbec_camera_msgs/local/lib/python3.10/dist-packages/orbbec_camera_msgs/srv/_get_bool.py
[0.461s] -- Up-to-date symlink: /home/chetan-satpute/lane_following/install/orbbec_camera_msgs/local/lib/python3.10/dist-packages/orbbec_camera_msgs/srv/_get_bool_s.c
[0.461s] -- Up-to-date symlink: /home/chetan-satpute/lane_following/install/orbbec_camera_msgs/local/lib/python3.10/dist-packages/orbbec_camera_msgs/srv/_get_camera_info.py
[0.461s] -- Up-to-date symlink: /home/chetan-satpute/lane_following/install/orbbec_camera_msgs/local/lib/python3.10/dist-packages/orbbec_camera_msgs/srv/_get_camera_info_s.c
[0.461s] -- Up-to-date symlink: /home/chetan-satpute/lane_following/install/orbbec_camera_msgs/local/lib/python3.10/dist-packages/orbbec_camera_msgs/srv/_get_device_info.py
[0.461s] -- Up-to-date symlink: /home/chetan-satpute/lane_following/install/orbbec_camera_msgs/local/lib/python3.10/dist-packages/orbbec_camera_msgs/srv/_get_device_info_s.c
[0.461s] -- Up-to-date symlink: /home/chetan-satpute/lane_following/install/orbbec_camera_msgs/local/lib/python3.10/dist-packages/orbbec_camera_msgs/srv/_get_int32.py
[0.461s] -- Up-to-date symlink: /home/chetan-satpute/lane_following/install/orbbec_camera_msgs/local/lib/python3.10/dist-packages/orbbec_camera_msgs/srv/_get_int32_s.c
[0.461s] -- Up-to-date symlink: /home/chetan-satpute/lane_following/install/orbbec_camera_msgs/local/lib/python3.10/dist-packages/orbbec_camera_msgs/srv/_get_string.py
[0.462s] -- Up-to-date symlink: /home/chetan-satpute/lane_following/install/orbbec_camera_msgs/local/lib/python3.10/dist-packages/orbbec_camera_msgs/srv/_get_string_s.c
[0.462s] -- Up-to-date symlink: /home/chetan-satpute/lane_following/install/orbbec_camera_msgs/local/lib/python3.10/dist-packages/orbbec_camera_msgs/srv/_set_int32.py
[0.462s] -- Up-to-date symlink: /home/chetan-satpute/lane_following/install/orbbec_camera_msgs/local/lib/python3.10/dist-packages/orbbec_camera_msgs/srv/_set_int32_s.c
[0.462s] -- Up-to-date symlink: /home/chetan-satpute/lane_following/install/orbbec_camera_msgs/local/lib/python3.10/dist-packages/orbbec_camera_msgs/srv/_set_string.py
[0.462s] -- Up-to-date symlink: /home/chetan-satpute/lane_following/install/orbbec_camera_msgs/local/lib/python3.10/dist-packages/orbbec_camera_msgs/srv/_set_string_s.c
[0.462s] -- Up-to-date symlink: /home/chetan-satpute/lane_following/install/orbbec_camera_msgs/local/lib/python3.10/dist-packages/orbbec_camera_msgs/orbbec_camera_msgs_s__rosidl_typesupport_fastrtps_c.cpython-310-x86_64-linux-gnu.so
[0.462s] -- Up-to-date symlink: /home/chetan-satpute/lane_following/install/orbbec_camera_msgs/local/lib/python3.10/dist-packages/orbbec_camera_msgs/orbbec_camera_msgs_s__rosidl_typesupport_introspection_c.cpython-310-x86_64-linux-gnu.so
[0.462s] -- Up-to-date symlink: /home/chetan-satpute/lane_following/install/orbbec_camera_msgs/local/lib/python3.10/dist-packages/orbbec_camera_msgs/orbbec_camera_msgs_s__rosidl_typesupport_c.cpython-310-x86_64-linux-gnu.so
[0.462s] -- Up-to-date symlink: /home/chetan-satpute/lane_following/install/orbbec_camera_msgs/share/orbbec_camera_msgs/msg/DeviceInfo.idl
[0.462s] -- Up-to-date symlink: /home/chetan-satpute/lane_following/install/orbbec_camera_msgs/share/orbbec_camera_msgs/msg/Extrinsics.idl
[0.462s] -- Up-to-date symlink: /home/chetan-satpute/lane_following/install/orbbec_camera_msgs/share/orbbec_camera_msgs/msg/Metadata.idl
[0.462s] -- Up-to-date symlink: /home/chetan-satpute/lane_following/install/orbbec_camera_msgs/share/orbbec_camera_msgs/msg/IMUInfo.idl
[0.462s] -- Up-to-date symlink: /home/chetan-satpute/lane_following/install/orbbec_camera_msgs/share/orbbec_camera_msgs/msg/RGBD.idl
[0.463s] -- Up-to-date symlink: /home/chetan-satpute/lane_following/install/orbbec_camera_msgs/share/orbbec_camera_msgs/srv/GetBool.idl
[0.463s] -- Up-to-date symlink: /home/chetan-satpute/lane_following/install/orbbec_camera_msgs/share/orbbec_camera_msgs/srv/GetDeviceInfo.idl
[0.463s] -- Up-to-date symlink: /home/chetan-satpute/lane_following/install/orbbec_camera_msgs/share/orbbec_camera_msgs/srv/GetCameraInfo.idl
[0.463s] -- Up-to-date symlink: /home/chetan-satpute/lane_following/install/orbbec_camera_msgs/share/orbbec_camera_msgs/srv/GetInt32.idl
[0.463s] -- Up-to-date symlink: /home/chetan-satpute/lane_following/install/orbbec_camera_msgs/share/orbbec_camera_msgs/srv/GetString.idl
[0.463s] -- Up-to-date symlink: /home/chetan-satpute/lane_following/install/orbbec_camera_msgs/share/orbbec_camera_msgs/srv/SetInt32.idl
[0.463s] -- Up-to-date symlink: /home/chetan-satpute/lane_following/install/orbbec_camera_msgs/share/orbbec_camera_msgs/srv/SetString.idl
[0.463s] -- Up-to-date symlink: /home/chetan-satpute/lane_following/install/orbbec_camera_msgs/share/orbbec_camera_msgs/msg/DeviceInfo.msg
[0.463s] -- Up-to-date symlink: /home/chetan-satpute/lane_following/install/orbbec_camera_msgs/share/orbbec_camera_msgs/msg/Extrinsics.msg
[0.463s] -- Up-to-date symlink: /home/chetan-satpute/lane_following/install/orbbec_camera_msgs/share/orbbec_camera_msgs/msg/Metadata.msg
[0.463s] -- Up-to-date symlink: /home/chetan-satpute/lane_following/install/orbbec_camera_msgs/share/orbbec_camera_msgs/msg/IMUInfo.msg
[0.463s] -- Up-to-date symlink: /home/chetan-satpute/lane_following/install/orbbec_camera_msgs/share/orbbec_camera_msgs/msg/RGBD.msg
[0.464s] -- Up-to-date symlink: /home/chetan-satpute/lane_following/install/orbbec_camera_msgs/share/orbbec_camera_msgs/srv/GetBool.srv
[0.464s] -- Up-to-date symlink: /home/chetan-satpute/lane_following/install/orbbec_camera_msgs/share/orbbec_camera_msgs/srv/GetBool_Request.msg
[0.464s] -- Up-to-date symlink: /home/chetan-satpute/lane_following/install/orbbec_camera_msgs/share/orbbec_camera_msgs/srv/GetBool_Response.msg
[0.464s] -- Up-to-date symlink: /home/chetan-satpute/lane_following/install/orbbec_camera_msgs/share/orbbec_camera_msgs/srv/GetDeviceInfo.srv
[0.464s] -- Up-to-date symlink: /home/chetan-satpute/lane_following/install/orbbec_camera_msgs/share/orbbec_camera_msgs/srv/GetDeviceInfo_Request.msg
[0.464s] -- Up-to-date symlink: /home/chetan-satpute/lane_following/install/orbbec_camera_msgs/share/orbbec_camera_msgs/srv/GetDeviceInfo_Response.msg
[0.464s] -- Up-to-date symlink: /home/chetan-satpute/lane_following/install/orbbec_camera_msgs/share/orbbec_camera_msgs/srv/GetCameraInfo.srv
[0.464s] -- Up-to-date symlink: /home/chetan-satpute/lane_following/install/orbbec_camera_msgs/share/orbbec_camera_msgs/srv/GetCameraInfo_Request.msg
[0.464s] -- Up-to-date symlink: /home/chetan-satpute/lane_following/install/orbbec_camera_msgs/share/orbbec_camera_msgs/srv/GetCameraInfo_Response.msg
[0.464s] -- Up-to-date symlink: /home/chetan-satpute/lane_following/install/orbbec_camera_msgs/share/orbbec_camera_msgs/srv/GetInt32.srv
[0.465s] -- Up-to-date symlink: /home/chetan-satpute/lane_following/install/orbbec_camera_msgs/share/orbbec_camera_msgs/srv/GetInt32_Request.msg
[0.465s] -- Up-to-date symlink: /home/chetan-satpute/lane_following/install/orbbec_camera_msgs/share/orbbec_camera_msgs/srv/GetInt32_Response.msg
[0.465s] -- Up-to-date symlink: /home/chetan-satpute/lane_following/install/orbbec_camera_msgs/share/orbbec_camera_msgs/srv/GetString.srv
[0.465s] -- Up-to-date symlink: /home/chetan-satpute/lane_following/install/orbbec_camera_msgs/share/orbbec_camera_msgs/srv/GetString_Request.msg
[0.465s] -- Up-to-date symlink: /home/chetan-satpute/lane_following/install/orbbec_camera_msgs/share/orbbec_camera_msgs/srv/GetString_Response.msg
[0.465s] -- Up-to-date symlink: /home/chetan-satpute/lane_following/install/orbbec_camera_msgs/share/orbbec_camera_msgs/srv/SetInt32.srv
[0.465s] -- Up-to-date symlink: /home/chetan-satpute/lane_following/install/orbbec_camera_msgs/share/orbbec_camera_msgs/srv/SetInt32_Request.msg
[0.466s] -- Up-to-date symlink: /home/chetan-satpute/lane_following/install/orbbec_camera_msgs/share/orbbec_camera_msgs/srv/SetInt32_Response.msg
[0.466s] -- Up-to-date symlink: /home/chetan-satpute/lane_following/install/orbbec_camera_msgs/share/orbbec_camera_msgs/srv/SetString.srv
[0.466s] -- Up-to-date symlink: /home/chetan-satpute/lane_following/install/orbbec_camera_msgs/share/orbbec_camera_msgs/srv/SetString_Request.msg
[0.466s] -- Up-to-date symlink: /home/chetan-satpute/lane_following/install/orbbec_camera_msgs/share/orbbec_camera_msgs/srv/SetString_Response.msg
[0.466s] -- Up-to-date symlink: /home/chetan-satpute/lane_following/install/orbbec_camera_msgs/share/ament_index/resource_index/package_run_dependencies/orbbec_camera_msgs
[0.466s] -- Up-to-date symlink: /home/chetan-satpute/lane_following/install/orbbec_camera_msgs/share/ament_index/resource_index/parent_prefix_path/orbbec_camera_msgs
[0.466s] -- Up-to-date symlink: /home/chetan-satpute/lane_following/install/orbbec_camera_msgs/share/orbbec_camera_msgs/environment/ament_prefix_path.sh
[0.467s] -- Up-to-date symlink: /home/chetan-satpute/lane_following/install/orbbec_camera_msgs/share/orbbec_camera_msgs/environment/ament_prefix_path.dsv
[0.467s] -- Up-to-date symlink: /home/chetan-satpute/lane_following/install/orbbec_camera_msgs/share/orbbec_camera_msgs/environment/path.sh
[0.467s] -- Up-to-date symlink: /home/chetan-satpute/lane_following/install/orbbec_camera_msgs/share/orbbec_camera_msgs/environment/path.dsv
[0.467s] -- Up-to-date symlink: /home/chetan-satpute/lane_following/install/orbbec_camera_msgs/share/orbbec_camera_msgs/local_setup.bash
[0.468s] -- Up-to-date symlink: /home/chetan-satpute/lane_following/install/orbbec_camera_msgs/share/orbbec_camera_msgs/local_setup.sh
[0.468s] -- Up-to-date symlink: /home/chetan-satpute/lane_following/install/orbbec_camera_msgs/share/orbbec_camera_msgs/local_setup.zsh
[0.468s] -- Up-to-date symlink: /home/chetan-satpute/lane_following/install/orbbec_camera_msgs/share/orbbec_camera_msgs/local_setup.dsv
[0.468s] -- Symlinking: /home/chetan-satpute/lane_following/install/orbbec_camera_msgs/share/orbbec_camera_msgs/package.dsv
[0.477s] -- Up-to-date symlink: /home/chetan-satpute/lane_following/install/orbbec_camera_msgs/share/ament_index/resource_index/packages/orbbec_camera_msgs
[0.477s] -- Up-to-date symlink: /home/chetan-satpute/lane_following/install/orbbec_camera_msgs/share/orbbec_camera_msgs/cmake/rosidl_cmake-extras.cmake
[0.477s] -- Up-to-date symlink: /home/chetan-satpute/lane_following/install/orbbec_camera_msgs/share/orbbec_camera_msgs/cmake/ament_cmake_export_dependencies-extras.cmake
[0.478s] -- Up-to-date symlink: /home/chetan-satpute/lane_following/install/orbbec_camera_msgs/share/orbbec_camera_msgs/cmake/ament_cmake_export_include_directories-extras.cmake
[0.478s] -- Up-to-date symlink: /home/chetan-satpute/lane_following/install/orbbec_camera_msgs/share/orbbec_camera_msgs/cmake/ament_cmake_export_libraries-extras.cmake
[0.478s] -- Up-to-date symlink: /home/chetan-satpute/lane_following/install/orbbec_camera_msgs/share/orbbec_camera_msgs/cmake/ament_cmake_export_targets-extras.cmake
[0.478s] -- Up-to-date symlink: /home/chetan-satpute/lane_following/install/orbbec_camera_msgs/share/orbbec_camera_msgs/cmake/rosidl_cmake_export_typesupport_targets-extras.cmake
[0.478s] -- Up-to-date symlink: /home/chetan-satpute/lane_following/install/orbbec_camera_msgs/share/orbbec_camera_msgs/cmake/rosidl_cmake_export_typesupport_libraries-extras.cmake
[0.478s] -- Up-to-date symlink: /home/chetan-satpute/lane_following/install/orbbec_camera_msgs/share/orbbec_camera_msgs/cmake/orbbec_camera_msgsConfig.cmake
[0.479s] -- Up-to-date symlink: /home/chetan-satpute/lane_following/install/orbbec_camera_msgs/share/orbbec_camera_msgs/cmake/orbbec_camera_msgsConfig-version.cmake
[0.479s] -- Up-to-date symlink: /home/chetan-satpute/lane_following/install/orbbec_camera_msgs/share/orbbec_camera_msgs/package.xml
[0.479s] -- Up-to-date: /home/chetan-satpute/lane_following/install/orbbec_camera_msgs/lib/liborbbec_camera_msgs__rosidl_generator_c.so
[0.479s] -- Up-to-date: /home/chetan-satpute/lane_following/install/orbbec_camera_msgs/lib/liborbbec_camera_msgs__rosidl_typesupport_fastrtps_c.so
[0.480s] -- Up-to-date: /home/chetan-satpute/lane_following/install/orbbec_camera_msgs/lib/liborbbec_camera_msgs__rosidl_typesupport_introspection_c.so
[0.480s] -- Up-to-date: /home/chetan-satpute/lane_following/install/orbbec_camera_msgs/lib/liborbbec_camera_msgs__rosidl_typesupport_c.so
[0.480s] -- Up-to-date: /home/chetan-satpute/lane_following/install/orbbec_camera_msgs/lib/liborbbec_camera_msgs__rosidl_typesupport_fastrtps_cpp.so
[0.481s] -- Up-to-date: /home/chetan-satpute/lane_following/install/orbbec_camera_msgs/lib/liborbbec_camera_msgs__rosidl_typesupport_introspection_cpp.so
[0.481s] -- Up-to-date: /home/chetan-satpute/lane_following/install/orbbec_camera_msgs/lib/liborbbec_camera_msgs__rosidl_typesupport_cpp.so
[0.506s] Listing '/home/chetan-satpute/lane_following/install/orbbec_camera_msgs/local/lib/python3.10/dist-packages/orbbec_camera_msgs'...
[0.506s] Listing '/home/chetan-satpute/lane_following/install/orbbec_camera_msgs/local/lib/python3.10/dist-packages/orbbec_camera_msgs/msg'...
[0.506s] Listing '/home/chetan-satpute/lane_following/install/orbbec_camera_msgs/local/lib/python3.10/dist-packages/orbbec_camera_msgs/srv'...
[0.510s] -- Up-to-date: /home/chetan-satpute/lane_following/install/orbbec_camera_msgs/lib/liborbbec_camera_msgs__rosidl_generator_py.so
[0.511s] -- Up-to-date: /home/chetan-satpute/lane_following/install/orbbec_camera_msgs/share/orbbec_camera_msgs/cmake/export_orbbec_camera_msgs__rosidl_generator_cExport.cmake
[0.511s] -- Up-to-date: /home/chetan-satpute/lane_following/install/orbbec_camera_msgs/share/orbbec_camera_msgs/cmake/export_orbbec_camera_msgs__rosidl_generator_cExport-noconfig.cmake
[0.511s] -- Up-to-date: /home/chetan-satpute/lane_following/install/orbbec_camera_msgs/share/orbbec_camera_msgs/cmake/export_orbbec_camera_msgs__rosidl_typesupport_fastrtps_cExport.cmake
[0.511s] -- Up-to-date: /home/chetan-satpute/lane_following/install/orbbec_camera_msgs/share/orbbec_camera_msgs/cmake/export_orbbec_camera_msgs__rosidl_typesupport_fastrtps_cExport-noconfig.cmake
[0.511s] -- Up-to-date: /home/chetan-satpute/lane_following/install/orbbec_camera_msgs/share/orbbec_camera_msgs/cmake/orbbec_camera_msgs__rosidl_typesupport_introspection_cExport.cmake
[0.511s] -- Up-to-date: /home/chetan-satpute/lane_following/install/orbbec_camera_msgs/share/orbbec_camera_msgs/cmake/orbbec_camera_msgs__rosidl_typesupport_introspection_cExport-noconfig.cmake
[0.511s] -- Up-to-date: /home/chetan-satpute/lane_following/install/orbbec_camera_msgs/share/orbbec_camera_msgs/cmake/orbbec_camera_msgs__rosidl_typesupport_cExport.cmake
[0.511s] -- Up-to-date: /home/chetan-satpute/lane_following/install/orbbec_camera_msgs/share/orbbec_camera_msgs/cmake/orbbec_camera_msgs__rosidl_typesupport_cExport-noconfig.cmake
[0.511s] -- Up-to-date: /home/chetan-satpute/lane_following/install/orbbec_camera_msgs/share/orbbec_camera_msgs/cmake/export_orbbec_camera_msgs__rosidl_generator_cppExport.cmake
[0.511s] -- Up-to-date: /home/chetan-satpute/lane_following/install/orbbec_camera_msgs/share/orbbec_camera_msgs/cmake/export_orbbec_camera_msgs__rosidl_typesupport_fastrtps_cppExport.cmake
[0.511s] -- Up-to-date: /home/chetan-satpute/lane_following/install/orbbec_camera_msgs/share/orbbec_camera_msgs/cmake/export_orbbec_camera_msgs__rosidl_typesupport_fastrtps_cppExport-noconfig.cmake
[0.511s] -- Up-to-date: /home/chetan-satpute/lane_following/install/orbbec_camera_msgs/share/orbbec_camera_msgs/cmake/orbbec_camera_msgs__rosidl_typesupport_introspection_cppExport.cmake
[0.511s] -- Up-to-date: /home/chetan-satpute/lane_following/install/orbbec_camera_msgs/share/orbbec_camera_msgs/cmake/orbbec_camera_msgs__rosidl_typesupport_introspection_cppExport-noconfig.cmake
[0.511s] -- Up-to-date: /home/chetan-satpute/lane_following/install/orbbec_camera_msgs/share/orbbec_camera_msgs/cmake/orbbec_camera_msgs__rosidl_typesupport_cppExport.cmake
[0.511s] -- Up-to-date: /home/chetan-satpute/lane_following/install/orbbec_camera_msgs/share/orbbec_camera_msgs/cmake/orbbec_camera_msgs__rosidl_typesupport_cppExport-noconfig.cmake
[0.511s] -- Up-to-date: /home/chetan-satpute/lane_following/install/orbbec_camera_msgs/share/orbbec_camera_msgs/cmake/export_orbbec_camera_msgs__rosidl_generator_pyExport.cmake
[0.511s] -- Up-to-date: /home/chetan-satpute/lane_following/install/orbbec_camera_msgs/share/orbbec_camera_msgs/cmake/export_orbbec_camera_msgs__rosidl_generator_pyExport-noconfig.cmake
[0.514s] Invoked command in '/home/chetan-satpute/lane_following/build/orbbec_camera_msgs' returned '0': CMAKE_PREFIX_PATH=${CMAKE_PREFIX_PATH}:/home/chetan-satpute/lane_following/install/keyboard_teleoperation:/home/chetan-satpute/lane_following/install/custom_follow:/opt/ros/humble VIRTUAL_ENV_PROMPT=(.venv) /usr/bin/cmake --install /home/chetan-satpute/lane_following/build/orbbec_camera_msgs
