[0.008s] Invoking command in '/home/chetan-satpute/lane_following/build/orbbec_camera': CMAKE_PREFIX_PATH=/home/chetan-satpute/lane_following/install/orbbec_camera_msgs:/home/chetan-satpute/lane_following/install/orbbec_description:/home/chetan-satpute/lane_following/install/orbbec_camera:/opt/ros/humble LD_LIBRARY_PATH=/home/chetan-satpute/lane_following/install/orbbec_camera_msgs/lib:/home/chetan-satpute/lane_following/install/orbbec_camera/lib:/usr/lib/x86_64-linux-gnu/gazebo-11/plugins:/opt/ros/humble/opt/rviz_ogre_vendor/lib:/opt/ros/humble/lib/x86_64-linux-gnu:/opt/ros/humble/lib /usr/bin/cmake --build /home/chetan-satpute/lane_following/build/orbbec_camera -- -j16 -l16
[0.051s] [  8%] Built target orbbec_camera_node
[0.051s] [ 16%] Built target frame_latency
[0.054s] [ 24%] Built target frame_latency_node
[0.081s] [ 68%] Built target orbbec_camera
[0.123s] [ 76%] Built target topic_statistics_node
[0.127s] [ 84%] Built target list_devices_node
[0.127s] [ 92%] Built target list_depth_work_mode_node
[0.129s] [100%] Built target list_camera_profile_mode_node
[0.137s] Invoked command in '/home/chetan-satpute/lane_following/build/orbbec_camera' returned '0': CMAKE_PREFIX_PATH=/home/chetan-satpute/lane_following/install/orbbec_camera_msgs:/home/chetan-satpute/lane_following/install/orbbec_description:/home/chetan-satpute/lane_following/install/orbbec_camera:/opt/ros/humble LD_LIBRARY_PATH=/home/chetan-satpute/lane_following/install/orbbec_camera_msgs/lib:/home/chetan-satpute/lane_following/install/orbbec_camera/lib:/usr/lib/x86_64-linux-gnu/gazebo-11/plugins:/opt/ros/humble/opt/rviz_ogre_vendor/lib:/opt/ros/humble/lib/x86_64-linux-gnu:/opt/ros/humble/lib /usr/bin/cmake --build /home/chetan-satpute/lane_following/build/orbbec_camera -- -j16 -l16
[0.138s] Invoking command in '/home/chetan-satpute/lane_following/build/orbbec_camera': CMAKE_PREFIX_PATH=/home/chetan-satpute/lane_following/install/orbbec_camera_msgs:/home/chetan-satpute/lane_following/install/orbbec_description:/home/chetan-satpute/lane_following/install/orbbec_camera:/opt/ros/humble LD_LIBRARY_PATH=/home/chetan-satpute/lane_following/install/orbbec_camera_msgs/lib:/home/chetan-satpute/lane_following/install/orbbec_camera/lib:/usr/lib/x86_64-linux-gnu/gazebo-11/plugins:/opt/ros/humble/opt/rviz_ogre_vendor/lib:/opt/ros/humble/lib/x86_64-linux-gnu:/opt/ros/humble/lib /usr/bin/cmake --install /home/chetan-satpute/lane_following/build/orbbec_camera
[0.143s] -- Install configuration: "Release"
[0.143s] -- Up-to-date: /home/chetan-satpute/lane_following/install/orbbec_camera/lib/orbbec_camera/orbbec_camera_node
[0.143s] -- Up-to-date: /home/chetan-satpute/lane_following/install/orbbec_camera/lib/orbbec_camera/frame_latency_node
[0.143s] -- Up-to-date: /home/chetan-satpute/lane_following/install/orbbec_camera/lib/liborbbec_camera.so
[0.144s] -- Up-to-date: /home/chetan-satpute/lane_following/install/orbbec_camera/lib/libframe_latency.so
[0.144s] -- Up-to-date: /home/chetan-satpute/lane_following/install/orbbec_camera/include
[0.144s] -- Up-to-date: /home/chetan-satpute/lane_following/install/orbbec_camera/include/magic_enum
[0.144s] -- Up-to-date: /home/chetan-satpute/lane_following/install/orbbec_camera/include/magic_enum/magic_enum.hpp
[0.144s] -- Up-to-date: /home/chetan-satpute/lane_following/install/orbbec_camera/include/orbbec_camera
[0.144s] -- Up-to-date: /home/chetan-satpute/lane_following/install/orbbec_camera/include/orbbec_camera/dynamic_params.h
[0.144s] -- Up-to-date: /home/chetan-satpute/lane_following/install/orbbec_camera/include/orbbec_camera/utils.h
[0.144s] -- Up-to-date: /home/chetan-satpute/lane_following/install/orbbec_camera/include/orbbec_camera/ros_param_backend.h
[0.144s] -- Up-to-date: /home/chetan-satpute/lane_following/install/orbbec_camera/include/orbbec_camera/jetson_nv_decoder.h
[0.144s] -- Up-to-date: /home/chetan-satpute/lane_following/install/orbbec_camera/include/orbbec_camera/jpeg_decoder.h
[0.144s] -- Up-to-date: /home/chetan-satpute/lane_following/install/orbbec_camera/include/orbbec_camera/synced_imu_publisher.h
[0.144s] -- Up-to-date: /home/chetan-satpute/lane_following/install/orbbec_camera/include/orbbec_camera/constants.h
[0.144s] -- Up-to-date: /home/chetan-satpute/lane_following/install/orbbec_camera/include/orbbec_camera/rk_mpp_decoder.h
[0.144s] -- Up-to-date: /home/chetan-satpute/lane_following/install/orbbec_camera/include/orbbec_camera/ob_camera_node_driver.h
[0.144s] -- Up-to-date: /home/chetan-satpute/lane_following/install/orbbec_camera/include/orbbec_camera/d2c_viewer.h
[0.144s] -- Up-to-date: /home/chetan-satpute/lane_following/install/orbbec_camera/include/orbbec_camera/ob_camera_node.h
[0.144s] -- Up-to-date: /home/chetan-satpute/lane_following/install/orbbec_camera/include/orbbec_camera/image_publisher.h
[0.144s] -- Up-to-date: /home/chetan-satpute/lane_following/install/orbbec_camera/share/orbbec_camera//launch
[0.145s] -- Up-to-date: /home/chetan-satpute/lane_following/install/orbbec_camera/share/orbbec_camera//launch/gemini_ew.launch.py
[0.145s] -- Up-to-date: /home/chetan-satpute/lane_following/install/orbbec_camera/share/orbbec_camera//launch/gemini_ew_lite.launch.py
[0.145s] -- Up-to-date: /home/chetan-satpute/lane_following/install/orbbec_camera/share/orbbec_camera//launch/dabai_dw.launch.py
[0.145s] -- Up-to-date: /home/chetan-satpute/lane_following/install/orbbec_camera/share/orbbec_camera//launch/gemini_intra_process_demo_launch.py
[0.145s] -- Up-to-date: /home/chetan-satpute/lane_following/install/orbbec_camera/share/orbbec_camera//launch/multi_net_camera.launch.py
[0.145s] -- Up-to-date: /home/chetan-satpute/lane_following/install/orbbec_camera/share/orbbec_camera//launch/dabai_dcw.launch.py
[0.145s] -- Up-to-date: /home/chetan-satpute/lane_following/install/orbbec_camera/share/orbbec_camera//launch/dabai_max_pro.launch.py
[0.145s] -- Up-to-date: /home/chetan-satpute/lane_following/install/orbbec_camera/share/orbbec_camera//launch/astra_embedded_s.launch.py
[0.145s] -- Up-to-date: /home/chetan-satpute/lane_following/install/orbbec_camera/share/orbbec_camera//launch/gemini_uw.launch.py
[0.145s] -- Up-to-date: /home/chetan-satpute/lane_following/install/orbbec_camera/share/orbbec_camera//launch/astra_pro_plus.launch.py
[0.145s] -- Up-to-date: /home/chetan-satpute/lane_following/install/orbbec_camera/share/orbbec_camera//launch/astra_pro2.launch.py
[0.145s] -- Up-to-date: /home/chetan-satpute/lane_following/install/orbbec_camera/share/orbbec_camera//launch/deeya.launch.py
[0.145s] -- Up-to-date: /home/chetan-satpute/lane_following/install/orbbec_camera/share/orbbec_camera//launch/gemini_330_series.launch.py
[0.145s] -- Up-to-date: /home/chetan-satpute/lane_following/install/orbbec_camera/share/orbbec_camera//launch/gemini_e_lite.launch.py
[0.145s] -- Up-to-date: /home/chetan-satpute/lane_following/install/orbbec_camera/share/orbbec_camera//launch/multi_camera.launch.py
[0.145s] -- Up-to-date: /home/chetan-satpute/lane_following/install/orbbec_camera/share/orbbec_camera//launch/astra_adv.launch.py
[0.145s] -- Up-to-date: /home/chetan-satpute/lane_following/install/orbbec_camera/share/orbbec_camera//launch/femto_net_camera.launch.py
[0.145s] -- Up-to-date: /home/chetan-satpute/lane_following/install/orbbec_camera/share/orbbec_camera//launch/astra.launch.py
[0.145s] -- Up-to-date: /home/chetan-satpute/lane_following/install/orbbec_camera/share/orbbec_camera//launch/astra2.launch.py
[0.145s] -- Up-to-date: /home/chetan-satpute/lane_following/install/orbbec_camera/share/orbbec_camera//launch/gemini2VL.launch.py
[0.145s] -- Up-to-date: /home/chetan-satpute/lane_following/install/orbbec_camera/share/orbbec_camera//launch/gemini_e.launch.py
[0.145s] -- Up-to-date: /home/chetan-satpute/lane_following/install/orbbec_camera/share/orbbec_camera//launch/dabai.launch.py
[0.146s] -- Up-to-date: /home/chetan-satpute/lane_following/install/orbbec_camera/share/orbbec_camera//launch/femto_bolt.launch.py
[0.146s] -- Up-to-date: /home/chetan-satpute/lane_following/install/orbbec_camera/share/orbbec_camera//launch/ob_camera.launch.py
[0.146s] -- Up-to-date: /home/chetan-satpute/lane_following/install/orbbec_camera/share/orbbec_camera//launch/dabai_dcw2.launch.py
[0.146s] -- Up-to-date: /home/chetan-satpute/lane_following/install/orbbec_camera/share/orbbec_camera//launch/gemini2XL.launch.py
[0.146s] -- Up-to-date: /home/chetan-satpute/lane_following/install/orbbec_camera/share/orbbec_camera//launch/gemini2.launch.py
[0.146s] -- Up-to-date: /home/chetan-satpute/lane_following/install/orbbec_camera/share/orbbec_camera//launch/dabai_pro.launch.py
[0.146s] -- Up-to-date: /home/chetan-satpute/lane_following/install/orbbec_camera/share/orbbec_camera//launch/dabai_d1.launch.py
[0.146s] -- Up-to-date: /home/chetan-satpute/lane_following/install/orbbec_camera/share/orbbec_camera//launch/dabai_dcl.py
[0.146s] -- Up-to-date: /home/chetan-satpute/lane_following/install/orbbec_camera/share/orbbec_camera//launch/femto.launch.py
[0.146s] -- Up-to-date: /home/chetan-satpute/lane_following/install/orbbec_camera/share/orbbec_camera//launch/gemini2L.launch.py
[0.146s] -- Up-to-date: /home/chetan-satpute/lane_following/install/orbbec_camera/share/orbbec_camera//launch/multi_camera_synced.launch.py
[0.146s] -- Up-to-date: /home/chetan-satpute/lane_following/install/orbbec_camera/share/orbbec_camera//launch/dabai_dw2.launch.py
[0.146s] -- Up-to-date: /home/chetan-satpute/lane_following/install/orbbec_camera/share/orbbec_camera//launch/dabai_max.launch.py
[0.146s] -- Up-to-date: /home/chetan-satpute/lane_following/install/orbbec_camera/share/orbbec_camera//launch/astra_stereo_u3.launch.py
[0.146s] -- Up-to-date: /home/chetan-satpute/lane_following/install/orbbec_camera/share/orbbec_camera//launch/femto_mega.launch.py
[0.146s] -- Up-to-date: /home/chetan-satpute/lane_following/install/orbbec_camera/share/orbbec_camera//config
[0.146s] -- Up-to-date: /home/chetan-satpute/lane_following/install/orbbec_camera/share/orbbec_camera//config/camera_params.yaml
[0.146s] -- Up-to-date: /home/chetan-satpute/lane_following/install/orbbec_camera/share/orbbec_camera//config/OrbbecSDKConfig_v1.0.xml
[0.146s] -- Up-to-date: /home/chetan-satpute/lane_following/install/orbbec_camera/share/orbbec_camera//config/.gitkeep
[0.146s] -- Up-to-date: /home/chetan-satpute/lane_following/install/orbbec_camera/share/orbbec_camera//config/depthfilter
[0.146s] -- Up-to-date: /home/chetan-satpute/lane_following/install/orbbec_camera/share/orbbec_camera//config/depthfilter/Openni_device.json
[0.146s] -- Up-to-date: /home/chetan-satpute/lane_following/install/orbbec_camera/share/orbbec_camera//config/depthfilter/Gemini2_v1.8.json
[0.146s] -- Up-to-date: /home/chetan-satpute/lane_following/install/orbbec_camera/include
[0.146s] -- Up-to-date: /home/chetan-satpute/lane_following/install/orbbec_camera/include/libobsensor
[0.147s] -- Up-to-date: /home/chetan-satpute/lane_following/install/orbbec_camera/include/libobsensor/ObSensor.hpp
[0.147s] -- Up-to-date: /home/chetan-satpute/lane_following/install/orbbec_camera/include/libobsensor/h
[0.147s] -- Up-to-date: /home/chetan-satpute/lane_following/install/orbbec_camera/include/libobsensor/h/ObTypes.h
[0.147s] -- Up-to-date: /home/chetan-satpute/lane_following/install/orbbec_camera/include/libobsensor/h/Pipeline.h
[0.147s] -- Up-to-date: /home/chetan-satpute/lane_following/install/orbbec_camera/include/libobsensor/h/MultipleDevices.h
[0.147s] -- Up-to-date: /home/chetan-satpute/lane_following/install/orbbec_camera/include/libobsensor/h/Frame.h
[0.147s] -- Up-to-date: /home/chetan-satpute/lane_following/install/orbbec_camera/include/libobsensor/h/Property.h
[0.147s] -- Up-to-date: /home/chetan-satpute/lane_following/install/orbbec_camera/include/libobsensor/h/Utils.h
[0.147s] -- Up-to-date: /home/chetan-satpute/lane_following/install/orbbec_camera/include/libobsensor/h/RecordPlayback.h
[0.147s] -- Up-to-date: /home/chetan-satpute/lane_following/install/orbbec_camera/include/libobsensor/h/Filter.h
[0.147s] -- Up-to-date: /home/chetan-satpute/lane_following/install/orbbec_camera/include/libobsensor/h/Device.h
[0.147s] -- Up-to-date: /home/chetan-satpute/lane_following/install/orbbec_camera/include/libobsensor/h/StreamProfile.h
[0.147s] -- Up-to-date: /home/chetan-satpute/lane_following/install/orbbec_camera/include/libobsensor/h/Error.h
[0.147s] -- Up-to-date: /home/chetan-satpute/lane_following/install/orbbec_camera/include/libobsensor/h/Version.h
[0.147s] -- Up-to-date: /home/chetan-satpute/lane_following/install/orbbec_camera/include/libobsensor/h/Sensor.h
[0.147s] -- Up-to-date: /home/chetan-satpute/lane_following/install/orbbec_camera/include/libobsensor/h/Context.h
[0.147s] -- Up-to-date: /home/chetan-satpute/lane_following/install/orbbec_camera/include/libobsensor/ObSensor.h
[0.147s] -- Up-to-date: /home/chetan-satpute/lane_following/install/orbbec_camera/include/libobsensor/hpp
[0.147s] -- Up-to-date: /home/chetan-satpute/lane_following/install/orbbec_camera/include/libobsensor/hpp/Version.hpp
[0.147s] -- Up-to-date: /home/chetan-satpute/lane_following/install/orbbec_camera/include/libobsensor/hpp/Utils.hpp
[0.147s] -- Up-to-date: /home/chetan-satpute/lane_following/install/orbbec_camera/include/libobsensor/hpp/Types.hpp
[0.147s] -- Up-to-date: /home/chetan-satpute/lane_following/install/orbbec_camera/include/libobsensor/hpp/Error.hpp
[0.147s] -- Up-to-date: /home/chetan-satpute/lane_following/install/orbbec_camera/include/libobsensor/hpp/Filter.hpp
[0.147s] -- Up-to-date: /home/chetan-satpute/lane_following/install/orbbec_camera/include/libobsensor/hpp/Pipeline.hpp
[0.147s] -- Up-to-date: /home/chetan-satpute/lane_following/install/orbbec_camera/include/libobsensor/hpp/Context.hpp
[0.147s] -- Up-to-date: /home/chetan-satpute/lane_following/install/orbbec_camera/include/libobsensor/hpp/RecordPlayback.hpp
[0.147s] -- Up-to-date: /home/chetan-satpute/lane_following/install/orbbec_camera/include/libobsensor/hpp/Sensor.hpp
[0.147s] -- Up-to-date: /home/chetan-satpute/lane_following/install/orbbec_camera/include/libobsensor/hpp/StreamProfile.hpp
[0.147s] -- Up-to-date: /home/chetan-satpute/lane_following/install/orbbec_camera/include/libobsensor/hpp/Frame.hpp
[0.147s] -- Up-to-date: /home/chetan-satpute/lane_following/install/orbbec_camera/include/libobsensor/hpp/Device.hpp
[0.147s] -- Up-to-date: /home/chetan-satpute/lane_following/install/orbbec_camera/lib/
[0.147s] -- Up-to-date: /home/chetan-satpute/lane_following/install/orbbec_camera/lib//libdepthengine.so
[0.147s] -- Up-to-date: /home/chetan-satpute/lane_following/install/orbbec_camera/lib//libdepthengine.so.2.0
[0.148s] -- Up-to-date: /home/chetan-satpute/lane_following/install/orbbec_camera/lib//libOrbbecSDK.so.1.10
[0.148s] -- Up-to-date: /home/chetan-satpute/lane_following/install/orbbec_camera/lib//libOrbbecSDK.so.1.10.35
[0.148s] -- Up-to-date: /home/chetan-satpute/lane_following/install/orbbec_camera/lib//libob_usb.so
[0.148s] -- Up-to-date: /home/chetan-satpute/lane_following/install/orbbec_camera/lib//libOrbbecSDK.so
[0.148s] -- Up-to-date: /home/chetan-satpute/lane_following/install/orbbec_camera/lib//liblive555.so
[0.148s] -- Up-to-date: /home/chetan-satpute/lane_following/install/orbbec_camera/share/orbbec_camera/udev/99-obsensor-libusb.rules
[0.148s] -- Up-to-date: /home/chetan-satpute/lane_following/install/orbbec_camera/lib/orbbec_camera/list_devices_node
[0.148s] -- Up-to-date: /home/chetan-satpute/lane_following/install/orbbec_camera/lib/orbbec_camera/list_depth_work_mode_node
[0.148s] -- Up-to-date: /home/chetan-satpute/lane_following/install/orbbec_camera/lib/orbbec_camera/list_camera_profile_mode_node
[0.148s] -- Up-to-date: /home/chetan-satpute/lane_following/install/orbbec_camera/lib/orbbec_camera/topic_statistics_node
[0.148s] -- Up-to-date: /home/chetan-satpute/lane_following/install/orbbec_camera/share/orbbec_camera/environment/library_path.sh
[0.148s] -- Up-to-date: /home/chetan-satpute/lane_following/install/orbbec_camera/share/orbbec_camera/environment/library_path.dsv
[0.148s] -- Up-to-date: /home/chetan-satpute/lane_following/install/orbbec_camera/share/ament_index/resource_index/package_run_dependencies/orbbec_camera
[0.148s] -- Up-to-date: /home/chetan-satpute/lane_following/install/orbbec_camera/share/ament_index/resource_index/parent_prefix_path/orbbec_camera
[0.148s] -- Up-to-date: /home/chetan-satpute/lane_following/install/orbbec_camera/share/orbbec_camera/environment/ament_prefix_path.sh
[0.148s] -- Up-to-date: /home/chetan-satpute/lane_following/install/orbbec_camera/share/orbbec_camera/environment/ament_prefix_path.dsv
[0.148s] -- Up-to-date: /home/chetan-satpute/lane_following/install/orbbec_camera/share/orbbec_camera/environment/path.sh
[0.148s] -- Up-to-date: /home/chetan-satpute/lane_following/install/orbbec_camera/share/orbbec_camera/environment/path.dsv
[0.148s] -- Up-to-date: /home/chetan-satpute/lane_following/install/orbbec_camera/share/orbbec_camera/local_setup.bash
[0.148s] -- Up-to-date: /home/chetan-satpute/lane_following/install/orbbec_camera/share/orbbec_camera/local_setup.sh
[0.148s] -- Up-to-date: /home/chetan-satpute/lane_following/install/orbbec_camera/share/orbbec_camera/local_setup.zsh
[0.148s] -- Up-to-date: /home/chetan-satpute/lane_following/install/orbbec_camera/share/orbbec_camera/local_setup.dsv
[0.148s] -- Installing: /home/chetan-satpute/lane_following/install/orbbec_camera/share/orbbec_camera/package.dsv
[0.148s] -- Up-to-date: /home/chetan-satpute/lane_following/install/orbbec_camera/share/ament_index/resource_index/packages/orbbec_camera
[0.148s] -- Up-to-date: /home/chetan-satpute/lane_following/install/orbbec_camera/share/ament_index/resource_index/rclcpp_components/orbbec_camera
[0.148s] -- Up-to-date: /home/chetan-satpute/lane_following/install/orbbec_camera/share/orbbec_camera/cmake/ament_cmake_export_include_directories-extras.cmake
[0.148s] -- Up-to-date: /home/chetan-satpute/lane_following/install/orbbec_camera/share/orbbec_camera/cmake/ament_cmake_export_libraries-extras.cmake
[0.148s] -- Up-to-date: /home/chetan-satpute/lane_following/install/orbbec_camera/share/orbbec_camera/cmake/ament_cmake_export_dependencies-extras.cmake
[0.149s] -- Up-to-date: /home/chetan-satpute/lane_following/install/orbbec_camera/share/orbbec_camera/cmake/orbbec_cameraConfig.cmake
[0.149s] -- Up-to-date: /home/chetan-satpute/lane_following/install/orbbec_camera/share/orbbec_camera/cmake/orbbec_cameraConfig-version.cmake
[0.149s] -- Up-to-date: /home/chetan-satpute/lane_following/install/orbbec_camera/share/orbbec_camera/package.xml
[0.149s] Invoked command in '/home/chetan-satpute/lane_following/build/orbbec_camera' returned '0': CMAKE_PREFIX_PATH=/home/chetan-satpute/lane_following/install/orbbec_camera_msgs:/home/chetan-satpute/lane_following/install/orbbec_description:/home/chetan-satpute/lane_following/install/orbbec_camera:/opt/ros/humble LD_LIBRARY_PATH=/home/chetan-satpute/lane_following/install/orbbec_camera_msgs/lib:/home/chetan-satpute/lane_following/install/orbbec_camera/lib:/usr/lib/x86_64-linux-gnu/gazebo-11/plugins:/opt/ros/humble/opt/rviz_ogre_vendor/lib:/opt/ros/humble/lib/x86_64-linux-gnu:/opt/ros/humble/lib /usr/bin/cmake --install /home/chetan-satpute/lane_following/build/orbbec_camera
