[0.723s] Invoking command in '/home/chetan-satpute/lane_following/src/custom_follow': PYTHONPATH=/home/chetan-satpute/lane_following/build/custom_follow/prefix_override:/usr/lib/python3/dist-packages/colcon_core/task/python/colcon_distutils_commands:/home/chetan-satpute/lane_following/install/custom_follow/lib/python3.10/site-packages:${PYTHONPATH} VIRTUAL_ENV_PROMPT=(.venv) /usr/bin/python3 -W ignore:setup.py install is deprecated -W ignore:easy_install command is deprecated setup.py egg_info --egg-base ../../build/custom_follow build --build-base /home/chetan-satpute/lane_following/build/custom_follow/build install --record /home/chetan-satpute/lane_following/build/custom_follow/install.log --single-version-externally-managed install_data
[0.894s] running egg_info
[0.895s] writing ../../build/custom_follow/custom_follow.egg-info/PKG-INFO
[0.895s] writing dependency_links to ../../build/custom_follow/custom_follow.egg-info/dependency_links.txt
[0.895s] writing entry points to ../../build/custom_follow/custom_follow.egg-info/entry_points.txt
[0.895s] writing requirements to ../../build/custom_follow/custom_follow.egg-info/requires.txt
[0.895s] writing top-level names to ../../build/custom_follow/custom_follow.egg-info/top_level.txt
[0.897s] reading manifest file '../../build/custom_follow/custom_follow.egg-info/SOURCES.txt'
[0.898s] writing manifest file '../../build/custom_follow/custom_follow.egg-info/SOURCES.txt'
[0.898s] running build
[0.898s] running build_py
[0.898s] copying custom_follow/infer_node.py -> /home/chetan-satpute/lane_following/build/custom_follow/build/lib/custom_follow
[0.898s] running install
[0.898s] running install_lib
[0.899s] copying /home/chetan-satpute/lane_following/build/custom_follow/build/lib/custom_follow/infer_node.py -> /home/chetan-satpute/lane_following/install/custom_follow/lib/python3.10/site-packages/custom_follow
[0.900s] byte-compiling /home/chetan-satpute/lane_following/install/custom_follow/lib/python3.10/site-packages/custom_follow/infer_node.py to infer_node.cpython-310.pyc
[0.903s] running install_data
[0.903s] running install_egg_info
[0.904s] removing '/home/chetan-satpute/lane_following/install/custom_follow/lib/python3.10/site-packages/custom_follow-0.1.0-py3.10.egg-info' (and everything under it)
[0.904s] Copying ../../build/custom_follow/custom_follow.egg-info to /home/chetan-satpute/lane_following/install/custom_follow/lib/python3.10/site-packages/custom_follow-0.1.0-py3.10.egg-info
[0.905s] running install_scripts
[0.925s] Installing esp32_bridge script to /home/chetan-satpute/lane_following/install/custom_follow/lib/custom_follow
[0.925s] Installing infer_node script to /home/chetan-satpute/lane_following/install/custom_follow/lib/custom_follow
[0.925s] writing list of installed files to '/home/chetan-satpute/lane_following/build/custom_follow/install.log'
[0.944s] Invoked command in '/home/chetan-satpute/lane_following/src/custom_follow' returned '0': PYTHONPATH=/home/chetan-satpute/lane_following/build/custom_follow/prefix_override:/usr/lib/python3/dist-packages/colcon_core/task/python/colcon_distutils_commands:/home/chetan-satpute/lane_following/install/custom_follow/lib/python3.10/site-packages:${PYTHONPATH} VIRTUAL_ENV_PROMPT=(.venv) /usr/bin/python3 -W ignore:setup.py install is deprecated -W ignore:easy_install command is deprecated setup.py egg_info --egg-base ../../build/custom_follow build --build-base /home/chetan-satpute/lane_following/build/custom_follow/build install --record /home/chetan-satpute/lane_following/build/custom_follow/install.log --single-version-externally-managed install_data
