[0.718s] Invoking command in '/home/chetan-satpute/lane_following/src/custom_follow': PYTHONPATH=/home/chetan-satpute/lane_following/build/custom_follow/prefix_override:/usr/lib/python3/dist-packages/colcon_core/task/python/colcon_distutils_commands:/home/chetan-satpute/lane_following/install/custom_follow/lib/python3.10/site-packages:${PYTHONPATH} /usr/bin/python3 -W ignore:setup.py install is deprecated -W ignore:easy_install command is deprecated setup.py egg_info --egg-base ../../build/custom_follow build --build-base /home/chetan-satpute/lane_following/build/custom_follow/build install --record /home/chetan-satpute/lane_following/build/custom_follow/install.log --single-version-externally-managed install_data
[1.000s] running egg_info
[1.000s] writing ../../build/custom_follow/custom_follow.egg-info/PKG-INFO
[1.000s] writing dependency_links to ../../build/custom_follow/custom_follow.egg-info/dependency_links.txt
[1.000s] writing entry points to ../../build/custom_follow/custom_follow.egg-info/entry_points.txt
[1.000s] writing requirements to ../../build/custom_follow/custom_follow.egg-info/requires.txt
[1.000s] writing top-level names to ../../build/custom_follow/custom_follow.egg-info/top_level.txt
[1.002s] reading manifest file '../../build/custom_follow/custom_follow.egg-info/SOURCES.txt'
[1.002s] writing manifest file '../../build/custom_follow/custom_follow.egg-info/SOURCES.txt'
[1.002s] running build
[1.003s] running build_py
[1.003s] copying custom_follow/infer_node.py -> /home/chetan-satpute/lane_following/build/custom_follow/build/lib/custom_follow
[1.003s] running install
[1.003s] running install_lib
[1.004s] copying /home/chetan-satpute/lane_following/build/custom_follow/build/lib/custom_follow/infer_node.py -> /home/chetan-satpute/lane_following/install/custom_follow/lib/python3.10/site-packages/custom_follow
[1.004s] byte-compiling /home/chetan-satpute/lane_following/install/custom_follow/lib/python3.10/site-packages/custom_follow/infer_node.py to infer_node.cpython-310.pyc
[1.006s] running install_data
[1.006s] running install_egg_info
[1.007s] removing '/home/chetan-satpute/lane_following/install/custom_follow/lib/python3.10/site-packages/custom_follow-0.1.0-py3.10.egg-info' (and everything under it)
[1.007s] Copying ../../build/custom_follow/custom_follow.egg-info to /home/chetan-satpute/lane_following/install/custom_follow/lib/python3.10/site-packages/custom_follow-0.1.0-py3.10.egg-info
[1.008s] running install_scripts
[1.026s] Installing infer_node script to /home/chetan-satpute/lane_following/install/custom_follow/lib/custom_follow
[1.026s] writing list of installed files to '/home/chetan-satpute/lane_following/build/custom_follow/install.log'
[1.059s] Invoked command in '/home/chetan-satpute/lane_following/src/custom_follow' returned '0': PYTHONPATH=/home/chetan-satpute/lane_following/build/custom_follow/prefix_override:/usr/lib/python3/dist-packages/colcon_core/task/python/colcon_distutils_commands:/home/chetan-satpute/lane_following/install/custom_follow/lib/python3.10/site-packages:${PYTHONPATH} /usr/bin/python3 -W ignore:setup.py install is deprecated -W ignore:easy_install command is deprecated setup.py egg_info --egg-base ../../build/custom_follow build --build-base /home/chetan-satpute/lane_following/build/custom_follow/build install --record /home/chetan-satpute/lane_following/build/custom_follow/install.log --single-version-externally-managed install_data
