running develop
Removing /home/chetan-satpute/depth_cam/install/lane_detection/lib/python3.10/site-packages/lane-detection.egg-link (link to .)
running egg_info
writing ../../build/lane_detection/lane_detection.egg-info/PKG-INFO
writing dependency_links to ../../build/lane_detection/lane_detection.egg-info/dependency_links.txt
writing entry points to ../../build/lane_detection/lane_detection.egg-info/entry_points.txt
writing requirements to ../../build/lane_detection/lane_detection.egg-info/requires.txt
writing top-level names to ../../build/lane_detection/lane_detection.egg-info/top_level.txt
reading manifest file '../../build/lane_detection/lane_detection.egg-info/SOURCES.txt'
writing manifest file '../../build/lane_detection/lane_detection.egg-info/SOURCES.txt'
running build
running build_py
creating /home/chetan-satpute/depth_cam/build/lane_detection/build
creating /home/chetan-satpute/depth_cam/build/lane_detection/build/lib
creating /home/chetan-satpute/depth_cam/build/lane_detection/build/lib/lane_detection
copying lane_detection/multi_view_visualizer.py -> /home/chetan-satpute/depth_cam/build/lane_detection/build/lib/lane_detection
copying lane_detection/__init__.py -> /home/chetan-satpute/depth_cam/build/lane_detection/build/lib/lane_detection
copying lane_detection/pointcloud_processor.py -> /home/chetan-satpute/depth_cam/build/lane_detection/build/lib/lane_detection
copying lane_detection/lane_detection_node.py -> /home/chetan-satpute/depth_cam/build/lane_detection/build/lib/lane_detection
running install
running install_lib
creating /home/chetan-satpute/depth_cam/install/lane_detection/lib/python3.10/site-packages/lane_detection
copying /home/chetan-satpute/depth_cam/build/lane_detection/build/lib/lane_detection/multi_view_visualizer.py -> /home/chetan-satpute/depth_cam/install/lane_detection/lib/python3.10/site-packages/lane_detection
copying /home/chetan-satpute/depth_cam/build/lane_detection/build/lib/lane_detection/__init__.py -> /home/chetan-satpute/depth_cam/install/lane_detection/lib/python3.10/site-packages/lane_detection
copying /home/chetan-satpute/depth_cam/build/lane_detection/build/lib/lane_detection/pointcloud_processor.py -> /home/chetan-satpute/depth_cam/install/lane_detection/lib/python3.10/site-packages/lane_detection
copying /home/chetan-satpute/depth_cam/build/lane_detection/build/lib/lane_detection/lane_detection_node.py -> /home/chetan-satpute/depth_cam/install/lane_detection/lib/python3.10/site-packages/lane_detection
byte-compiling /home/chetan-satpute/depth_cam/install/lane_detection/lib/python3.10/site-packages/lane_detection/multi_view_visualizer.py to multi_view_visualizer.cpython-310.pyc
byte-compiling /home/chetan-satpute/depth_cam/install/lane_detection/lib/python3.10/site-packages/lane_detection/__init__.py to __init__.cpython-310.pyc
byte-compiling /home/chetan-satpute/depth_cam/install/lane_detection/lib/python3.10/site-packages/lane_detection/pointcloud_processor.py to pointcloud_processor.cpython-310.pyc
byte-compiling /home/chetan-satpute/depth_cam/install/lane_detection/lib/python3.10/site-packages/lane_detection/lane_detection_node.py to lane_detection_node.cpython-310.pyc
running install_data
copying resource/lane_detection -> /home/chetan-satpute/depth_cam/install/lane_detection/share/ament_index/resource_index/packages
copying package.xml -> /home/chetan-satpute/depth_cam/install/lane_detection/share/lane_detection
copying launch/lane_detection.launch.py -> /home/chetan-satpute/depth_cam/install/lane_detection/share/lane_detection/launch
copying launch/complete_system.launch.py -> /home/chetan-satpute/depth_cam/install/lane_detection/share/lane_detection/launch
running install_egg_info
Copying ../../build/lane_detection/lane_detection.egg-info to /home/chetan-satpute/depth_cam/install/lane_detection/lib/python3.10/site-packages/lane_detection-0.0.0-py3.10.egg-info
running install_scripts
Installing lane_detection_node script to /home/chetan-satpute/depth_cam/install/lane_detection/lib/lane_detection
Installing multi_view_visualizer script to /home/chetan-satpute/depth_cam/install/lane_detection/lib/lane_detection
Installing pointcloud_processor script to /home/chetan-satpute/depth_cam/install/lane_detection/lib/lane_detection
writing list of installed files to '/home/chetan-satpute/depth_cam/build/lane_detection/install.log'
