[0.453s] Invoking command in '/home/chetan-satpute/depth_cam/build/lane_detection': PYTHONPATH=/home/chetan-satpute/depth_cam/build/lane_detection/prefix_override:/usr/lib/python3/dist-packages/colcon_core/task/python/colcon_distutils_commands:/home/chetan-satpute/depth_cam/install/lane_detection/lib/python3.10/site-packages:${PYTHONPATH} /usr/bin/python3 -W ignore:setup.py install is deprecated -W ignore:easy_install command is deprecated setup.py develop --uninstall --editable --build-directory /home/chetan-satpute/depth_cam/build/lane_detection/build
[0.628s] running develop
[0.750s] Removing /home/chetan-satpute/depth_cam/install/lane_detection/lib/python3.10/site-packages/lane-detection.egg-link (link to .)
[0.767s] Invoked command in '/home/chetan-satpute/depth_cam/build/lane_detection' returned '0': PYTHONPATH=/home/chetan-satpute/depth_cam/build/lane_detection/prefix_override:/usr/lib/python3/dist-packages/colcon_core/task/python/colcon_distutils_commands:/home/chetan-satpute/depth_cam/install/lane_detection/lib/python3.10/site-packages:${PYTHONPATH} /usr/bin/python3 -W ignore:setup.py install is deprecated -W ignore:easy_install command is deprecated setup.py develop --uninstall --editable --build-directory /home/chetan-satpute/depth_cam/build/lane_detection/build
[0.768s] Invoking command in '/home/chetan-satpute/depth_cam/src/lane_detection': PYTHONPATH=/home/chetan-satpute/depth_cam/build/lane_detection/prefix_override:/usr/lib/python3/dist-packages/colcon_core/task/python/colcon_distutils_commands:/home/chetan-satpute/depth_cam/install/lane_detection/lib/python3.10/site-packages:${PYTHONPATH} /usr/bin/python3 -W ignore:setup.py install is deprecated -W ignore:easy_install command is deprecated setup.py egg_info --egg-base ../../build/lane_detection build --build-base /home/chetan-satpute/depth_cam/build/lane_detection/build install --record /home/chetan-satpute/depth_cam/build/lane_detection/install.log --single-version-externally-managed install_data --force
[0.928s] running egg_info
[0.929s] writing ../../build/lane_detection/lane_detection.egg-info/PKG-INFO
[0.929s] writing dependency_links to ../../build/lane_detection/lane_detection.egg-info/dependency_links.txt
[0.929s] writing entry points to ../../build/lane_detection/lane_detection.egg-info/entry_points.txt
[0.929s] writing requirements to ../../build/lane_detection/lane_detection.egg-info/requires.txt
[0.929s] writing top-level names to ../../build/lane_detection/lane_detection.egg-info/top_level.txt
[0.930s] reading manifest file '../../build/lane_detection/lane_detection.egg-info/SOURCES.txt'
[0.931s] writing manifest file '../../build/lane_detection/lane_detection.egg-info/SOURCES.txt'
[0.931s] running build
[0.931s] running build_py
[0.931s] creating /home/chetan-satpute/depth_cam/build/lane_detection/build
[0.931s] creating /home/chetan-satpute/depth_cam/build/lane_detection/build/lib
[0.931s] creating /home/chetan-satpute/depth_cam/build/lane_detection/build/lib/lane_detection
[0.931s] copying lane_detection/multi_view_visualizer.py -> /home/chetan-satpute/depth_cam/build/lane_detection/build/lib/lane_detection
[0.931s] copying lane_detection/__init__.py -> /home/chetan-satpute/depth_cam/build/lane_detection/build/lib/lane_detection
[0.931s] copying lane_detection/pointcloud_processor.py -> /home/chetan-satpute/depth_cam/build/lane_detection/build/lib/lane_detection
[0.931s] copying lane_detection/lane_detection_node.py -> /home/chetan-satpute/depth_cam/build/lane_detection/build/lib/lane_detection
[0.931s] running install
[0.931s] running install_lib
[0.931s] creating /home/chetan-satpute/depth_cam/install/lane_detection/lib/python3.10/site-packages/lane_detection
[0.932s] copying /home/chetan-satpute/depth_cam/build/lane_detection/build/lib/lane_detection/multi_view_visualizer.py -> /home/chetan-satpute/depth_cam/install/lane_detection/lib/python3.10/site-packages/lane_detection
[0.932s] copying /home/chetan-satpute/depth_cam/build/lane_detection/build/lib/lane_detection/__init__.py -> /home/chetan-satpute/depth_cam/install/lane_detection/lib/python3.10/site-packages/lane_detection
[0.932s] copying /home/chetan-satpute/depth_cam/build/lane_detection/build/lib/lane_detection/pointcloud_processor.py -> /home/chetan-satpute/depth_cam/install/lane_detection/lib/python3.10/site-packages/lane_detection
[0.932s] copying /home/chetan-satpute/depth_cam/build/lane_detection/build/lib/lane_detection/lane_detection_node.py -> /home/chetan-satpute/depth_cam/install/lane_detection/lib/python3.10/site-packages/lane_detection
[0.932s] byte-compiling /home/chetan-satpute/depth_cam/install/lane_detection/lib/python3.10/site-packages/lane_detection/multi_view_visualizer.py to multi_view_visualizer.cpython-310.pyc
[0.933s] byte-compiling /home/chetan-satpute/depth_cam/install/lane_detection/lib/python3.10/site-packages/lane_detection/__init__.py to __init__.cpython-310.pyc
[0.933s] byte-compiling /home/chetan-satpute/depth_cam/install/lane_detection/lib/python3.10/site-packages/lane_detection/pointcloud_processor.py to pointcloud_processor.cpython-310.pyc
[0.934s] byte-compiling /home/chetan-satpute/depth_cam/install/lane_detection/lib/python3.10/site-packages/lane_detection/lane_detection_node.py to lane_detection_node.cpython-310.pyc
[0.934s] running install_data
[0.935s] copying resource/lane_detection -> /home/chetan-satpute/depth_cam/install/lane_detection/share/ament_index/resource_index/packages
[0.935s] copying package.xml -> /home/chetan-satpute/depth_cam/install/lane_detection/share/lane_detection
[0.935s] copying launch/lane_detection.launch.py -> /home/chetan-satpute/depth_cam/install/lane_detection/share/lane_detection/launch
[0.935s] copying launch/complete_system.launch.py -> /home/chetan-satpute/depth_cam/install/lane_detection/share/lane_detection/launch
[0.935s] running install_egg_info
[0.936s] Copying ../../build/lane_detection/lane_detection.egg-info to /home/chetan-satpute/depth_cam/install/lane_detection/lib/python3.10/site-packages/lane_detection-0.0.0-py3.10.egg-info
[0.936s] running install_scripts
[0.949s] Installing lane_detection_node script to /home/chetan-satpute/depth_cam/install/lane_detection/lib/lane_detection
[0.949s] Installing multi_view_visualizer script to /home/chetan-satpute/depth_cam/install/lane_detection/lib/lane_detection
[0.949s] Installing pointcloud_processor script to /home/chetan-satpute/depth_cam/install/lane_detection/lib/lane_detection
[0.949s] writing list of installed files to '/home/chetan-satpute/depth_cam/build/lane_detection/install.log'
[0.965s] Invoked command in '/home/chetan-satpute/depth_cam/src/lane_detection' returned '0': PYTHONPATH=/home/chetan-satpute/depth_cam/build/lane_detection/prefix_override:/usr/lib/python3/dist-packages/colcon_core/task/python/colcon_distutils_commands:/home/chetan-satpute/depth_cam/install/lane_detection/lib/python3.10/site-packages:${PYTHONPATH} /usr/bin/python3 -W ignore:setup.py install is deprecated -W ignore:easy_install command is deprecated setup.py egg_info --egg-base ../../build/lane_detection build --build-base /home/chetan-satpute/depth_cam/build/lane_detection/build install --record /home/chetan-satpute/depth_cam/build/lane_detection/install.log --single-version-externally-managed install_data --force
