[0.700s] Invoking command in '/home/chetan-satpute/lane_following/src/keyboard_teleoperation': PYTHONPATH=/home/chetan-satpute/lane_following/build/keyboard_teleoperation/prefix_override:/usr/lib/python3/dist-packages/colcon_core/task/python/colcon_distutils_commands:/home/chetan-satpute/lane_following/install/keyboard_teleoperation/lib/python3.10/site-packages:${PYTHONPATH} /usr/bin/python3 -W ignore:setup.py install is deprecated -W ignore:easy_install command is deprecated setup.py egg_info --egg-base ../../build/keyboard_teleoperation build --build-base /home/chetan-satpute/lane_following/build/keyboard_teleoperation/build install --record /home/chetan-satpute/lane_following/build/keyboard_teleoperation/install.log --single-version-externally-managed install_data
[0.867s] running egg_info
[0.867s] creating ../../build/keyboard_teleoperation/keyboard_teleoperation.egg-info
[0.867s] writing ../../build/keyboard_teleoperation/keyboard_teleoperation.egg-info/PKG-INFO
[0.867s] writing dependency_links to ../../build/keyboard_teleoperation/keyboard_teleoperation.egg-info/dependency_links.txt
[0.867s] writing entry points to ../../build/keyboard_teleoperation/keyboard_teleoperation.egg-info/entry_points.txt
[0.868s] writing requirements to ../../build/keyboard_teleoperation/keyboard_teleoperation.egg-info/requires.txt
[0.868s] writing top-level names to ../../build/keyboard_teleoperation/keyboard_teleoperation.egg-info/top_level.txt
[0.868s] writing manifest file '../../build/keyboard_teleoperation/keyboard_teleoperation.egg-info/SOURCES.txt'
[0.868s] reading manifest file '../../build/keyboard_teleoperation/keyboard_teleoperation.egg-info/SOURCES.txt'
[0.869s] writing manifest file '../../build/keyboard_teleoperation/keyboard_teleoperation.egg-info/SOURCES.txt'
[0.869s] running build
[0.869s] running build_py
[0.869s] creating /home/chetan-satpute/lane_following/build/keyboard_teleoperation/build
[0.869s] creating /home/chetan-satpute/lane_following/build/keyboard_teleoperation/build/lib
[0.869s] creating /home/chetan-satpute/lane_following/build/keyboard_teleoperation/build/lib/keyboard_teleoperation
[0.869s] copying keyboard_teleoperation/keyboard_teleop_node.py -> /home/chetan-satpute/lane_following/build/keyboard_teleoperation/build/lib/keyboard_teleoperation
[0.869s] copying keyboard_teleoperation/__init__.py -> /home/chetan-satpute/lane_following/build/keyboard_teleoperation/build/lib/keyboard_teleoperation
[0.869s] copying keyboard_teleoperation/keyboard_tele.py -> /home/chetan-satpute/lane_following/build/keyboard_teleoperation/build/lib/keyboard_teleoperation
[0.869s] copying keyboard_teleoperation/esp32_bridge_node.py -> /home/chetan-satpute/lane_following/build/keyboard_teleoperation/build/lib/keyboard_teleoperation
[0.869s] running install
[0.870s] running install_lib
[0.870s] creating /home/chetan-satpute/lane_following/install/keyboard_teleoperation/lib/python3.10/site-packages/keyboard_teleoperation
[0.870s] copying /home/chetan-satpute/lane_following/build/keyboard_teleoperation/build/lib/keyboard_teleoperation/keyboard_teleop_node.py -> /home/chetan-satpute/lane_following/install/keyboard_teleoperation/lib/python3.10/site-packages/keyboard_teleoperation
[0.870s] copying /home/chetan-satpute/lane_following/build/keyboard_teleoperation/build/lib/keyboard_teleoperation/__init__.py -> /home/chetan-satpute/lane_following/install/keyboard_teleoperation/lib/python3.10/site-packages/keyboard_teleoperation
[0.871s] copying /home/chetan-satpute/lane_following/build/keyboard_teleoperation/build/lib/keyboard_teleoperation/keyboard_tele.py -> /home/chetan-satpute/lane_following/install/keyboard_teleoperation/lib/python3.10/site-packages/keyboard_teleoperation
[0.871s] copying /home/chetan-satpute/lane_following/build/keyboard_teleoperation/build/lib/keyboard_teleoperation/esp32_bridge_node.py -> /home/chetan-satpute/lane_following/install/keyboard_teleoperation/lib/python3.10/site-packages/keyboard_teleoperation
[0.871s] byte-compiling /home/chetan-satpute/lane_following/install/keyboard_teleoperation/lib/python3.10/site-packages/keyboard_teleoperation/keyboard_teleop_node.py to keyboard_teleop_node.cpython-310.pyc
[0.871s] byte-compiling /home/chetan-satpute/lane_following/install/keyboard_teleoperation/lib/python3.10/site-packages/keyboard_teleoperation/__init__.py to __init__.cpython-310.pyc
[0.871s] byte-compiling /home/chetan-satpute/lane_following/install/keyboard_teleoperation/lib/python3.10/site-packages/keyboard_teleoperation/keyboard_tele.py to keyboard_tele.cpython-310.pyc
[0.872s] byte-compiling /home/chetan-satpute/lane_following/install/keyboard_teleoperation/lib/python3.10/site-packages/keyboard_teleoperation/esp32_bridge_node.py to esp32_bridge_node.cpython-310.pyc
[0.873s] running install_data
[0.873s] creating /home/chetan-satpute/lane_following/install/keyboard_teleoperation/share/ament_index
[0.873s] creating /home/chetan-satpute/lane_following/install/keyboard_teleoperation/share/ament_index/resource_index
[0.873s] creating /home/chetan-satpute/lane_following/install/keyboard_teleoperation/share/ament_index/resource_index/packages
[0.873s] copying resource/keyboard_teleoperation -> /home/chetan-satpute/lane_following/install/keyboard_teleoperation/share/ament_index/resource_index/packages
[0.873s] copying package.xml -> /home/chetan-satpute/lane_following/install/keyboard_teleoperation/share/keyboard_teleoperation
[0.873s] creating /home/chetan-satpute/lane_following/install/keyboard_teleoperation/share/keyboard_teleoperation/launch
[0.873s] copying launch/esp32_bridge.launch.py -> /home/chetan-satpute/lane_following/install/keyboard_teleoperation/share/keyboard_teleoperation/launch
[0.873s] creating /home/chetan-satpute/lane_following/install/keyboard_teleoperation/share/keyboard_teleoperation/firmware
[0.873s] copying firmware/esp32_keyboard_bridge/esp32_keyboard_bridge.ino -> /home/chetan-satpute/lane_following/install/keyboard_teleoperation/share/keyboard_teleoperation/firmware
[0.873s] running install_egg_info
[0.874s] Copying ../../build/keyboard_teleoperation/keyboard_teleoperation.egg-info to /home/chetan-satpute/lane_following/install/keyboard_teleoperation/lib/python3.10/site-packages/keyboard_teleoperation-0.1.0-py3.10.egg-info
[0.875s] running install_scripts
[0.888s] Installing esp32_cmd_bridge script to /home/chetan-satpute/lane_following/install/keyboard_teleoperation/lib/keyboard_teleoperation
[0.888s] Installing keyboard_teleop script to /home/chetan-satpute/lane_following/install/keyboard_teleoperation/lib/keyboard_teleoperation
[0.888s] writing list of installed files to '/home/chetan-satpute/lane_following/build/keyboard_teleoperation/install.log'
[0.905s] Invoked command in '/home/chetan-satpute/lane_following/src/keyboard_teleoperation' returned '0': PYTHONPATH=/home/chetan-satpute/lane_following/build/keyboard_teleoperation/prefix_override:/usr/lib/python3/dist-packages/colcon_core/task/python/colcon_distutils_commands:/home/chetan-satpute/lane_following/install/keyboard_teleoperation/lib/python3.10/site-packages:${PYTHONPATH} /usr/bin/python3 -W ignore:setup.py install is deprecated -W ignore:easy_install command is deprecated setup.py egg_info --egg-base ../../build/keyboard_teleoperation build --build-base /home/chetan-satpute/lane_following/build/keyboard_teleoperation/build install --record /home/chetan-satpute/lane_following/build/keyboard_teleoperation/install.log --single-version-externally-managed install_data
