[0.709s] Invoking command in '/home/chetan-satpute/lane_following/src/custom_follow': PYTHONPATH=/home/chetan-satpute/lane_following/build/custom_follow/prefix_override:/usr/lib/python3/dist-packages/colcon_core/task/python/colcon_distutils_commands:/home/chetan-satpute/lane_following/install/custom_follow/lib/python3.10/site-packages:${PYTHONPATH} /usr/bin/python3 -W ignore:setup.py install is deprecated -W ignore:easy_install command is deprecated setup.py egg_info --egg-base ../../build/custom_follow build --build-base /home/chetan-satpute/lane_following/build/custom_follow/build install --record /home/chetan-satpute/lane_following/build/custom_follow/install.log --single-version-externally-managed install_data
[0.875s] running egg_info
[0.875s] creating ../../build/custom_follow/custom_follow.egg-info
[0.875s] writing ../../build/custom_follow/custom_follow.egg-info/PKG-INFO
[0.876s] writing dependency_links to ../../build/custom_follow/custom_follow.egg-info/dependency_links.txt
[0.876s] writing entry points to ../../build/custom_follow/custom_follow.egg-info/entry_points.txt
[0.876s] writing requirements to ../../build/custom_follow/custom_follow.egg-info/requires.txt
[0.876s] writing top-level names to ../../build/custom_follow/custom_follow.egg-info/top_level.txt
[0.876s] writing manifest file '../../build/custom_follow/custom_follow.egg-info/SOURCES.txt'
[0.877s] reading manifest file '../../build/custom_follow/custom_follow.egg-info/SOURCES.txt'
[0.878s] writing manifest file '../../build/custom_follow/custom_follow.egg-info/SOURCES.txt'
[0.878s] running build
[0.878s] running build_py
[0.878s] creating /home/chetan-satpute/lane_following/build/custom_follow/build
[0.878s] creating /home/chetan-satpute/lane_following/build/custom_follow/build/lib
[0.878s] creating /home/chetan-satpute/lane_following/build/custom_follow/build/lib/custom_follow
[0.878s] copying custom_follow/infer_node.py -> /home/chetan-satpute/lane_following/build/custom_follow/build/lib/custom_follow
[0.878s] copying custom_follow/infer_clone.py -> /home/chetan-satpute/lane_following/build/custom_follow/build/lib/custom_follow
[0.878s] copying custom_follow/esp32_bridge.py -> /home/chetan-satpute/lane_following/build/custom_follow/build/lib/custom_follow
[0.878s] copying custom_follow/__init__.py -> /home/chetan-satpute/lane_following/build/custom_follow/build/lib/custom_follow
[0.878s] copying custom_follow/model_arch.py -> /home/chetan-satpute/lane_following/build/custom_follow/build/lib/custom_follow
[0.878s] running install
[0.878s] running install_lib
[0.879s] creating /home/chetan-satpute/lane_following/install/custom_follow/lib/python3.10/site-packages/custom_follow
[0.879s] copying /home/chetan-satpute/lane_following/build/custom_follow/build/lib/custom_follow/infer_node.py -> /home/chetan-satpute/lane_following/install/custom_follow/lib/python3.10/site-packages/custom_follow
[0.879s] copying /home/chetan-satpute/lane_following/build/custom_follow/build/lib/custom_follow/infer_clone.py -> /home/chetan-satpute/lane_following/install/custom_follow/lib/python3.10/site-packages/custom_follow
[0.879s] copying /home/chetan-satpute/lane_following/build/custom_follow/build/lib/custom_follow/esp32_bridge.py -> /home/chetan-satpute/lane_following/install/custom_follow/lib/python3.10/site-packages/custom_follow
[0.879s] copying /home/chetan-satpute/lane_following/build/custom_follow/build/lib/custom_follow/__init__.py -> /home/chetan-satpute/lane_following/install/custom_follow/lib/python3.10/site-packages/custom_follow
[0.879s] copying /home/chetan-satpute/lane_following/build/custom_follow/build/lib/custom_follow/model_arch.py -> /home/chetan-satpute/lane_following/install/custom_follow/lib/python3.10/site-packages/custom_follow
[0.879s] byte-compiling /home/chetan-satpute/lane_following/install/custom_follow/lib/python3.10/site-packages/custom_follow/infer_node.py to infer_node.cpython-310.pyc
[0.882s] byte-compiling /home/chetan-satpute/lane_following/install/custom_follow/lib/python3.10/site-packages/custom_follow/infer_clone.py to infer_clone.cpython-310.pyc
[0.884s] byte-compiling /home/chetan-satpute/lane_following/install/custom_follow/lib/python3.10/site-packages/custom_follow/esp32_bridge.py to esp32_bridge.cpython-310.pyc
[0.885s] byte-compiling /home/chetan-satpute/lane_following/install/custom_follow/lib/python3.10/site-packages/custom_follow/__init__.py to __init__.cpython-310.pyc
[0.885s] byte-compiling /home/chetan-satpute/lane_following/install/custom_follow/lib/python3.10/site-packages/custom_follow/model_arch.py to model_arch.cpython-310.pyc
[0.886s] running install_data
[0.886s] creating /home/chetan-satpute/lane_following/install/custom_follow/share/ament_index
[0.886s] creating /home/chetan-satpute/lane_following/install/custom_follow/share/ament_index/resource_index
[0.886s] creating /home/chetan-satpute/lane_following/install/custom_follow/share/ament_index/resource_index/packages
[0.886s] copying resource/custom_follow -> /home/chetan-satpute/lane_following/install/custom_follow/share/ament_index/resource_index/packages
[0.886s] copying package.xml -> /home/chetan-satpute/lane_following/install/custom_follow/share/custom_follow
[0.886s] creating /home/chetan-satpute/lane_following/install/custom_follow/share/custom_follow/model
[0.886s] copying model/lane_model.pt -> /home/chetan-satpute/lane_following/install/custom_follow/share/custom_follow/model
[0.890s] running install_egg_info
[0.892s] Copying ../../build/custom_follow/custom_follow.egg-info to /home/chetan-satpute/lane_following/install/custom_follow/lib/python3.10/site-packages/custom_follow-0.1.0-py3.10.egg-info
[0.892s] running install_scripts
[0.906s] Installing esp32_bridge script to /home/chetan-satpute/lane_following/install/custom_follow/lib/custom_follow
[0.906s] Installing infer_node script to /home/chetan-satpute/lane_following/install/custom_follow/lib/custom_follow
[0.906s] writing list of installed files to '/home/chetan-satpute/lane_following/build/custom_follow/install.log'
[0.923s] Invoked command in '/home/chetan-satpute/lane_following/src/custom_follow' returned '0': PYTHONPATH=/home/chetan-satpute/lane_following/build/custom_follow/prefix_override:/usr/lib/python3/dist-packages/colcon_core/task/python/colcon_distutils_commands:/home/chetan-satpute/lane_following/install/custom_follow/lib/python3.10/site-packages:${PYTHONPATH} /usr/bin/python3 -W ignore:setup.py install is deprecated -W ignore:easy_install command is deprecated setup.py egg_info --egg-base ../../build/custom_follow build --build-base /home/chetan-satpute/lane_following/build/custom_follow/build install --record /home/chetan-satpute/lane_following/build/custom_follow/install.log --single-version-externally-managed install_data
