[0.011s] Invoking command in '/home/chetan-satpute/depth_cam/build/orbbec_camera_msgs': CMAKE_PREFIX_PATH=/opt/ros/humble /usr/bin/cmake /home/chetan-satpute/depth_cam/src/OrbbecSDK_ROS2/orbbec_camera_msgs -DCMAKE_INSTALL_PREFIX=/home/chetan-satpute/depth_cam/install/orbbec_camera_msgs
[0.189s] -- Found ament_cmake: 1.3.12 (/opt/ros/humble/share/ament_cmake/cmake)
[0.189s] -- Found rosidl_default_generators: 1.2.0 (/opt/ros/humble/share/rosidl_default_generators/cmake)
[0.189s] -- Using all available rosidl_typesupport_c: rosidl_typesupport_fastrtps_c;rosidl_typesupport_introspection_c
[0.189s] -- Found rosidl_adapter: 3.1.8 (/opt/ros/humble/share/rosidl_adapter/cmake)
[0.189s] -- Using all available rosidl_typesupport_cpp: rosidl_typesupport_fastrtps_cpp;rosidl_typesupport_introspection_cpp
[0.189s] -- Found sensor_msgs: 4.9.0 (/opt/ros/humble/share/sensor_msgs/cmake)
[0.452s] -- Found ament_cmake_ros: 0.10.0 (/opt/ros/humble/share/ament_cmake_ros/cmake)
[0.657s] -- Using all available rosidl_typesupport_c: rosidl_typesupport_fastrtps_c;rosidl_typesupport_introspection_c
[0.916s] -- Using all available rosidl_typesupport_cpp: rosidl_typesupport_fastrtps_cpp;rosidl_typesupport_introspection_cpp
[0.931s] -- Found python_cmake_module: 0.10.0 (/opt/ros/humble/share/python_cmake_module/cmake)
[0.948s] -- Using PYTHON_EXECUTABLE: /usr/bin/python3
[0.948s] -- Using PYTHON_INCLUDE_DIRS: /usr/include/python3.10
[0.948s] -- Using PYTHON_LIBRARIES: /usr/lib/x86_64-linux-gnu/libpython3.10.so
[0.979s] -- Found ament_lint_auto: 0.12.14 (/opt/ros/humble/share/ament_lint_auto/cmake)
[0.984s] -- Added test 'copyright' to check source files copyright and LICENSE
[0.986s] -- Added test 'lint_cmake' to check CMake code style
[0.986s] -- Added test 'xmllint' to check XML markup files
[0.987s] -- Configuring done
[1.021s] -- Generating done
[1.030s] -- Build files have been written to: /home/chetan-satpute/depth_cam/build/orbbec_camera_msgs
[1.035s] Invoked command in '/home/chetan-satpute/depth_cam/build/orbbec_camera_msgs' returned '0': CMAKE_PREFIX_PATH=/opt/ros/humble /usr/bin/cmake /home/chetan-satpute/depth_cam/src/OrbbecSDK_ROS2/orbbec_camera_msgs -DCMAKE_INSTALL_PREFIX=/home/chetan-satpute/depth_cam/install/orbbec_camera_msgs
[1.036s] Invoking command in '/home/chetan-satpute/depth_cam/build/orbbec_camera_msgs': CMAKE_PREFIX_PATH=/opt/ros/humble /usr/bin/cmake --build /home/chetan-satpute/depth_cam/build/orbbec_camera_msgs -- -j16 -l16
[1.081s] [35m[1mConsolidate compiler generated dependencies of target orbbec_camera_msgs__rosidl_generator_c[0m
[1.090s] [  0%] Built target orbbec_camera_msgs__cpp
[1.095s] [ 12%] Built target orbbec_camera_msgs__rosidl_generator_c
[1.101s] [ 12%] Built target ament_cmake_python_copy_orbbec_camera_msgs
[1.107s] [35m[1mConsolidate compiler generated dependencies of target orbbec_camera_msgs__rosidl_typesupport_cpp[0m
[1.109s] [35m[1mConsolidate compiler generated dependencies of target orbbec_camera_msgs__rosidl_typesupport_introspection_cpp[0m
[1.109s] [35m[1mConsolidate compiler generated dependencies of target orbbec_camera_msgs__rosidl_typesupport_fastrtps_cpp[0m
[1.112s] [35m[1mConsolidate compiler generated dependencies of target orbbec_camera_msgs__rosidl_typesupport_c[0m
[1.114s] [35m[1mConsolidate compiler generated dependencies of target orbbec_camera_msgs__rosidl_typesupport_introspection_c[0m
[1.118s] [35m[1mConsolidate compiler generated dependencies of target orbbec_camera_msgs__rosidl_typesupport_fastrtps_c[0m
[1.134s] [ 24%] Built target orbbec_camera_msgs__rosidl_typesupport_c
[1.138s] [ 36%] Built target orbbec_camera_msgs__rosidl_typesupport_introspection_c
[1.140s] [ 48%] Built target orbbec_camera_msgs__rosidl_typesupport_introspection_cpp
[1.142s] [ 60%] Built target orbbec_camera_msgs__rosidl_typesupport_cpp
[1.143s] [ 71%] Built target orbbec_camera_msgs__rosidl_typesupport_fastrtps_cpp
[1.146s] [ 83%] Built target orbbec_camera_msgs__rosidl_typesupport_fastrtps_c
[1.163s] [ 83%] Built target orbbec_camera_msgs
[1.181s] [ 84%] Built target orbbec_camera_msgs__py
[1.191s] [35m[1mConsolidate compiler generated dependencies of target orbbec_camera_msgs__rosidl_generator_py[0m
[1.206s] [ 95%] Built target orbbec_camera_msgs__rosidl_generator_py
[1.213s] [35m[1mConsolidate compiler generated dependencies of target orbbec_camera_msgs__rosidl_typesupport_c__pyext[0m
[1.216s] [35m[1mConsolidate compiler generated dependencies of target orbbec_camera_msgs__rosidl_typesupport_introspection_c__pyext[0m
[1.216s] [35m[1mConsolidate compiler generated dependencies of target orbbec_camera_msgs__rosidl_typesupport_fastrtps_c__pyext[0m
[1.222s] [ 96%] Built target orbbec_camera_msgs__rosidl_typesupport_c__pyext
[1.223s] [ 98%] Built target orbbec_camera_msgs__rosidl_typesupport_introspection_c__pyext
[1.226s] [100%] Built target orbbec_camera_msgs__rosidl_typesupport_fastrtps_c__pyext
[1.291s] running egg_info
[1.292s] writing orbbec_camera_msgs.egg-info/PKG-INFO
[1.292s] writing dependency_links to orbbec_camera_msgs.egg-info/dependency_links.txt
[1.292s] writing top-level names to orbbec_camera_msgs.egg-info/top_level.txt
[1.293s] reading manifest file 'orbbec_camera_msgs.egg-info/SOURCES.txt'
[1.294s] writing manifest file 'orbbec_camera_msgs.egg-info/SOURCES.txt'
[1.311s] [100%] Built target ament_cmake_python_build_orbbec_camera_msgs_egg
[1.321s] Invoked command in '/home/chetan-satpute/depth_cam/build/orbbec_camera_msgs' returned '0': CMAKE_PREFIX_PATH=/opt/ros/humble /usr/bin/cmake --build /home/chetan-satpute/depth_cam/build/orbbec_camera_msgs -- -j16 -l16
[1.323s] Invoking command in '/home/chetan-satpute/depth_cam/build/orbbec_camera_msgs': CMAKE_PREFIX_PATH=/opt/ros/humble /usr/bin/cmake --install /home/chetan-satpute/depth_cam/build/orbbec_camera_msgs
[1.332s] -- Install configuration: "Release"
[1.332s] -- Up-to-date: /home/chetan-satpute/depth_cam/install/orbbec_camera_msgs/share/ament_index/resource_index/rosidl_interfaces/orbbec_camera_msgs
[1.332s] -- Up-to-date: /home/chetan-satpute/depth_cam/install/orbbec_camera_msgs/include/orbbec_camera_msgs/orbbec_camera_msgs
[1.332s] -- Up-to-date: /home/chetan-satpute/depth_cam/install/orbbec_camera_msgs/include/orbbec_camera_msgs/orbbec_camera_msgs/msg
[1.332s] -- Up-to-date: /home/chetan-satpute/depth_cam/install/orbbec_camera_msgs/include/orbbec_camera_msgs/orbbec_camera_msgs/msg/rosidl_generator_c__visibility_control.h
[1.332s] -- Up-to-date: /home/chetan-satpute/depth_cam/install/orbbec_camera_msgs/include/orbbec_camera_msgs/orbbec_camera_msgs/msg/extrinsics.h
[1.332s] -- Up-to-date: /home/chetan-satpute/depth_cam/install/orbbec_camera_msgs/include/orbbec_camera_msgs/orbbec_camera_msgs/msg/metadata.h
[1.332s] -- Up-to-date: /home/chetan-satpute/depth_cam/install/orbbec_camera_msgs/include/orbbec_camera_msgs/orbbec_camera_msgs/msg/device_status.h
[1.332s] -- Up-to-date: /home/chetan-satpute/depth_cam/install/orbbec_camera_msgs/include/orbbec_camera_msgs/orbbec_camera_msgs/msg/rgbd.h
[1.332s] -- Up-to-date: /home/chetan-satpute/depth_cam/install/orbbec_camera_msgs/include/orbbec_camera_msgs/orbbec_camera_msgs/msg/detail
[1.332s] -- Up-to-date: /home/chetan-satpute/depth_cam/install/orbbec_camera_msgs/include/orbbec_camera_msgs/orbbec_camera_msgs/msg/detail/extrinsics__functions.c
[1.332s] -- Up-to-date: /home/chetan-satpute/depth_cam/install/orbbec_camera_msgs/include/orbbec_camera_msgs/orbbec_camera_msgs/msg/detail/metadata__functions.h
[1.332s] -- Up-to-date: /home/chetan-satpute/depth_cam/install/orbbec_camera_msgs/include/orbbec_camera_msgs/orbbec_camera_msgs/msg/detail/device_info__struct.h
[1.332s] -- Up-to-date: /home/chetan-satpute/depth_cam/install/orbbec_camera_msgs/include/orbbec_camera_msgs/orbbec_camera_msgs/msg/detail/device_info__functions.c
[1.333s] -- Up-to-date: /home/chetan-satpute/depth_cam/install/orbbec_camera_msgs/include/orbbec_camera_msgs/orbbec_camera_msgs/msg/detail/extrinsics__struct.h
[1.333s] -- Up-to-date: /home/chetan-satpute/depth_cam/install/orbbec_camera_msgs/include/orbbec_camera_msgs/orbbec_camera_msgs/msg/detail/rgbd__type_support.h
[1.333s] -- Up-to-date: /home/chetan-satpute/depth_cam/install/orbbec_camera_msgs/include/orbbec_camera_msgs/orbbec_camera_msgs/msg/detail/device_info__type_support.h
[1.333s] -- Up-to-date: /home/chetan-satpute/depth_cam/install/orbbec_camera_msgs/include/orbbec_camera_msgs/orbbec_camera_msgs/msg/detail/imu_info__functions.c
[1.333s] -- Up-to-date: /home/chetan-satpute/depth_cam/install/orbbec_camera_msgs/include/orbbec_camera_msgs/orbbec_camera_msgs/msg/detail/rgbd__struct.h
[1.333s] -- Up-to-date: /home/chetan-satpute/depth_cam/install/orbbec_camera_msgs/include/orbbec_camera_msgs/orbbec_camera_msgs/msg/detail/device_status__functions.c
[1.333s] -- Up-to-date: /home/chetan-satpute/depth_cam/install/orbbec_camera_msgs/include/orbbec_camera_msgs/orbbec_camera_msgs/msg/detail/rgbd__functions.c
[1.333s] -- Up-to-date: /home/chetan-satpute/depth_cam/install/orbbec_camera_msgs/include/orbbec_camera_msgs/orbbec_camera_msgs/msg/detail/imu_info__struct.h
[1.333s] -- Up-to-date: /home/chetan-satpute/depth_cam/install/orbbec_camera_msgs/include/orbbec_camera_msgs/orbbec_camera_msgs/msg/detail/rgbd__functions.h
[1.333s] -- Up-to-date: /home/chetan-satpute/depth_cam/install/orbbec_camera_msgs/include/orbbec_camera_msgs/orbbec_camera_msgs/msg/detail/metadata__struct.h
[1.333s] -- Up-to-date: /home/chetan-satpute/depth_cam/install/orbbec_camera_msgs/include/orbbec_camera_msgs/orbbec_camera_msgs/msg/detail/imu_info__functions.h
[1.333s] -- Up-to-date: /home/chetan-satpute/depth_cam/install/orbbec_camera_msgs/include/orbbec_camera_msgs/orbbec_camera_msgs/msg/detail/metadata__functions.c
[1.333s] -- Up-to-date: /home/chetan-satpute/depth_cam/install/orbbec_camera_msgs/include/orbbec_camera_msgs/orbbec_camera_msgs/msg/detail/device_info__functions.h
[1.333s] -- Up-to-date: /home/chetan-satpute/depth_cam/install/orbbec_camera_msgs/include/orbbec_camera_msgs/orbbec_camera_msgs/msg/detail/imu_info__type_support.h
[1.333s] -- Up-to-date: /home/chetan-satpute/depth_cam/install/orbbec_camera_msgs/include/orbbec_camera_msgs/orbbec_camera_msgs/msg/detail/device_status__type_support.h
[1.334s] -- Up-to-date: /home/chetan-satpute/depth_cam/install/orbbec_camera_msgs/include/orbbec_camera_msgs/orbbec_camera_msgs/msg/detail/extrinsics__type_support.h
[1.334s] -- Up-to-date: /home/chetan-satpute/depth_cam/install/orbbec_camera_msgs/include/orbbec_camera_msgs/orbbec_camera_msgs/msg/detail/device_status__struct.h
[1.334s] -- Up-to-date: /home/chetan-satpute/depth_cam/install/orbbec_camera_msgs/include/orbbec_camera_msgs/orbbec_camera_msgs/msg/detail/metadata__type_support.h
[1.334s] -- Up-to-date: /home/chetan-satpute/depth_cam/install/orbbec_camera_msgs/include/orbbec_camera_msgs/orbbec_camera_msgs/msg/detail/extrinsics__functions.h
[1.334s] -- Up-to-date: /home/chetan-satpute/depth_cam/install/orbbec_camera_msgs/include/orbbec_camera_msgs/orbbec_camera_msgs/msg/detail/device_status__functions.h
[1.334s] -- Up-to-date: /home/chetan-satpute/depth_cam/install/orbbec_camera_msgs/include/orbbec_camera_msgs/orbbec_camera_msgs/msg/device_info.h
[1.334s] -- Up-to-date: /home/chetan-satpute/depth_cam/install/orbbec_camera_msgs/include/orbbec_camera_msgs/orbbec_camera_msgs/msg/imu_info.h
[1.334s] -- Up-to-date: /home/chetan-satpute/depth_cam/install/orbbec_camera_msgs/include/orbbec_camera_msgs/orbbec_camera_msgs/srv
[1.334s] -- Up-to-date: /home/chetan-satpute/depth_cam/install/orbbec_camera_msgs/include/orbbec_camera_msgs/orbbec_camera_msgs/srv/get_string.h
[1.334s] -- Up-to-date: /home/chetan-satpute/depth_cam/install/orbbec_camera_msgs/include/orbbec_camera_msgs/orbbec_camera_msgs/srv/get_user_calib_params.h
[1.334s] -- Up-to-date: /home/chetan-satpute/depth_cam/install/orbbec_camera_msgs/include/orbbec_camera_msgs/orbbec_camera_msgs/srv/set_string.h
[1.334s] -- Up-to-date: /home/chetan-satpute/depth_cam/install/orbbec_camera_msgs/include/orbbec_camera_msgs/orbbec_camera_msgs/srv/set_filter.h
[1.334s] -- Up-to-date: /home/chetan-satpute/depth_cam/install/orbbec_camera_msgs/include/orbbec_camera_msgs/orbbec_camera_msgs/srv/set_int32.h
[1.334s] -- Up-to-date: /home/chetan-satpute/depth_cam/install/orbbec_camera_msgs/include/orbbec_camera_msgs/orbbec_camera_msgs/srv/set_arrays.h
[1.334s] -- Up-to-date: /home/chetan-satpute/depth_cam/install/orbbec_camera_msgs/include/orbbec_camera_msgs/orbbec_camera_msgs/srv/get_camera_info.h
[1.334s] -- Up-to-date: /home/chetan-satpute/depth_cam/install/orbbec_camera_msgs/include/orbbec_camera_msgs/orbbec_camera_msgs/srv/detail
[1.334s] -- Up-to-date: /home/chetan-satpute/depth_cam/install/orbbec_camera_msgs/include/orbbec_camera_msgs/orbbec_camera_msgs/srv/detail/get_bool__struct.h
[1.334s] -- Up-to-date: /home/chetan-satpute/depth_cam/install/orbbec_camera_msgs/include/orbbec_camera_msgs/orbbec_camera_msgs/srv/detail/set_int32__functions.c
[1.334s] -- Up-to-date: /home/chetan-satpute/depth_cam/install/orbbec_camera_msgs/include/orbbec_camera_msgs/orbbec_camera_msgs/srv/detail/get_device_info__functions.h
[1.334s] -- Up-to-date: /home/chetan-satpute/depth_cam/install/orbbec_camera_msgs/include/orbbec_camera_msgs/orbbec_camera_msgs/srv/detail/get_int32__type_support.h
[1.334s] -- Up-to-date: /home/chetan-satpute/depth_cam/install/orbbec_camera_msgs/include/orbbec_camera_msgs/orbbec_camera_msgs/srv/detail/set_user_calib_params__type_support.h
[1.334s] -- Up-to-date: /home/chetan-satpute/depth_cam/install/orbbec_camera_msgs/include/orbbec_camera_msgs/orbbec_camera_msgs/srv/detail/get_string__functions.h
[1.335s] -- Up-to-date: /home/chetan-satpute/depth_cam/install/orbbec_camera_msgs/include/orbbec_camera_msgs/orbbec_camera_msgs/srv/detail/set_int32__functions.h
[1.335s] -- Up-to-date: /home/chetan-satpute/depth_cam/install/orbbec_camera_msgs/include/orbbec_camera_msgs/orbbec_camera_msgs/srv/detail/get_string__functions.c
[1.335s] -- Up-to-date: /home/chetan-satpute/depth_cam/install/orbbec_camera_msgs/include/orbbec_camera_msgs/orbbec_camera_msgs/srv/detail/set_int32__type_support.h
[1.335s] -- Up-to-date: /home/chetan-satpute/depth_cam/install/orbbec_camera_msgs/include/orbbec_camera_msgs/orbbec_camera_msgs/srv/detail/set_string__functions.h
[1.335s] -- Up-to-date: /home/chetan-satpute/depth_cam/install/orbbec_camera_msgs/include/orbbec_camera_msgs/orbbec_camera_msgs/srv/detail/set_filter__functions.c
[1.335s] -- Up-to-date: /home/chetan-satpute/depth_cam/install/orbbec_camera_msgs/include/orbbec_camera_msgs/orbbec_camera_msgs/srv/detail/get_bool__type_support.h
[1.335s] -- Up-to-date: /home/chetan-satpute/depth_cam/install/orbbec_camera_msgs/include/orbbec_camera_msgs/orbbec_camera_msgs/srv/detail/get_user_calib_params__functions.h
[1.335s] -- Up-to-date: /home/chetan-satpute/depth_cam/install/orbbec_camera_msgs/include/orbbec_camera_msgs/orbbec_camera_msgs/srv/detail/set_string__type_support.h
[1.335s] -- Up-to-date: /home/chetan-satpute/depth_cam/install/orbbec_camera_msgs/include/orbbec_camera_msgs/orbbec_camera_msgs/srv/detail/get_device_info__functions.c
[1.335s] -- Up-to-date: /home/chetan-satpute/depth_cam/install/orbbec_camera_msgs/include/orbbec_camera_msgs/orbbec_camera_msgs/srv/detail/set_arrays__functions.h
[1.335s] -- Up-to-date: /home/chetan-satpute/depth_cam/install/orbbec_camera_msgs/include/orbbec_camera_msgs/orbbec_camera_msgs/srv/detail/get_int32__struct.h
[1.335s] -- Up-to-date: /home/chetan-satpute/depth_cam/install/orbbec_camera_msgs/include/orbbec_camera_msgs/orbbec_camera_msgs/srv/detail/set_user_calib_params__functions.h
[1.335s] -- Up-to-date: /home/chetan-satpute/depth_cam/install/orbbec_camera_msgs/include/orbbec_camera_msgs/orbbec_camera_msgs/srv/detail/get_string__type_support.h
[1.335s] -- Up-to-date: /home/chetan-satpute/depth_cam/install/orbbec_camera_msgs/include/orbbec_camera_msgs/orbbec_camera_msgs/srv/detail/get_string__struct.h
[1.335s] -- Up-to-date: /home/chetan-satpute/depth_cam/install/orbbec_camera_msgs/include/orbbec_camera_msgs/orbbec_camera_msgs/srv/detail/get_device_info__type_support.h
[1.335s] -- Up-to-date: /home/chetan-satpute/depth_cam/install/orbbec_camera_msgs/include/orbbec_camera_msgs/orbbec_camera_msgs/srv/detail/get_user_calib_params__type_support.h
[1.335s] -- Up-to-date: /home/chetan-satpute/depth_cam/install/orbbec_camera_msgs/include/orbbec_camera_msgs/orbbec_camera_msgs/srv/detail/set_string__functions.c
[1.335s] -- Up-to-date: /home/chetan-satpute/depth_cam/install/orbbec_camera_msgs/include/orbbec_camera_msgs/orbbec_camera_msgs/srv/detail/get_device_info__struct.h
[1.335s] -- Up-to-date: /home/chetan-satpute/depth_cam/install/orbbec_camera_msgs/include/orbbec_camera_msgs/orbbec_camera_msgs/srv/detail/get_user_calib_params__struct.h
[1.335s] -- Up-to-date: /home/chetan-satpute/depth_cam/install/orbbec_camera_msgs/include/orbbec_camera_msgs/orbbec_camera_msgs/srv/detail/set_filter__functions.h
[1.335s] -- Up-to-date: /home/chetan-satpute/depth_cam/install/orbbec_camera_msgs/include/orbbec_camera_msgs/orbbec_camera_msgs/srv/detail/get_int32__functions.h
[1.336s] -- Up-to-date: /home/chetan-satpute/depth_cam/install/orbbec_camera_msgs/include/orbbec_camera_msgs/orbbec_camera_msgs/srv/detail/get_camera_info__struct.h
[1.336s] -- Up-to-date: /home/chetan-satpute/depth_cam/install/orbbec_camera_msgs/include/orbbec_camera_msgs/orbbec_camera_msgs/srv/detail/get_bool__functions.h
[1.336s] -- Up-to-date: /home/chetan-satpute/depth_cam/install/orbbec_camera_msgs/include/orbbec_camera_msgs/orbbec_camera_msgs/srv/detail/set_string__struct.h
[1.336s] -- Up-to-date: /home/chetan-satpute/depth_cam/install/orbbec_camera_msgs/include/orbbec_camera_msgs/orbbec_camera_msgs/srv/detail/get_int32__functions.c
[1.336s] -- Up-to-date: /home/chetan-satpute/depth_cam/install/orbbec_camera_msgs/include/orbbec_camera_msgs/orbbec_camera_msgs/srv/detail/set_user_calib_params__struct.h
[1.336s] -- Up-to-date: /home/chetan-satpute/depth_cam/install/orbbec_camera_msgs/include/orbbec_camera_msgs/orbbec_camera_msgs/srv/detail/set_user_calib_params__functions.c
[1.336s] -- Up-to-date: /home/chetan-satpute/depth_cam/install/orbbec_camera_msgs/include/orbbec_camera_msgs/orbbec_camera_msgs/srv/detail/set_arrays__struct.h
[1.336s] -- Up-to-date: /home/chetan-satpute/depth_cam/install/orbbec_camera_msgs/include/orbbec_camera_msgs/orbbec_camera_msgs/srv/detail/get_camera_info__functions.h
[1.336s] -- Up-to-date: /home/chetan-satpute/depth_cam/install/orbbec_camera_msgs/include/orbbec_camera_msgs/orbbec_camera_msgs/srv/detail/get_bool__functions.c
[1.336s] -- Up-to-date: /home/chetan-satpute/depth_cam/install/orbbec_camera_msgs/include/orbbec_camera_msgs/orbbec_camera_msgs/srv/detail/get_user_calib_params__functions.c
[1.336s] -- Up-to-date: /home/chetan-satpute/depth_cam/install/orbbec_camera_msgs/include/orbbec_camera_msgs/orbbec_camera_msgs/srv/detail/get_camera_info__functions.c
[1.336s] -- Up-to-date: /home/chetan-satpute/depth_cam/install/orbbec_camera_msgs/include/orbbec_camera_msgs/orbbec_camera_msgs/srv/detail/get_camera_info__type_support.h
[1.336s] -- Up-to-date: /home/chetan-satpute/depth_cam/install/orbbec_camera_msgs/include/orbbec_camera_msgs/orbbec_camera_msgs/srv/detail/set_filter__type_support.h
[1.336s] -- Up-to-date: /home/chetan-satpute/depth_cam/install/orbbec_camera_msgs/include/orbbec_camera_msgs/orbbec_camera_msgs/srv/detail/set_filter__struct.h
[1.336s] -- Up-to-date: /home/chetan-satpute/depth_cam/install/orbbec_camera_msgs/include/orbbec_camera_msgs/orbbec_camera_msgs/srv/detail/set_arrays__type_support.h
[1.336s] -- Up-to-date: /home/chetan-satpute/depth_cam/install/orbbec_camera_msgs/include/orbbec_camera_msgs/orbbec_camera_msgs/srv/detail/set_arrays__functions.c
[1.336s] -- Up-to-date: /home/chetan-satpute/depth_cam/install/orbbec_camera_msgs/include/orbbec_camera_msgs/orbbec_camera_msgs/srv/detail/set_int32__struct.h
[1.336s] -- Up-to-date: /home/chetan-satpute/depth_cam/install/orbbec_camera_msgs/include/orbbec_camera_msgs/orbbec_camera_msgs/srv/get_bool.h
[1.336s] -- Up-to-date: /home/chetan-satpute/depth_cam/install/orbbec_camera_msgs/include/orbbec_camera_msgs/orbbec_camera_msgs/srv/get_int32.h
[1.336s] -- Up-to-date: /home/chetan-satpute/depth_cam/install/orbbec_camera_msgs/include/orbbec_camera_msgs/orbbec_camera_msgs/srv/set_user_calib_params.h
[1.336s] -- Up-to-date: /home/chetan-satpute/depth_cam/install/orbbec_camera_msgs/include/orbbec_camera_msgs/orbbec_camera_msgs/srv/get_device_info.h
[1.336s] -- Up-to-date: /home/chetan-satpute/depth_cam/install/orbbec_camera_msgs/share/orbbec_camera_msgs/environment/library_path.sh
[1.337s] -- Installing: /home/chetan-satpute/depth_cam/install/orbbec_camera_msgs/share/orbbec_camera_msgs/environment/library_path.dsv
[1.337s] -- Up-to-date: /home/chetan-satpute/depth_cam/install/orbbec_camera_msgs/lib/liborbbec_camera_msgs__rosidl_generator_c.so
[1.337s] -- Up-to-date: /home/chetan-satpute/depth_cam/install/orbbec_camera_msgs/include/orbbec_camera_msgs/orbbec_camera_msgs
[1.337s] -- Up-to-date: /home/chetan-satpute/depth_cam/install/orbbec_camera_msgs/include/orbbec_camera_msgs/orbbec_camera_msgs/msg
[1.337s] -- Up-to-date: /home/chetan-satpute/depth_cam/install/orbbec_camera_msgs/include/orbbec_camera_msgs/orbbec_camera_msgs/msg/rosidl_typesupport_fastrtps_c__visibility_control.h
[1.337s] -- Up-to-date: /home/chetan-satpute/depth_cam/install/orbbec_camera_msgs/include/orbbec_camera_msgs/orbbec_camera_msgs/msg/detail
[1.337s] -- Up-to-date: /home/chetan-satpute/depth_cam/install/orbbec_camera_msgs/include/orbbec_camera_msgs/orbbec_camera_msgs/msg/detail/extrinsics__rosidl_typesupport_fastrtps_c.h
[1.337s] -- Up-to-date: /home/chetan-satpute/depth_cam/install/orbbec_camera_msgs/include/orbbec_camera_msgs/orbbec_camera_msgs/msg/detail/imu_info__rosidl_typesupport_fastrtps_c.h
[1.337s] -- Up-to-date: /home/chetan-satpute/depth_cam/install/orbbec_camera_msgs/include/orbbec_camera_msgs/orbbec_camera_msgs/msg/detail/device_status__rosidl_typesupport_fastrtps_c.h
[1.337s] -- Up-to-date: /home/chetan-satpute/depth_cam/install/orbbec_camera_msgs/include/orbbec_camera_msgs/orbbec_camera_msgs/msg/detail/metadata__rosidl_typesupport_fastrtps_c.h
[1.337s] -- Up-to-date: /home/chetan-satpute/depth_cam/install/orbbec_camera_msgs/include/orbbec_camera_msgs/orbbec_camera_msgs/msg/detail/device_info__rosidl_typesupport_fastrtps_c.h
[1.337s] -- Up-to-date: /home/chetan-satpute/depth_cam/install/orbbec_camera_msgs/include/orbbec_camera_msgs/orbbec_camera_msgs/msg/detail/rgbd__rosidl_typesupport_fastrtps_c.h
[1.337s] -- Up-to-date: /home/chetan-satpute/depth_cam/install/orbbec_camera_msgs/include/orbbec_camera_msgs/orbbec_camera_msgs/srv
[1.337s] -- Up-to-date: /home/chetan-satpute/depth_cam/install/orbbec_camera_msgs/include/orbbec_camera_msgs/orbbec_camera_msgs/srv/detail
[1.337s] -- Up-to-date: /home/chetan-satpute/depth_cam/install/orbbec_camera_msgs/include/orbbec_camera_msgs/orbbec_camera_msgs/srv/detail/get_string__rosidl_typesupport_fastrtps_c.h
[1.337s] -- Up-to-date: /home/chetan-satpute/depth_cam/install/orbbec_camera_msgs/include/orbbec_camera_msgs/orbbec_camera_msgs/srv/detail/set_user_calib_params__rosidl_typesupport_fastrtps_c.h
[1.337s] -- Up-to-date: /home/chetan-satpute/depth_cam/install/orbbec_camera_msgs/include/orbbec_camera_msgs/orbbec_camera_msgs/srv/detail/get_bool__rosidl_typesupport_fastrtps_c.h
[1.337s] -- Up-to-date: /home/chetan-satpute/depth_cam/install/orbbec_camera_msgs/include/orbbec_camera_msgs/orbbec_camera_msgs/srv/detail/get_int32__rosidl_typesupport_fastrtps_c.h
[1.338s] -- Up-to-date: /home/chetan-satpute/depth_cam/install/orbbec_camera_msgs/include/orbbec_camera_msgs/orbbec_camera_msgs/srv/detail/get_camera_info__rosidl_typesupport_fastrtps_c.h
[1.338s] -- Up-to-date: /home/chetan-satpute/depth_cam/install/orbbec_camera_msgs/include/orbbec_camera_msgs/orbbec_camera_msgs/srv/detail/get_device_info__rosidl_typesupport_fastrtps_c.h
[1.338s] -- Up-to-date: /home/chetan-satpute/depth_cam/install/orbbec_camera_msgs/include/orbbec_camera_msgs/orbbec_camera_msgs/srv/detail/set_arrays__rosidl_typesupport_fastrtps_c.h
[1.338s] -- Up-to-date: /home/chetan-satpute/depth_cam/install/orbbec_camera_msgs/include/orbbec_camera_msgs/orbbec_camera_msgs/srv/detail/set_int32__rosidl_typesupport_fastrtps_c.h
[1.338s] -- Up-to-date: /home/chetan-satpute/depth_cam/install/orbbec_camera_msgs/include/orbbec_camera_msgs/orbbec_camera_msgs/srv/detail/get_user_calib_params__rosidl_typesupport_fastrtps_c.h
[1.338s] -- Up-to-date: /home/chetan-satpute/depth_cam/install/orbbec_camera_msgs/include/orbbec_camera_msgs/orbbec_camera_msgs/srv/detail/set_filter__rosidl_typesupport_fastrtps_c.h
[1.338s] -- Up-to-date: /home/chetan-satpute/depth_cam/install/orbbec_camera_msgs/include/orbbec_camera_msgs/orbbec_camera_msgs/srv/detail/set_string__rosidl_typesupport_fastrtps_c.h
[1.338s] -- Up-to-date: /home/chetan-satpute/depth_cam/install/orbbec_camera_msgs/lib/liborbbec_camera_msgs__rosidl_typesupport_fastrtps_c.so
[1.338s] -- Up-to-date: /home/chetan-satpute/depth_cam/install/orbbec_camera_msgs/include/orbbec_camera_msgs/orbbec_camera_msgs
[1.338s] -- Up-to-date: /home/chetan-satpute/depth_cam/install/orbbec_camera_msgs/include/orbbec_camera_msgs/orbbec_camera_msgs/msg
[1.338s] -- Up-to-date: /home/chetan-satpute/depth_cam/install/orbbec_camera_msgs/include/orbbec_camera_msgs/orbbec_camera_msgs/msg/rosidl_typesupport_introspection_c__visibility_control.h
[1.338s] -- Up-to-date: /home/chetan-satpute/depth_cam/install/orbbec_camera_msgs/include/orbbec_camera_msgs/orbbec_camera_msgs/msg/detail
[1.338s] -- Up-to-date: /home/chetan-satpute/depth_cam/install/orbbec_camera_msgs/include/orbbec_camera_msgs/orbbec_camera_msgs/msg/detail/imu_info__type_support.c
[1.338s] -- Up-to-date: /home/chetan-satpute/depth_cam/install/orbbec_camera_msgs/include/orbbec_camera_msgs/orbbec_camera_msgs/msg/detail/device_info__type_support.c
[1.338s] -- Up-to-date: /home/chetan-satpute/depth_cam/install/orbbec_camera_msgs/include/orbbec_camera_msgs/orbbec_camera_msgs/msg/detail/rgbd__type_support.c
[1.338s] -- Up-to-date: /home/chetan-satpute/depth_cam/install/orbbec_camera_msgs/include/orbbec_camera_msgs/orbbec_camera_msgs/msg/detail/extrinsics__rosidl_typesupport_introspection_c.h
[1.338s] -- Up-to-date: /home/chetan-satpute/depth_cam/install/orbbec_camera_msgs/include/orbbec_camera_msgs/orbbec_camera_msgs/msg/detail/device_status__rosidl_typesupport_introspection_c.h
[1.338s] -- Up-to-date: /home/chetan-satpute/depth_cam/install/orbbec_camera_msgs/include/orbbec_camera_msgs/orbbec_camera_msgs/msg/detail/metadata__type_support.c
[1.338s] -- Up-to-date: /home/chetan-satpute/depth_cam/install/orbbec_camera_msgs/include/orbbec_camera_msgs/orbbec_camera_msgs/msg/detail/device_status__type_support.c
[1.338s] -- Up-to-date: /home/chetan-satpute/depth_cam/install/orbbec_camera_msgs/include/orbbec_camera_msgs/orbbec_camera_msgs/msg/detail/imu_info__rosidl_typesupport_introspection_c.h
[1.338s] -- Up-to-date: /home/chetan-satpute/depth_cam/install/orbbec_camera_msgs/include/orbbec_camera_msgs/orbbec_camera_msgs/msg/detail/device_info__rosidl_typesupport_introspection_c.h
[1.338s] -- Up-to-date: /home/chetan-satpute/depth_cam/install/orbbec_camera_msgs/include/orbbec_camera_msgs/orbbec_camera_msgs/msg/detail/rgbd__rosidl_typesupport_introspection_c.h
[1.338s] -- Up-to-date: /home/chetan-satpute/depth_cam/install/orbbec_camera_msgs/include/orbbec_camera_msgs/orbbec_camera_msgs/msg/detail/metadata__rosidl_typesupport_introspection_c.h
[1.338s] -- Up-to-date: /home/chetan-satpute/depth_cam/install/orbbec_camera_msgs/include/orbbec_camera_msgs/orbbec_camera_msgs/msg/detail/extrinsics__type_support.c
[1.339s] -- Up-to-date: /home/chetan-satpute/depth_cam/install/orbbec_camera_msgs/include/orbbec_camera_msgs/orbbec_camera_msgs/srv
[1.339s] -- Up-to-date: /home/chetan-satpute/depth_cam/install/orbbec_camera_msgs/include/orbbec_camera_msgs/orbbec_camera_msgs/srv/detail
[1.339s] -- Up-to-date: /home/chetan-satpute/depth_cam/install/orbbec_camera_msgs/include/orbbec_camera_msgs/orbbec_camera_msgs/srv/detail/get_camera_info__rosidl_typesupport_introspection_c.h
[1.339s] -- Up-to-date: /home/chetan-satpute/depth_cam/install/orbbec_camera_msgs/include/orbbec_camera_msgs/orbbec_camera_msgs/srv/detail/get_string__rosidl_typesupport_introspection_c.h
[1.339s] -- Up-to-date: /home/chetan-satpute/depth_cam/install/orbbec_camera_msgs/include/orbbec_camera_msgs/orbbec_camera_msgs/srv/detail/get_int32__rosidl_typesupport_introspection_c.h
[1.339s] -- Up-to-date: /home/chetan-satpute/depth_cam/install/orbbec_camera_msgs/include/orbbec_camera_msgs/orbbec_camera_msgs/srv/detail/set_string__type_support.c
[1.339s] -- Up-to-date: /home/chetan-satpute/depth_cam/install/orbbec_camera_msgs/include/orbbec_camera_msgs/orbbec_camera_msgs/srv/detail/get_device_info__type_support.c
[1.339s] -- Up-to-date: /home/chetan-satpute/depth_cam/install/orbbec_camera_msgs/include/orbbec_camera_msgs/orbbec_camera_msgs/srv/detail/set_user_calib_params__type_support.c
[1.339s] -- Up-to-date: /home/chetan-satpute/depth_cam/install/orbbec_camera_msgs/include/orbbec_camera_msgs/orbbec_camera_msgs/srv/detail/get_string__type_support.c
[1.339s] -- Up-to-date: /home/chetan-satpute/depth_cam/install/orbbec_camera_msgs/include/orbbec_camera_msgs/orbbec_camera_msgs/srv/detail/get_camera_info__type_support.c
[1.339s] -- Up-to-date: /home/chetan-satpute/depth_cam/install/orbbec_camera_msgs/include/orbbec_camera_msgs/orbbec_camera_msgs/srv/detail/get_int32__type_support.c
[1.339s] -- Up-to-date: /home/chetan-satpute/depth_cam/install/orbbec_camera_msgs/include/orbbec_camera_msgs/orbbec_camera_msgs/srv/detail/get_user_calib_params__rosidl_typesupport_introspection_c.h
[1.339s] -- Up-to-date: /home/chetan-satpute/depth_cam/install/orbbec_camera_msgs/include/orbbec_camera_msgs/orbbec_camera_msgs/srv/detail/get_bool__type_support.c
[1.339s] -- Up-to-date: /home/chetan-satpute/depth_cam/install/orbbec_camera_msgs/include/orbbec_camera_msgs/orbbec_camera_msgs/srv/detail/get_device_info__rosidl_typesupport_introspection_c.h
[1.339s] -- Up-to-date: /home/chetan-satpute/depth_cam/install/orbbec_camera_msgs/include/orbbec_camera_msgs/orbbec_camera_msgs/srv/detail/get_user_calib_params__type_support.c
[1.339s] -- Up-to-date: /home/chetan-satpute/depth_cam/install/orbbec_camera_msgs/include/orbbec_camera_msgs/orbbec_camera_msgs/srv/detail/set_user_calib_params__rosidl_typesupport_introspection_c.h
[1.339s] -- Up-to-date: /home/chetan-satpute/depth_cam/install/orbbec_camera_msgs/include/orbbec_camera_msgs/orbbec_camera_msgs/srv/detail/set_filter__rosidl_typesupport_introspection_c.h
[1.339s] -- Up-to-date: /home/chetan-satpute/depth_cam/install/orbbec_camera_msgs/include/orbbec_camera_msgs/orbbec_camera_msgs/srv/detail/set_arrays__rosidl_typesupport_introspection_c.h
[1.339s] -- Up-to-date: /home/chetan-satpute/depth_cam/install/orbbec_camera_msgs/include/orbbec_camera_msgs/orbbec_camera_msgs/srv/detail/set_filter__type_support.c
[1.339s] -- Up-to-date: /home/chetan-satpute/depth_cam/install/orbbec_camera_msgs/include/orbbec_camera_msgs/orbbec_camera_msgs/srv/detail/set_arrays__type_support.c
[1.339s] -- Up-to-date: /home/chetan-satpute/depth_cam/install/orbbec_camera_msgs/include/orbbec_camera_msgs/orbbec_camera_msgs/srv/detail/set_int32__rosidl_typesupport_introspection_c.h
[1.339s] -- Up-to-date: /home/chetan-satpute/depth_cam/install/orbbec_camera_msgs/include/orbbec_camera_msgs/orbbec_camera_msgs/srv/detail/get_bool__rosidl_typesupport_introspection_c.h
[1.339s] -- Up-to-date: /home/chetan-satpute/depth_cam/install/orbbec_camera_msgs/include/orbbec_camera_msgs/orbbec_camera_msgs/srv/detail/set_string__rosidl_typesupport_introspection_c.h
[1.339s] -- Up-to-date: /home/chetan-satpute/depth_cam/install/orbbec_camera_msgs/include/orbbec_camera_msgs/orbbec_camera_msgs/srv/detail/set_int32__type_support.c
[1.339s] -- Up-to-date: /home/chetan-satpute/depth_cam/install/orbbec_camera_msgs/lib/liborbbec_camera_msgs__rosidl_typesupport_introspection_c.so
[1.339s] -- Up-to-date: /home/chetan-satpute/depth_cam/install/orbbec_camera_msgs/lib/liborbbec_camera_msgs__rosidl_typesupport_c.so
[1.339s] -- Up-to-date: /home/chetan-satpute/depth_cam/install/orbbec_camera_msgs/include/orbbec_camera_msgs/orbbec_camera_msgs
[1.339s] -- Up-to-date: /home/chetan-satpute/depth_cam/install/orbbec_camera_msgs/include/orbbec_camera_msgs/orbbec_camera_msgs/msg
[1.339s] -- Up-to-date: /home/chetan-satpute/depth_cam/install/orbbec_camera_msgs/include/orbbec_camera_msgs/orbbec_camera_msgs/msg/imu_info.hpp
[1.340s] -- Up-to-date: /home/chetan-satpute/depth_cam/install/orbbec_camera_msgs/include/orbbec_camera_msgs/orbbec_camera_msgs/msg/metadata.hpp
[1.340s] -- Up-to-date: /home/chetan-satpute/depth_cam/install/orbbec_camera_msgs/include/orbbec_camera_msgs/orbbec_camera_msgs/msg/device_info.hpp
[1.340s] -- Up-to-date: /home/chetan-satpute/depth_cam/install/orbbec_camera_msgs/include/orbbec_camera_msgs/orbbec_camera_msgs/msg/extrinsics.hpp
[1.340s] -- Up-to-date: /home/chetan-satpute/depth_cam/install/orbbec_camera_msgs/include/orbbec_camera_msgs/orbbec_camera_msgs/msg/device_status.hpp
[1.340s] -- Up-to-date: /home/chetan-satpute/depth_cam/install/orbbec_camera_msgs/include/orbbec_camera_msgs/orbbec_camera_msgs/msg/rgbd.hpp
[1.340s] -- Up-to-date: /home/chetan-satpute/depth_cam/install/orbbec_camera_msgs/include/orbbec_camera_msgs/orbbec_camera_msgs/msg/detail
[1.340s] -- Up-to-date: /home/chetan-satpute/depth_cam/install/orbbec_camera_msgs/include/orbbec_camera_msgs/orbbec_camera_msgs/msg/detail/device_info__struct.hpp
[1.340s] -- Up-to-date: /home/chetan-satpute/depth_cam/install/orbbec_camera_msgs/include/orbbec_camera_msgs/orbbec_camera_msgs/msg/detail/device_status__traits.hpp
[1.340s] -- Up-to-date: /home/chetan-satpute/depth_cam/install/orbbec_camera_msgs/include/orbbec_camera_msgs/orbbec_camera_msgs/msg/detail/rgbd__struct.hpp
[1.340s] -- Up-to-date: /home/chetan-satpute/depth_cam/install/orbbec_camera_msgs/include/orbbec_camera_msgs/orbbec_camera_msgs/msg/detail/device_status__struct.hpp
[1.340s] -- Up-to-date: /home/chetan-satpute/depth_cam/install/orbbec_camera_msgs/include/orbbec_camera_msgs/orbbec_camera_msgs/msg/detail/extrinsics__traits.hpp
[1.340s] -- Up-to-date: /home/chetan-satpute/depth_cam/install/orbbec_camera_msgs/include/orbbec_camera_msgs/orbbec_camera_msgs/msg/detail/extrinsics__builder.hpp
[1.340s] -- Up-to-date: /home/chetan-satpute/depth_cam/install/orbbec_camera_msgs/include/orbbec_camera_msgs/orbbec_camera_msgs/msg/detail/device_info__type_support.hpp
[1.340s] -- Up-to-date: /home/chetan-satpute/depth_cam/install/orbbec_camera_msgs/include/orbbec_camera_msgs/orbbec_camera_msgs/msg/detail/metadata__builder.hpp
[1.340s] -- Up-to-date: /home/chetan-satpute/depth_cam/install/orbbec_camera_msgs/include/orbbec_camera_msgs/orbbec_camera_msgs/msg/detail/imu_info__struct.hpp
[1.340s] -- Up-to-date: /home/chetan-satpute/depth_cam/install/orbbec_camera_msgs/include/orbbec_camera_msgs/orbbec_camera_msgs/msg/detail/metadata__struct.hpp
[1.340s] -- Up-to-date: /home/chetan-satpute/depth_cam/install/orbbec_camera_msgs/include/orbbec_camera_msgs/orbbec_camera_msgs/msg/detail/device_status__builder.hpp
[1.340s] -- Up-to-date: /home/chetan-satpute/depth_cam/install/orbbec_camera_msgs/include/orbbec_camera_msgs/orbbec_camera_msgs/msg/detail/rgbd__builder.hpp
[1.340s] -- Up-to-date: /home/chetan-satpute/depth_cam/install/orbbec_camera_msgs/include/orbbec_camera_msgs/orbbec_camera_msgs/msg/detail/device_info__builder.hpp
[1.340s] -- Up-to-date: /home/chetan-satpute/depth_cam/install/orbbec_camera_msgs/include/orbbec_camera_msgs/orbbec_camera_msgs/msg/detail/device_info__traits.hpp
[1.340s] -- Up-to-date: /home/chetan-satpute/depth_cam/install/orbbec_camera_msgs/include/orbbec_camera_msgs/orbbec_camera_msgs/msg/detail/metadata__traits.hpp
[1.340s] -- Up-to-date: /home/chetan-satpute/depth_cam/install/orbbec_camera_msgs/include/orbbec_camera_msgs/orbbec_camera_msgs/msg/detail/imu_info__type_support.hpp
[1.340s] -- Up-to-date: /home/chetan-satpute/depth_cam/install/orbbec_camera_msgs/include/orbbec_camera_msgs/orbbec_camera_msgs/msg/detail/rgbd__type_support.hpp
[1.340s] -- Up-to-date: /home/chetan-satpute/depth_cam/install/orbbec_camera_msgs/include/orbbec_camera_msgs/orbbec_camera_msgs/msg/detail/rgbd__traits.hpp
[1.340s] -- Up-to-date: /home/chetan-satpute/depth_cam/install/orbbec_camera_msgs/include/orbbec_camera_msgs/orbbec_camera_msgs/msg/detail/device_status__type_support.hpp
[1.340s] -- Up-to-date: /home/chetan-satpute/depth_cam/install/orbbec_camera_msgs/include/orbbec_camera_msgs/orbbec_camera_msgs/msg/detail/extrinsics__struct.hpp
[1.340s] -- Up-to-date: /home/chetan-satpute/depth_cam/install/orbbec_camera_msgs/include/orbbec_camera_msgs/orbbec_camera_msgs/msg/detail/imu_info__builder.hpp
[1.340s] -- Up-to-date: /home/chetan-satpute/depth_cam/install/orbbec_camera_msgs/include/orbbec_camera_msgs/orbbec_camera_msgs/msg/detail/metadata__type_support.hpp
[1.340s] -- Up-to-date: /home/chetan-satpute/depth_cam/install/orbbec_camera_msgs/include/orbbec_camera_msgs/orbbec_camera_msgs/msg/detail/extrinsics__type_support.hpp
[1.340s] -- Up-to-date: /home/chetan-satpute/depth_cam/install/orbbec_camera_msgs/include/orbbec_camera_msgs/orbbec_camera_msgs/msg/detail/imu_info__traits.hpp
[1.340s] -- Up-to-date: /home/chetan-satpute/depth_cam/install/orbbec_camera_msgs/include/orbbec_camera_msgs/orbbec_camera_msgs/msg/rosidl_generator_cpp__visibility_control.hpp
[1.340s] -- Up-to-date: /home/chetan-satpute/depth_cam/install/orbbec_camera_msgs/include/orbbec_camera_msgs/orbbec_camera_msgs/srv
[1.340s] -- Up-to-date: /home/chetan-satpute/depth_cam/install/orbbec_camera_msgs/include/orbbec_camera_msgs/orbbec_camera_msgs/srv/set_filter.hpp
[1.341s] -- Up-to-date: /home/chetan-satpute/depth_cam/install/orbbec_camera_msgs/include/orbbec_camera_msgs/orbbec_camera_msgs/srv/get_user_calib_params.hpp
[1.341s] -- Up-to-date: /home/chetan-satpute/depth_cam/install/orbbec_camera_msgs/include/orbbec_camera_msgs/orbbec_camera_msgs/srv/get_camera_info.hpp
[1.341s] -- Up-to-date: /home/chetan-satpute/depth_cam/install/orbbec_camera_msgs/include/orbbec_camera_msgs/orbbec_camera_msgs/srv/get_string.hpp
[1.341s] -- Up-to-date: /home/chetan-satpute/depth_cam/install/orbbec_camera_msgs/include/orbbec_camera_msgs/orbbec_camera_msgs/srv/get_device_info.hpp
[1.341s] -- Up-to-date: /home/chetan-satpute/depth_cam/install/orbbec_camera_msgs/include/orbbec_camera_msgs/orbbec_camera_msgs/srv/set_string.hpp
[1.341s] -- Up-to-date: /home/chetan-satpute/depth_cam/install/orbbec_camera_msgs/include/orbbec_camera_msgs/orbbec_camera_msgs/srv/get_bool.hpp
[1.341s] -- Up-to-date: /home/chetan-satpute/depth_cam/install/orbbec_camera_msgs/include/orbbec_camera_msgs/orbbec_camera_msgs/srv/set_user_calib_params.hpp
[1.341s] -- Up-to-date: /home/chetan-satpute/depth_cam/install/orbbec_camera_msgs/include/orbbec_camera_msgs/orbbec_camera_msgs/srv/detail
[1.341s] -- Up-to-date: /home/chetan-satpute/depth_cam/install/orbbec_camera_msgs/include/orbbec_camera_msgs/orbbec_camera_msgs/srv/detail/get_string__type_support.hpp
[1.341s] -- Up-to-date: /home/chetan-satpute/depth_cam/install/orbbec_camera_msgs/include/orbbec_camera_msgs/orbbec_camera_msgs/srv/detail/set_int32__struct.hpp
[1.341s] -- Up-to-date: /home/chetan-satpute/depth_cam/install/orbbec_camera_msgs/include/orbbec_camera_msgs/orbbec_camera_msgs/srv/detail/get_user_calib_params__type_support.hpp
[1.341s] -- Up-to-date: /home/chetan-satpute/depth_cam/install/orbbec_camera_msgs/include/orbbec_camera_msgs/orbbec_camera_msgs/srv/detail/get_device_info__traits.hpp
[1.341s] -- Up-to-date: /home/chetan-satpute/depth_cam/install/orbbec_camera_msgs/include/orbbec_camera_msgs/orbbec_camera_msgs/srv/detail/get_string__struct.hpp
[1.341s] -- Up-to-date: /home/chetan-satpute/depth_cam/install/orbbec_camera_msgs/include/orbbec_camera_msgs/orbbec_camera_msgs/srv/detail/get_string__traits.hpp
[1.341s] -- Up-to-date: /home/chetan-satpute/depth_cam/install/orbbec_camera_msgs/include/orbbec_camera_msgs/orbbec_camera_msgs/srv/detail/get_camera_info__traits.hpp
[1.341s] -- Up-to-date: /home/chetan-satpute/depth_cam/install/orbbec_camera_msgs/include/orbbec_camera_msgs/orbbec_camera_msgs/srv/detail/get_string__builder.hpp
[1.341s] -- Up-to-date: /home/chetan-satpute/depth_cam/install/orbbec_camera_msgs/include/orbbec_camera_msgs/orbbec_camera_msgs/srv/detail/get_camera_info__struct.hpp
[1.341s] -- Up-to-date: /home/chetan-satpute/depth_cam/install/orbbec_camera_msgs/include/orbbec_camera_msgs/orbbec_camera_msgs/srv/detail/set_filter__traits.hpp
[1.341s] -- Up-to-date: /home/chetan-satpute/depth_cam/install/orbbec_camera_msgs/include/orbbec_camera_msgs/orbbec_camera_msgs/srv/detail/get_bool__builder.hpp
[1.341s] -- Up-to-date: /home/chetan-satpute/depth_cam/install/orbbec_camera_msgs/include/orbbec_camera_msgs/orbbec_camera_msgs/srv/detail/get_user_calib_params__traits.hpp
[1.341s] -- Up-to-date: /home/chetan-satpute/depth_cam/install/orbbec_camera_msgs/include/orbbec_camera_msgs/orbbec_camera_msgs/srv/detail/get_device_info__type_support.hpp
[1.341s] -- Up-to-date: /home/chetan-satpute/depth_cam/install/orbbec_camera_msgs/include/orbbec_camera_msgs/orbbec_camera_msgs/srv/detail/set_user_calib_params__type_support.hpp
[1.341s] -- Up-to-date: /home/chetan-satpute/depth_cam/install/orbbec_camera_msgs/include/orbbec_camera_msgs/orbbec_camera_msgs/srv/detail/get_int32__builder.hpp
[1.341s] -- Up-to-date: /home/chetan-satpute/depth_cam/install/orbbec_camera_msgs/include/orbbec_camera_msgs/orbbec_camera_msgs/srv/detail/set_filter__type_support.hpp
[1.341s] -- Up-to-date: /home/chetan-satpute/depth_cam/install/orbbec_camera_msgs/include/orbbec_camera_msgs/orbbec_camera_msgs/srv/detail/set_filter__struct.hpp
[1.341s] -- Up-to-date: /home/chetan-satpute/depth_cam/install/orbbec_camera_msgs/include/orbbec_camera_msgs/orbbec_camera_msgs/srv/detail/set_string__builder.hpp
[1.341s] -- Up-to-date: /home/chetan-satpute/depth_cam/install/orbbec_camera_msgs/include/orbbec_camera_msgs/orbbec_camera_msgs/srv/detail/set_string__struct.hpp
[1.341s] -- Up-to-date: /home/chetan-satpute/depth_cam/install/orbbec_camera_msgs/include/orbbec_camera_msgs/orbbec_camera_msgs/srv/detail/set_filter__builder.hpp
[1.341s] -- Up-to-date: /home/chetan-satpute/depth_cam/install/orbbec_camera_msgs/include/orbbec_camera_msgs/orbbec_camera_msgs/srv/detail/set_int32__type_support.hpp
[1.341s] -- Up-to-date: /home/chetan-satpute/depth_cam/install/orbbec_camera_msgs/include/orbbec_camera_msgs/orbbec_camera_msgs/srv/detail/get_camera_info__type_support.hpp
[1.341s] -- Up-to-date: /home/chetan-satpute/depth_cam/install/orbbec_camera_msgs/include/orbbec_camera_msgs/orbbec_camera_msgs/srv/detail/get_user_calib_params__struct.hpp
[1.341s] -- Up-to-date: /home/chetan-satpute/depth_cam/install/orbbec_camera_msgs/include/orbbec_camera_msgs/orbbec_camera_msgs/srv/detail/set_int32__builder.hpp
[1.341s] -- Up-to-date: /home/chetan-satpute/depth_cam/install/orbbec_camera_msgs/include/orbbec_camera_msgs/orbbec_camera_msgs/srv/detail/set_string__traits.hpp
[1.341s] -- Up-to-date: /home/chetan-satpute/depth_cam/install/orbbec_camera_msgs/include/orbbec_camera_msgs/orbbec_camera_msgs/srv/detail/set_arrays__struct.hpp
[1.341s] -- Up-to-date: /home/chetan-satpute/depth_cam/install/orbbec_camera_msgs/include/orbbec_camera_msgs/orbbec_camera_msgs/srv/detail/get_int32__type_support.hpp
[1.342s] -- Up-to-date: /home/chetan-satpute/depth_cam/install/orbbec_camera_msgs/include/orbbec_camera_msgs/orbbec_camera_msgs/srv/detail/set_arrays__type_support.hpp
[1.342s] -- Up-to-date: /home/chetan-satpute/depth_cam/install/orbbec_camera_msgs/include/orbbec_camera_msgs/orbbec_camera_msgs/srv/detail/get_bool__struct.hpp
[1.342s] -- Up-to-date: /home/chetan-satpute/depth_cam/install/orbbec_camera_msgs/include/orbbec_camera_msgs/orbbec_camera_msgs/srv/detail/set_user_calib_params__traits.hpp
[1.342s] -- Up-to-date: /home/chetan-satpute/depth_cam/install/orbbec_camera_msgs/include/orbbec_camera_msgs/orbbec_camera_msgs/srv/detail/set_user_calib_params__builder.hpp
[1.342s] -- Up-to-date: /home/chetan-satpute/depth_cam/install/orbbec_camera_msgs/include/orbbec_camera_msgs/orbbec_camera_msgs/srv/detail/set_int32__traits.hpp
[1.342s] -- Up-to-date: /home/chetan-satpute/depth_cam/install/orbbec_camera_msgs/include/orbbec_camera_msgs/orbbec_camera_msgs/srv/detail/set_arrays__builder.hpp
[1.342s] -- Up-to-date: /home/chetan-satpute/depth_cam/install/orbbec_camera_msgs/include/orbbec_camera_msgs/orbbec_camera_msgs/srv/detail/get_camera_info__builder.hpp
[1.342s] -- Up-to-date: /home/chetan-satpute/depth_cam/install/orbbec_camera_msgs/include/orbbec_camera_msgs/orbbec_camera_msgs/srv/detail/get_device_info__struct.hpp
[1.342s] -- Up-to-date: /home/chetan-satpute/depth_cam/install/orbbec_camera_msgs/include/orbbec_camera_msgs/orbbec_camera_msgs/srv/detail/get_user_calib_params__builder.hpp
[1.342s] -- Up-to-date: /home/chetan-satpute/depth_cam/install/orbbec_camera_msgs/include/orbbec_camera_msgs/orbbec_camera_msgs/srv/detail/get_bool__type_support.hpp
[1.342s] -- Up-to-date: /home/chetan-satpute/depth_cam/install/orbbec_camera_msgs/include/orbbec_camera_msgs/orbbec_camera_msgs/srv/detail/set_user_calib_params__struct.hpp
[1.342s] -- Up-to-date: /home/chetan-satpute/depth_cam/install/orbbec_camera_msgs/include/orbbec_camera_msgs/orbbec_camera_msgs/srv/detail/get_device_info__builder.hpp
[1.342s] -- Up-to-date: /home/chetan-satpute/depth_cam/install/orbbec_camera_msgs/include/orbbec_camera_msgs/orbbec_camera_msgs/srv/detail/set_arrays__traits.hpp
[1.342s] -- Up-to-date: /home/chetan-satpute/depth_cam/install/orbbec_camera_msgs/include/orbbec_camera_msgs/orbbec_camera_msgs/srv/detail/get_int32__traits.hpp
[1.342s] -- Up-to-date: /home/chetan-satpute/depth_cam/install/orbbec_camera_msgs/include/orbbec_camera_msgs/orbbec_camera_msgs/srv/detail/get_int32__struct.hpp
[1.342s] -- Up-to-date: /home/chetan-satpute/depth_cam/install/orbbec_camera_msgs/include/orbbec_camera_msgs/orbbec_camera_msgs/srv/detail/set_string__type_support.hpp
[1.342s] -- Up-to-date: /home/chetan-satpute/depth_cam/install/orbbec_camera_msgs/include/orbbec_camera_msgs/orbbec_camera_msgs/srv/detail/get_bool__traits.hpp
[1.342s] -- Up-to-date: /home/chetan-satpute/depth_cam/install/orbbec_camera_msgs/include/orbbec_camera_msgs/orbbec_camera_msgs/srv/set_arrays.hpp
[1.342s] -- Up-to-date: /home/chetan-satpute/depth_cam/install/orbbec_camera_msgs/include/orbbec_camera_msgs/orbbec_camera_msgs/srv/set_int32.hpp
[1.342s] -- Up-to-date: /home/chetan-satpute/depth_cam/install/orbbec_camera_msgs/include/orbbec_camera_msgs/orbbec_camera_msgs/srv/get_int32.hpp
[1.342s] -- Up-to-date: /home/chetan-satpute/depth_cam/install/orbbec_camera_msgs/include/orbbec_camera_msgs/orbbec_camera_msgs
[1.342s] -- Up-to-date: /home/chetan-satpute/depth_cam/install/orbbec_camera_msgs/include/orbbec_camera_msgs/orbbec_camera_msgs/msg
[1.342s] -- Up-to-date: /home/chetan-satpute/depth_cam/install/orbbec_camera_msgs/include/orbbec_camera_msgs/orbbec_camera_msgs/msg/detail
[1.342s] -- Up-to-date: /home/chetan-satpute/depth_cam/install/orbbec_camera_msgs/include/orbbec_camera_msgs/orbbec_camera_msgs/msg/detail/rgbd__rosidl_typesupport_fastrtps_cpp.hpp
[1.342s] -- Up-to-date: /home/chetan-satpute/depth_cam/install/orbbec_camera_msgs/include/orbbec_camera_msgs/orbbec_camera_msgs/msg/detail/dds_fastrtps
[1.342s] -- Up-to-date: /home/chetan-satpute/depth_cam/install/orbbec_camera_msgs/include/orbbec_camera_msgs/orbbec_camera_msgs/msg/detail/extrinsics__rosidl_typesupport_fastrtps_cpp.hpp
[1.342s] -- Up-to-date: /home/chetan-satpute/depth_cam/install/orbbec_camera_msgs/include/orbbec_camera_msgs/orbbec_camera_msgs/msg/detail/imu_info__rosidl_typesupport_fastrtps_cpp.hpp
[1.342s] -- Up-to-date: /home/chetan-satpute/depth_cam/install/orbbec_camera_msgs/include/orbbec_camera_msgs/orbbec_camera_msgs/msg/detail/device_info__rosidl_typesupport_fastrtps_cpp.hpp
[1.342s] -- Up-to-date: /home/chetan-satpute/depth_cam/install/orbbec_camera_msgs/include/orbbec_camera_msgs/orbbec_camera_msgs/msg/detail/device_status__rosidl_typesupport_fastrtps_cpp.hpp
[1.342s] -- Up-to-date: /home/chetan-satpute/depth_cam/install/orbbec_camera_msgs/include/orbbec_camera_msgs/orbbec_camera_msgs/msg/detail/metadata__rosidl_typesupport_fastrtps_cpp.hpp
[1.342s] -- Up-to-date: /home/chetan-satpute/depth_cam/install/orbbec_camera_msgs/include/orbbec_camera_msgs/orbbec_camera_msgs/msg/rosidl_typesupport_fastrtps_cpp__visibility_control.h
[1.342s] -- Up-to-date: /home/chetan-satpute/depth_cam/install/orbbec_camera_msgs/include/orbbec_camera_msgs/orbbec_camera_msgs/srv
[1.342s] -- Up-to-date: /home/chetan-satpute/depth_cam/install/orbbec_camera_msgs/include/orbbec_camera_msgs/orbbec_camera_msgs/srv/detail
[1.342s] -- Up-to-date: /home/chetan-satpute/depth_cam/install/orbbec_camera_msgs/include/orbbec_camera_msgs/orbbec_camera_msgs/srv/detail/set_filter__rosidl_typesupport_fastrtps_cpp.hpp
[1.342s] -- Up-to-date: /home/chetan-satpute/depth_cam/install/orbbec_camera_msgs/include/orbbec_camera_msgs/orbbec_camera_msgs/srv/detail/dds_fastrtps
[1.342s] -- Up-to-date: /home/chetan-satpute/depth_cam/install/orbbec_camera_msgs/include/orbbec_camera_msgs/orbbec_camera_msgs/srv/detail/get_user_calib_params__rosidl_typesupport_fastrtps_cpp.hpp
[1.343s] -- Up-to-date: /home/chetan-satpute/depth_cam/install/orbbec_camera_msgs/include/orbbec_camera_msgs/orbbec_camera_msgs/srv/detail/set_string__rosidl_typesupport_fastrtps_cpp.hpp
[1.343s] -- Up-to-date: /home/chetan-satpute/depth_cam/install/orbbec_camera_msgs/include/orbbec_camera_msgs/orbbec_camera_msgs/srv/detail/set_arrays__rosidl_typesupport_fastrtps_cpp.hpp
[1.343s] -- Up-to-date: /home/chetan-satpute/depth_cam/install/orbbec_camera_msgs/include/orbbec_camera_msgs/orbbec_camera_msgs/srv/detail/get_int32__rosidl_typesupport_fastrtps_cpp.hpp
[1.343s] -- Up-to-date: /home/chetan-satpute/depth_cam/install/orbbec_camera_msgs/include/orbbec_camera_msgs/orbbec_camera_msgs/srv/detail/get_camera_info__rosidl_typesupport_fastrtps_cpp.hpp
[1.343s] -- Up-to-date: /home/chetan-satpute/depth_cam/install/orbbec_camera_msgs/include/orbbec_camera_msgs/orbbec_camera_msgs/srv/detail/get_string__rosidl_typesupport_fastrtps_cpp.hpp
[1.343s] -- Up-to-date: /home/chetan-satpute/depth_cam/install/orbbec_camera_msgs/include/orbbec_camera_msgs/orbbec_camera_msgs/srv/detail/get_bool__rosidl_typesupport_fastrtps_cpp.hpp
[1.343s] -- Up-to-date: /home/chetan-satpute/depth_cam/install/orbbec_camera_msgs/include/orbbec_camera_msgs/orbbec_camera_msgs/srv/detail/set_user_calib_params__rosidl_typesupport_fastrtps_cpp.hpp
[1.343s] -- Up-to-date: /home/chetan-satpute/depth_cam/install/orbbec_camera_msgs/include/orbbec_camera_msgs/orbbec_camera_msgs/srv/detail/get_device_info__rosidl_typesupport_fastrtps_cpp.hpp
[1.343s] -- Up-to-date: /home/chetan-satpute/depth_cam/install/orbbec_camera_msgs/include/orbbec_camera_msgs/orbbec_camera_msgs/srv/detail/set_int32__rosidl_typesupport_fastrtps_cpp.hpp
[1.343s] -- Up-to-date: /home/chetan-satpute/depth_cam/install/orbbec_camera_msgs/lib/liborbbec_camera_msgs__rosidl_typesupport_fastrtps_cpp.so
[1.343s] -- Up-to-date: /home/chetan-satpute/depth_cam/install/orbbec_camera_msgs/include/orbbec_camera_msgs/orbbec_camera_msgs
[1.343s] -- Up-to-date: /home/chetan-satpute/depth_cam/install/orbbec_camera_msgs/include/orbbec_camera_msgs/orbbec_camera_msgs/msg
[1.343s] -- Up-to-date: /home/chetan-satpute/depth_cam/install/orbbec_camera_msgs/include/orbbec_camera_msgs/orbbec_camera_msgs/msg/detail
[1.343s] -- Up-to-date: /home/chetan-satpute/depth_cam/install/orbbec_camera_msgs/include/orbbec_camera_msgs/orbbec_camera_msgs/msg/detail/device_status__type_support.cpp
[1.343s] -- Up-to-date: /home/chetan-satpute/depth_cam/install/orbbec_camera_msgs/include/orbbec_camera_msgs/orbbec_camera_msgs/msg/detail/device_info__type_support.cpp
[1.343s] -- Up-to-date: /home/chetan-satpute/depth_cam/install/orbbec_camera_msgs/include/orbbec_camera_msgs/orbbec_camera_msgs/msg/detail/imu_info__type_support.cpp
[1.343s] -- Up-to-date: /home/chetan-satpute/depth_cam/install/orbbec_camera_msgs/include/orbbec_camera_msgs/orbbec_camera_msgs/msg/detail/rgbd__rosidl_typesupport_introspection_cpp.hpp
[1.343s] -- Up-to-date: /home/chetan-satpute/depth_cam/install/orbbec_camera_msgs/include/orbbec_camera_msgs/orbbec_camera_msgs/msg/detail/device_info__rosidl_typesupport_introspection_cpp.hpp
[1.343s] -- Up-to-date: /home/chetan-satpute/depth_cam/install/orbbec_camera_msgs/include/orbbec_camera_msgs/orbbec_camera_msgs/msg/detail/metadata__rosidl_typesupport_introspection_cpp.hpp
[1.343s] -- Up-to-date: /home/chetan-satpute/depth_cam/install/orbbec_camera_msgs/include/orbbec_camera_msgs/orbbec_camera_msgs/msg/detail/imu_info__rosidl_typesupport_introspection_cpp.hpp
[1.343s] -- Up-to-date: /home/chetan-satpute/depth_cam/install/orbbec_camera_msgs/include/orbbec_camera_msgs/orbbec_camera_msgs/msg/detail/device_status__rosidl_typesupport_introspection_cpp.hpp
[1.343s] -- Up-to-date: /home/chetan-satpute/depth_cam/install/orbbec_camera_msgs/include/orbbec_camera_msgs/orbbec_camera_msgs/msg/detail/extrinsics__rosidl_typesupport_introspection_cpp.hpp
[1.343s] -- Up-to-date: /home/chetan-satpute/depth_cam/install/orbbec_camera_msgs/include/orbbec_camera_msgs/orbbec_camera_msgs/msg/detail/rgbd__type_support.cpp
[1.343s] -- Up-to-date: /home/chetan-satpute/depth_cam/install/orbbec_camera_msgs/include/orbbec_camera_msgs/orbbec_camera_msgs/msg/detail/metadata__type_support.cpp
[1.343s] -- Up-to-date: /home/chetan-satpute/depth_cam/install/orbbec_camera_msgs/include/orbbec_camera_msgs/orbbec_camera_msgs/msg/detail/extrinsics__type_support.cpp
[1.343s] -- Up-to-date: /home/chetan-satpute/depth_cam/install/orbbec_camera_msgs/include/orbbec_camera_msgs/orbbec_camera_msgs/srv
[1.343s] -- Up-to-date: /home/chetan-satpute/depth_cam/install/orbbec_camera_msgs/include/orbbec_camera_msgs/orbbec_camera_msgs/srv/detail
[1.343s] -- Up-to-date: /home/chetan-satpute/depth_cam/install/orbbec_camera_msgs/include/orbbec_camera_msgs/orbbec_camera_msgs/srv/detail/get_camera_info__type_support.cpp
[1.343s] -- Up-to-date: /home/chetan-satpute/depth_cam/install/orbbec_camera_msgs/include/orbbec_camera_msgs/orbbec_camera_msgs/srv/detail/get_int32__rosidl_typesupport_introspection_cpp.hpp
[1.343s] -- Up-to-date: /home/chetan-satpute/depth_cam/install/orbbec_camera_msgs/include/orbbec_camera_msgs/orbbec_camera_msgs/srv/detail/get_user_calib_params__rosidl_typesupport_introspection_cpp.hpp
[1.343s] -- Up-to-date: /home/chetan-satpute/depth_cam/install/orbbec_camera_msgs/include/orbbec_camera_msgs/orbbec_camera_msgs/srv/detail/set_filter__type_support.cpp
[1.343s] -- Up-to-date: /home/chetan-satpute/depth_cam/install/orbbec_camera_msgs/include/orbbec_camera_msgs/orbbec_camera_msgs/srv/detail/set_int32__type_support.cpp
[1.343s] -- Up-to-date: /home/chetan-satpute/depth_cam/install/orbbec_camera_msgs/include/orbbec_camera_msgs/orbbec_camera_msgs/srv/detail/get_string__rosidl_typesupport_introspection_cpp.hpp
[1.343s] -- Up-to-date: /home/chetan-satpute/depth_cam/install/orbbec_camera_msgs/include/orbbec_camera_msgs/orbbec_camera_msgs/srv/detail/set_arrays__rosidl_typesupport_introspection_cpp.hpp
[1.343s] -- Up-to-date: /home/chetan-satpute/depth_cam/install/orbbec_camera_msgs/include/orbbec_camera_msgs/orbbec_camera_msgs/srv/detail/set_string__type_support.cpp
[1.344s] -- Up-to-date: /home/chetan-satpute/depth_cam/install/orbbec_camera_msgs/include/orbbec_camera_msgs/orbbec_camera_msgs/srv/detail/get_user_calib_params__type_support.cpp
[1.344s] -- Up-to-date: /home/chetan-satpute/depth_cam/install/orbbec_camera_msgs/include/orbbec_camera_msgs/orbbec_camera_msgs/srv/detail/set_user_calib_params__type_support.cpp
[1.344s] -- Up-to-date: /home/chetan-satpute/depth_cam/install/orbbec_camera_msgs/include/orbbec_camera_msgs/orbbec_camera_msgs/srv/detail/get_int32__type_support.cpp
[1.344s] -- Up-to-date: /home/chetan-satpute/depth_cam/install/orbbec_camera_msgs/include/orbbec_camera_msgs/orbbec_camera_msgs/srv/detail/set_string__rosidl_typesupport_introspection_cpp.hpp
[1.344s] -- Up-to-date: /home/chetan-satpute/depth_cam/install/orbbec_camera_msgs/include/orbbec_camera_msgs/orbbec_camera_msgs/srv/detail/get_camera_info__rosidl_typesupport_introspection_cpp.hpp
[1.344s] -- Up-to-date: /home/chetan-satpute/depth_cam/install/orbbec_camera_msgs/include/orbbec_camera_msgs/orbbec_camera_msgs/srv/detail/set_arrays__type_support.cpp
[1.344s] -- Up-to-date: /home/chetan-satpute/depth_cam/install/orbbec_camera_msgs/include/orbbec_camera_msgs/orbbec_camera_msgs/srv/detail/get_bool__rosidl_typesupport_introspection_cpp.hpp
[1.344s] -- Up-to-date: /home/chetan-satpute/depth_cam/install/orbbec_camera_msgs/include/orbbec_camera_msgs/orbbec_camera_msgs/srv/detail/set_user_calib_params__rosidl_typesupport_introspection_cpp.hpp
[1.344s] -- Up-to-date: /home/chetan-satpute/depth_cam/install/orbbec_camera_msgs/include/orbbec_camera_msgs/orbbec_camera_msgs/srv/detail/set_int32__rosidl_typesupport_introspection_cpp.hpp
[1.344s] -- Up-to-date: /home/chetan-satpute/depth_cam/install/orbbec_camera_msgs/include/orbbec_camera_msgs/orbbec_camera_msgs/srv/detail/get_device_info__type_support.cpp
[1.344s] -- Up-to-date: /home/chetan-satpute/depth_cam/install/orbbec_camera_msgs/include/orbbec_camera_msgs/orbbec_camera_msgs/srv/detail/get_string__type_support.cpp
[1.344s] -- Up-to-date: /home/chetan-satpute/depth_cam/install/orbbec_camera_msgs/include/orbbec_camera_msgs/orbbec_camera_msgs/srv/detail/get_bool__type_support.cpp
[1.344s] -- Up-to-date: /home/chetan-satpute/depth_cam/install/orbbec_camera_msgs/include/orbbec_camera_msgs/orbbec_camera_msgs/srv/detail/set_filter__rosidl_typesupport_introspection_cpp.hpp
[1.344s] -- Up-to-date: /home/chetan-satpute/depth_cam/install/orbbec_camera_msgs/include/orbbec_camera_msgs/orbbec_camera_msgs/srv/detail/get_device_info__rosidl_typesupport_introspection_cpp.hpp
[1.344s] -- Up-to-date: /home/chetan-satpute/depth_cam/install/orbbec_camera_msgs/lib/liborbbec_camera_msgs__rosidl_typesupport_introspection_cpp.so
[1.344s] -- Up-to-date: /home/chetan-satpute/depth_cam/install/orbbec_camera_msgs/lib/liborbbec_camera_msgs__rosidl_typesupport_cpp.so
[1.344s] -- Up-to-date: /home/chetan-satpute/depth_cam/install/orbbec_camera_msgs/share/orbbec_camera_msgs/environment/pythonpath.sh
[1.344s] -- Installing: /home/chetan-satpute/depth_cam/install/orbbec_camera_msgs/share/orbbec_camera_msgs/environment/pythonpath.dsv
[1.344s] -- Up-to-date: /home/chetan-satpute/depth_cam/install/orbbec_camera_msgs/local/lib/python3.10/dist-packages/orbbec_camera_msgs-1.5.15-py3.10.egg-info
[1.344s] -- Installing: /home/chetan-satpute/depth_cam/install/orbbec_camera_msgs/local/lib/python3.10/dist-packages/orbbec_camera_msgs-1.5.15-py3.10.egg-info/SOURCES.txt
[1.344s] -- Installing: /home/chetan-satpute/depth_cam/install/orbbec_camera_msgs/local/lib/python3.10/dist-packages/orbbec_camera_msgs-1.5.15-py3.10.egg-info/dependency_links.txt
[1.344s] -- Installing: /home/chetan-satpute/depth_cam/install/orbbec_camera_msgs/local/lib/python3.10/dist-packages/orbbec_camera_msgs-1.5.15-py3.10.egg-info/PKG-INFO
[1.344s] -- Installing: /home/chetan-satpute/depth_cam/install/orbbec_camera_msgs/local/lib/python3.10/dist-packages/orbbec_camera_msgs-1.5.15-py3.10.egg-info/top_level.txt
[1.344s] -- Up-to-date: /home/chetan-satpute/depth_cam/install/orbbec_camera_msgs/local/lib/python3.10/dist-packages/orbbec_camera_msgs
[1.344s] -- Up-to-date: /home/chetan-satpute/depth_cam/install/orbbec_camera_msgs/local/lib/python3.10/dist-packages/orbbec_camera_msgs/liborbbec_camera_msgs__rosidl_generator_py.so
[1.344s] -- Up-to-date: /home/chetan-satpute/depth_cam/install/orbbec_camera_msgs/local/lib/python3.10/dist-packages/orbbec_camera_msgs/orbbec_camera_msgs_s__rosidl_typesupport_c.cpython-310-x86_64-linux-gnu.so
[1.344s] -- Up-to-date: /home/chetan-satpute/depth_cam/install/orbbec_camera_msgs/local/lib/python3.10/dist-packages/orbbec_camera_msgs/msg
[1.344s] -- Up-to-date: /home/chetan-satpute/depth_cam/install/orbbec_camera_msgs/local/lib/python3.10/dist-packages/orbbec_camera_msgs/msg/_imu_info.py
[1.344s] -- Up-to-date: /home/chetan-satpute/depth_cam/install/orbbec_camera_msgs/local/lib/python3.10/dist-packages/orbbec_camera_msgs/msg/_metadata.py
[1.344s] -- Up-to-date: /home/chetan-satpute/depth_cam/install/orbbec_camera_msgs/local/lib/python3.10/dist-packages/orbbec_camera_msgs/msg/__init__.py
[1.344s] -- Up-to-date: /home/chetan-satpute/depth_cam/install/orbbec_camera_msgs/local/lib/python3.10/dist-packages/orbbec_camera_msgs/msg/_rgbd_s.c
[1.345s] -- Up-to-date: /home/chetan-satpute/depth_cam/install/orbbec_camera_msgs/local/lib/python3.10/dist-packages/orbbec_camera_msgs/msg/_extrinsics_s.c
[1.345s] -- Up-to-date: /home/chetan-satpute/depth_cam/install/orbbec_camera_msgs/local/lib/python3.10/dist-packages/orbbec_camera_msgs/msg/_extrinsics.py
[1.345s] -- Up-to-date: /home/chetan-satpute/depth_cam/install/orbbec_camera_msgs/local/lib/python3.10/dist-packages/orbbec_camera_msgs/msg/_imu_info_s.c
[1.345s] -- Up-to-date: /home/chetan-satpute/depth_cam/install/orbbec_camera_msgs/local/lib/python3.10/dist-packages/orbbec_camera_msgs/msg/_device_status_s.c
[1.345s] -- Up-to-date: /home/chetan-satpute/depth_cam/install/orbbec_camera_msgs/local/lib/python3.10/dist-packages/orbbec_camera_msgs/msg/_device_info.py
[1.345s] -- Up-to-date: /home/chetan-satpute/depth_cam/install/orbbec_camera_msgs/local/lib/python3.10/dist-packages/orbbec_camera_msgs/msg/_device_info_s.c
[1.345s] -- Up-to-date: /home/chetan-satpute/depth_cam/install/orbbec_camera_msgs/local/lib/python3.10/dist-packages/orbbec_camera_msgs/msg/_rgbd.py
[1.345s] -- Up-to-date: /home/chetan-satpute/depth_cam/install/orbbec_camera_msgs/local/lib/python3.10/dist-packages/orbbec_camera_msgs/msg/_device_status.py
[1.345s] -- Up-to-date: /home/chetan-satpute/depth_cam/install/orbbec_camera_msgs/local/lib/python3.10/dist-packages/orbbec_camera_msgs/msg/_metadata_s.c
[1.345s] -- Up-to-date: /home/chetan-satpute/depth_cam/install/orbbec_camera_msgs/local/lib/python3.10/dist-packages/orbbec_camera_msgs/orbbec_camera_msgs_s__rosidl_typesupport_fastrtps_c.cpython-310-x86_64-linux-gnu.so
[1.345s] -- Installing: /home/chetan-satpute/depth_cam/install/orbbec_camera_msgs/local/lib/python3.10/dist-packages/orbbec_camera_msgs/__init__.py
[1.345s] -- Up-to-date: /home/chetan-satpute/depth_cam/install/orbbec_camera_msgs/local/lib/python3.10/dist-packages/orbbec_camera_msgs/orbbec_camera_msgs_s__rosidl_typesupport_introspection_c.cpython-310-x86_64-linux-gnu.so
[1.345s] -- Up-to-date: /home/chetan-satpute/depth_cam/install/orbbec_camera_msgs/local/lib/python3.10/dist-packages/orbbec_camera_msgs/_orbbec_camera_msgs_s.ep.rosidl_typesupport_fastrtps_c.c
[1.345s] -- Up-to-date: /home/chetan-satpute/depth_cam/install/orbbec_camera_msgs/local/lib/python3.10/dist-packages/orbbec_camera_msgs/_orbbec_camera_msgs_s.ep.rosidl_typesupport_c.c
[1.345s] -- Up-to-date: /home/chetan-satpute/depth_cam/install/orbbec_camera_msgs/local/lib/python3.10/dist-packages/orbbec_camera_msgs/_orbbec_camera_msgs_s.ep.rosidl_typesupport_introspection_c.c
[1.345s] -- Up-to-date: /home/chetan-satpute/depth_cam/install/orbbec_camera_msgs/local/lib/python3.10/dist-packages/orbbec_camera_msgs/srv
[1.345s] -- Up-to-date: /home/chetan-satpute/depth_cam/install/orbbec_camera_msgs/local/lib/python3.10/dist-packages/orbbec_camera_msgs/srv/_set_arrays_s.c
[1.345s] -- Up-to-date: /home/chetan-satpute/depth_cam/install/orbbec_camera_msgs/local/lib/python3.10/dist-packages/orbbec_camera_msgs/srv/_get_device_info.py
[1.345s] -- Up-to-date: /home/chetan-satpute/depth_cam/install/orbbec_camera_msgs/local/lib/python3.10/dist-packages/orbbec_camera_msgs/srv/_get_user_calib_params.py
[1.345s] -- Up-to-date: /home/chetan-satpute/depth_cam/install/orbbec_camera_msgs/local/lib/python3.10/dist-packages/orbbec_camera_msgs/srv/_get_string.py
[1.345s] -- Up-to-date: /home/chetan-satpute/depth_cam/install/orbbec_camera_msgs/local/lib/python3.10/dist-packages/orbbec_camera_msgs/srv/_set_int32.py
[1.345s] -- Up-to-date: /home/chetan-satpute/depth_cam/install/orbbec_camera_msgs/local/lib/python3.10/dist-packages/orbbec_camera_msgs/srv/_get_int32_s.c
[1.345s] -- Up-to-date: /home/chetan-satpute/depth_cam/install/orbbec_camera_msgs/local/lib/python3.10/dist-packages/orbbec_camera_msgs/srv/_get_camera_info.py
[1.345s] -- Up-to-date: /home/chetan-satpute/depth_cam/install/orbbec_camera_msgs/local/lib/python3.10/dist-packages/orbbec_camera_msgs/srv/_set_int32_s.c
[1.345s] -- Up-to-date: /home/chetan-satpute/depth_cam/install/orbbec_camera_msgs/local/lib/python3.10/dist-packages/orbbec_camera_msgs/srv/_set_user_calib_params.py
[1.345s] -- Up-to-date: /home/chetan-satpute/depth_cam/install/orbbec_camera_msgs/local/lib/python3.10/dist-packages/orbbec_camera_msgs/srv/__init__.py
[1.345s] -- Up-to-date: /home/chetan-satpute/depth_cam/install/orbbec_camera_msgs/local/lib/python3.10/dist-packages/orbbec_camera_msgs/srv/_set_user_calib_params_s.c
[1.345s] -- Up-to-date: /home/chetan-satpute/depth_cam/install/orbbec_camera_msgs/local/lib/python3.10/dist-packages/orbbec_camera_msgs/srv/_get_camera_info_s.c
[1.346s] -- Up-to-date: /home/chetan-satpute/depth_cam/install/orbbec_camera_msgs/local/lib/python3.10/dist-packages/orbbec_camera_msgs/srv/_set_filter.py
[1.346s] -- Up-to-date: /home/chetan-satpute/depth_cam/install/orbbec_camera_msgs/local/lib/python3.10/dist-packages/orbbec_camera_msgs/srv/_get_bool_s.c
[1.346s] -- Up-to-date: /home/chetan-satpute/depth_cam/install/orbbec_camera_msgs/local/lib/python3.10/dist-packages/orbbec_camera_msgs/srv/_set_string.py
[1.346s] -- Up-to-date: /home/chetan-satpute/depth_cam/install/orbbec_camera_msgs/local/lib/python3.10/dist-packages/orbbec_camera_msgs/srv/_get_string_s.c
[1.346s] -- Up-to-date: /home/chetan-satpute/depth_cam/install/orbbec_camera_msgs/local/lib/python3.10/dist-packages/orbbec_camera_msgs/srv/_get_bool.py
[1.346s] -- Up-to-date: /home/chetan-satpute/depth_cam/install/orbbec_camera_msgs/local/lib/python3.10/dist-packages/orbbec_camera_msgs/srv/_set_filter_s.c
[1.346s] -- Up-to-date: /home/chetan-satpute/depth_cam/install/orbbec_camera_msgs/local/lib/python3.10/dist-packages/orbbec_camera_msgs/srv/_get_int32.py
[1.346s] -- Up-to-date: /home/chetan-satpute/depth_cam/install/orbbec_camera_msgs/local/lib/python3.10/dist-packages/orbbec_camera_msgs/srv/_get_device_info_s.c
[1.346s] -- Up-to-date: /home/chetan-satpute/depth_cam/install/orbbec_camera_msgs/local/lib/python3.10/dist-packages/orbbec_camera_msgs/srv/_set_string_s.c
[1.346s] -- Up-to-date: /home/chetan-satpute/depth_cam/install/orbbec_camera_msgs/local/lib/python3.10/dist-packages/orbbec_camera_msgs/srv/_set_arrays.py
[1.346s] -- Up-to-date: /home/chetan-satpute/depth_cam/install/orbbec_camera_msgs/local/lib/python3.10/dist-packages/orbbec_camera_msgs/srv/_get_user_calib_params_s.c
[1.364s] Listing '/home/chetan-satpute/depth_cam/install/orbbec_camera_msgs/local/lib/python3.10/dist-packages/orbbec_camera_msgs'...
[1.364s] Compiling '/home/chetan-satpute/depth_cam/install/orbbec_camera_msgs/local/lib/python3.10/dist-packages/orbbec_camera_msgs/__init__.py'...
[1.364s] Listing '/home/chetan-satpute/depth_cam/install/orbbec_camera_msgs/local/lib/python3.10/dist-packages/orbbec_camera_msgs/msg'...
[1.364s] Listing '/home/chetan-satpute/depth_cam/install/orbbec_camera_msgs/local/lib/python3.10/dist-packages/orbbec_camera_msgs/srv'...
[1.367s] -- Up-to-date: /home/chetan-satpute/depth_cam/install/orbbec_camera_msgs/local/lib/python3.10/dist-packages/orbbec_camera_msgs/orbbec_camera_msgs_s__rosidl_typesupport_fastrtps_c.cpython-310-x86_64-linux-gnu.so
[1.367s] -- Up-to-date: /home/chetan-satpute/depth_cam/install/orbbec_camera_msgs/local/lib/python3.10/dist-packages/orbbec_camera_msgs/orbbec_camera_msgs_s__rosidl_typesupport_introspection_c.cpython-310-x86_64-linux-gnu.so
[1.367s] -- Up-to-date: /home/chetan-satpute/depth_cam/install/orbbec_camera_msgs/local/lib/python3.10/dist-packages/orbbec_camera_msgs/orbbec_camera_msgs_s__rosidl_typesupport_c.cpython-310-x86_64-linux-gnu.so
[1.367s] -- Up-to-date: /home/chetan-satpute/depth_cam/install/orbbec_camera_msgs/lib/liborbbec_camera_msgs__rosidl_generator_py.so
[1.368s] -- Up-to-date: /home/chetan-satpute/depth_cam/install/orbbec_camera_msgs/share/orbbec_camera_msgs/msg/DeviceInfo.idl
[1.368s] -- Up-to-date: /home/chetan-satpute/depth_cam/install/orbbec_camera_msgs/share/orbbec_camera_msgs/msg/Extrinsics.idl
[1.368s] -- Up-to-date: /home/chetan-satpute/depth_cam/install/orbbec_camera_msgs/share/orbbec_camera_msgs/msg/Metadata.idl
[1.368s] -- Up-to-date: /home/chetan-satpute/depth_cam/install/orbbec_camera_msgs/share/orbbec_camera_msgs/msg/IMUInfo.idl
[1.368s] -- Up-to-date: /home/chetan-satpute/depth_cam/install/orbbec_camera_msgs/share/orbbec_camera_msgs/msg/RGBD.idl
[1.368s] -- Up-to-date: /home/chetan-satpute/depth_cam/install/orbbec_camera_msgs/share/orbbec_camera_msgs/srv/GetBool.idl
[1.368s] -- Up-to-date: /home/chetan-satpute/depth_cam/install/orbbec_camera_msgs/share/orbbec_camera_msgs/srv/GetDeviceInfo.idl
[1.368s] -- Up-to-date: /home/chetan-satpute/depth_cam/install/orbbec_camera_msgs/share/orbbec_camera_msgs/srv/GetCameraInfo.idl
[1.368s] -- Up-to-date: /home/chetan-satpute/depth_cam/install/orbbec_camera_msgs/share/orbbec_camera_msgs/srv/GetInt32.idl
[1.368s] -- Up-to-date: /home/chetan-satpute/depth_cam/install/orbbec_camera_msgs/share/orbbec_camera_msgs/srv/GetString.idl
[1.368s] -- Up-to-date: /home/chetan-satpute/depth_cam/install/orbbec_camera_msgs/share/orbbec_camera_msgs/srv/SetInt32.idl
[1.368s] -- Up-to-date: /home/chetan-satpute/depth_cam/install/orbbec_camera_msgs/share/orbbec_camera_msgs/srv/SetString.idl
[1.368s] -- Up-to-date: /home/chetan-satpute/depth_cam/install/orbbec_camera_msgs/share/orbbec_camera_msgs/msg/DeviceInfo.msg
[1.368s] -- Up-to-date: /home/chetan-satpute/depth_cam/install/orbbec_camera_msgs/share/orbbec_camera_msgs/msg/Extrinsics.msg
[1.368s] -- Up-to-date: /home/chetan-satpute/depth_cam/install/orbbec_camera_msgs/share/orbbec_camera_msgs/msg/Metadata.msg
[1.368s] -- Up-to-date: /home/chetan-satpute/depth_cam/install/orbbec_camera_msgs/share/orbbec_camera_msgs/msg/IMUInfo.msg
[1.368s] -- Up-to-date: /home/chetan-satpute/depth_cam/install/orbbec_camera_msgs/share/orbbec_camera_msgs/msg/RGBD.msg
[1.368s] -- Up-to-date: /home/chetan-satpute/depth_cam/install/orbbec_camera_msgs/share/orbbec_camera_msgs/srv/GetBool.srv
[1.368s] -- Up-to-date: /home/chetan-satpute/depth_cam/install/orbbec_camera_msgs/share/orbbec_camera_msgs/srv/GetBool_Request.msg
[1.368s] -- Up-to-date: /home/chetan-satpute/depth_cam/install/orbbec_camera_msgs/share/orbbec_camera_msgs/srv/GetBool_Response.msg
[1.368s] -- Up-to-date: /home/chetan-satpute/depth_cam/install/orbbec_camera_msgs/share/orbbec_camera_msgs/srv/GetDeviceInfo.srv
[1.368s] -- Up-to-date: /home/chetan-satpute/depth_cam/install/orbbec_camera_msgs/share/orbbec_camera_msgs/srv/GetDeviceInfo_Request.msg
[1.368s] -- Up-to-date: /home/chetan-satpute/depth_cam/install/orbbec_camera_msgs/share/orbbec_camera_msgs/srv/GetDeviceInfo_Response.msg
[1.368s] -- Up-to-date: /home/chetan-satpute/depth_cam/install/orbbec_camera_msgs/share/orbbec_camera_msgs/srv/GetCameraInfo.srv
[1.368s] -- Up-to-date: /home/chetan-satpute/depth_cam/install/orbbec_camera_msgs/share/orbbec_camera_msgs/srv/GetCameraInfo_Request.msg
[1.368s] -- Up-to-date: /home/chetan-satpute/depth_cam/install/orbbec_camera_msgs/share/orbbec_camera_msgs/srv/GetCameraInfo_Response.msg
[1.368s] -- Up-to-date: /home/chetan-satpute/depth_cam/install/orbbec_camera_msgs/share/orbbec_camera_msgs/srv/GetInt32.srv
[1.368s] -- Up-to-date: /home/chetan-satpute/depth_cam/install/orbbec_camera_msgs/share/orbbec_camera_msgs/srv/GetInt32_Request.msg
[1.369s] -- Up-to-date: /home/chetan-satpute/depth_cam/install/orbbec_camera_msgs/share/orbbec_camera_msgs/srv/GetInt32_Response.msg
[1.369s] -- Up-to-date: /home/chetan-satpute/depth_cam/install/orbbec_camera_msgs/share/orbbec_camera_msgs/srv/GetString.srv
[1.369s] -- Up-to-date: /home/chetan-satpute/depth_cam/install/orbbec_camera_msgs/share/orbbec_camera_msgs/srv/GetString_Request.msg
[1.369s] -- Up-to-date: /home/chetan-satpute/depth_cam/install/orbbec_camera_msgs/share/orbbec_camera_msgs/srv/GetString_Response.msg
[1.369s] -- Up-to-date: /home/chetan-satpute/depth_cam/install/orbbec_camera_msgs/share/orbbec_camera_msgs/srv/SetInt32.srv
[1.369s] -- Up-to-date: /home/chetan-satpute/depth_cam/install/orbbec_camera_msgs/share/orbbec_camera_msgs/srv/SetInt32_Request.msg
[1.369s] -- Up-to-date: /home/chetan-satpute/depth_cam/install/orbbec_camera_msgs/share/orbbec_camera_msgs/srv/SetInt32_Response.msg
[1.369s] -- Up-to-date: /home/chetan-satpute/depth_cam/install/orbbec_camera_msgs/share/orbbec_camera_msgs/srv/SetString.srv
[1.369s] -- Up-to-date: /home/chetan-satpute/depth_cam/install/orbbec_camera_msgs/share/orbbec_camera_msgs/srv/SetString_Request.msg
[1.369s] -- Up-to-date: /home/chetan-satpute/depth_cam/install/orbbec_camera_msgs/share/orbbec_camera_msgs/srv/SetString_Response.msg
[1.369s] -- Up-to-date: /home/chetan-satpute/depth_cam/install/orbbec_camera_msgs/share/ament_index/resource_index/package_run_dependencies/orbbec_camera_msgs
[1.369s] -- Installing: /home/chetan-satpute/depth_cam/install/orbbec_camera_msgs/share/ament_index/resource_index/parent_prefix_path/orbbec_camera_msgs
[1.369s] -- Up-to-date: /home/chetan-satpute/depth_cam/install/orbbec_camera_msgs/share/orbbec_camera_msgs/environment/ament_prefix_path.sh
[1.369s] -- Installing: /home/chetan-satpute/depth_cam/install/orbbec_camera_msgs/share/orbbec_camera_msgs/environment/ament_prefix_path.dsv
[1.369s] -- Up-to-date: /home/chetan-satpute/depth_cam/install/orbbec_camera_msgs/share/orbbec_camera_msgs/environment/path.sh
[1.369s] -- Installing: /home/chetan-satpute/depth_cam/install/orbbec_camera_msgs/share/orbbec_camera_msgs/environment/path.dsv
[1.369s] -- Up-to-date: /home/chetan-satpute/depth_cam/install/orbbec_camera_msgs/share/orbbec_camera_msgs/local_setup.bash
[1.369s] -- Up-to-date: /home/chetan-satpute/depth_cam/install/orbbec_camera_msgs/share/orbbec_camera_msgs/local_setup.sh
[1.369s] -- Up-to-date: /home/chetan-satpute/depth_cam/install/orbbec_camera_msgs/share/orbbec_camera_msgs/local_setup.zsh
[1.369s] -- Installing: /home/chetan-satpute/depth_cam/install/orbbec_camera_msgs/share/orbbec_camera_msgs/local_setup.dsv
[1.369s] -- Installing: /home/chetan-satpute/depth_cam/install/orbbec_camera_msgs/share/orbbec_camera_msgs/package.dsv
[1.369s] -- Up-to-date: /home/chetan-satpute/depth_cam/install/orbbec_camera_msgs/share/ament_index/resource_index/packages/orbbec_camera_msgs
[1.369s] -- Up-to-date: /home/chetan-satpute/depth_cam/install/orbbec_camera_msgs/share/orbbec_camera_msgs/cmake/export_orbbec_camera_msgs__rosidl_generator_cExport.cmake
[1.369s] -- Up-to-date: /home/chetan-satpute/depth_cam/install/orbbec_camera_msgs/share/orbbec_camera_msgs/cmake/export_orbbec_camera_msgs__rosidl_generator_cExport-release.cmake
[1.369s] -- Up-to-date: /home/chetan-satpute/depth_cam/install/orbbec_camera_msgs/share/orbbec_camera_msgs/cmake/export_orbbec_camera_msgs__rosidl_typesupport_fastrtps_cExport.cmake
[1.369s] -- Up-to-date: /home/chetan-satpute/depth_cam/install/orbbec_camera_msgs/share/orbbec_camera_msgs/cmake/export_orbbec_camera_msgs__rosidl_typesupport_fastrtps_cExport-release.cmake
[1.369s] -- Up-to-date: /home/chetan-satpute/depth_cam/install/orbbec_camera_msgs/share/orbbec_camera_msgs/cmake/orbbec_camera_msgs__rosidl_typesupport_introspection_cExport.cmake
[1.370s] -- Up-to-date: /home/chetan-satpute/depth_cam/install/orbbec_camera_msgs/share/orbbec_camera_msgs/cmake/orbbec_camera_msgs__rosidl_typesupport_introspection_cExport-release.cmake
[1.370s] -- Up-to-date: /home/chetan-satpute/depth_cam/install/orbbec_camera_msgs/share/orbbec_camera_msgs/cmake/orbbec_camera_msgs__rosidl_typesupport_cExport.cmake
[1.370s] -- Up-to-date: /home/chetan-satpute/depth_cam/install/orbbec_camera_msgs/share/orbbec_camera_msgs/cmake/orbbec_camera_msgs__rosidl_typesupport_cExport-release.cmake
[1.370s] -- Up-to-date: /home/chetan-satpute/depth_cam/install/orbbec_camera_msgs/share/orbbec_camera_msgs/cmake/export_orbbec_camera_msgs__rosidl_generator_cppExport.cmake
[1.370s] -- Up-to-date: /home/chetan-satpute/depth_cam/install/orbbec_camera_msgs/share/orbbec_camera_msgs/cmake/export_orbbec_camera_msgs__rosidl_typesupport_fastrtps_cppExport.cmake
[1.370s] -- Up-to-date: /home/chetan-satpute/depth_cam/install/orbbec_camera_msgs/share/orbbec_camera_msgs/cmake/export_orbbec_camera_msgs__rosidl_typesupport_fastrtps_cppExport-release.cmake
[1.370s] -- Up-to-date: /home/chetan-satpute/depth_cam/install/orbbec_camera_msgs/share/orbbec_camera_msgs/cmake/orbbec_camera_msgs__rosidl_typesupport_introspection_cppExport.cmake
[1.370s] -- Up-to-date: /home/chetan-satpute/depth_cam/install/orbbec_camera_msgs/share/orbbec_camera_msgs/cmake/orbbec_camera_msgs__rosidl_typesupport_introspection_cppExport-release.cmake
[1.370s] -- Up-to-date: /home/chetan-satpute/depth_cam/install/orbbec_camera_msgs/share/orbbec_camera_msgs/cmake/orbbec_camera_msgs__rosidl_typesupport_cppExport.cmake
[1.370s] -- Up-to-date: /home/chetan-satpute/depth_cam/install/orbbec_camera_msgs/share/orbbec_camera_msgs/cmake/orbbec_camera_msgs__rosidl_typesupport_cppExport-release.cmake
[1.370s] -- Up-to-date: /home/chetan-satpute/depth_cam/install/orbbec_camera_msgs/share/orbbec_camera_msgs/cmake/export_orbbec_camera_msgs__rosidl_generator_pyExport.cmake
[1.370s] -- Up-to-date: /home/chetan-satpute/depth_cam/install/orbbec_camera_msgs/share/orbbec_camera_msgs/cmake/export_orbbec_camera_msgs__rosidl_generator_pyExport-release.cmake
[1.370s] -- Up-to-date: /home/chetan-satpute/depth_cam/install/orbbec_camera_msgs/share/orbbec_camera_msgs/cmake/rosidl_cmake-extras.cmake
[1.370s] -- Up-to-date: /home/chetan-satpute/depth_cam/install/orbbec_camera_msgs/share/orbbec_camera_msgs/cmake/ament_cmake_export_dependencies-extras.cmake
[1.370s] -- Up-to-date: /home/chetan-satpute/depth_cam/install/orbbec_camera_msgs/share/orbbec_camera_msgs/cmake/ament_cmake_export_include_directories-extras.cmake
[1.370s] -- Up-to-date: /home/chetan-satpute/depth_cam/install/orbbec_camera_msgs/share/orbbec_camera_msgs/cmake/ament_cmake_export_libraries-extras.cmake
[1.370s] -- Up-to-date: /home/chetan-satpute/depth_cam/install/orbbec_camera_msgs/share/orbbec_camera_msgs/cmake/ament_cmake_export_targets-extras.cmake
[1.370s] -- Up-to-date: /home/chetan-satpute/depth_cam/install/orbbec_camera_msgs/share/orbbec_camera_msgs/cmake/rosidl_cmake_export_typesupport_targets-extras.cmake
[1.370s] -- Up-to-date: /home/chetan-satpute/depth_cam/install/orbbec_camera_msgs/share/orbbec_camera_msgs/cmake/rosidl_cmake_export_typesupport_libraries-extras.cmake
[1.370s] -- Up-to-date: /home/chetan-satpute/depth_cam/install/orbbec_camera_msgs/share/orbbec_camera_msgs/cmake/orbbec_camera_msgsConfig.cmake
[1.370s] -- Up-to-date: /home/chetan-satpute/depth_cam/install/orbbec_camera_msgs/share/orbbec_camera_msgs/cmake/orbbec_camera_msgsConfig-version.cmake
[1.370s] -- Up-to-date: /home/chetan-satpute/depth_cam/install/orbbec_camera_msgs/share/orbbec_camera_msgs/package.xml
[1.372s] Invoked command in '/home/chetan-satpute/depth_cam/build/orbbec_camera_msgs' returned '0': CMAKE_PREFIX_PATH=/opt/ros/humble /usr/bin/cmake --install /home/chetan-satpute/depth_cam/build/orbbec_camera_msgs
