[0.459s] Invoking command in '/home/chetan-satpute/lane_following/build/custom_follow': PYTHONPATH=/home/chetan-satpute/lane_following/build/custom_follow/prefix_override:/usr/lib/python3/dist-packages/colcon_core/task/python/colcon_distutils_commands:/home/chetan-satpute/lane_following/install/custom_follow/lib/python3.10/site-packages:${PYTHONPATH} /usr/bin/python3 -W ignore:setup.py install is deprecated -W ignore:easy_install command is deprecated setup.py develop --editable --build-directory /home/chetan-satpute/lane_following/build/custom_follow/build --no-deps symlink_data --force
[0.636s] running develop
[0.759s] running egg_info
[0.759s] writing custom_follow.egg-info/PKG-INFO
[0.759s] writing dependency_links to custom_follow.egg-info/dependency_links.txt
[0.759s] writing entry points to custom_follow.egg-info/entry_points.txt
[0.759s] writing requirements to custom_follow.egg-info/requires.txt
[0.759s] writing top-level names to custom_follow.egg-info/top_level.txt
[0.761s] reading manifest file 'custom_follow.egg-info/SOURCES.txt'
[0.761s] writing manifest file 'custom_follow.egg-info/SOURCES.txt'
[0.789s] running build_ext
[0.789s] Creating /home/chetan-satpute/lane_following/install/custom_follow/lib/python3.10/site-packages/custom-follow.egg-link (link to .)
[0.790s] Installing esp32_bridge script to /home/chetan-satpute/lane_following/install/custom_follow/lib/custom_follow
[0.790s] Installing infer_node script to /home/chetan-satpute/lane_following/install/custom_follow/lib/custom_follow
[0.790s] 
[0.790s] Installed /home/chetan-satpute/lane_following/build/custom_follow
[0.790s] running symlink_data
[0.790s] symbolically linking /home/chetan-satpute/lane_following/build/custom_follow/resource/custom_follow -> /home/chetan-satpute/lane_following/install/custom_follow/share/ament_index/resource_index/packages
[0.790s] symbolically linking /home/chetan-satpute/lane_following/build/custom_follow/package.xml -> /home/chetan-satpute/lane_following/install/custom_follow/share/custom_follow
[0.791s] symbolically linking /home/chetan-satpute/lane_following/build/custom_follow/model/lane_model.pt -> /home/chetan-satpute/lane_following/install/custom_follow/share/custom_follow/model
[0.813s] Invoked command in '/home/chetan-satpute/lane_following/build/custom_follow' returned '0': PYTHONPATH=/home/chetan-satpute/lane_following/build/custom_follow/prefix_override:/usr/lib/python3/dist-packages/colcon_core/task/python/colcon_distutils_commands:/home/chetan-satpute/lane_following/install/custom_follow/lib/python3.10/site-packages:${PYTHONPATH} /usr/bin/python3 -W ignore:setup.py install is deprecated -W ignore:easy_install command is deprecated setup.py develop --editable --build-directory /home/chetan-satpute/lane_following/build/custom_follow/build --no-deps symlink_data --force
