running egg_info
creating ../../build/auto_nav/auto_nav.egg-info
writing ../../build/auto_nav/auto_nav.egg-info/PKG-INFO
writing dependency_links to ../../build/auto_nav/auto_nav.egg-info/dependency_links.txt
writing entry points to ../../build/auto_nav/auto_nav.egg-info/entry_points.txt
writing requirements to ../../build/auto_nav/auto_nav.egg-info/requires.txt
writing top-level names to ../../build/auto_nav/auto_nav.egg-info/top_level.txt
writing manifest file '../../build/auto_nav/auto_nav.egg-info/SOURCES.txt'
reading manifest file '../../build/auto_nav/auto_nav.egg-info/SOURCES.txt'
writing manifest file '../../build/auto_nav/auto_nav.egg-info/SOURCES.txt'
running build
running build_py
creating /home/chetan-satpute/lane_following/build/auto_nav/build
creating /home/chetan-satpute/lane_following/build/auto_nav/build/lib
creating /home/chetan-satpute/lane_following/build/auto_nav/build/lib/auto_nav
copying auto_nav/__init__.py -> /home/chetan-satpute/lane_following/build/auto_nav/build/lib/auto_nav
copying auto_nav/esp32_bridge_node.py -> /home/chetan-satpute/lane_following/build/auto_nav/build/lib/auto_nav
copying auto_nav/cmd_vel_mux_node.py -> /home/chetan-satpute/lane_following/build/auto_nav/build/lib/auto_nav
running install
running install_lib
creating /home/chetan-satpute/lane_following/install/auto_nav/lib/python3.10/site-packages/auto_nav
copying /home/chetan-satpute/lane_following/build/auto_nav/build/lib/auto_nav/__init__.py -> /home/chetan-satpute/lane_following/install/auto_nav/lib/python3.10/site-packages/auto_nav
copying /home/chetan-satpute/lane_following/build/auto_nav/build/lib/auto_nav/esp32_bridge_node.py -> /home/chetan-satpute/lane_following/install/auto_nav/lib/python3.10/site-packages/auto_nav
copying /home/chetan-satpute/lane_following/build/auto_nav/build/lib/auto_nav/cmd_vel_mux_node.py -> /home/chetan-satpute/lane_following/install/auto_nav/lib/python3.10/site-packages/auto_nav
byte-compiling /home/chetan-satpute/lane_following/install/auto_nav/lib/python3.10/site-packages/auto_nav/__init__.py to __init__.cpython-310.pyc
byte-compiling /home/chetan-satpute/lane_following/install/auto_nav/lib/python3.10/site-packages/auto_nav/esp32_bridge_node.py to esp32_bridge_node.cpython-310.pyc
byte-compiling /home/chetan-satpute/lane_following/install/auto_nav/lib/python3.10/site-packages/auto_nav/cmd_vel_mux_node.py to cmd_vel_mux_node.cpython-310.pyc
running install_data
creating /home/chetan-satpute/lane_following/install/auto_nav/share/ament_index
creating /home/chetan-satpute/lane_following/install/auto_nav/share/ament_index/resource_index
creating /home/chetan-satpute/lane_following/install/auto_nav/share/ament_index/resource_index/packages
copying resource/auto_nav -> /home/chetan-satpute/lane_following/install/auto_nav/share/ament_index/resource_index/packages
copying package.xml -> /home/chetan-satpute/lane_following/install/auto_nav/share/auto_nav
creating /home/chetan-satpute/lane_following/install/auto_nav/share/auto_nav/launch
copying launch/auto_nav_bringup.launch.py -> /home/chetan-satpute/lane_following/install/auto_nav/share/auto_nav/launch
running install_egg_info
Copying ../../build/auto_nav/auto_nav.egg-info to /home/chetan-satpute/lane_following/install/auto_nav/lib/python3.10/site-packages/auto_nav-0.1.0-py3.10.egg-info
running install_scripts
Installing cmd_vel_mux script to /home/chetan-satpute/lane_following/install/auto_nav/lib/auto_nav
Installing esp32_auto_bridge script to /home/chetan-satpute/lane_following/install/auto_nav/lib/auto_nav
writing list of installed files to '/home/chetan-satpute/lane_following/build/auto_nav/install.log'
