[0.473s] Invoking command in '/home/chetan-satpute/lane_following/src/auto_nav': AMENT_PREFIX_PATH=/home/chetan-satpute/lane_following/install/keyboard_teleoperation:/home/chetan-satpute/lane_following/install/custom_follow:/home/chetan-satpute/lane_following/install/orbbec_description:/home/chetan-satpute/lane_following/install/orbbec_camera:/home/chetan-satpute/lane_following/install/orbbec_camera_msgs:/opt/ros/humble PYTHONPATH=/home/chetan-satpute/lane_following/build/auto_nav/prefix_override:/usr/lib/python3/dist-packages/colcon_core/task/python/colcon_distutils_commands:/home/chetan-satpute/lane_following/install/auto_nav/lib/python3.10/site-packages:/home/chetan-satpute/lane_following/install/keyboard_teleoperation/lib/python3.10/site-packages:/home/chetan-satpute/lane_following/install/custom_follow/lib/python3.10/site-packages:/home/chetan-satpute/lane_following/install/orbbec_camera_msgs/local/lib/python3.10/dist-packages:/opt/ros/humble/lib/python3.10/site-packages:/opt/ros/humble/local/lib/python3.10/dist-packages /usr/bin/python3 -W ignore:setup.py install is deprecated -W ignore:easy_install command is deprecated setup.py egg_info --egg-base ../../build/auto_nav build --build-base /home/chetan-satpute/lane_following/build/auto_nav/build install --record /home/chetan-satpute/lane_following/build/auto_nav/install.log --single-version-externally-managed install_data
[0.640s] running egg_info
[0.640s] creating ../../build/auto_nav/auto_nav.egg-info
[0.640s] writing ../../build/auto_nav/auto_nav.egg-info/PKG-INFO
[0.640s] writing dependency_links to ../../build/auto_nav/auto_nav.egg-info/dependency_links.txt
[0.640s] writing entry points to ../../build/auto_nav/auto_nav.egg-info/entry_points.txt
[0.640s] writing requirements to ../../build/auto_nav/auto_nav.egg-info/requires.txt
[0.641s] writing top-level names to ../../build/auto_nav/auto_nav.egg-info/top_level.txt
[0.641s] writing manifest file '../../build/auto_nav/auto_nav.egg-info/SOURCES.txt'
[0.642s] reading manifest file '../../build/auto_nav/auto_nav.egg-info/SOURCES.txt'
[0.642s] writing manifest file '../../build/auto_nav/auto_nav.egg-info/SOURCES.txt'
[0.642s] running build
[0.642s] running build_py
[0.642s] creating /home/chetan-satpute/lane_following/build/auto_nav/build
[0.642s] creating /home/chetan-satpute/lane_following/build/auto_nav/build/lib
[0.642s] creating /home/chetan-satpute/lane_following/build/auto_nav/build/lib/auto_nav
[0.642s] copying auto_nav/__init__.py -> /home/chetan-satpute/lane_following/build/auto_nav/build/lib/auto_nav
[0.642s] copying auto_nav/esp32_bridge_node.py -> /home/chetan-satpute/lane_following/build/auto_nav/build/lib/auto_nav
[0.642s] copying auto_nav/cmd_vel_mux_node.py -> /home/chetan-satpute/lane_following/build/auto_nav/build/lib/auto_nav
[0.642s] running install
[0.643s] running install_lib
[0.643s] creating /home/chetan-satpute/lane_following/install/auto_nav/lib/python3.10/site-packages/auto_nav
[0.643s] copying /home/chetan-satpute/lane_following/build/auto_nav/build/lib/auto_nav/__init__.py -> /home/chetan-satpute/lane_following/install/auto_nav/lib/python3.10/site-packages/auto_nav
[0.643s] copying /home/chetan-satpute/lane_following/build/auto_nav/build/lib/auto_nav/esp32_bridge_node.py -> /home/chetan-satpute/lane_following/install/auto_nav/lib/python3.10/site-packages/auto_nav
[0.643s] copying /home/chetan-satpute/lane_following/build/auto_nav/build/lib/auto_nav/cmd_vel_mux_node.py -> /home/chetan-satpute/lane_following/install/auto_nav/lib/python3.10/site-packages/auto_nav
[0.643s] byte-compiling /home/chetan-satpute/lane_following/install/auto_nav/lib/python3.10/site-packages/auto_nav/__init__.py to __init__.cpython-310.pyc
[0.644s] byte-compiling /home/chetan-satpute/lane_following/install/auto_nav/lib/python3.10/site-packages/auto_nav/esp32_bridge_node.py to esp32_bridge_node.cpython-310.pyc
[0.645s] byte-compiling /home/chetan-satpute/lane_following/install/auto_nav/lib/python3.10/site-packages/auto_nav/cmd_vel_mux_node.py to cmd_vel_mux_node.cpython-310.pyc
[0.645s] running install_data
[0.645s] creating /home/chetan-satpute/lane_following/install/auto_nav/share/ament_index
[0.646s] creating /home/chetan-satpute/lane_following/install/auto_nav/share/ament_index/resource_index
[0.646s] creating /home/chetan-satpute/lane_following/install/auto_nav/share/ament_index/resource_index/packages
[0.646s] copying resource/auto_nav -> /home/chetan-satpute/lane_following/install/auto_nav/share/ament_index/resource_index/packages
[0.646s] copying package.xml -> /home/chetan-satpute/lane_following/install/auto_nav/share/auto_nav
[0.646s] creating /home/chetan-satpute/lane_following/install/auto_nav/share/auto_nav/launch
[0.646s] copying launch/auto_nav_bringup.launch.py -> /home/chetan-satpute/lane_following/install/auto_nav/share/auto_nav/launch
[0.646s] running install_egg_info
[0.647s] Copying ../../build/auto_nav/auto_nav.egg-info to /home/chetan-satpute/lane_following/install/auto_nav/lib/python3.10/site-packages/auto_nav-0.1.0-py3.10.egg-info
[0.647s] running install_scripts
[0.661s] Installing cmd_vel_mux script to /home/chetan-satpute/lane_following/install/auto_nav/lib/auto_nav
[0.661s] Installing esp32_auto_bridge script to /home/chetan-satpute/lane_following/install/auto_nav/lib/auto_nav
[0.661s] writing list of installed files to '/home/chetan-satpute/lane_following/build/auto_nav/install.log'
[0.676s] Invoked command in '/home/chetan-satpute/lane_following/src/auto_nav' returned '0': AMENT_PREFIX_PATH=/home/chetan-satpute/lane_following/install/keyboard_teleoperation:/home/chetan-satpute/lane_following/install/custom_follow:/home/chetan-satpute/lane_following/install/orbbec_description:/home/chetan-satpute/lane_following/install/orbbec_camera:/home/chetan-satpute/lane_following/install/orbbec_camera_msgs:/opt/ros/humble PYTHONPATH=/home/chetan-satpute/lane_following/build/auto_nav/prefix_override:/usr/lib/python3/dist-packages/colcon_core/task/python/colcon_distutils_commands:/home/chetan-satpute/lane_following/install/auto_nav/lib/python3.10/site-packages:/home/chetan-satpute/lane_following/install/keyboard_teleoperation/lib/python3.10/site-packages:/home/chetan-satpute/lane_following/install/custom_follow/lib/python3.10/site-packages:/home/chetan-satpute/lane_following/install/orbbec_camera_msgs/local/lib/python3.10/dist-packages:/opt/ros/humble/lib/python3.10/site-packages:/opt/ros/humble/local/lib/python3.10/dist-packages /usr/bin/python3 -W ignore:setup.py install is deprecated -W ignore:easy_install command is deprecated setup.py egg_info --egg-base ../../build/auto_nav build --build-base /home/chetan-satpute/lane_following/build/auto_nav/build install --record /home/chetan-satpute/lane_following/build/auto_nav/install.log --single-version-externally-managed install_data
