[0.007s] Invoking command in '/home/chetan-satpute/lane_following/build/orbbec_camera': AMENT_PREFIX_PATH=/home/chetan-satpute/lane_following/install/orbbec_camera_msgs:${AMENT_PREFIX_PATH} CMAKE_PREFIX_PATH=/home/chetan-satpute/lane_following/install/orbbec_camera_msgs:/opt/ros/humble LD_LIBRARY_PATH=/home/chetan-satpute/lane_following/install/orbbec_camera_msgs/lib:${LD_LIBRARY_PATH} PYTHONPATH=/home/chetan-satpute/lane_following/install/orbbec_camera_msgs/local/lib/python3.10/dist-packages:${PYTHONPATH} /usr/bin/cmake /home/chetan-satpute/lane_following/src/OrbbecSDK_ROS2/orbbec_camera -DAMENT_CMAKE_SYMLINK_INSTALL=1 -DCMAKE_INSTALL_PREFIX=/home/chetan-satpute/lane_following/install/orbbec_camera
[0.083s] -- The C compiler identification is GNU 11.4.0
[0.149s] -- The CXX compiler identification is GNU 11.4.0
[0.155s] -- Detecting C compiler ABI info
[0.239s] -- Detecting C compiler ABI info - done
[0.245s] -- Check for working C compiler: /usr/bin/cc - skipped
[0.245s] -- Detecting C compile features
[0.245s] -- Detecting C compile features - done
[0.247s] -- Detecting CXX compiler ABI info
[0.317s] -- Detecting CXX compiler ABI info - done
[0.327s] -- Check for working CXX compiler: /usr/bin/c++ - skipped
[0.327s] -- Detecting CXX compile features
[0.327s] -- Detecting CXX compile features - done
[0.329s] -- Found ament_cmake: 1.3.13 (/opt/ros/humble/share/ament_cmake/cmake)
[0.470s] -- Found Python3: /usr/bin/python3 (found version "3.10.12") found components: Interpreter 
[0.523s] -- Override CMake install command with custom implementation using symlinks instead of copying resources
[0.549s] -- Found ament_index_cpp: 1.4.1 (/opt/ros/humble/share/ament_index_cpp/cmake)
[0.558s] -- Found builtin_interfaces: 1.2.2 (/opt/ros/humble/share/builtin_interfaces/cmake)
[0.583s] -- Found rosidl_generator_c: 3.1.8 (/opt/ros/humble/share/rosidl_generator_c/cmake)
[0.587s] -- Found rosidl_adapter: 3.1.8 (/opt/ros/humble/share/rosidl_adapter/cmake)
[0.593s] -- Found rosidl_generator_cpp: 3.1.8 (/opt/ros/humble/share/rosidl_generator_cpp/cmake)
[0.601s] -- Using all available rosidl_typesupport_c: rosidl_typesupport_fastrtps_c;rosidl_typesupport_introspection_c
[0.613s] -- Using all available rosidl_typesupport_cpp: rosidl_typesupport_fastrtps_cpp;rosidl_typesupport_introspection_cpp
[0.625s] -- Found cv_bridge: 3.2.1 (/opt/ros/humble/share/cv_bridge/cmake)
[0.667s] -- Found camera_info_manager: 3.1.12 (/opt/ros/humble/share/camera_info_manager/cmake)
[0.706s] -- Found rmw_implementation_cmake: 6.1.2 (/opt/ros/humble/share/rmw_implementation_cmake/cmake)
[0.708s] -- Found rmw_fastrtps_cpp: 6.2.10 (/opt/ros/humble/share/rmw_fastrtps_cpp/cmake)
[0.799s] -- Found OpenSSL: /usr/lib/x86_64-linux-gnu/libcrypto.so (found version "3.0.2")  
[0.830s] -- Found FastRTPS: /opt/ros/humble/include  
[0.861s] -- Using RMW implementation 'rmw_fastrtps_cpp' as default
[0.874s] -- Looking for pthread.h
[0.972s] -- Looking for pthread.h - found
[0.972s] -- Performing Test CMAKE_HAVE_LIBC_PTHREAD
[1.066s] -- Performing Test CMAKE_HAVE_LIBC_PTHREAD - Success
[1.068s] -- Found Threads: TRUE  
[1.126s] -- Found image_transport: 3.1.12 (/opt/ros/humble/share/image_transport/cmake)
[1.155s] -- Found image_publisher: 3.0.9 (/opt/ros/humble/share/image_publisher/cmake)
[1.178s] -- Found OpenCV: /usr (found version "4.5.4") 
[1.178s] -- Found orbbec_camera_msgs: 1.5.15 (/home/chetan-satpute/lane_following/install/orbbec_camera_msgs/share/orbbec_camera_msgs/cmake)
[1.190s] -- Found std_srvs: 4.9.1 (/opt/ros/humble/share/std_srvs/cmake)
[1.201s] -- Found tf2: 0.25.19 (/opt/ros/humble/share/tf2/cmake)
[1.204s] -- Found tf2_eigen: 0.25.19 (/opt/ros/humble/share/tf2_eigen/cmake)
[1.266s] -- Found tf2_sensor_msgs: 0.25.19 (/opt/ros/humble/share/tf2_sensor_msgs/cmake)
[1.273s] -- Found diagnostic_updater: 4.0.6 (/opt/ros/humble/share/diagnostic_updater/cmake)
[1.295s] -- Found PkgConfig: /usr/bin/pkg-config (found version "0.29.2") 
[1.300s] -- ORRBEC Machine : x86_64
[1.300s] 
[1.300s] -- ORRBEC Machine Bits : 64
[1.300s] 
[1.367s] -- Found ament_lint_auto: 0.12.15 (/opt/ros/humble/share/ament_lint_auto/cmake)
[1.429s] -- Configuring done
[1.507s] -- Generating done
[1.524s] -- Build files have been written to: /home/chetan-satpute/lane_following/build/orbbec_camera
[1.534s] Invoked command in '/home/chetan-satpute/lane_following/build/orbbec_camera' returned '0': AMENT_PREFIX_PATH=/home/chetan-satpute/lane_following/install/orbbec_camera_msgs:${AMENT_PREFIX_PATH} CMAKE_PREFIX_PATH=/home/chetan-satpute/lane_following/install/orbbec_camera_msgs:/opt/ros/humble LD_LIBRARY_PATH=/home/chetan-satpute/lane_following/install/orbbec_camera_msgs/lib:${LD_LIBRARY_PATH} PYTHONPATH=/home/chetan-satpute/lane_following/install/orbbec_camera_msgs/local/lib/python3.10/dist-packages:${PYTHONPATH} /usr/bin/cmake /home/chetan-satpute/lane_following/src/OrbbecSDK_ROS2/orbbec_camera -DAMENT_CMAKE_SYMLINK_INSTALL=1 -DCMAKE_INSTALL_PREFIX=/home/chetan-satpute/lane_following/install/orbbec_camera
[1.534s] Invoking command in '/home/chetan-satpute/lane_following/build/orbbec_camera': AMENT_PREFIX_PATH=/home/chetan-satpute/lane_following/install/orbbec_camera_msgs:${AMENT_PREFIX_PATH} CMAKE_PREFIX_PATH=/home/chetan-satpute/lane_following/install/orbbec_camera_msgs:/opt/ros/humble LD_LIBRARY_PATH=/home/chetan-satpute/lane_following/install/orbbec_camera_msgs/lib:${LD_LIBRARY_PATH} PYTHONPATH=/home/chetan-satpute/lane_following/install/orbbec_camera_msgs/local/lib/python3.10/dist-packages:${PYTHONPATH} /usr/bin/cmake --build /home/chetan-satpute/lane_following/build/orbbec_camera -- -j16 -l16
[1.575s] [  4%] [32mBuilding CXX object CMakeFiles/frame_latency.dir/tools/frame_latency.cpp.o[0m
[1.575s] [  8%] [32mBuilding CXX object CMakeFiles/orbbec_camera.dir/src/image_publisher.cpp.o[0m
[1.575s] [ 12%] [32mBuilding CXX object CMakeFiles/orbbec_camera.dir/src/ros_param_backend.cpp.o[0m
[1.576s] [ 16%] [32mBuilding CXX object CMakeFiles/orbbec_camera.dir/src/d2c_viewer.cpp.o[0m
[1.576s] [ 20%] [32mBuilding CXX object CMakeFiles/orbbec_camera.dir/src/ob_camera_node_driver.cpp.o[0m
[1.576s] [ 24%] [32mBuilding CXX object CMakeFiles/orbbec_camera.dir/src/jpeg_decoder.cpp.o[0m
[1.576s] [ 32%] [32mBuilding CXX object CMakeFiles/orbbec_camera.dir/src/utils.cpp.o[0m
[1.576s] [ 32%] [32mBuilding CXX object CMakeFiles/frame_latency_node.dir/rclcpp_components/node_main_frame_latency_node.cpp.o[0m
[1.577s] [ 36%] [32mBuilding CXX object CMakeFiles/orbbec_camera.dir/src/synced_imu_publisher.cpp.o[0m
[1.577s] [ 40%] [32mBuilding CXX object CMakeFiles/orbbec_camera.dir/src/dynamic_params.cpp.o[0m
[1.578s] [ 48%] [32mBuilding CXX object CMakeFiles/orbbec_camera.dir/src/ros_service.cpp.o[0m
[1.578s] [ 48%] [32mBuilding CXX object CMakeFiles/orbbec_camera.dir/src/ob_camera_node.cpp.o[0m
[1.579s] [ 52%] [32mBuilding CXX object CMakeFiles/orbbec_camera_node.dir/rclcpp_components/node_main_orbbec_camera_node.cpp.o[0m
[5.546s] [ 56%] [32m[1mLinking CXX executable frame_latency_node[0m
[5.597s] [ 60%] [32m[1mLinking CXX executable orbbec_camera_node[0m
[5.678s] [ 60%] Built target frame_latency_node
[5.685s] [ 60%] Built target orbbec_camera_node
[24.001s] [ 64%] [32m[1mLinking CXX shared library liborbbec_camera.so[0m
[24.361s] [ 64%] Built target orbbec_camera
[24.377s] [ 68%] [32mBuilding CXX object CMakeFiles/list_camera_profile_mode_node.dir/tools/list_camera_profile.cpp.o[0m
[24.377s] [ 72%] [32mBuilding CXX object CMakeFiles/list_devices_node.dir/tools/list_devices_node.cpp.o[0m
[24.379s] [ 76%] [32mBuilding CXX object CMakeFiles/list_depth_work_mode_node.dir/tools/list_depth_work_mode.cpp.o[0m
[24.380s] [ 80%] [32mBuilding CXX object CMakeFiles/topic_statistics_node.dir/tools/topic_statistics.cpp.o[0m
[27.024s] [ 84%] [32m[1mLinking CXX shared library libframe_latency.so[0m
[27.325s] [ 84%] Built target frame_latency
[29.473s] [ 88%] [32m[1mLinking CXX executable list_depth_work_mode_node[0m
[29.622s] [ 88%] Built target list_depth_work_mode_node
[29.720s] [ 92%] [32m[1mLinking CXX executable list_devices_node[0m
[29.802s] [ 96%] [32m[1mLinking CXX executable list_camera_profile_mode_node[0m
[30.137s] [ 96%] Built target list_devices_node
[30.147s] [ 96%] Built target list_camera_profile_mode_node
[33.308s] [100%] [32m[1mLinking CXX executable topic_statistics_node[0m
[33.489s] [100%] Built target topic_statistics_node
[33.497s] Invoked command in '/home/chetan-satpute/lane_following/build/orbbec_camera' returned '0': AMENT_PREFIX_PATH=/home/chetan-satpute/lane_following/install/orbbec_camera_msgs:${AMENT_PREFIX_PATH} CMAKE_PREFIX_PATH=/home/chetan-satpute/lane_following/install/orbbec_camera_msgs:/opt/ros/humble LD_LIBRARY_PATH=/home/chetan-satpute/lane_following/install/orbbec_camera_msgs/lib:${LD_LIBRARY_PATH} PYTHONPATH=/home/chetan-satpute/lane_following/install/orbbec_camera_msgs/local/lib/python3.10/dist-packages:${PYTHONPATH} /usr/bin/cmake --build /home/chetan-satpute/lane_following/build/orbbec_camera -- -j16 -l16
[33.499s] Invoking command in '/home/chetan-satpute/lane_following/build/orbbec_camera': AMENT_PREFIX_PATH=/home/chetan-satpute/lane_following/install/orbbec_camera_msgs:${AMENT_PREFIX_PATH} CMAKE_PREFIX_PATH=/home/chetan-satpute/lane_following/install/orbbec_camera_msgs:/opt/ros/humble LD_LIBRARY_PATH=/home/chetan-satpute/lane_following/install/orbbec_camera_msgs/lib:${LD_LIBRARY_PATH} PYTHONPATH=/home/chetan-satpute/lane_following/install/orbbec_camera_msgs/local/lib/python3.10/dist-packages:${PYTHONPATH} /usr/bin/cmake --install /home/chetan-satpute/lane_following/build/orbbec_camera
[33.505s] -- Install configuration: "Release"
[33.505s] -- Execute custom install script
[33.505s] -- Symlinking: /home/chetan-satpute/lane_following/install/orbbec_camera/lib/orbbec_camera/orbbec_camera_node
[33.512s] -- Symlinking: /home/chetan-satpute/lane_following/install/orbbec_camera/lib/orbbec_camera/frame_latency_node
[33.519s] -- Symlinking: /home/chetan-satpute/lane_following/install/orbbec_camera/lib/liborbbec_camera.so
[33.526s] -- Symlinking: /home/chetan-satpute/lane_following/install/orbbec_camera/lib/libframe_latency.so
[33.539s] -- Symlinking: /home/chetan-satpute/lane_following/install/orbbec_camera/include/magic_enum/magic_enum.hpp
[33.550s] -- Symlinking: /home/chetan-satpute/lane_following/install/orbbec_camera/include/orbbec_camera/constants.h
[33.560s] -- Symlinking: /home/chetan-satpute/lane_following/install/orbbec_camera/include/orbbec_camera/d2c_viewer.h
[33.570s] -- Symlinking: /home/chetan-satpute/lane_following/install/orbbec_camera/include/orbbec_camera/dynamic_params.h
[33.580s] -- Symlinking: /home/chetan-satpute/lane_following/install/orbbec_camera/include/orbbec_camera/image_publisher.h
[33.591s] -- Symlinking: /home/chetan-satpute/lane_following/install/orbbec_camera/include/orbbec_camera/jetson_nv_decoder.h
[33.601s] -- Symlinking: /home/chetan-satpute/lane_following/install/orbbec_camera/include/orbbec_camera/jpeg_decoder.h
[33.611s] -- Symlinking: /home/chetan-satpute/lane_following/install/orbbec_camera/include/orbbec_camera/ob_camera_node.h
[33.622s] -- Symlinking: /home/chetan-satpute/lane_following/install/orbbec_camera/include/orbbec_camera/ob_camera_node_driver.h
[33.632s] -- Symlinking: /home/chetan-satpute/lane_following/install/orbbec_camera/include/orbbec_camera/rk_mpp_decoder.h
[33.643s] -- Symlinking: /home/chetan-satpute/lane_following/install/orbbec_camera/include/orbbec_camera/ros_param_backend.h
[33.652s] -- Symlinking: /home/chetan-satpute/lane_following/install/orbbec_camera/include/orbbec_camera/synced_imu_publisher.h
[33.664s] -- Symlinking: /home/chetan-satpute/lane_following/install/orbbec_camera/include/orbbec_camera/utils.h
[33.677s] -- Symlinking: /home/chetan-satpute/lane_following/install/orbbec_camera/share/orbbec_camera//launch/astra.launch.py
[33.688s] -- Symlinking: /home/chetan-satpute/lane_following/install/orbbec_camera/share/orbbec_camera//launch/astra2.launch.py
[33.699s] -- Symlinking: /home/chetan-satpute/lane_following/install/orbbec_camera/share/orbbec_camera//launch/astra_adv.launch.py
[33.709s] -- Symlinking: /home/chetan-satpute/lane_following/install/orbbec_camera/share/orbbec_camera//launch/astra_embedded_s.launch.py
[33.719s] -- Symlinking: /home/chetan-satpute/lane_following/install/orbbec_camera/share/orbbec_camera//launch/astra_pro2.launch.py
[33.729s] -- Symlinking: /home/chetan-satpute/lane_following/install/orbbec_camera/share/orbbec_camera//launch/astra_pro_plus.launch.py
[33.740s] -- Symlinking: /home/chetan-satpute/lane_following/install/orbbec_camera/share/orbbec_camera//launch/astra_stereo_u3.launch.py
[33.749s] -- Symlinking: /home/chetan-satpute/lane_following/install/orbbec_camera/share/orbbec_camera//launch/dabai.launch.py
[33.759s] -- Symlinking: /home/chetan-satpute/lane_following/install/orbbec_camera/share/orbbec_camera//launch/dabai_d1.launch.py
[33.770s] -- Symlinking: /home/chetan-satpute/lane_following/install/orbbec_camera/share/orbbec_camera//launch/dabai_dcl.py
[33.781s] -- Symlinking: /home/chetan-satpute/lane_following/install/orbbec_camera/share/orbbec_camera//launch/dabai_dcw.launch.py
[33.791s] -- Symlinking: /home/chetan-satpute/lane_following/install/orbbec_camera/share/orbbec_camera//launch/dabai_dcw2.launch.py
[33.801s] -- Symlinking: /home/chetan-satpute/lane_following/install/orbbec_camera/share/orbbec_camera//launch/dabai_dw.launch.py
[33.811s] -- Symlinking: /home/chetan-satpute/lane_following/install/orbbec_camera/share/orbbec_camera//launch/dabai_dw2.launch.py
[33.821s] -- Symlinking: /home/chetan-satpute/lane_following/install/orbbec_camera/share/orbbec_camera//launch/dabai_max.launch.py
[33.831s] -- Symlinking: /home/chetan-satpute/lane_following/install/orbbec_camera/share/orbbec_camera//launch/dabai_max_pro.launch.py
[33.841s] -- Symlinking: /home/chetan-satpute/lane_following/install/orbbec_camera/share/orbbec_camera//launch/dabai_pro.launch.py
[33.852s] -- Symlinking: /home/chetan-satpute/lane_following/install/orbbec_camera/share/orbbec_camera//launch/deeya.launch.py
[33.861s] -- Symlinking: /home/chetan-satpute/lane_following/install/orbbec_camera/share/orbbec_camera//launch/femto.launch.py
[33.872s] -- Symlinking: /home/chetan-satpute/lane_following/install/orbbec_camera/share/orbbec_camera//launch/femto_bolt.launch.py
[33.881s] -- Symlinking: /home/chetan-satpute/lane_following/install/orbbec_camera/share/orbbec_camera//launch/femto_mega.launch.py
[33.892s] -- Symlinking: /home/chetan-satpute/lane_following/install/orbbec_camera/share/orbbec_camera//launch/femto_net_camera.launch.py
[33.903s] -- Symlinking: /home/chetan-satpute/lane_following/install/orbbec_camera/share/orbbec_camera//launch/gemini2.launch.py
[33.912s] -- Symlinking: /home/chetan-satpute/lane_following/install/orbbec_camera/share/orbbec_camera//launch/gemini2L.launch.py
[33.923s] -- Symlinking: /home/chetan-satpute/lane_following/install/orbbec_camera/share/orbbec_camera//launch/gemini2VL.launch.py
[33.935s] -- Symlinking: /home/chetan-satpute/lane_following/install/orbbec_camera/share/orbbec_camera//launch/gemini2XL.launch.py
[33.944s] -- Symlinking: /home/chetan-satpute/lane_following/install/orbbec_camera/share/orbbec_camera//launch/gemini_330_series.launch.py
[33.954s] -- Symlinking: /home/chetan-satpute/lane_following/install/orbbec_camera/share/orbbec_camera//launch/gemini_e.launch.py
[33.965s] -- Symlinking: /home/chetan-satpute/lane_following/install/orbbec_camera/share/orbbec_camera//launch/gemini_e_lite.launch.py
[33.975s] -- Symlinking: /home/chetan-satpute/lane_following/install/orbbec_camera/share/orbbec_camera//launch/gemini_ew.launch.py
[33.985s] -- Symlinking: /home/chetan-satpute/lane_following/install/orbbec_camera/share/orbbec_camera//launch/gemini_ew_lite.launch.py
[33.996s] -- Symlinking: /home/chetan-satpute/lane_following/install/orbbec_camera/share/orbbec_camera//launch/gemini_intra_process_demo_launch.py
[34.006s] -- Symlinking: /home/chetan-satpute/lane_following/install/orbbec_camera/share/orbbec_camera//launch/gemini_uw.launch.py
[34.017s] -- Symlinking: /home/chetan-satpute/lane_following/install/orbbec_camera/share/orbbec_camera//launch/multi_camera.launch.py
[34.024s] -- Symlinking: /home/chetan-satpute/lane_following/install/orbbec_camera/share/orbbec_camera//launch/multi_camera_synced.launch.py
[34.035s] -- Symlinking: /home/chetan-satpute/lane_following/install/orbbec_camera/share/orbbec_camera//launch/multi_net_camera.launch.py
[34.047s] -- Symlinking: /home/chetan-satpute/lane_following/install/orbbec_camera/share/orbbec_camera//launch/ob_camera.launch.py
[34.057s] -- Symlinking: /home/chetan-satpute/lane_following/install/orbbec_camera/share/orbbec_camera//config/.gitkeep
[34.065s] -- Symlinking: /home/chetan-satpute/lane_following/install/orbbec_camera/share/orbbec_camera//config/OrbbecSDKConfig_v1.0.xml
[34.071s] -- Symlinking: /home/chetan-satpute/lane_following/install/orbbec_camera/share/orbbec_camera//config/camera_params.yaml
[34.077s] -- Symlinking: /home/chetan-satpute/lane_following/install/orbbec_camera/share/orbbec_camera//config/depthfilter/Gemini2_v1.8.json
[34.083s] -- Symlinking: /home/chetan-satpute/lane_following/install/orbbec_camera/share/orbbec_camera//config/depthfilter/Openni_device.json
[34.090s] -- Symlinking: /home/chetan-satpute/lane_following/install/orbbec_camera/include/libobsensor/ObSensor.h
[34.095s] -- Symlinking: /home/chetan-satpute/lane_following/install/orbbec_camera/include/libobsensor/ObSensor.hpp
[34.102s] -- Symlinking: /home/chetan-satpute/lane_following/install/orbbec_camera/include/libobsensor/h/Context.h
[34.108s] -- Symlinking: /home/chetan-satpute/lane_following/install/orbbec_camera/include/libobsensor/h/Device.h
[34.115s] -- Symlinking: /home/chetan-satpute/lane_following/install/orbbec_camera/include/libobsensor/h/Error.h
[34.120s] -- Symlinking: /home/chetan-satpute/lane_following/install/orbbec_camera/include/libobsensor/h/Filter.h
[34.126s] -- Symlinking: /home/chetan-satpute/lane_following/install/orbbec_camera/include/libobsensor/h/Frame.h
[34.132s] -- Symlinking: /home/chetan-satpute/lane_following/install/orbbec_camera/include/libobsensor/h/MultipleDevices.h
[34.138s] -- Symlinking: /home/chetan-satpute/lane_following/install/orbbec_camera/include/libobsensor/h/ObTypes.h
[34.143s] -- Symlinking: /home/chetan-satpute/lane_following/install/orbbec_camera/include/libobsensor/h/Pipeline.h
[34.149s] -- Symlinking: /home/chetan-satpute/lane_following/install/orbbec_camera/include/libobsensor/h/Property.h
[34.154s] -- Symlinking: /home/chetan-satpute/lane_following/install/orbbec_camera/include/libobsensor/h/RecordPlayback.h
[34.159s] -- Symlinking: /home/chetan-satpute/lane_following/install/orbbec_camera/include/libobsensor/h/Sensor.h
[34.165s] -- Symlinking: /home/chetan-satpute/lane_following/install/orbbec_camera/include/libobsensor/h/StreamProfile.h
[34.170s] -- Symlinking: /home/chetan-satpute/lane_following/install/orbbec_camera/include/libobsensor/h/Utils.h
[34.175s] -- Symlinking: /home/chetan-satpute/lane_following/install/orbbec_camera/include/libobsensor/h/Version.h
[34.180s] -- Symlinking: /home/chetan-satpute/lane_following/install/orbbec_camera/include/libobsensor/hpp/Context.hpp
[34.185s] -- Symlinking: /home/chetan-satpute/lane_following/install/orbbec_camera/include/libobsensor/hpp/Device.hpp
[34.191s] -- Symlinking: /home/chetan-satpute/lane_following/install/orbbec_camera/include/libobsensor/hpp/Error.hpp
[34.197s] -- Symlinking: /home/chetan-satpute/lane_following/install/orbbec_camera/include/libobsensor/hpp/Filter.hpp
[34.202s] -- Symlinking: /home/chetan-satpute/lane_following/install/orbbec_camera/include/libobsensor/hpp/Frame.hpp
[34.207s] -- Symlinking: /home/chetan-satpute/lane_following/install/orbbec_camera/include/libobsensor/hpp/Pipeline.hpp
[34.213s] -- Symlinking: /home/chetan-satpute/lane_following/install/orbbec_camera/include/libobsensor/hpp/RecordPlayback.hpp
[34.218s] -- Symlinking: /home/chetan-satpute/lane_following/install/orbbec_camera/include/libobsensor/hpp/Sensor.hpp
[34.223s] -- Symlinking: /home/chetan-satpute/lane_following/install/orbbec_camera/include/libobsensor/hpp/StreamProfile.hpp
[34.228s] -- Symlinking: /home/chetan-satpute/lane_following/install/orbbec_camera/include/libobsensor/hpp/Types.hpp
[34.233s] -- Symlinking: /home/chetan-satpute/lane_following/install/orbbec_camera/include/libobsensor/hpp/Utils.hpp
[34.239s] -- Symlinking: /home/chetan-satpute/lane_following/install/orbbec_camera/include/libobsensor/hpp/Version.hpp
[34.247s] -- Symlinking: /home/chetan-satpute/lane_following/install/orbbec_camera/share/orbbec_camera/udev/99-obsensor-libusb.rules
[34.253s] -- Symlinking: /home/chetan-satpute/lane_following/install/orbbec_camera/lib/orbbec_camera//list_devices_node
[34.260s] -- Symlinking: /home/chetan-satpute/lane_following/install/orbbec_camera/lib/orbbec_camera//list_depth_work_mode_node
[34.265s] -- Symlinking: /home/chetan-satpute/lane_following/install/orbbec_camera/lib/orbbec_camera//list_camera_profile_mode_node
[34.274s] -- Symlinking: /home/chetan-satpute/lane_following/install/orbbec_camera/lib/orbbec_camera//topic_statistics_node
[34.280s] -- Symlinking: /home/chetan-satpute/lane_following/install/orbbec_camera/share/orbbec_camera/environment/library_path.sh
[34.285s] -- Symlinking: /home/chetan-satpute/lane_following/install/orbbec_camera/share/orbbec_camera/environment/library_path.dsv
[34.293s] -- Symlinking: /home/chetan-satpute/lane_following/install/orbbec_camera/share/ament_index/resource_index/package_run_dependencies/orbbec_camera
[34.300s] -- Symlinking: /home/chetan-satpute/lane_following/install/orbbec_camera/share/ament_index/resource_index/parent_prefix_path/orbbec_camera
[34.308s] -- Symlinking: /home/chetan-satpute/lane_following/install/orbbec_camera/share/orbbec_camera/environment/ament_prefix_path.sh
[34.314s] -- Symlinking: /home/chetan-satpute/lane_following/install/orbbec_camera/share/orbbec_camera/environment/ament_prefix_path.dsv
[34.319s] -- Symlinking: /home/chetan-satpute/lane_following/install/orbbec_camera/share/orbbec_camera/environment/path.sh
[34.327s] -- Symlinking: /home/chetan-satpute/lane_following/install/orbbec_camera/share/orbbec_camera/environment/path.dsv
[34.334s] -- Symlinking: /home/chetan-satpute/lane_following/install/orbbec_camera/share/orbbec_camera/local_setup.bash
[34.342s] -- Symlinking: /home/chetan-satpute/lane_following/install/orbbec_camera/share/orbbec_camera/local_setup.sh
[34.348s] -- Symlinking: /home/chetan-satpute/lane_following/install/orbbec_camera/share/orbbec_camera/local_setup.zsh
[34.356s] -- Symlinking: /home/chetan-satpute/lane_following/install/orbbec_camera/share/orbbec_camera/local_setup.dsv
[34.363s] -- Symlinking: /home/chetan-satpute/lane_following/install/orbbec_camera/share/orbbec_camera/package.dsv
[34.371s] -- Symlinking: /home/chetan-satpute/lane_following/install/orbbec_camera/share/ament_index/resource_index/packages/orbbec_camera
[34.377s] -- Symlinking: /home/chetan-satpute/lane_following/install/orbbec_camera/share/ament_index/resource_index/rclcpp_components/orbbec_camera
[34.382s] -- Symlinking: /home/chetan-satpute/lane_following/install/orbbec_camera/share/orbbec_camera/cmake/ament_cmake_export_include_directories-extras.cmake
[34.390s] -- Symlinking: /home/chetan-satpute/lane_following/install/orbbec_camera/share/orbbec_camera/cmake/ament_cmake_export_libraries-extras.cmake
[34.397s] -- Symlinking: /home/chetan-satpute/lane_following/install/orbbec_camera/share/orbbec_camera/cmake/ament_cmake_export_dependencies-extras.cmake
[34.404s] -- Symlinking: /home/chetan-satpute/lane_following/install/orbbec_camera/share/orbbec_camera/cmake/orbbec_cameraConfig.cmake
[34.409s] -- Symlinking: /home/chetan-satpute/lane_following/install/orbbec_camera/share/orbbec_camera/cmake/orbbec_cameraConfig-version.cmake
[34.414s] -- Symlinking: /home/chetan-satpute/lane_following/install/orbbec_camera/share/orbbec_camera/package.xml
[34.420s] -- Up-to-date: /home/chetan-satpute/lane_following/install/orbbec_camera/lib/
[34.420s] -- Installing: /home/chetan-satpute/lane_following/install/orbbec_camera/lib//libdepthengine.so
[34.420s] -- Installing: /home/chetan-satpute/lane_following/install/orbbec_camera/lib//libdepthengine.so.2.0
[34.422s] -- Installing: /home/chetan-satpute/lane_following/install/orbbec_camera/lib//libOrbbecSDK.so.1.10
[34.423s] -- Installing: /home/chetan-satpute/lane_following/install/orbbec_camera/lib//libOrbbecSDK.so.1.10.35
[34.432s] -- Installing: /home/chetan-satpute/lane_following/install/orbbec_camera/lib//libob_usb.so
[34.432s] -- Installing: /home/chetan-satpute/lane_following/install/orbbec_camera/lib//libOrbbecSDK.so
[34.432s] -- Installing: /home/chetan-satpute/lane_following/install/orbbec_camera/lib//liblive555.so
[34.435s] Invoked command in '/home/chetan-satpute/lane_following/build/orbbec_camera' returned '0': AMENT_PREFIX_PATH=/home/chetan-satpute/lane_following/install/orbbec_camera_msgs:${AMENT_PREFIX_PATH} CMAKE_PREFIX_PATH=/home/chetan-satpute/lane_following/install/orbbec_camera_msgs:/opt/ros/humble LD_LIBRARY_PATH=/home/chetan-satpute/lane_following/install/orbbec_camera_msgs/lib:${LD_LIBRARY_PATH} PYTHONPATH=/home/chetan-satpute/lane_following/install/orbbec_camera_msgs/local/lib/python3.10/dist-packages:${PYTHONPATH} /usr/bin/cmake --install /home/chetan-satpute/lane_following/build/orbbec_camera
