[0.008s] Invoking command in '/home/chetan-satpute/depth_cam/build/orbbec_camera': CMAKE_PREFIX_PATH=/home/chetan-satpute/depth_cam/install/orbbec_camera_msgs:/home/chetan-satpute/depth_cam/install/orbbec_description:/home/chetan-satpute/depth_cam/install/orbbec_camera:/opt/ros/humble LD_LIBRARY_PATH=/home/chetan-satpute/depth_cam/install/orbbec_camera_msgs/lib:/home/chetan-satpute/depth_cam/install/orbbec_camera/lib:/opt/ros/humble/opt/rviz_ogre_vendor/lib:/opt/ros/humble/lib/x86_64-linux-gnu:/opt/ros/humble/lib /usr/bin/cmake /home/chetan-satpute/depth_cam/src/OrbbecSDK_ROS2/orbbec_camera -DCMAKE_BUILD_TYPE=Release -DCMAKE_INSTALL_PREFIX=/home/chetan-satpute/depth_cam/install/orbbec_camera
[0.074s] -- The C compiler identification is GNU 11.4.0
[0.133s] -- The CXX compiler identification is GNU 11.4.0
[0.139s] -- Detecting C compiler ABI info
[0.211s] -- Detecting C compiler ABI info - done
[0.220s] -- Check for working C compiler: /usr/bin/cc - skipped
[0.220s] -- Detecting C compile features
[0.220s] -- Detecting C compile features - done
[0.222s] -- Detecting CXX compiler ABI info
[0.298s] -- Detecting CXX compiler ABI info - done
[0.303s] -- Check for working CXX compiler: /usr/bin/c++ - skipped
[0.303s] -- Detecting CXX compile features
[0.304s] -- Detecting CXX compile features - done
[0.306s] -- Found ament_cmake: 1.3.12 (/opt/ros/humble/share/ament_cmake/cmake)
[0.425s] -- Found Python3: /usr/bin/python3 (found version "3.10.12") found components: Interpreter 
[0.493s] -- Found ament_index_cpp: 1.4.0 (/opt/ros/humble/share/ament_index_cpp/cmake)
[0.504s] -- Found builtin_interfaces: 1.2.2 (/opt/ros/humble/share/builtin_interfaces/cmake)
[0.530s] -- Found rosidl_generator_c: 3.1.8 (/opt/ros/humble/share/rosidl_generator_c/cmake)
[0.534s] -- Found rosidl_adapter: 3.1.8 (/opt/ros/humble/share/rosidl_adapter/cmake)
[0.540s] -- Found rosidl_generator_cpp: 3.1.8 (/opt/ros/humble/share/rosidl_generator_cpp/cmake)
[0.548s] -- Using all available rosidl_typesupport_c: rosidl_typesupport_fastrtps_c;rosidl_typesupport_introspection_c
[0.560s] -- Using all available rosidl_typesupport_cpp: rosidl_typesupport_fastrtps_cpp;rosidl_typesupport_introspection_cpp
[0.572s] -- Found cv_bridge: 3.2.1 (/opt/ros/humble/share/cv_bridge/cmake)
[0.616s] -- Found camera_info_manager: 3.1.12 (/opt/ros/humble/share/camera_info_manager/cmake)
[0.652s] -- Found rmw_implementation_cmake: 6.1.2 (/opt/ros/humble/share/rmw_implementation_cmake/cmake)
[0.655s] -- Found rmw_fastrtps_cpp: 6.2.9 (/opt/ros/humble/share/rmw_fastrtps_cpp/cmake)
[0.737s] -- Found OpenSSL: /usr/lib/x86_64-linux-gnu/libcrypto.so (found version "3.0.2")  
[0.766s] -- Found FastRTPS: /opt/ros/humble/include  
[0.809s] -- Using RMW implementation 'rmw_fastrtps_cpp' as default
[0.823s] -- Looking for pthread.h
[0.921s] -- Looking for pthread.h - found
[0.921s] -- Performing Test CMAKE_HAVE_LIBC_PTHREAD
[1.023s] -- Performing Test CMAKE_HAVE_LIBC_PTHREAD - Success
[1.025s] -- Found Threads: TRUE  
[1.078s] -- Found image_transport: 3.1.12 (/opt/ros/humble/share/image_transport/cmake)
[1.106s] -- Found image_publisher: 3.0.9 (/opt/ros/humble/share/image_publisher/cmake)
[1.126s] -- Found OpenCV: /usr (found version "4.5.4") 
[1.126s] -- Found orbbec_camera_msgs: 2.7.6 (/home/chetan-satpute/depth_cam/install/orbbec_camera_msgs/share/orbbec_camera_msgs/cmake)
[1.138s] -- Found std_srvs: 4.9.0 (/opt/ros/humble/share/std_srvs/cmake)
[1.146s] -- Found tf2: 0.25.18 (/opt/ros/humble/share/tf2/cmake)
[1.150s] -- Found tf2_msgs: 0.25.18 (/opt/ros/humble/share/tf2_msgs/cmake)
[1.183s] -- Found tf2_ros: 0.25.18 (/opt/ros/humble/share/tf2_ros/cmake)
[1.198s] -- Found tf2_sensor_msgs: 0.25.18 (/opt/ros/humble/share/tf2_sensor_msgs/cmake)
[1.205s] -- Found diagnostic_updater: 4.0.6 (/opt/ros/humble/share/diagnostic_updater/cmake)
[1.224s] -- Found PkgConfig: /usr/bin/pkg-config (found version "0.29.2") 
[1.233s] -- ORRBEC Machine : x86_64
[1.233s] 
[1.234s] -- ORRBEC Machine Bits : 64
[1.234s] 
[1.359s] -- Found ament_lint_auto: 0.12.14 (/opt/ros/humble/share/ament_lint_auto/cmake)
[1.420s] -- Configuring done
[1.556s] -- Generating done
[1.591s] -- Build files have been written to: /home/chetan-satpute/depth_cam/build/orbbec_camera
[1.602s] Invoked command in '/home/chetan-satpute/depth_cam/build/orbbec_camera' returned '0': CMAKE_PREFIX_PATH=/home/chetan-satpute/depth_cam/install/orbbec_camera_msgs:/home/chetan-satpute/depth_cam/install/orbbec_description:/home/chetan-satpute/depth_cam/install/orbbec_camera:/opt/ros/humble LD_LIBRARY_PATH=/home/chetan-satpute/depth_cam/install/orbbec_camera_msgs/lib:/home/chetan-satpute/depth_cam/install/orbbec_camera/lib:/opt/ros/humble/opt/rviz_ogre_vendor/lib:/opt/ros/humble/lib/x86_64-linux-gnu:/opt/ros/humble/lib /usr/bin/cmake /home/chetan-satpute/depth_cam/src/OrbbecSDK_ROS2/orbbec_camera -DCMAKE_BUILD_TYPE=Release -DCMAKE_INSTALL_PREFIX=/home/chetan-satpute/depth_cam/install/orbbec_camera
[1.602s] Invoking command in '/home/chetan-satpute/depth_cam/build/orbbec_camera': CMAKE_PREFIX_PATH=/home/chetan-satpute/depth_cam/install/orbbec_camera_msgs:/home/chetan-satpute/depth_cam/install/orbbec_description:/home/chetan-satpute/depth_cam/install/orbbec_camera:/opt/ros/humble LD_LIBRARY_PATH=/home/chetan-satpute/depth_cam/install/orbbec_camera_msgs/lib:/home/chetan-satpute/depth_cam/install/orbbec_camera/lib:/opt/ros/humble/opt/rviz_ogre_vendor/lib:/opt/ros/humble/lib/x86_64-linux-gnu:/opt/ros/humble/lib /usr/bin/cmake --build /home/chetan-satpute/depth_cam/build/orbbec_camera -- -j16 -l16
[1.653s] [  4%] [32mBuilding CXX object CMakeFiles/start_benchmark.dir/tools/start_benchmark.cpp.o[0m
[1.653s] [  6%] [32mBuilding CXX object CMakeFiles/multi_save_rgbir_node.dir/rclcpp_components/node_main_multi_save_rgbir_node.cpp.o[0m
[1.653s] [  6%] [32mBuilding CXX object CMakeFiles/start_benchmark_node.dir/rclcpp_components/node_main_start_benchmark_node.cpp.o[0m
[1.653s] [  8%] [32mBuilding CXX object CMakeFiles/frame_latency.dir/tools/frame_latency.cpp.o[0m
[1.654s] [ 11%] [32mBuilding CXX object CMakeFiles/multi_save_rgbir.dir/tools/multi_save_rgbir.cpp.o[0m
[1.654s] [ 13%] [32mBuilding CXX object CMakeFiles/multi_save_rgbir.dir/src/utils.cpp.o[0m
[1.656s] [ 15%] [32mBuilding CXX object CMakeFiles/frame_latency_node.dir/rclcpp_components/node_main_frame_latency_node.cpp.o[0m
[1.658s] [ 20%] [32mBuilding CXX object CMakeFiles/orbbec_camera.dir/src/d2c_viewer.cpp.o[0m
[1.658s] [ 20%] [32mBuilding CXX object CMakeFiles/orbbec_camera.dir/src/dynamic_params.cpp.o[0m
[1.658s] [ 24%] [32mBuilding CXX object CMakeFiles/orbbec_camera_node.dir/rclcpp_components/node_main_orbbec_camera_node.cpp.o[0m
[1.658s] [ 24%] [32mBuilding CXX object CMakeFiles/orbbec_camera.dir/src/ob_camera_node.cpp.o[0m
[1.658s] [ 26%] [32mBuilding CXX object CMakeFiles/orbbec_camera.dir/src/ob_camera_node_driver.cpp.o[0m
[1.659s] [ 28%] [32mBuilding CXX object CMakeFiles/orbbec_camera.dir/src/ros_param_backend.cpp.o[0m
[1.659s] [ 31%] [32mBuilding CXX object CMakeFiles/orbbec_camera.dir/src/ob_lidar_node.cpp.o[0m
[1.661s] [ 33%] [32mBuilding CXX object CMakeFiles/orbbec_camera.dir/src/image_publisher.cpp.o[0m
[1.661s] [ 35%] [32mBuilding CXX object CMakeFiles/orbbec_camera.dir/src/ros_service.cpp.o[0m
[5.200s] [ 37%] [32mBuilding CXX object CMakeFiles/orbbec_camera.dir/src/synced_imu_publisher.cpp.o[0m
[5.815s] [ 40%] [32m[1mLinking CXX executable orbbec_camera_node[0m
[5.891s] [ 42%] [32m[1mLinking CXX executable multi_save_rgbir_node[0m
[5.956s] [ 42%] Built target orbbec_camera_node
[5.966s] [ 44%] [32mBuilding CXX object CMakeFiles/orbbec_camera.dir/src/utils.cpp.o[0m
[6.036s] [ 44%] Built target multi_save_rgbir_node
[6.047s] [ 46%] [32mBuilding CXX object CMakeFiles/orbbec_camera.dir/src/jpeg_decoder.cpp.o[0m
[6.332s] [ 48%] [32m[1mLinking CXX executable start_benchmark_node[0m
[6.418s] [ 51%] [32m[1mLinking CXX executable frame_latency_node[0m
[6.487s] [ 51%] Built target start_benchmark_node
[6.572s] [ 51%] Built target frame_latency_node
[22.485s] [ 53%] [32m[1mLinking CXX shared library libstart_benchmark.so[0m
[22.709s] [ 53%] Built target start_benchmark
[22.856s] [ 55%] [32m[1mLinking CXX shared library libmulti_save_rgbir.so[0m
[23.107s] [ 55%] Built target multi_save_rgbir
[31.570s] [ 57%] [32m[1mLinking CXX shared library libframe_latency.so[0m
[31.863s] [ 57%] Built target frame_latency
[35.061s] [ 60%] [32m[1mLinking CXX shared library liborbbec_camera.so[0m
[35.401s] [ 60%] Built target orbbec_camera
[35.423s] [ 64%] [32mBuilding CXX object CMakeFiles/435le_example_node.dir/examples/435le_new_interface/camera_example_node.cpp.o[0m
[35.424s] [ 64%] [32mBuilding CXX object CMakeFiles/list_devices_node.dir/tools/list_devices_node.cpp.o[0m
[35.424s] [ 66%] [32mBuilding CXX object CMakeFiles/service_benchmark_node.dir/scripts/service_benchmark_node.cpp.o[0m
[35.424s] [ 68%] [32mBuilding CXX object CMakeFiles/ob_benchmark_node.dir/tools/ob_benchmark.cpp.o[0m
[35.426s] [ 71%] [32mBuilding CXX object CMakeFiles/topic_statistics_node.dir/tools/topic_statistics.cpp.o[0m
[35.427s] [ 73%] [32mBuilding CXX object CMakeFiles/image_sync_example_node.dir/examples/multi_camera_time_sync/image_sync_example_node.cpp.o[0m
[35.429s] [ 75%] [32mBuilding CXX object CMakeFiles/list_camera_profile_mode_node.dir/tools/list_camera_profile.cpp.o[0m
[35.429s] [ 77%] [32mBuilding CXX object CMakeFiles/set_device_ip.dir/tools/set_device_ip.cpp.o[0m
[35.433s] [ 80%] [32mBuilding CXX object CMakeFiles/list_depth_work_mode_node.dir/tools/list_depth_work_mode.cpp.o[0m
[42.280s] [ 82%] [32m[1mLinking CXX executable list_camera_profile_mode_node[0m
[42.681s] [ 82%] Built target list_camera_profile_mode_node
[43.948s] [ 84%] [32m[1mLinking CXX executable ob_benchmark_node[0m
[44.088s] [ 84%] Built target ob_benchmark_node
[44.269s] [ 86%] [32m[1mLinking CXX executable list_depth_work_mode_node[0m
[44.349s] [ 88%] [32m[1mLinking CXX executable set_device_ip[0m
[44.394s] [ 88%] Built target list_depth_work_mode_node
[44.504s] [ 88%] Built target set_device_ip
[45.752s] [ 91%] [32m[1mLinking CXX executable list_devices_node[0m
[46.056s] [ 93%] [32m[1mLinking CXX executable 435le_example_node[0m
[46.119s] [ 95%] [32m[1mLinking CXX executable topic_statistics_node[0m
[46.120s] [ 95%] Built target list_devices_node
[46.236s] [ 95%] Built target 435le_example_node
[46.306s] [ 95%] Built target topic_statistics_node
[46.730s] [ 97%] [32m[1mLinking CXX executable image_sync_example_node[0m
[47.103s] [ 97%] Built target image_sync_example_node
[49.907s] [100%] [32m[1mLinking CXX executable service_benchmark_node[0m
[50.068s] [100%] Built target service_benchmark_node
[50.080s] Invoked command in '/home/chetan-satpute/depth_cam/build/orbbec_camera' returned '0': CMAKE_PREFIX_PATH=/home/chetan-satpute/depth_cam/install/orbbec_camera_msgs:/home/chetan-satpute/depth_cam/install/orbbec_description:/home/chetan-satpute/depth_cam/install/orbbec_camera:/opt/ros/humble LD_LIBRARY_PATH=/home/chetan-satpute/depth_cam/install/orbbec_camera_msgs/lib:/home/chetan-satpute/depth_cam/install/orbbec_camera/lib:/opt/ros/humble/opt/rviz_ogre_vendor/lib:/opt/ros/humble/lib/x86_64-linux-gnu:/opt/ros/humble/lib /usr/bin/cmake --build /home/chetan-satpute/depth_cam/build/orbbec_camera -- -j16 -l16
[50.082s] Invoking command in '/home/chetan-satpute/depth_cam/build/orbbec_camera': CMAKE_PREFIX_PATH=/home/chetan-satpute/depth_cam/install/orbbec_camera_msgs:/home/chetan-satpute/depth_cam/install/orbbec_description:/home/chetan-satpute/depth_cam/install/orbbec_camera:/opt/ros/humble LD_LIBRARY_PATH=/home/chetan-satpute/depth_cam/install/orbbec_camera_msgs/lib:/home/chetan-satpute/depth_cam/install/orbbec_camera/lib:/opt/ros/humble/opt/rviz_ogre_vendor/lib:/opt/ros/humble/lib/x86_64-linux-gnu:/opt/ros/humble/lib /usr/bin/cmake --install /home/chetan-satpute/depth_cam/build/orbbec_camera
[50.091s] -- Install configuration: "Release"
[50.092s] -- Installing: /home/chetan-satpute/depth_cam/install/orbbec_camera/lib/orbbec_camera/orbbec_camera_node
[50.092s] -- Set runtime path of "/home/chetan-satpute/depth_cam/install/orbbec_camera/lib/orbbec_camera/orbbec_camera_node" to ":/home/chetan-satpute/depth_cam/src/OrbbecSDK_ROS2/orbbec_camera/SDK/lib/x64"
[50.092s] -- Installing: /home/chetan-satpute/depth_cam/install/orbbec_camera/lib/orbbec_camera/common_benchmark_node.py
[50.092s] -- Installing: /home/chetan-satpute/depth_cam/install/orbbec_camera/lib/orbbec_camera/service_benchmark_node.py
[50.092s] -- Installing: /home/chetan-satpute/depth_cam/install/orbbec_camera/lib/orbbec_camera/frame_latency_node
[50.093s] -- Set runtime path of "/home/chetan-satpute/depth_cam/install/orbbec_camera/lib/orbbec_camera/frame_latency_node" to ":/home/chetan-satpute/depth_cam/src/OrbbecSDK_ROS2/orbbec_camera/SDK/lib/x64"
[50.093s] -- Installing: /home/chetan-satpute/depth_cam/install/orbbec_camera/lib/orbbec_camera/start_benchmark_node
[50.093s] -- Set runtime path of "/home/chetan-satpute/depth_cam/install/orbbec_camera/lib/orbbec_camera/start_benchmark_node" to ":/home/chetan-satpute/depth_cam/src/OrbbecSDK_ROS2/orbbec_camera/SDK/lib/x64"
[50.093s] -- Installing: /home/chetan-satpute/depth_cam/install/orbbec_camera/lib/orbbec_camera/multi_save_rgbir_node
[50.093s] -- Set runtime path of "/home/chetan-satpute/depth_cam/install/orbbec_camera/lib/orbbec_camera/multi_save_rgbir_node" to ":/home/chetan-satpute/depth_cam/src/OrbbecSDK_ROS2/orbbec_camera/SDK/lib/x64"
[50.093s] -- Installing: /home/chetan-satpute/depth_cam/install/orbbec_camera/lib/liborbbec_camera.so
[50.099s] -- Set runtime path of "/home/chetan-satpute/depth_cam/install/orbbec_camera/lib/liborbbec_camera.so" to ":/home/chetan-satpute/depth_cam/src/OrbbecSDK_ROS2/orbbec_camera/SDK/lib/x64"
[50.099s] -- Installing: /home/chetan-satpute/depth_cam/install/orbbec_camera/lib/libframe_latency.so
[50.103s] -- Set runtime path of "/home/chetan-satpute/depth_cam/install/orbbec_camera/lib/libframe_latency.so" to ":/home/chetan-satpute/depth_cam/src/OrbbecSDK_ROS2/orbbec_camera/SDK/lib/x64"
[50.103s] -- Installing: /home/chetan-satpute/depth_cam/install/orbbec_camera/lib/libstart_benchmark.so
[50.105s] -- Set runtime path of "/home/chetan-satpute/depth_cam/install/orbbec_camera/lib/libstart_benchmark.so" to ":/home/chetan-satpute/depth_cam/src/OrbbecSDK_ROS2/orbbec_camera/SDK/lib/x64"
[50.105s] -- Installing: /home/chetan-satpute/depth_cam/install/orbbec_camera/lib/libmulti_save_rgbir.so
[50.107s] -- Set runtime path of "/home/chetan-satpute/depth_cam/install/orbbec_camera/lib/libmulti_save_rgbir.so" to ":/home/chetan-satpute/depth_cam/src/OrbbecSDK_ROS2/orbbec_camera/SDK/lib/x64"
[50.108s] -- Installing: /home/chetan-satpute/depth_cam/install/orbbec_camera/include
[50.108s] -- Installing: /home/chetan-satpute/depth_cam/install/orbbec_camera/include/magic_enum
[50.108s] -- Installing: /home/chetan-satpute/depth_cam/install/orbbec_camera/include/magic_enum/magic_enum.hpp
[50.108s] -- Installing: /home/chetan-satpute/depth_cam/install/orbbec_camera/include/orbbec_camera
[50.108s] -- Installing: /home/chetan-satpute/depth_cam/install/orbbec_camera/include/orbbec_camera/dynamic_params.h
[50.108s] -- Installing: /home/chetan-satpute/depth_cam/install/orbbec_camera/include/orbbec_camera/utils.h
[50.108s] -- Installing: /home/chetan-satpute/depth_cam/install/orbbec_camera/include/orbbec_camera/ros_param_backend.h
[50.108s] -- Installing: /home/chetan-satpute/depth_cam/install/orbbec_camera/include/orbbec_camera/fps_delay_status.hpp
[50.108s] -- Installing: /home/chetan-satpute/depth_cam/install/orbbec_camera/include/orbbec_camera/jetson_nv_decoder.h
[50.108s] -- Installing: /home/chetan-satpute/depth_cam/install/orbbec_camera/include/orbbec_camera/jpeg_decoder.h
[50.109s] -- Installing: /home/chetan-satpute/depth_cam/install/orbbec_camera/include/orbbec_camera/synced_imu_publisher.h
[50.109s] -- Installing: /home/chetan-satpute/depth_cam/install/orbbec_camera/include/orbbec_camera/constants.h
[50.109s] -- Installing: /home/chetan-satpute/depth_cam/install/orbbec_camera/include/orbbec_camera/rk_mpp_decoder.h
[50.109s] -- Installing: /home/chetan-satpute/depth_cam/install/orbbec_camera/include/orbbec_camera/ob_camera_node_driver.h
[50.109s] -- Installing: /home/chetan-satpute/depth_cam/install/orbbec_camera/include/orbbec_camera/d2c_viewer.h
[50.109s] -- Installing: /home/chetan-satpute/depth_cam/install/orbbec_camera/include/orbbec_camera/ob_lidar_node.h
[50.109s] -- Installing: /home/chetan-satpute/depth_cam/install/orbbec_camera/include/orbbec_camera/fps_counter.hpp
[50.109s] -- Installing: /home/chetan-satpute/depth_cam/install/orbbec_camera/include/orbbec_camera/ob_camera_node.h
[50.109s] -- Installing: /home/chetan-satpute/depth_cam/install/orbbec_camera/include/orbbec_camera/image_publisher.h
[50.109s] -- Installing: /home/chetan-satpute/depth_cam/install/orbbec_camera/share/orbbec_camera//launch
[50.109s] -- Installing: /home/chetan-satpute/depth_cam/install/orbbec_camera/share/orbbec_camera//launch/utils_yaml.py
[50.109s] -- Installing: /home/chetan-satpute/depth_cam/install/orbbec_camera/share/orbbec_camera//launch/gemini210.launch.py
[50.109s] -- Installing: /home/chetan-satpute/depth_cam/install/orbbec_camera/share/orbbec_camera//launch/gemini_intra_process_demo_launch.py
[50.110s] -- Installing: /home/chetan-satpute/depth_cam/install/orbbec_camera/share/orbbec_camera//launch/dabai_max_pro.launch.py
[50.110s] -- Installing: /home/chetan-satpute/depth_cam/install/orbbec_camera/share/orbbec_camera//launch/orbbec_camera.launch.py
[50.110s] -- Installing: /home/chetan-satpute/depth_cam/install/orbbec_camera/share/orbbec_camera//launch/gemini_330_series_low_cpu.launch.py
[50.110s] -- Installing: /home/chetan-satpute/depth_cam/install/orbbec_camera/share/orbbec_camera//launch/gemini_330_series.launch.py
[50.110s] -- Installing: /home/chetan-satpute/depth_cam/install/orbbec_camera/share/orbbec_camera//launch/orbbec_multicamera.launch.py
[50.110s] -- Installing: /home/chetan-satpute/depth_cam/install/orbbec_camera/share/orbbec_camera//launch/multi_camera.launch.py
[50.110s] -- Installing: /home/chetan-satpute/depth_cam/install/orbbec_camera/share/orbbec_camera//launch/lidar.launch.py
[50.110s] -- Installing: /home/chetan-satpute/depth_cam/install/orbbec_camera/share/orbbec_camera//launch/gemini305.launch.py
[50.110s] -- Installing: /home/chetan-satpute/depth_cam/install/orbbec_camera/share/orbbec_camera//launch/dabai_al.launch.py
[50.110s] -- Installing: /home/chetan-satpute/depth_cam/install/orbbec_camera/share/orbbec_camera//launch/astra.launch.py
[50.110s] -- Installing: /home/chetan-satpute/depth_cam/install/orbbec_camera/share/orbbec_camera//launch/astra2.launch.py
[50.110s] -- Installing: /home/chetan-satpute/depth_cam/install/orbbec_camera/share/orbbec_camera//launch/femto_bolt.launch.py
[50.110s] -- Installing: /home/chetan-satpute/depth_cam/install/orbbec_camera/share/orbbec_camera//launch/dabai_dcw2.launch.py
[50.110s] -- Installing: /home/chetan-satpute/depth_cam/install/orbbec_camera/share/orbbec_camera//launch/multi_lidar.launch.py
[50.110s] -- Installing: /home/chetan-satpute/depth_cam/install/orbbec_camera/share/orbbec_camera//launch/gemini2.launch.py
[50.111s] -- Installing: /home/chetan-satpute/depth_cam/install/orbbec_camera/share/orbbec_camera//launch/femto.launch.py
[50.111s] -- Installing: /home/chetan-satpute/depth_cam/install/orbbec_camera/share/orbbec_camera//launch/dabai_a.launch.py
[50.111s] -- Installing: /home/chetan-satpute/depth_cam/install/orbbec_camera/share/orbbec_camera//launch/gemini2L.launch.py
[50.111s] -- Installing: /home/chetan-satpute/depth_cam/install/orbbec_camera/share/orbbec_camera//launch/multi_camera_synced.launch.py
[50.111s] -- Installing: /home/chetan-satpute/depth_cam/install/orbbec_camera/share/orbbec_camera//launch/gemini345.launch.py
[50.111s] -- Installing: /home/chetan-satpute/depth_cam/install/orbbec_camera/share/orbbec_camera//launch/gemini435_le.launch.py
[50.111s] -- Installing: /home/chetan-satpute/depth_cam/install/orbbec_camera/share/orbbec_camera//launch/gemini345_lg.launch.py
[50.111s] -- Installing: /home/chetan-satpute/depth_cam/install/orbbec_camera/share/orbbec_camera//launch/femto_mega.launch.py
[50.111s] -- Installing: /home/chetan-satpute/depth_cam/install/orbbec_camera/share/orbbec_camera//config
[50.111s] -- Installing: /home/chetan-satpute/depth_cam/install/orbbec_camera/share/orbbec_camera//config/common.yaml
[50.111s] -- Installing: /home/chetan-satpute/depth_cam/install/orbbec_camera/share/orbbec_camera//config/gemini330_series.yaml
[50.111s] -- Installing: /home/chetan-satpute/depth_cam/install/orbbec_camera/share/orbbec_camera//config/OrbbecSDKConfig_v2.0.xml
[50.112s] -- Installing: /home/chetan-satpute/depth_cam/install/orbbec_camera/share/orbbec_camera//config/camera_params.yaml
[50.112s] -- Installing: /home/chetan-satpute/depth_cam/install/orbbec_camera/share/orbbec_camera//config/astra2.yaml
[50.112s] -- Installing: /home/chetan-satpute/depth_cam/install/orbbec_camera/share/orbbec_camera//config/tools
[50.112s] -- Installing: /home/chetan-satpute/depth_cam/install/orbbec_camera/share/orbbec_camera//config/tools/startbenchmark
[50.112s] -- Installing: /home/chetan-satpute/depth_cam/install/orbbec_camera/share/orbbec_camera//config/tools/startbenchmark/start_benchmark_params.json
[50.112s] -- Installing: /home/chetan-satpute/depth_cam/install/orbbec_camera/share/orbbec_camera//config/tools/multisavergbir
[50.112s] -- Installing: /home/chetan-satpute/depth_cam/install/orbbec_camera/share/orbbec_camera//config/tools/multisavergbir/multi_save_rgbir_params.json
[50.112s] -- Installing: /home/chetan-satpute/depth_cam/install/orbbec_camera/share/orbbec_camera//config/gemini2.yaml
[50.112s] -- Installing: /home/chetan-satpute/depth_cam/install/orbbec_camera/share/orbbec_camera//config/gemini2L.yaml
[50.112s] -- Installing: /home/chetan-satpute/depth_cam/install/orbbec_camera/share/orbbec_camera//config/gemini330Lg_series.yaml
[50.112s] -- Installing: /home/chetan-satpute/depth_cam/install/orbbec_camera/share/orbbec_camera//config/femto_bolt.yaml
[50.112s] -- Installing: /home/chetan-satpute/depth_cam/install/orbbec_camera/share/orbbec_camera//config/.gitkeep
[50.112s] -- Installing: /home/chetan-satpute/depth_cam/install/orbbec_camera/share/orbbec_camera//config/depthfilter
[50.112s] -- Installing: /home/chetan-satpute/depth_cam/install/orbbec_camera/share/orbbec_camera//config/depthfilter/Openni_device.json
[50.112s] -- Installing: /home/chetan-satpute/depth_cam/install/orbbec_camera/share/orbbec_camera//config/depthfilter/Gemini2_v1.7.json
[50.112s] -- Installing: /home/chetan-satpute/depth_cam/install/orbbec_camera/share/orbbec_camera//config/gemini305_dual_color.yaml
[50.113s] -- Installing: /home/chetan-satpute/depth_cam/install/orbbec_camera/share/orbbec_camera//config/camera_secondary_params.yaml
[50.113s] -- Installing: /home/chetan-satpute/depth_cam/install/orbbec_camera/share/orbbec_camera//config/femto_mega.yaml
[50.113s] -- Installing: /home/chetan-satpute/depth_cam/install/orbbec_camera/share/orbbec_camera//config/femto.yaml
[50.113s] -- Installing: /home/chetan-satpute/depth_cam/install/orbbec_camera/share/orbbec_camera//examples
[50.113s] -- Installing: /home/chetan-satpute/depth_cam/install/orbbec_camera/share/orbbec_camera//examples/net_camera
[50.113s] -- Installing: /home/chetan-satpute/depth_cam/install/orbbec_camera/share/orbbec_camera//examples/net_camera/multi_net_camera.launch.py
[50.113s] -- Installing: /home/chetan-satpute/depth_cam/install/orbbec_camera/share/orbbec_camera//examples/multi_camera_time_sync
[50.113s] -- Installing: /home/chetan-satpute/depth_cam/install/orbbec_camera/share/orbbec_camera//examples/multi_camera_time_sync/image_sync_example_node.cpp
[50.113s] -- Installing: /home/chetan-satpute/depth_cam/install/orbbec_camera/share/orbbec_camera//examples/gmsl_camera
[50.113s] -- Installing: /home/chetan-satpute/depth_cam/install/orbbec_camera/share/orbbec_camera//examples/gmsl_camera/multi_gmsl_camera_synced.launch.py
[50.113s] -- Installing: /home/chetan-satpute/depth_cam/install/orbbec_camera/share/orbbec_camera//examples/gmsl_camera/gemini_330_gmsl.launch.py
[50.113s] -- Installing: /home/chetan-satpute/depth_cam/install/orbbec_camera/share/orbbec_camera//examples/gmsl_camera/multi_gmsl_camera.launch.py
[50.113s] -- Installing: /home/chetan-satpute/depth_cam/install/orbbec_camera/share/orbbec_camera//examples/435le_new_interface
[50.113s] -- Installing: /home/chetan-satpute/depth_cam/install/orbbec_camera/share/orbbec_camera//examples/435le_new_interface/camera_example_node.cpp
[50.113s] -- Installing: /home/chetan-satpute/depth_cam/install/orbbec_camera/share/orbbec_camera//examples/435le_new_interface/README.MD
[50.114s] -- Installing: /home/chetan-satpute/depth_cam/install/orbbec_camera/share/orbbec_camera//examples/lower_cpu_usage
[50.114s] -- Installing: /home/chetan-satpute/depth_cam/install/orbbec_camera/share/orbbec_camera//examples/lower_cpu_usage/gemini_330_series_lower_cpu_usage.launch.py
[50.114s] -- Installing: /home/chetan-satpute/depth_cam/install/orbbec_camera/share/orbbec_camera//examples/lower_cpu_usage/multi_camera_lower_cpu_usage.launch.py
[50.114s] -- Installing: /home/chetan-satpute/depth_cam/install/orbbec_camera/share/orbbec_camera//examples/benchmark
[50.114s] -- Installing: /home/chetan-satpute/depth_cam/install/orbbec_camera/share/orbbec_camera//examples/benchmark/ob_benchmark_1.launch.py
[50.114s] -- Installing: /home/chetan-satpute/depth_cam/install/orbbec_camera/share/orbbec_camera//examples/benchmark/gemini_330_series_benchmark.launch.py
[50.114s] -- Installing: /home/chetan-satpute/depth_cam/install/orbbec_camera/share/orbbec_camera//examples/benchmark/ob_benchmark_0.launch.py
[50.114s] -- Installing: /home/chetan-satpute/depth_cam/install/orbbec_camera/share/orbbec_camera//examples/README.MD
[50.114s] -- Installing: /home/chetan-satpute/depth_cam/install/orbbec_camera/share/orbbec_camera//examples/multi_camera_synced_verification_tool
[50.114s] -- Installing: /home/chetan-satpute/depth_cam/install/orbbec_camera/share/orbbec_camera//examples/multi_camera_synced_verification_tool/multicamera_sync
[50.114s] -- Installing: /home/chetan-satpute/depth_cam/install/orbbec_camera/share/orbbec_camera//examples/multi_camera_synced_verification_tool/multicamera_sync/Python
[50.114s] -- Installing: /home/chetan-satpute/depth_cam/install/orbbec_camera/share/orbbec_camera//examples/multi_camera_synced_verification_tool/multicamera_sync/Python/SyncFramesMain.py
[50.114s] -- Installing: /home/chetan-satpute/depth_cam/install/orbbec_camera/share/orbbec_camera//examples/multi_camera_synced_verification_tool/multicamera_sync/Python/Config.ini
[50.114s] -- Installing: /home/chetan-satpute/depth_cam/install/orbbec_camera/share/orbbec_camera//examples/multi_camera_synced_verification_tool/multicamera_sync/Python/README.md
[50.114s] -- Installing: /home/chetan-satpute/depth_cam/install/orbbec_camera/share/orbbec_camera//examples/multi_camera_synced_verification_tool/multicamera_sync/Python/script
[50.115s] -- Installing: /home/chetan-satpute/depth_cam/install/orbbec_camera/share/orbbec_camera//examples/multi_camera_synced_verification_tool/multicamera_sync/Python/script/config_frameMatch-systemTimestamp.py
[50.115s] -- Installing: /home/chetan-satpute/depth_cam/install/orbbec_camera/share/orbbec_camera//examples/multi_camera_synced_verification_tool/multicamera_sync/Python/script/config_frameMatch-Astra2_new.py
[50.115s] -- Installing: /home/chetan-satpute/depth_cam/install/orbbec_camera/share/orbbec_camera//examples/multi_camera_synced_verification_tool/multicamera_sync/Python/script/config_frameMatch.py
[50.115s] -- Installing: /home/chetan-satpute/depth_cam/install/orbbec_camera/share/orbbec_camera//examples/multi_camera_synced_verification_tool/multicamera_sync/Python/script/config_frameMatch_Gemini2VL.py
[50.115s] -- Installing: /home/chetan-satpute/depth_cam/install/orbbec_camera/share/orbbec_camera//examples/multi_camera_synced_verification_tool/multicamera_sync/Python/script/config_frameMatch_g330.py
[50.115s] -- Installing: /home/chetan-satpute/depth_cam/install/orbbec_camera/share/orbbec_camera//examples/multi_camera_synced_verification_tool/multicamera_sync/output
[50.115s] -- Installing: /home/chetan-satpute/depth_cam/install/orbbec_camera/share/orbbec_camera//examples/multi_camera_synced_verification_tool/multicamera_sync/output/20250218102900
[50.115s] -- Installing: /home/chetan-satpute/depth_cam/install/orbbec_camera/share/orbbec_camera//examples/multi_camera_synced_verification_tool/multicamera_sync/output/20250218102900/results-2025-02-25_163648
[50.115s] -- Installing: /home/chetan-satpute/depth_cam/install/orbbec_camera/share/orbbec_camera//examples/multi_camera_synced_verification_tool/multicamera_sync/output/20250218102900/results-2025-02-25_163648/matchFrames
[50.115s] -- Installing: /home/chetan-satpute/depth_cam/install/orbbec_camera/share/orbbec_camera//examples/multi_camera_synced_verification_tool/multicamera_sync/output/20250218102900/results-2025-02-25_163648/matchFrames/7_ir_left_SNCP1E5420006D_Index0_1739874543427_[0].jpg
[50.115s] -- Installing: /home/chetan-satpute/depth_cam/install/orbbec_camera/share/orbbec_camera//examples/multi_camera_synced_verification_tool/multicamera_sync/output/20250218102900/results-2025-02-25_163648/matchFrames/6_color_SNCP1L44P00051_Index1_1739874543560_[0].jpg
[50.115s] -- Installing: /home/chetan-satpute/depth_cam/install/orbbec_camera/share/orbbec_camera//examples/multi_camera_synced_verification_tool/multicamera_sync/output/20250218102900/results-2025-02-25_163648/matchFrames/0_ir_left_SNCP1E5420006D_Index0_1739874543527_[0].jpg
[50.115s] -- Installing: /home/chetan-satpute/depth_cam/install/orbbec_camera/share/orbbec_camera//examples/multi_camera_synced_verification_tool/multicamera_sync/output/20250218102900/results-2025-02-25_163648/matchFrames/0_color_SNCP1E5420006D_Index0_1739874543527_[0].jpg
[50.116s] -- Installing: /home/chetan-satpute/depth_cam/install/orbbec_camera/share/orbbec_camera//examples/multi_camera_synced_verification_tool/multicamera_sync/output/20250218102900/results-2025-02-25_163648/matchFrames/2_color_SNCP1E5420006D_Index0_1739874543461_[1].jpg
[50.116s] -- Installing: /home/chetan-satpute/depth_cam/install/orbbec_camera/share/orbbec_camera//examples/multi_camera_synced_verification_tool/multicamera_sync/output/20250218102900/results-2025-02-25_163648/matchFrames/4_ir_left_SNCP1E5420006D_Index0_1739874543361_[1].jpg
[50.116s] -- Installing: /home/chetan-satpute/depth_cam/install/orbbec_camera/share/orbbec_camera//examples/multi_camera_synced_verification_tool/multicamera_sync/output/20250218102900/results-2025-02-25_163648/matchFrames/5_ir_left_SNCP1L44P00051_Index1_1739874543327_[0].jpg
[50.116s] -- Installing: /home/chetan-satpute/depth_cam/install/orbbec_camera/share/orbbec_camera//examples/multi_camera_synced_verification_tool/multicamera_sync/output/20250218102900/results-2025-02-25_163648/matchFrames/1_color_SNCP1L44P00051_Index1_1739874543494_[0].jpg
[50.116s] -- Installing: /home/chetan-satpute/depth_cam/install/orbbec_camera/share/orbbec_camera//examples/multi_camera_synced_verification_tool/multicamera_sync/output/20250218102900/results-2025-02-25_163648/matchFrames/3_ir_left_SNCP1L44P00051_Index1_1739874543260_[0].jpg
[50.116s] -- Installing: /home/chetan-satpute/depth_cam/install/orbbec_camera/share/orbbec_camera//examples/multi_camera_synced_verification_tool/multicamera_sync/output/20250218102900/results-2025-02-25_163648/matchFrames/5_color_SNCP1E5420006D_Index0_1739874543327_[0].jpg
[50.116s] -- Installing: /home/chetan-satpute/depth_cam/install/orbbec_camera/share/orbbec_camera//examples/multi_camera_synced_verification_tool/multicamera_sync/output/20250218102900/results-2025-02-25_163648/matchFrames/6_ir_left_SNCP1E5420006D_Index0_1739874543561_[1].jpg
[50.116s] -- Installing: /home/chetan-satpute/depth_cam/install/orbbec_camera/share/orbbec_camera//examples/multi_camera_synced_verification_tool/multicamera_sync/output/20250218102900/results-2025-02-25_163648/matchFrames/3_color_SNCP1E5420006D_Index0_1739874543260_[0].jpg
[50.116s] -- Installing: /home/chetan-satpute/depth_cam/install/orbbec_camera/share/orbbec_camera//examples/multi_camera_synced_verification_tool/multicamera_sync/output/20250218102900/results-2025-02-25_163648/matchFrames/8_ir_left_SNCP1E5420006D_Index0_1739874543294_[1].jpg
[50.116s] -- Installing: /home/chetan-satpute/depth_cam/install/orbbec_camera/share/orbbec_camera//examples/multi_camera_synced_verification_tool/multicamera_sync/output/20250218102900/results-2025-02-25_163648/matchFrames/1_ir_left_SNCP1E5420006D_Index0_1739874543494_[0].jpg
[50.116s] -- Installing: /home/chetan-satpute/depth_cam/install/orbbec_camera/share/orbbec_camera//examples/multi_camera_synced_verification_tool/multicamera_sync/output/20250218102900/results-2025-02-25_163648/matchFrames/8_color_SNCP1L44P00051_Index1_1739874543293_[0].jpg
[50.117s] -- Installing: /home/chetan-satpute/depth_cam/install/orbbec_camera/share/orbbec_camera//examples/multi_camera_synced_verification_tool/multicamera_sync/output/20250218102900/results-2025-02-25_163648/matchFrames/9_color_SNCP1E5420006D_Index0_1739874543394_[1].jpg
[50.117s] -- Installing: /home/chetan-satpute/depth_cam/install/orbbec_camera/share/orbbec_camera//examples/multi_camera_synced_verification_tool/multicamera_sync/output/20250218102900/results-2025-02-25_163648/matchFrames/8_color_SNCP1E5420006D_Index0_1739874543294_[1].jpg
[50.117s] -- Installing: /home/chetan-satpute/depth_cam/install/orbbec_camera/share/orbbec_camera//examples/multi_camera_synced_verification_tool/multicamera_sync/output/20250218102900/results-2025-02-25_163648/matchFrames/0_ir_left_SNCP1L44P00051_Index1_1739874543527_[0].jpg
[50.117s] -- Installing: /home/chetan-satpute/depth_cam/install/orbbec_camera/share/orbbec_camera//examples/multi_camera_synced_verification_tool/multicamera_sync/output/20250218102900/results-2025-02-25_163648/matchFrames/8_ir_left_SNCP1L44P00051_Index1_1739874543294_[1].jpg
[50.117s] -- Installing: /home/chetan-satpute/depth_cam/install/orbbec_camera/share/orbbec_camera//examples/multi_camera_synced_verification_tool/multicamera_sync/output/20250218102900/results-2025-02-25_163648/matchFrames/0_color_SNCP1L44P00051_Index1_1739874543527_[0].jpg
[50.117s] -- Installing: /home/chetan-satpute/depth_cam/install/orbbec_camera/share/orbbec_camera//examples/multi_camera_synced_verification_tool/multicamera_sync/output/20250218102900/results-2025-02-25_163648/matchFrames/10_color_SNCP1E5420006D_Index0_1739874543227_[0].jpg
[50.117s] -- Installing: /home/chetan-satpute/depth_cam/install/orbbec_camera/share/orbbec_camera//examples/multi_camera_synced_verification_tool/multicamera_sync/output/20250218102900/results-2025-02-25_163648/matchFrames/9_ir_left_SNCP1L44P00051_Index1_1739874543394_[1].jpg
[50.117s] -- Installing: /home/chetan-satpute/depth_cam/install/orbbec_camera/share/orbbec_camera//examples/multi_camera_synced_verification_tool/multicamera_sync/output/20250218102900/results-2025-02-25_163648/matchFrames/2_ir_left_SNCP1E5420006D_Index0_1739874543461_[1].jpg
[50.117s] -- Installing: /home/chetan-satpute/depth_cam/install/orbbec_camera/share/orbbec_camera//examples/multi_camera_synced_verification_tool/multicamera_sync/output/20250218102900/results-2025-02-25_163648/matchFrames/10_ir_left_SNCP1L44P00051_Index1_1739874543227_[0].jpg
[50.117s] -- Installing: /home/chetan-satpute/depth_cam/install/orbbec_camera/share/orbbec_camera//examples/multi_camera_synced_verification_tool/multicamera_sync/output/20250218102900/results-2025-02-25_163648/matchFrames/6_ir_left_SNCP1L44P00051_Index1_1739874543560_[0].jpg
[50.118s] -- Installing: /home/chetan-satpute/depth_cam/install/orbbec_camera/share/orbbec_camera//examples/multi_camera_synced_verification_tool/multicamera_sync/output/20250218102900/results-2025-02-25_163648/matchFrames/5_color_SNCP1L44P00051_Index1_1739874543327_[0].jpg
[50.118s] -- Installing: /home/chetan-satpute/depth_cam/install/orbbec_camera/share/orbbec_camera//examples/multi_camera_synced_verification_tool/multicamera_sync/output/20250218102900/results-2025-02-25_163648/matchFrames/6_color_SNCP1E5420006D_Index0_1739874543561_[1].jpg
[50.118s] -- Installing: /home/chetan-satpute/depth_cam/install/orbbec_camera/share/orbbec_camera//examples/multi_camera_synced_verification_tool/multicamera_sync/output/20250218102900/results-2025-02-25_163648/matchFrames/2_color_SNCP1L44P00051_Index1_1739874543460_[0].jpg
[50.118s] -- Installing: /home/chetan-satpute/depth_cam/install/orbbec_camera/share/orbbec_camera//examples/multi_camera_synced_verification_tool/multicamera_sync/output/20250218102900/results-2025-02-25_163648/matchFrames/9_ir_left_SNCP1E5420006D_Index0_1739874543394_[1].jpg
[50.118s] -- Installing: /home/chetan-satpute/depth_cam/install/orbbec_camera/share/orbbec_camera//examples/multi_camera_synced_verification_tool/multicamera_sync/output/20250218102900/results-2025-02-25_163648/matchFrames/5_ir_left_SNCP1E5420006D_Index0_1739874543327_[0].jpg
[50.118s] -- Installing: /home/chetan-satpute/depth_cam/install/orbbec_camera/share/orbbec_camera//examples/multi_camera_synced_verification_tool/multicamera_sync/output/20250218102900/results-2025-02-25_163648/matchFrames/2_ir_left_SNCP1L44P00051_Index1_1739874543460_[0].jpg
[50.118s] -- Installing: /home/chetan-satpute/depth_cam/install/orbbec_camera/share/orbbec_camera//examples/multi_camera_synced_verification_tool/multicamera_sync/output/20250218102900/results-2025-02-25_163648/matchFrames/10_ir_left_SNCP1E5420006D_Index0_1739874543227_[0].jpg
[50.118s] -- Installing: /home/chetan-satpute/depth_cam/install/orbbec_camera/share/orbbec_camera//examples/multi_camera_synced_verification_tool/multicamera_sync/output/20250218102900/results-2025-02-25_163648/matchFrames/4_color_SNCP1L44P00051_Index1_1739874543360_[0].jpg
[50.118s] -- Installing: /home/chetan-satpute/depth_cam/install/orbbec_camera/share/orbbec_camera//examples/multi_camera_synced_verification_tool/multicamera_sync/output/20250218102900/results-2025-02-25_163648/matchFrames/3_color_SNCP1L44P00051_Index1_1739874543260_[0].jpg
[50.118s] -- Installing: /home/chetan-satpute/depth_cam/install/orbbec_camera/share/orbbec_camera//examples/multi_camera_synced_verification_tool/multicamera_sync/output/20250218102900/results-2025-02-25_163648/matchFrames/4_ir_left_SNCP1L44P00051_Index1_1739874543360_[0].jpg
[50.118s] -- Installing: /home/chetan-satpute/depth_cam/install/orbbec_camera/share/orbbec_camera//examples/multi_camera_synced_verification_tool/multicamera_sync/output/20250218102900/results-2025-02-25_163648/matchFrames/9_color_SNCP1L44P00051_Index1_1739874543393_[0].jpg
[50.119s] -- Installing: /home/chetan-satpute/depth_cam/install/orbbec_camera/share/orbbec_camera//examples/multi_camera_synced_verification_tool/multicamera_sync/output/20250218102900/results-2025-02-25_163648/matchFrames/4_color_SNCP1E5420006D_Index0_1739874543360_[0].jpg
[50.119s] -- Installing: /home/chetan-satpute/depth_cam/install/orbbec_camera/share/orbbec_camera//examples/multi_camera_synced_verification_tool/multicamera_sync/output/20250218102900/results-2025-02-25_163648/matchFrames/10_color_SNCP1L44P00051_Index1_1739874543227_[0].jpg
[50.119s] -- Installing: /home/chetan-satpute/depth_cam/install/orbbec_camera/share/orbbec_camera//examples/multi_camera_synced_verification_tool/multicamera_sync/output/20250218102900/results-2025-02-25_163648/matchFrames/7_ir_left_SNCP1L44P00051_Index1_1739874543427_[0].jpg
[50.119s] -- Installing: /home/chetan-satpute/depth_cam/install/orbbec_camera/share/orbbec_camera//examples/multi_camera_synced_verification_tool/multicamera_sync/output/20250218102900/results-2025-02-25_163648/matchFrames/3_ir_left_SNCP1E5420006D_Index0_1739874543260_[0].jpg
[50.119s] -- Installing: /home/chetan-satpute/depth_cam/install/orbbec_camera/share/orbbec_camera//examples/multi_camera_synced_verification_tool/multicamera_sync/output/20250218102900/results-2025-02-25_163648/matchFrames/7_color_SNCP1E5420006D_Index0_1739874543427_[0].jpg
[50.119s] -- Installing: /home/chetan-satpute/depth_cam/install/orbbec_camera/share/orbbec_camera//examples/multi_camera_synced_verification_tool/multicamera_sync/output/20250218102900/results-2025-02-25_163648/matchFrames/7_color_SNCP1L44P00051_Index1_1739874543427_[0].jpg
[50.119s] -- Installing: /home/chetan-satpute/depth_cam/install/orbbec_camera/share/orbbec_camera//examples/multi_camera_synced_verification_tool/multicamera_sync/output/20250218102900/results-2025-02-25_163648/matchFrames/1_ir_left_SNCP1L44P00051_Index1_1739874543494_[0].jpg
[50.119s] -- Installing: /home/chetan-satpute/depth_cam/install/orbbec_camera/share/orbbec_camera//examples/multi_camera_synced_verification_tool/multicamera_sync/output/20250218102900/results-2025-02-25_163648/matchFrames/1_color_SNCP1E5420006D_Index0_1739874543494_[0].jpg
[50.119s] -- Installing: /home/chetan-satpute/depth_cam/install/orbbec_camera/share/orbbec_camera//examples/multi_camera_synced_verification_tool/multicamera_sync/output/20250218102900/results-2025-02-25_163648/frameMatchLog.txt
[50.119s] -- Installing: /home/chetan-satpute/depth_cam/install/orbbec_camera/share/orbbec_camera//examples/multi_camera_synced_verification_tool/multicamera_sync/output/20250218102900/StreamProfileInfo.txt
[50.119s] -- Installing: /home/chetan-satpute/depth_cam/install/orbbec_camera/share/orbbec_camera//examples/multi_camera_synced_verification_tool/multicamera_sync/output/20250218102900/DevicesInfo.txt
[50.119s] -- Installing: /home/chetan-satpute/depth_cam/install/orbbec_camera/share/orbbec_camera//examples/multi_camera_synced_verification_tool/multicamera_sync/output/20250218102900/TotalModeFrames
[50.120s] -- Installing: /home/chetan-satpute/depth_cam/install/orbbec_camera/share/orbbec_camera//examples/multi_camera_synced_verification_tool/multicamera_sync/output/20250218102900/TotalModeFrames/SNCP1L44P00051_Index1
[50.120s] -- Installing: /home/chetan-satpute/depth_cam/install/orbbec_camera/share/orbbec_camera//examples/multi_camera_synced_verification_tool/multicamera_sync/output/20250218102900/TotalModeFrames/SNCP1L44P00051_Index1/ir#left_SNCP1L44P00051_Index1_g1739874543227_f0_s1739874543250_e5000_d16_.jpg
[50.120s] -- Installing: /home/chetan-satpute/depth_cam/install/orbbec_camera/share/orbbec_camera//examples/multi_camera_synced_verification_tool/multicamera_sync/output/20250218102900/TotalModeFrames/SNCP1L44P00051_Index1/color_SNCP1L44P00051_Index1_g1739874543427_f6_s1739874543485_e50_d16_.jpg
[50.120s] -- Installing: /home/chetan-satpute/depth_cam/install/orbbec_camera/share/orbbec_camera//examples/multi_camera_synced_verification_tool/multicamera_sync/output/20250218102900/TotalModeFrames/SNCP1L44P00051_Index1/color_SNCP1L44P00051_Index1_g1739874543227_f0_s1739874543304_e50_d16_.jpg
[50.120s] -- Installing: /home/chetan-satpute/depth_cam/install/orbbec_camera/share/orbbec_camera//examples/multi_camera_synced_verification_tool/multicamera_sync/output/20250218102900/TotalModeFrames/SNCP1L44P00051_Index1/ir#left_SNCP1L44P00051_Index1_g1739874543527_f10_s1739874543687_e5000_d16_.jpg
[50.120s] -- Installing: /home/chetan-satpute/depth_cam/install/orbbec_camera/share/orbbec_camera//examples/multi_camera_synced_verification_tool/multicamera_sync/output/20250218102900/TotalModeFrames/SNCP1L44P00051_Index1/ir#left_SNCP1L44P00051_Index1_g1739874543394_f5_s1739874543661_e5000_d16_.jpg
[50.120s] -- Installing: /home/chetan-satpute/depth_cam/install/orbbec_camera/share/orbbec_camera//examples/multi_camera_synced_verification_tool/multicamera_sync/output/20250218102900/TotalModeFrames/SNCP1L44P00051_Index1/color_SNCP1L44P00051_Index1_g1739874543460_f7_s1739874543505_e50_d16_.jpg
[50.120s] -- Installing: /home/chetan-satpute/depth_cam/install/orbbec_camera/share/orbbec_camera//examples/multi_camera_synced_verification_tool/multicamera_sync/output/20250218102900/TotalModeFrames/SNCP1L44P00051_Index1/color_SNCP1L44P00051_Index1_g1739874543560_f10_s1739874543618_e50_d16_.jpg
[50.120s] -- Installing: /home/chetan-satpute/depth_cam/install/orbbec_camera/share/orbbec_camera//examples/multi_camera_synced_verification_tool/multicamera_sync/output/20250218102900/TotalModeFrames/SNCP1L44P00051_Index1/color_SNCP1L44P00051_Index1_g1739874543494_f8_s1739874543540_e50_d16_.jpg
[50.120s] -- Installing: /home/chetan-satpute/depth_cam/install/orbbec_camera/share/orbbec_camera//examples/multi_camera_synced_verification_tool/multicamera_sync/output/20250218102900/TotalModeFrames/SNCP1L44P00051_Index1/color_SNCP1L44P00051_Index1_g1739874543393_f5_s1739874543470_e50_d16_.jpg
[50.121s] -- Installing: /home/chetan-satpute/depth_cam/install/orbbec_camera/share/orbbec_camera//examples/multi_camera_synced_verification_tool/multicamera_sync/output/20250218102900/TotalModeFrames/SNCP1L44P00051_Index1/ir#left_SNCP1L44P00051_Index1_g1739874543494_f8_s1739874543687_e5000_d16_.jpg
[50.121s] -- Installing: /home/chetan-satpute/depth_cam/install/orbbec_camera/share/orbbec_camera//examples/multi_camera_synced_verification_tool/multicamera_sync/output/20250218102900/TotalModeFrames/SNCP1L44P00051_Index1/ir#left_SNCP1L44P00051_Index1_g1739874543360_f4_s1739874543460_e5000_d16_.jpg
[50.121s] -- Installing: /home/chetan-satpute/depth_cam/install/orbbec_camera/share/orbbec_camera//examples/multi_camera_synced_verification_tool/multicamera_sync/output/20250218102900/TotalModeFrames/SNCP1L44P00051_Index1/ir#left_SNCP1L44P00051_Index1_g1739874543327_f3_s1739874543460_e5000_d16_.jpg
[50.121s] -- Installing: /home/chetan-satpute/depth_cam/install/orbbec_camera/share/orbbec_camera//examples/multi_camera_synced_verification_tool/multicamera_sync/output/20250218102900/TotalModeFrames/SNCP1L44P00051_Index1/color_SNCP1L44P00051_Index1_g1739874543527_f9_s1739874543616_e50_d16_.jpg
[50.121s] -- Installing: /home/chetan-satpute/depth_cam/install/orbbec_camera/share/orbbec_camera//examples/multi_camera_synced_verification_tool/multicamera_sync/output/20250218102900/TotalModeFrames/SNCP1L44P00051_Index1/color_SNCP1L44P00051_Index1_g1739874543260_f1_s1739874543345_e50_d16_.jpg
[50.121s] -- Installing: /home/chetan-satpute/depth_cam/install/orbbec_camera/share/orbbec_camera//examples/multi_camera_synced_verification_tool/multicamera_sync/output/20250218102900/TotalModeFrames/SNCP1L44P00051_Index1/ir#left_SNCP1L44P00051_Index1_g1739874543294_f2_s1739874543319_e5000_d16_.jpg
[50.121s] -- Installing: /home/chetan-satpute/depth_cam/install/orbbec_camera/share/orbbec_camera//examples/multi_camera_synced_verification_tool/multicamera_sync/output/20250218102900/TotalModeFrames/SNCP1L44P00051_Index1/ir#left_SNCP1L44P00051_Index1_g1739874543260_f1_s1739874543294_e5000_d16_.jpg
[50.121s] -- Installing: /home/chetan-satpute/depth_cam/install/orbbec_camera/share/orbbec_camera//examples/multi_camera_synced_verification_tool/multicamera_sync/output/20250218102900/TotalModeFrames/SNCP1L44P00051_Index1/color_SNCP1L44P00051_Index1_g1739874543360_f4_s1739874543468_e50_d16_.jpg
[50.121s] -- Installing: /home/chetan-satpute/depth_cam/install/orbbec_camera/share/orbbec_camera//examples/multi_camera_synced_verification_tool/multicamera_sync/output/20250218102900/TotalModeFrames/SNCP1L44P00051_Index1/ir#left_SNCP1L44P00051_Index1_g1739874543460_f7_s1739874543685_e5000_d16_.jpg
[50.121s] -- Installing: /home/chetan-satpute/depth_cam/install/orbbec_camera/share/orbbec_camera//examples/multi_camera_synced_verification_tool/multicamera_sync/output/20250218102900/TotalModeFrames/SNCP1L44P00051_Index1/ir#left_SNCP1L44P00051_Index1_g1739874543427_f6_s1739874543684_e5000_d16_.jpg
[50.121s] -- Installing: /home/chetan-satpute/depth_cam/install/orbbec_camera/share/orbbec_camera//examples/multi_camera_synced_verification_tool/multicamera_sync/output/20250218102900/TotalModeFrames/SNCP1L44P00051_Index1/ir#left_SNCP1L44P00051_Index1_g1739874543560_f11_s1739874543687_e5000_d16_.jpg
[50.121s] -- Installing: /home/chetan-satpute/depth_cam/install/orbbec_camera/share/orbbec_camera//examples/multi_camera_synced_verification_tool/multicamera_sync/output/20250218102900/TotalModeFrames/SNCP1L44P00051_Index1/color_SNCP1L44P00051_Index1_g1739874543293_f2_s1739874543446_e50_d16_.jpg
[50.122s] -- Installing: /home/chetan-satpute/depth_cam/install/orbbec_camera/share/orbbec_camera//examples/multi_camera_synced_verification_tool/multicamera_sync/output/20250218102900/TotalModeFrames/SNCP1L44P00051_Index1/color_SNCP1L44P00051_Index1_g1739874543327_f3_s1739874543458_e50_d16_.jpg
[50.122s] -- Installing: /home/chetan-satpute/depth_cam/install/orbbec_camera/share/orbbec_camera//examples/multi_camera_synced_verification_tool/multicamera_sync/output/20250218102900/TotalModeFrames/SNCP1E5420006D_Index0
[50.122s] -- Installing: /home/chetan-satpute/depth_cam/install/orbbec_camera/share/orbbec_camera//examples/multi_camera_synced_verification_tool/multicamera_sync/output/20250218102900/TotalModeFrames/SNCP1E5420006D_Index0/color_SNCP1E5420006D_Index0_g1739874543561_f10_s1739874543648_e50_d16_.jpg
[50.122s] -- Installing: /home/chetan-satpute/depth_cam/install/orbbec_camera/share/orbbec_camera//examples/multi_camera_synced_verification_tool/multicamera_sync/output/20250218102900/TotalModeFrames/SNCP1E5420006D_Index0/color_SNCP1E5420006D_Index0_g1739874543294_f2_s1739874543359_e50_d16_.jpg
[50.122s] -- Installing: /home/chetan-satpute/depth_cam/install/orbbec_camera/share/orbbec_camera//examples/multi_camera_synced_verification_tool/multicamera_sync/output/20250218102900/TotalModeFrames/SNCP1E5420006D_Index0/ir#left_SNCP1E5420006D_Index0_g1739874543461_f7_s1739874543493_e5000_d16_.jpg
[50.122s] -- Installing: /home/chetan-satpute/depth_cam/install/orbbec_camera/share/orbbec_camera//examples/multi_camera_synced_verification_tool/multicamera_sync/output/20250218102900/TotalModeFrames/SNCP1E5420006D_Index0/color_SNCP1E5420006D_Index0_g1739874543527_f9_s1739874543603_e50_d16_.jpg
[50.122s] -- Installing: /home/chetan-satpute/depth_cam/install/orbbec_camera/share/orbbec_camera//examples/multi_camera_synced_verification_tool/multicamera_sync/output/20250218102900/TotalModeFrames/SNCP1E5420006D_Index0/color_SNCP1E5420006D_Index0_g1739874543427_f6_s1739874543518_e50_d16_.jpg
[50.122s] -- Installing: /home/chetan-satpute/depth_cam/install/orbbec_camera/share/orbbec_camera//examples/multi_camera_synced_verification_tool/multicamera_sync/output/20250218102900/TotalModeFrames/SNCP1E5420006D_Index0/color_SNCP1E5420006D_Index0_g1739874543461_f7_s1739874543520_e50_d16_.jpg
[50.122s] -- Installing: /home/chetan-satpute/depth_cam/install/orbbec_camera/share/orbbec_camera//examples/multi_camera_synced_verification_tool/multicamera_sync/output/20250218102900/TotalModeFrames/SNCP1E5420006D_Index0/ir#left_SNCP1E5420006D_Index0_g1739874543427_f6_s1739874543474_e5000_d16_.jpg
[50.122s] -- Installing: /home/chetan-satpute/depth_cam/install/orbbec_camera/share/orbbec_camera//examples/multi_camera_synced_verification_tool/multicamera_sync/output/20250218102900/TotalModeFrames/SNCP1E5420006D_Index0/ir#left_SNCP1E5420006D_Index0_g1739874543294_f2_s1739874543329_e5000_d16_.jpg
[50.122s] -- Installing: /home/chetan-satpute/depth_cam/install/orbbec_camera/share/orbbec_camera//examples/multi_camera_synced_verification_tool/multicamera_sync/output/20250218102900/TotalModeFrames/SNCP1E5420006D_Index0/color_SNCP1E5420006D_Index0_g1739874543260_f1_s1739874543351_e50_d16_.jpg
[50.123s] -- Installing: /home/chetan-satpute/depth_cam/install/orbbec_camera/share/orbbec_camera//examples/multi_camera_synced_verification_tool/multicamera_sync/output/20250218102900/TotalModeFrames/SNCP1E5420006D_Index0/color_SNCP1E5420006D_Index0_g1739874543360_f4_s1739874543442_e50_d16_.jpg
[50.123s] -- Installing: /home/chetan-satpute/depth_cam/install/orbbec_camera/share/orbbec_camera//examples/multi_camera_synced_verification_tool/multicamera_sync/output/20250218102900/TotalModeFrames/SNCP1E5420006D_Index0/color_SNCP1E5420006D_Index0_g1739874543327_f3_s1739874543441_e50_d16_.jpg
[50.123s] -- Installing: /home/chetan-satpute/depth_cam/install/orbbec_camera/share/orbbec_camera//examples/multi_camera_synced_verification_tool/multicamera_sync/output/20250218102900/TotalModeFrames/SNCP1E5420006D_Index0/ir#left_SNCP1E5420006D_Index0_g1739874543394_f5_s1739874543473_e5000_d16_.jpg
[50.123s] -- Installing: /home/chetan-satpute/depth_cam/install/orbbec_camera/share/orbbec_camera//examples/multi_camera_synced_verification_tool/multicamera_sync/output/20250218102900/TotalModeFrames/SNCP1E5420006D_Index0/color_SNCP1E5420006D_Index0_g1739874543394_f5_s1739874543506_e50_d16_.jpg
[50.123s] -- Installing: /home/chetan-satpute/depth_cam/install/orbbec_camera/share/orbbec_camera//examples/multi_camera_synced_verification_tool/multicamera_sync/output/20250218102900/TotalModeFrames/SNCP1E5420006D_Index0/ir#left_SNCP1E5420006D_Index0_g1739874543561_f10_s1739874543628_e5000_d16_.jpg
[50.123s] -- Installing: /home/chetan-satpute/depth_cam/install/orbbec_camera/share/orbbec_camera//examples/multi_camera_synced_verification_tool/multicamera_sync/output/20250218102900/TotalModeFrames/SNCP1E5420006D_Index0/ir#left_SNCP1E5420006D_Index0_g1739874543361_f4_s1739874543405_e5000_d16_.jpg
[50.123s] -- Installing: /home/chetan-satpute/depth_cam/install/orbbec_camera/share/orbbec_camera//examples/multi_camera_synced_verification_tool/multicamera_sync/output/20250218102900/TotalModeFrames/SNCP1E5420006D_Index0/ir#left_SNCP1E5420006D_Index0_g1739874543260_f1_s1739874543310_e5000_d16_.jpg
[50.123s] -- Installing: /home/chetan-satpute/depth_cam/install/orbbec_camera/share/orbbec_camera//examples/multi_camera_synced_verification_tool/multicamera_sync/output/20250218102900/TotalModeFrames/SNCP1E5420006D_Index0/color_SNCP1E5420006D_Index0_g1739874543227_f0_s1739874543327_e50_d16_.jpg
[50.123s] -- Installing: /home/chetan-satpute/depth_cam/install/orbbec_camera/share/orbbec_camera//examples/multi_camera_synced_verification_tool/multicamera_sync/output/20250218102900/TotalModeFrames/SNCP1E5420006D_Index0/ir#left_SNCP1E5420006D_Index0_g1739874543327_f3_s1739874543393_e5000_d16_.jpg
[50.123s] -- Installing: /home/chetan-satpute/depth_cam/install/orbbec_camera/share/orbbec_camera//examples/multi_camera_synced_verification_tool/multicamera_sync/output/20250218102900/TotalModeFrames/SNCP1E5420006D_Index0/ir#left_SNCP1E5420006D_Index0_g1739874543494_f8_s1739874543528_e5000_d16_.jpg
[50.123s] -- Installing: /home/chetan-satpute/depth_cam/install/orbbec_camera/share/orbbec_camera//examples/multi_camera_synced_verification_tool/multicamera_sync/output/20250218102900/TotalModeFrames/SNCP1E5420006D_Index0/ir#left_SNCP1E5420006D_Index0_g1739874543527_f9_s1739874543627_e5000_d16_.jpg
[50.123s] -- Installing: /home/chetan-satpute/depth_cam/install/orbbec_camera/share/orbbec_camera//examples/multi_camera_synced_verification_tool/multicamera_sync/output/20250218102900/TotalModeFrames/SNCP1E5420006D_Index0/color_SNCP1E5420006D_Index0_g1739874543494_f8_s1739874543548_e50_d16_.jpg
[50.124s] -- Installing: /home/chetan-satpute/depth_cam/install/orbbec_camera/share/orbbec_camera//examples/multi_camera_synced_verification_tool/multicamera_sync/output/20250218102900/TotalModeFrames/SNCP1E5420006D_Index0/ir#left_SNCP1E5420006D_Index0_g1739874543227_f0_s1739874543250_e5000_d16_.jpg
[50.124s] -- Installing: /home/chetan-satpute/depth_cam/install/orbbec_camera/share/orbbec_camera//examples/multi_camera_synced_verification_tool/gemini_synced_verify.launch.py
[50.124s] -- Installing: /home/chetan-satpute/depth_cam/install/orbbec_camera/share/orbbec_camera//examples/multi_camera_synced_verification_tool/multi_camera_synced_verify.launch.py
[50.124s] -- Installing: /home/chetan-satpute/depth_cam/install/orbbec_camera/share/orbbec_camera//examples/multi_camera_synced_verification_tool/gemini_330_series_synced_verify.launch.py
[50.124s] -- Up-to-date: /home/chetan-satpute/depth_cam/install/orbbec_camera/include
[50.124s] -- Installing: /home/chetan-satpute/depth_cam/install/orbbec_camera/include/libobsensor
[50.124s] -- Installing: /home/chetan-satpute/depth_cam/install/orbbec_camera/include/libobsensor/ObSensor.hpp
[50.124s] -- Installing: /home/chetan-satpute/depth_cam/install/orbbec_camera/include/libobsensor/h
[50.124s] -- Installing: /home/chetan-satpute/depth_cam/install/orbbec_camera/include/libobsensor/h/ObTypes.h
[50.124s] -- Installing: /home/chetan-satpute/depth_cam/install/orbbec_camera/include/libobsensor/h/Pipeline.h
[50.125s] -- Installing: /home/chetan-satpute/depth_cam/install/orbbec_camera/include/libobsensor/h/MultipleDevices.h
[50.125s] -- Installing: /home/chetan-satpute/depth_cam/install/orbbec_camera/include/libobsensor/h/Frame.h
[50.125s] -- Installing: /home/chetan-satpute/depth_cam/install/orbbec_camera/include/libobsensor/h/Property.h
[50.125s] -- Installing: /home/chetan-satpute/depth_cam/install/orbbec_camera/include/libobsensor/h/Utils.h
[50.125s] -- Installing: /home/chetan-satpute/depth_cam/install/orbbec_camera/include/libobsensor/h/Advanced.h
[50.125s] -- Installing: /home/chetan-satpute/depth_cam/install/orbbec_camera/include/libobsensor/h/RecordPlayback.h
[50.125s] -- Installing: /home/chetan-satpute/depth_cam/install/orbbec_camera/include/libobsensor/h/Filter.h
[50.125s] -- Installing: /home/chetan-satpute/depth_cam/install/orbbec_camera/include/libobsensor/h/Device.h
[50.125s] -- Installing: /home/chetan-satpute/depth_cam/install/orbbec_camera/include/libobsensor/h/StreamProfile.h
[50.125s] -- Installing: /home/chetan-satpute/depth_cam/install/orbbec_camera/include/libobsensor/h/Error.h
[50.125s] -- Installing: /home/chetan-satpute/depth_cam/install/orbbec_camera/include/libobsensor/h/Version.h
[50.125s] -- Installing: /home/chetan-satpute/depth_cam/install/orbbec_camera/include/libobsensor/h/Sensor.h
[50.125s] -- Installing: /home/chetan-satpute/depth_cam/install/orbbec_camera/include/libobsensor/h/Export.h
[50.125s] -- Installing: /home/chetan-satpute/depth_cam/install/orbbec_camera/include/libobsensor/h/Context.h
[50.125s] -- Installing: /home/chetan-satpute/depth_cam/install/orbbec_camera/include/libobsensor/h/TypeHelper.h
[50.125s] -- Installing: /home/chetan-satpute/depth_cam/install/orbbec_camera/include/libobsensor/ObSensor.h
[50.125s] -- Installing: /home/chetan-satpute/depth_cam/install/orbbec_camera/include/libobsensor/hpp
[50.125s] -- Installing: /home/chetan-satpute/depth_cam/install/orbbec_camera/include/libobsensor/hpp/Version.hpp
[50.126s] -- Installing: /home/chetan-satpute/depth_cam/install/orbbec_camera/include/libobsensor/hpp/Utils.hpp
[50.126s] -- Installing: /home/chetan-satpute/depth_cam/install/orbbec_camera/include/libobsensor/hpp/Types.hpp
[50.126s] -- Installing: /home/chetan-satpute/depth_cam/install/orbbec_camera/include/libobsensor/hpp/Error.hpp
[50.126s] -- Installing: /home/chetan-satpute/depth_cam/install/orbbec_camera/include/libobsensor/hpp/Filter.hpp
[50.126s] -- Installing: /home/chetan-satpute/depth_cam/install/orbbec_camera/include/libobsensor/hpp/Pipeline.hpp
[50.126s] -- Installing: /home/chetan-satpute/depth_cam/install/orbbec_camera/include/libobsensor/hpp/Context.hpp
[50.126s] -- Installing: /home/chetan-satpute/depth_cam/install/orbbec_camera/include/libobsensor/hpp/TypeHelper.hpp
[50.126s] -- Installing: /home/chetan-satpute/depth_cam/install/orbbec_camera/include/libobsensor/hpp/RecordPlayback.hpp
[50.126s] -- Installing: /home/chetan-satpute/depth_cam/install/orbbec_camera/include/libobsensor/hpp/Sensor.hpp
[50.126s] -- Installing: /home/chetan-satpute/depth_cam/install/orbbec_camera/include/libobsensor/hpp/StreamProfile.hpp
[50.126s] -- Installing: /home/chetan-satpute/depth_cam/install/orbbec_camera/include/libobsensor/hpp/Frame.hpp
[50.126s] -- Installing: /home/chetan-satpute/depth_cam/install/orbbec_camera/include/libobsensor/hpp/Device.hpp
[50.126s] -- Up-to-date: /home/chetan-satpute/depth_cam/install/orbbec_camera/lib/
[50.126s] -- Installing: /home/chetan-satpute/depth_cam/install/orbbec_camera/lib//libOrbbecSDK.so.2.7.6
[50.133s] -- Installing: /home/chetan-satpute/depth_cam/install/orbbec_camera/lib//extensions
[50.133s] -- Installing: /home/chetan-satpute/depth_cam/install/orbbec_camera/lib//extensions/firmwareupdater
[50.133s] -- Installing: /home/chetan-satpute/depth_cam/install/orbbec_camera/lib//extensions/firmwareupdater/libfirmwareupdater.so
[50.134s] -- Installing: /home/chetan-satpute/depth_cam/install/orbbec_camera/lib//extensions/depthengine
[50.134s] -- Installing: /home/chetan-satpute/depth_cam/install/orbbec_camera/lib//extensions/depthengine/libdepthengine.so
[50.134s] -- Installing: /home/chetan-satpute/depth_cam/install/orbbec_camera/lib//extensions/depthengine/libdepthengine.so.2.0
[50.134s] -- Installing: /home/chetan-satpute/depth_cam/install/orbbec_camera/lib//extensions/filters
[50.134s] -- Installing: /home/chetan-satpute/depth_cam/install/orbbec_camera/lib//extensions/filters/libob_priv_filter.so
[50.134s] -- Installing: /home/chetan-satpute/depth_cam/install/orbbec_camera/lib//extensions/filters/libFilterProcessor.so
[50.135s] -- Installing: /home/chetan-satpute/depth_cam/install/orbbec_camera/lib//extensions/frameprocessor
[50.135s] -- Installing: /home/chetan-satpute/depth_cam/install/orbbec_camera/lib//extensions/frameprocessor/libob_frame_processor.so
[50.135s] -- Installing: /home/chetan-satpute/depth_cam/install/orbbec_camera/lib//libOrbbecSDK.so.2
[50.135s] -- Installing: /home/chetan-satpute/depth_cam/install/orbbec_camera/lib//libOrbbecSDK.so
[50.135s] -- Installing: /home/chetan-satpute/depth_cam/install/orbbec_camera/lib/extensions/libdepthengine.so
[50.135s] -- Installing: /home/chetan-satpute/depth_cam/install/orbbec_camera/lib/extensions/libdepthengine.so.2.0
[50.135s] -- Installing: /home/chetan-satpute/depth_cam/install/orbbec_camera/lib/extensions/libFilterProcessor.so
[50.136s] -- Installing: /home/chetan-satpute/depth_cam/install/orbbec_camera/lib/extensions/libob_priv_filter.so
[50.136s] -- Installing: /home/chetan-satpute/depth_cam/install/orbbec_camera/lib/extensions/libfirmwareupdater.so
[50.136s] -- Installing: /home/chetan-satpute/depth_cam/install/orbbec_camera/lib/extensions/libob_frame_processor.so
[50.136s] -- Installing: /home/chetan-satpute/depth_cam/install/orbbec_camera/share/orbbec_camera/udev/99-obsensor-libusb.rules
[50.136s] -- Installing: /home/chetan-satpute/depth_cam/install/orbbec_camera/lib/orbbec_camera/list_devices_node
[50.136s] -- Set runtime path of "/home/chetan-satpute/depth_cam/install/orbbec_camera/lib/orbbec_camera/list_devices_node" to ":/home/chetan-satpute/depth_cam/src/OrbbecSDK_ROS2/orbbec_camera/SDK/lib/x64"
[50.136s] -- Installing: /home/chetan-satpute/depth_cam/install/orbbec_camera/lib/orbbec_camera/list_depth_work_mode_node
[50.137s] -- Set runtime path of "/home/chetan-satpute/depth_cam/install/orbbec_camera/lib/orbbec_camera/list_depth_work_mode_node" to ":/home/chetan-satpute/depth_cam/src/OrbbecSDK_ROS2/orbbec_camera/SDK/lib/x64"
[50.137s] -- Installing: /home/chetan-satpute/depth_cam/install/orbbec_camera/lib/orbbec_camera/list_camera_profile_mode_node
[50.137s] -- Set runtime path of "/home/chetan-satpute/depth_cam/install/orbbec_camera/lib/orbbec_camera/list_camera_profile_mode_node" to ":/home/chetan-satpute/depth_cam/src/OrbbecSDK_ROS2/orbbec_camera/SDK/lib/x64"
[50.137s] -- Installing: /home/chetan-satpute/depth_cam/install/orbbec_camera/lib/orbbec_camera/topic_statistics_node
[50.137s] -- Set runtime path of "/home/chetan-satpute/depth_cam/install/orbbec_camera/lib/orbbec_camera/topic_statistics_node" to ":/home/chetan-satpute/depth_cam/src/OrbbecSDK_ROS2/orbbec_camera/SDK/lib/x64"
[50.137s] -- Installing: /home/chetan-satpute/depth_cam/install/orbbec_camera/lib/orbbec_camera/service_benchmark_node
[50.138s] -- Set runtime path of "/home/chetan-satpute/depth_cam/install/orbbec_camera/lib/orbbec_camera/service_benchmark_node" to ":/home/chetan-satpute/depth_cam/src/OrbbecSDK_ROS2/orbbec_camera/SDK/lib/x64"
[50.138s] -- Installing: /home/chetan-satpute/depth_cam/install/orbbec_camera/lib/orbbec_camera/ob_benchmark_node
[50.138s] -- Set runtime path of "/home/chetan-satpute/depth_cam/install/orbbec_camera/lib/orbbec_camera/ob_benchmark_node" to ":/home/chetan-satpute/depth_cam/src/OrbbecSDK_ROS2/orbbec_camera/SDK/lib/x64"
[50.138s] -- Installing: /home/chetan-satpute/depth_cam/install/orbbec_camera/lib/orbbec_camera/435le_example_node
[50.139s] -- Set runtime path of "/home/chetan-satpute/depth_cam/install/orbbec_camera/lib/orbbec_camera/435le_example_node" to ":/home/chetan-satpute/depth_cam/src/OrbbecSDK_ROS2/orbbec_camera/SDK/lib/x64"
[50.139s] -- Installing: /home/chetan-satpute/depth_cam/install/orbbec_camera/lib/orbbec_camera/set_device_ip
[50.139s] -- Set runtime path of "/home/chetan-satpute/depth_cam/install/orbbec_camera/lib/orbbec_camera/set_device_ip" to ":/home/chetan-satpute/depth_cam/src/OrbbecSDK_ROS2/orbbec_camera/SDK/lib/x64"
[50.139s] -- Installing: /home/chetan-satpute/depth_cam/install/orbbec_camera/lib/orbbec_camera/image_sync_example_node
[50.139s] -- Set runtime path of "/home/chetan-satpute/depth_cam/install/orbbec_camera/lib/orbbec_camera/image_sync_example_node" to ":/home/chetan-satpute/depth_cam/src/OrbbecSDK_ROS2/orbbec_camera/SDK/lib/x64"
[50.139s] -- Installing: /home/chetan-satpute/depth_cam/install/orbbec_camera/share/orbbec_camera/environment/library_path.sh
[50.140s] -- Installing: /home/chetan-satpute/depth_cam/install/orbbec_camera/share/orbbec_camera/environment/library_path.dsv
[50.140s] -- Installing: /home/chetan-satpute/depth_cam/install/orbbec_camera/share/ament_index/resource_index/package_run_dependencies/orbbec_camera
[50.140s] -- Installing: /home/chetan-satpute/depth_cam/install/orbbec_camera/share/ament_index/resource_index/parent_prefix_path/orbbec_camera
[50.140s] -- Installing: /home/chetan-satpute/depth_cam/install/orbbec_camera/share/orbbec_camera/environment/ament_prefix_path.sh
[50.140s] -- Installing: /home/chetan-satpute/depth_cam/install/orbbec_camera/share/orbbec_camera/environment/ament_prefix_path.dsv
[50.140s] -- Installing: /home/chetan-satpute/depth_cam/install/orbbec_camera/share/orbbec_camera/environment/path.sh
[50.140s] -- Installing: /home/chetan-satpute/depth_cam/install/orbbec_camera/share/orbbec_camera/environment/path.dsv
[50.140s] -- Installing: /home/chetan-satpute/depth_cam/install/orbbec_camera/share/orbbec_camera/local_setup.bash
[50.140s] -- Installing: /home/chetan-satpute/depth_cam/install/orbbec_camera/share/orbbec_camera/local_setup.sh
[50.140s] -- Installing: /home/chetan-satpute/depth_cam/install/orbbec_camera/share/orbbec_camera/local_setup.zsh
[50.140s] -- Installing: /home/chetan-satpute/depth_cam/install/orbbec_camera/share/orbbec_camera/local_setup.dsv
[50.140s] -- Installing: /home/chetan-satpute/depth_cam/install/orbbec_camera/share/orbbec_camera/package.dsv
[50.140s] -- Installing: /home/chetan-satpute/depth_cam/install/orbbec_camera/share/ament_index/resource_index/packages/orbbec_camera
[50.140s] -- Installing: /home/chetan-satpute/depth_cam/install/orbbec_camera/share/ament_index/resource_index/rclcpp_components/orbbec_camera
[50.141s] -- Installing: /home/chetan-satpute/depth_cam/install/orbbec_camera/share/orbbec_camera/cmake/ament_cmake_export_include_directories-extras.cmake
[50.141s] -- Installing: /home/chetan-satpute/depth_cam/install/orbbec_camera/share/orbbec_camera/cmake/ament_cmake_export_libraries-extras.cmake
[50.141s] -- Installing: /home/chetan-satpute/depth_cam/install/orbbec_camera/share/orbbec_camera/cmake/ament_cmake_export_dependencies-extras.cmake
[50.141s] -- Installing: /home/chetan-satpute/depth_cam/install/orbbec_camera/share/orbbec_camera/cmake/orbbec_cameraConfig.cmake
[50.141s] -- Installing: /home/chetan-satpute/depth_cam/install/orbbec_camera/share/orbbec_camera/cmake/orbbec_cameraConfig-version.cmake
[50.141s] -- Installing: /home/chetan-satpute/depth_cam/install/orbbec_camera/share/orbbec_camera/package.xml
[50.143s] Invoked command in '/home/chetan-satpute/depth_cam/build/orbbec_camera' returned '0': CMAKE_PREFIX_PATH=/home/chetan-satpute/depth_cam/install/orbbec_camera_msgs:/home/chetan-satpute/depth_cam/install/orbbec_description:/home/chetan-satpute/depth_cam/install/orbbec_camera:/opt/ros/humble LD_LIBRARY_PATH=/home/chetan-satpute/depth_cam/install/orbbec_camera_msgs/lib:/home/chetan-satpute/depth_cam/install/orbbec_camera/lib:/opt/ros/humble/opt/rviz_ogre_vendor/lib:/opt/ros/humble/lib/x86_64-linux-gnu:/opt/ros/humble/lib /usr/bin/cmake --install /home/chetan-satpute/depth_cam/build/orbbec_camera
