running develop
running egg_info
creating lane_detection.egg-info
writing lane_detection.egg-info/PKG-INFO
writing dependency_links to lane_detection.egg-info/dependency_links.txt
writing entry points to lane_detection.egg-info/entry_points.txt
writing requirements to lane_detection.egg-info/requires.txt
writing top-level names to lane_detection.egg-info/top_level.txt
writing manifest file 'lane_detection.egg-info/SOURCES.txt'
reading manifest file 'lane_detection.egg-info/SOURCES.txt'
writing manifest file 'lane_detection.egg-info/SOURCES.txt'
running build_ext
Creating /home/chetan-satpute/depth_cam/install/lane_detection/lib/python3.10/site-packages/lane-detection.egg-link (link to .)
Installing lane_detection_node script to /home/chetan-satpute/depth_cam/install/lane_detection/lib/lane_detection
Installing pointcloud_processor script to /home/chetan-satpute/depth_cam/install/lane_detection/lib/lane_detection

Installed /home/chetan-satpute/depth_cam/build/lane_detection
running symlink_data
creating /home/chetan-satpute/depth_cam/install/lane_detection/share/ament_index
creating /home/chetan-satpute/depth_cam/install/lane_detection/share/ament_index/resource_index
creating /home/chetan-satpute/depth_cam/install/lane_detection/share/ament_index/resource_index/packages
symbolically linking /home/chetan-satpute/depth_cam/build/lane_detection/resource/lane_detection -> /home/chetan-satpute/depth_cam/install/lane_detection/share/ament_index/resource_index/packages
symbolically linking /home/chetan-satpute/depth_cam/build/lane_detection/package.xml -> /home/chetan-satpute/depth_cam/install/lane_detection/share/lane_detection
creating /home/chetan-satpute/depth_cam/install/lane_detection/share/lane_detection/launch
symbolically linking /home/chetan-satpute/depth_cam/build/lane_detection/launch/lane_detection.launch.py -> /home/chetan-satpute/depth_cam/install/lane_detection/share/lane_detection/launch
symbolically linking /home/chetan-satpute/depth_cam/build/lane_detection/launch/complete_system.launch.py -> /home/chetan-satpute/depth_cam/install/lane_detection/share/lane_detection/launch
