[0.503s] Invoking command in '/home/chetan-satpute/depth_cam/build/lane_detection': PYTHONPATH=/home/chetan-satpute/depth_cam/build/lane_detection/prefix_override:/usr/lib/python3/dist-packages/colcon_core/task/python/colcon_distutils_commands:/home/chetan-satpute/depth_cam/install/lane_detection/lib/python3.10/site-packages:${PYTHONPATH} /usr/bin/python3 -W ignore:setup.py install is deprecated -W ignore:easy_install command is deprecated setup.py develop --editable --build-directory /home/chetan-satpute/depth_cam/build/lane_detection/build --no-deps symlink_data
[0.689s] running develop
[0.813s] running egg_info
[0.813s] creating lane_detection.egg-info
[0.813s] writing lane_detection.egg-info/PKG-INFO
[0.813s] writing dependency_links to lane_detection.egg-info/dependency_links.txt
[0.813s] writing entry points to lane_detection.egg-info/entry_points.txt
[0.813s] writing requirements to lane_detection.egg-info/requires.txt
[0.813s] writing top-level names to lane_detection.egg-info/top_level.txt
[0.813s] writing manifest file 'lane_detection.egg-info/SOURCES.txt'
[0.814s] reading manifest file 'lane_detection.egg-info/SOURCES.txt'
[0.814s] writing manifest file 'lane_detection.egg-info/SOURCES.txt'
[0.843s] running build_ext
[0.843s] Creating /home/chetan-satpute/depth_cam/install/lane_detection/lib/python3.10/site-packages/lane-detection.egg-link (link to .)
[0.843s] Installing lane_detection_node script to /home/chetan-satpute/depth_cam/install/lane_detection/lib/lane_detection
[0.843s] Installing pointcloud_processor script to /home/chetan-satpute/depth_cam/install/lane_detection/lib/lane_detection
[0.843s] 
[0.843s] Installed /home/chetan-satpute/depth_cam/build/lane_detection
[0.843s] running symlink_data
[0.843s] creating /home/chetan-satpute/depth_cam/install/lane_detection/share/ament_index
[0.843s] creating /home/chetan-satpute/depth_cam/install/lane_detection/share/ament_index/resource_index
[0.844s] creating /home/chetan-satpute/depth_cam/install/lane_detection/share/ament_index/resource_index/packages
[0.844s] symbolically linking /home/chetan-satpute/depth_cam/build/lane_detection/resource/lane_detection -> /home/chetan-satpute/depth_cam/install/lane_detection/share/ament_index/resource_index/packages
[0.844s] symbolically linking /home/chetan-satpute/depth_cam/build/lane_detection/package.xml -> /home/chetan-satpute/depth_cam/install/lane_detection/share/lane_detection
[0.844s] creating /home/chetan-satpute/depth_cam/install/lane_detection/share/lane_detection/launch
[0.844s] symbolically linking /home/chetan-satpute/depth_cam/build/lane_detection/launch/lane_detection.launch.py -> /home/chetan-satpute/depth_cam/install/lane_detection/share/lane_detection/launch
[0.844s] symbolically linking /home/chetan-satpute/depth_cam/build/lane_detection/launch/complete_system.launch.py -> /home/chetan-satpute/depth_cam/install/lane_detection/share/lane_detection/launch
[0.863s] Invoked command in '/home/chetan-satpute/depth_cam/build/lane_detection' returned '0': PYTHONPATH=/home/chetan-satpute/depth_cam/build/lane_detection/prefix_override:/usr/lib/python3/dist-packages/colcon_core/task/python/colcon_distutils_commands:/home/chetan-satpute/depth_cam/install/lane_detection/lib/python3.10/site-packages:${PYTHONPATH} /usr/bin/python3 -W ignore:setup.py install is deprecated -W ignore:easy_install command is deprecated setup.py develop --editable --build-directory /home/chetan-satpute/depth_cam/build/lane_detection/build --no-deps symlink_data
