running egg_info
creating ../../build/keyboard_teleoperation/keyboard_teleoperation.egg-info
writing ../../build/keyboard_teleoperation/keyboard_teleoperation.egg-info/PKG-INFO
writing dependency_links to ../../build/keyboard_teleoperation/keyboard_teleoperation.egg-info/dependency_links.txt
writing entry points to ../../build/keyboard_teleoperation/keyboard_teleoperation.egg-info/entry_points.txt
writing requirements to ../../build/keyboard_teleoperation/keyboard_teleoperation.egg-info/requires.txt
writing top-level names to ../../build/keyboard_teleoperation/keyboard_teleoperation.egg-info/top_level.txt
writing manifest file '../../build/keyboard_teleoperation/keyboard_teleoperation.egg-info/SOURCES.txt'
reading manifest file '../../build/keyboard_teleoperation/keyboard_teleoperation.egg-info/SOURCES.txt'
writing manifest file '../../build/keyboard_teleoperation/keyboard_teleoperation.egg-info/SOURCES.txt'
running build
running build_py
creating /home/chetan-satpute/lane_following/build/keyboard_teleoperation/build
creating /home/chetan-satpute/lane_following/build/keyboard_teleoperation/build/lib
creating /home/chetan-satpute/lane_following/build/keyboard_teleoperation/build/lib/keyboard_teleoperation
copying keyboard_teleoperation/keyboard_teleop_node.py -> /home/chetan-satpute/lane_following/build/keyboard_teleoperation/build/lib/keyboard_teleoperation
copying keyboard_teleoperation/__init__.py -> /home/chetan-satpute/lane_following/build/keyboard_teleoperation/build/lib/keyboard_teleoperation
copying keyboard_teleoperation/esp32_bridge_node.py -> /home/chetan-satpute/lane_following/build/keyboard_teleoperation/build/lib/keyboard_teleoperation
running install
running install_lib
creating /home/chetan-satpute/lane_following/install/keyboard_teleoperation/lib/python3.10/site-packages/keyboard_teleoperation
copying /home/chetan-satpute/lane_following/build/keyboard_teleoperation/build/lib/keyboard_teleoperation/keyboard_teleop_node.py -> /home/chetan-satpute/lane_following/install/keyboard_teleoperation/lib/python3.10/site-packages/keyboard_teleoperation
copying /home/chetan-satpute/lane_following/build/keyboard_teleoperation/build/lib/keyboard_teleoperation/__init__.py -> /home/chetan-satpute/lane_following/install/keyboard_teleoperation/lib/python3.10/site-packages/keyboard_teleoperation
copying /home/chetan-satpute/lane_following/build/keyboard_teleoperation/build/lib/keyboard_teleoperation/esp32_bridge_node.py -> /home/chetan-satpute/lane_following/install/keyboard_teleoperation/lib/python3.10/site-packages/keyboard_teleoperation
byte-compiling /home/chetan-satpute/lane_following/install/keyboard_teleoperation/lib/python3.10/site-packages/keyboard_teleoperation/keyboard_teleop_node.py to keyboard_teleop_node.cpython-310.pyc
byte-compiling /home/chetan-satpute/lane_following/install/keyboard_teleoperation/lib/python3.10/site-packages/keyboard_teleoperation/__init__.py to __init__.cpython-310.pyc
byte-compiling /home/chetan-satpute/lane_following/install/keyboard_teleoperation/lib/python3.10/site-packages/keyboard_teleoperation/esp32_bridge_node.py to esp32_bridge_node.cpython-310.pyc
running install_data
creating /home/chetan-satpute/lane_following/install/keyboard_teleoperation/share/ament_index
creating /home/chetan-satpute/lane_following/install/keyboard_teleoperation/share/ament_index/resource_index
creating /home/chetan-satpute/lane_following/install/keyboard_teleoperation/share/ament_index/resource_index/packages
copying resource/keyboard_teleoperation -> /home/chetan-satpute/lane_following/install/keyboard_teleoperation/share/ament_index/resource_index/packages
copying package.xml -> /home/chetan-satpute/lane_following/install/keyboard_teleoperation/share/keyboard_teleoperation
creating /home/chetan-satpute/lane_following/install/keyboard_teleoperation/share/keyboard_teleoperation/launch
copying launch/esp32_bridge.launch.py -> /home/chetan-satpute/lane_following/install/keyboard_teleoperation/share/keyboard_teleoperation/launch
creating /home/chetan-satpute/lane_following/install/keyboard_teleoperation/share/keyboard_teleoperation/firmware
copying firmware/esp32_keyboard_bridge/esp32_keyboard_bridge.ino -> /home/chetan-satpute/lane_following/install/keyboard_teleoperation/share/keyboard_teleoperation/firmware
running install_egg_info
Copying ../../build/keyboard_teleoperation/keyboard_teleoperation.egg-info to /home/chetan-satpute/lane_following/install/keyboard_teleoperation/lib/python3.10/site-packages/keyboard_teleoperation-0.1.0-py3.10.egg-info
running install_scripts
Installing esp32_cmd_bridge script to /home/chetan-satpute/lane_following/install/keyboard_teleoperation/lib/keyboard_teleoperation
Installing keyboard_teleop script to /home/chetan-satpute/lane_following/install/keyboard_teleoperation/lib/keyboard_teleoperation
writing list of installed files to '/home/chetan-satpute/lane_following/build/keyboard_teleoperation/install.log'
