-- Install configuration: ""
-- Up-to-date: /home/chetan-satpute/lane_following/install/orbbec_description/share/orbbec_description/launch
-- Up-to-date: /home/chetan-satpute/lane_following/install/orbbec_description/share/orbbec_description/launch/launch_utils.py
-- Up-to-date: /home/chetan-satpute/lane_following/install/orbbec_description/share/orbbec_description/launch/view_model.launch.py
-- Up-to-date: /home/chetan-satpute/lane_following/install/orbbec_description/share/orbbec_description/meshes
-- Up-to-date: /home/chetan-satpute/lane_following/install/orbbec_description/share/orbbec_description/meshes/gemini2l
-- Up-to-date: /home/chetan-satpute/lane_following/install/orbbec_description/share/orbbec_description/meshes/gemini2l/camera_IR2_frame.STL
-- Up-to-date: /home/chetan-satpute/lane_following/install/orbbec_description/share/orbbec_description/meshes/gemini2l/camera_rgb_optical_frame.STL
-- Up-to-date: /home/chetan-satpute/lane_following/install/orbbec_description/share/orbbec_description/meshes/gemini2l/camera_IR1_frame.STL
-- Up-to-date: /home/chetan-satpute/lane_following/install/orbbec_description/share/orbbec_description/meshes/gemini2l/base_link.STL
-- Up-to-date: /home/chetan-satpute/lane_following/install/orbbec_description/share/orbbec_description/meshes/gemini2l/camera_depth_frame.STL
-- Up-to-date: /home/chetan-satpute/lane_following/install/orbbec_description/share/orbbec_description/meshes/gemini2l/camera_IR2_optical_frame.STL
-- Up-to-date: /home/chetan-satpute/lane_following/install/orbbec_description/share/orbbec_description/meshes/gemini2l/camera_color_frame.STL
-- Up-to-date: /home/chetan-satpute/lane_following/install/orbbec_description/share/orbbec_description/meshes/gemini2l/camera_imu_frame.STL
-- Up-to-date: /home/chetan-satpute/lane_following/install/orbbec_description/share/orbbec_description/meshes/gemini2l/camera_IR1_optical_frame.STL
-- Up-to-date: /home/chetan-satpute/lane_following/install/orbbec_description/share/orbbec_description/meshes/gemini2l/camera_bottom_screw_frame.STL
-- Up-to-date: /home/chetan-satpute/lane_following/install/orbbec_description/share/orbbec_description/meshes/AstraPlus.stl
-- Up-to-date: /home/chetan-satpute/lane_following/install/orbbec_description/share/orbbec_description/meshes/astra2
-- Up-to-date: /home/chetan-satpute/lane_following/install/orbbec_description/share/orbbec_description/meshes/astra2/base_link.STL
-- Up-to-date: /home/chetan-satpute/lane_following/install/orbbec_description/share/orbbec_description/meshes/astra2/camera_depth_frame.STL
-- Up-to-date: /home/chetan-satpute/lane_following/install/orbbec_description/share/orbbec_description/meshes/astra2/camera_color_optical_frame.STL
-- Up-to-date: /home/chetan-satpute/lane_following/install/orbbec_description/share/orbbec_description/meshes/astra2/camera_infra1_optical_frame.STL
-- Up-to-date: /home/chetan-satpute/lane_following/install/orbbec_description/share/orbbec_description/meshes/astra2/camera_depth_optical_frame.STL
-- Up-to-date: /home/chetan-satpute/lane_following/install/orbbec_description/share/orbbec_description/meshes/astra2/camera_bottom_screw_frame.STL
-- Up-to-date: /home/chetan-satpute/lane_following/install/orbbec_description/share/orbbec_description/meshes/astra2/camera_colorl_frame.STL
-- Up-to-date: /home/chetan-satpute/lane_following/install/orbbec_description/share/orbbec_description/meshes/astra2/camera_infra1_frame.STL
-- Up-to-date: /home/chetan-satpute/lane_following/install/orbbec_description/share/orbbec_description/meshes/gemini2
-- Up-to-date: /home/chetan-satpute/lane_following/install/orbbec_description/share/orbbec_description/meshes/gemini2/camera_botter_screw_frame.STL
-- Up-to-date: /home/chetan-satpute/lane_following/install/orbbec_description/share/orbbec_description/meshes/gemini2/camera_infra2_frame.STL
-- Up-to-date: /home/chetan-satpute/lane_following/install/orbbec_description/share/orbbec_description/meshes/gemini2/base_link.STL
-- Up-to-date: /home/chetan-satpute/lane_following/install/orbbec_description/share/orbbec_description/meshes/gemini2/camera_depth_frame.STL
-- Up-to-date: /home/chetan-satpute/lane_following/install/orbbec_description/share/orbbec_description/meshes/gemini2/camera_color_frame.STL
-- Up-to-date: /home/chetan-satpute/lane_following/install/orbbec_description/share/orbbec_description/meshes/gemini2/camera_color_optical_frame.STL
-- Up-to-date: /home/chetan-satpute/lane_following/install/orbbec_description/share/orbbec_description/meshes/gemini2/camera_infra1_optical_frame.STL
-- Up-to-date: /home/chetan-satpute/lane_following/install/orbbec_description/share/orbbec_description/meshes/gemini2/camera_infra2_optical_frame.STL
-- Up-to-date: /home/chetan-satpute/lane_following/install/orbbec_description/share/orbbec_description/meshes/gemini2/camera_infra1_frame.STL
-- Up-to-date: /home/chetan-satpute/lane_following/install/orbbec_description/share/orbbec_description/meshes/femto_bolt
-- Up-to-date: /home/chetan-satpute/lane_following/install/orbbec_description/share/orbbec_description/meshes/femto_bolt/femto_bolt.stl
-- Up-to-date: /home/chetan-satpute/lane_following/install/orbbec_description/share/orbbec_description/meshes/gemini335_336
-- Up-to-date: /home/chetan-satpute/lane_following/install/orbbec_description/share/orbbec_description/meshes/gemini335_336/camera_left_ir_frame.STL
-- Up-to-date: /home/chetan-satpute/lane_following/install/orbbec_description/share/orbbec_description/meshes/gemini335_336/camera_right_ir_optical_frame.STL
-- Up-to-date: /home/chetan-satpute/lane_following/install/orbbec_description/share/orbbec_description/meshes/gemini335_336/camera_left_ir_optical_frame.STL
-- Up-to-date: /home/chetan-satpute/lane_following/install/orbbec_description/share/orbbec_description/meshes/gemini335_336/camera_right_ir_frame.STL
-- Up-to-date: /home/chetan-satpute/lane_following/install/orbbec_description/share/orbbec_description/meshes/gemini335_336/camera_depth_frame.STL
-- Up-to-date: /home/chetan-satpute/lane_following/install/orbbec_description/share/orbbec_description/meshes/gemini335_336/camera_color_frame.STL
-- Up-to-date: /home/chetan-satpute/lane_following/install/orbbec_description/share/orbbec_description/meshes/gemini335_336/camera_link.STL
-- Up-to-date: /home/chetan-satpute/lane_following/install/orbbec_description/share/orbbec_description/meshes/gemini335_336/camera_color_optical_frame.STL
-- Up-to-date: /home/chetan-satpute/lane_following/install/orbbec_description/share/orbbec_description/meshes/gemini335_336/camera_depth_optical_frame.STL
-- Up-to-date: /home/chetan-satpute/lane_following/install/orbbec_description/share/orbbec_description/meshes/gemini335_336/camera_bottom_screw_frame.STL
-- Up-to-date: /home/chetan-satpute/lane_following/install/orbbec_description/share/orbbec_description/meshes/gemini335L_336L
-- Up-to-date: /home/chetan-satpute/lane_following/install/orbbec_description/share/orbbec_description/meshes/gemini335L_336L/camera_color_screw_frame.STL
-- Up-to-date: /home/chetan-satpute/lane_following/install/orbbec_description/share/orbbec_description/meshes/gemini335L_336L/camera_IMU_frame.STL
-- Up-to-date: /home/chetan-satpute/lane_following/install/orbbec_description/share/orbbec_description/meshes/gemini335L_336L/camera_infra2_frame.STL
-- Up-to-date: /home/chetan-satpute/lane_following/install/orbbec_description/share/orbbec_description/meshes/gemini335L_336L/base_link.STL
-- Up-to-date: /home/chetan-satpute/lane_following/install/orbbec_description/share/orbbec_description/meshes/gemini335L_336L/camera_depth_frame.STL
-- Up-to-date: /home/chetan-satpute/lane_following/install/orbbec_description/share/orbbec_description/meshes/gemini335L_336L/camera_color_frame.STL
-- Up-to-date: /home/chetan-satpute/lane_following/install/orbbec_description/share/orbbec_description/meshes/gemini335L_336L/camera_color_optical_frame.STL
-- Up-to-date: /home/chetan-satpute/lane_following/install/orbbec_description/share/orbbec_description/meshes/gemini335L_336L/camera_infra1_optical_frame.STL
-- Up-to-date: /home/chetan-satpute/lane_following/install/orbbec_description/share/orbbec_description/meshes/gemini335L_336L/camera_infra2_optical_frame.STL
-- Up-to-date: /home/chetan-satpute/lane_following/install/orbbec_description/share/orbbec_description/meshes/gemini335L_336L/camera_infra1_frame.STL
-- Up-to-date: /home/chetan-satpute/lane_following/install/orbbec_description/share/orbbec_description/urdf
-- Up-to-date: /home/chetan-satpute/lane_following/install/orbbec_description/share/orbbec_description/urdf/test_gemini335L.urdf.xacro
-- Up-to-date: /home/chetan-satpute/lane_following/install/orbbec_description/share/orbbec_description/urdf/test_gemini_336.urdf.xarco
-- Up-to-date: /home/chetan-satpute/lane_following/install/orbbec_description/share/orbbec_description/urdf/test_gemini336L.urdf.xacro
-- Up-to-date: /home/chetan-satpute/lane_following/install/orbbec_description/share/orbbec_description/urdf/femto_bolt.urdf.xacro
-- Up-to-date: /home/chetan-satpute/lane_following/install/orbbec_description/share/orbbec_description/urdf/test_gemini_335.urdf.xarco
-- Up-to-date: /home/chetan-satpute/lane_following/install/orbbec_description/share/orbbec_description/urdf/test_gemini2L.urdf.xacro
-- Up-to-date: /home/chetan-satpute/lane_following/install/orbbec_description/share/orbbec_description/urdf/gemini_335_336.urdf.xacro
-- Up-to-date: /home/chetan-satpute/lane_following/install/orbbec_description/share/orbbec_description/urdf/test_femto_bolt.urdf.xacro
-- Up-to-date: /home/chetan-satpute/lane_following/install/orbbec_description/share/orbbec_description/urdf/gemini2L.urdf.xacro
-- Up-to-date: /home/chetan-satpute/lane_following/install/orbbec_description/share/orbbec_description/urdf/test_astra2.urdf.xacro
-- Up-to-date: /home/chetan-satpute/lane_following/install/orbbec_description/share/orbbec_description/urdf/gemini335L_336L.urdf.xacro
-- Up-to-date: /home/chetan-satpute/lane_following/install/orbbec_description/share/orbbec_description/urdf/test_gemini2.urdf.xacro
-- Up-to-date: /home/chetan-satpute/lane_following/install/orbbec_description/share/orbbec_description/urdf/astra2.urdf.xacro
-- Up-to-date: /home/chetan-satpute/lane_following/install/orbbec_description/share/orbbec_description/urdf/gemini2.urdf.xacro
-- Up-to-date: /home/chetan-satpute/lane_following/install/orbbec_description/share/orbbec_description/rviz
-- Up-to-date: /home/chetan-satpute/lane_following/install/orbbec_description/share/orbbec_description/rviz/urdf.rviz
-- Up-to-date: /home/chetan-satpute/lane_following/install/orbbec_description/share/ament_index/resource_index/package_run_dependencies/orbbec_description
-- Up-to-date: /home/chetan-satpute/lane_following/install/orbbec_description/share/ament_index/resource_index/parent_prefix_path/orbbec_description
-- Up-to-date: /home/chetan-satpute/lane_following/install/orbbec_description/share/orbbec_description/environment/ament_prefix_path.sh
-- Up-to-date: /home/chetan-satpute/lane_following/install/orbbec_description/share/orbbec_description/environment/ament_prefix_path.dsv
-- Up-to-date: /home/chetan-satpute/lane_following/install/orbbec_description/share/orbbec_description/environment/path.sh
-- Up-to-date: /home/chetan-satpute/lane_following/install/orbbec_description/share/orbbec_description/environment/path.dsv
-- Up-to-date: /home/chetan-satpute/lane_following/install/orbbec_description/share/orbbec_description/local_setup.bash
-- Up-to-date: /home/chetan-satpute/lane_following/install/orbbec_description/share/orbbec_description/local_setup.sh
-- Up-to-date: /home/chetan-satpute/lane_following/install/orbbec_description/share/orbbec_description/local_setup.zsh
-- Up-to-date: /home/chetan-satpute/lane_following/install/orbbec_description/share/orbbec_description/local_setup.dsv
-- Installing: /home/chetan-satpute/lane_following/install/orbbec_description/share/orbbec_description/package.dsv
-- Up-to-date: /home/chetan-satpute/lane_following/install/orbbec_description/share/ament_index/resource_index/packages/orbbec_description
-- Up-to-date: /home/chetan-satpute/lane_following/install/orbbec_description/share/orbbec_description/cmake/orbbec_descriptionConfig.cmake
-- Up-to-date: /home/chetan-satpute/lane_following/install/orbbec_description/share/orbbec_description/cmake/orbbec_descriptionConfig-version.cmake
-- Up-to-date: /home/chetan-satpute/lane_following/install/orbbec_description/share/orbbec_description/package.xml
